#
# An unexpected error has occurred (11)
#
Stack:
/lib/x86_64-linux-gnu/libc.so.6(+0x42520) [0x7f7279819520]
/tools/Xilinx/Vitis_HLS/2022.2/lib/lnx64.o/libxv_hls_hwsyn.so(xpcl::CdfgModel::getName[abi:cxx11]()+0x1) [0x7f726f550d41]
/tools/Xilinx/Vitis_HLS/2022.2/lib/lnx64.o/libxv_hls_hwsyn.so(fsmd::ReportTimingPathOption::printCdfgModels()+0xac) [0x7f726f4d95dc]
/tools/Xilinx/Vitis_HLS/2022.2/lib/lnx64.o/libxv_hls_main.so(+0xef4cd) [0x7f72773f14cd]
/tools/Xilinx/Vitis_HLS/2022.2/lib/lnx64.o/libxv_hls_support.so(xpcl::TclCommand::callbackInternal(int, Tcl_Obj* const*)+0xac9) [0x7f72847a43f9]
/tools/Xilinx/Vitis_HLS/2022.2/lib/lnx64.o/libxv_hls_support.so(xpcl::TclCommand::callback(int, Tcl_Obj* const*)+0x2b) [0x7f72847a4dcb]
/tools/Xilinx/Vitis_HLS/2022.2/lib/lnx64.o/libtcl8.5.so(+0x3356f) [0x7f727fc3356f]
/tools/Xilinx/Vitis_HLS/2022.2/lib/lnx64.o/libtcl8.5.so(Tcl_EvalObjv+0x32) [0x7f727fc336a2]
/tools/Xilinx/Vitis_HLS/2022.2/lib/lnx64.o/libtcl8.5.so(TclEvalObjEx+0x322) [0x7f727fc354c2]
/tools/Xilinx/Vitis_HLS/2022.2/lib/lnx64.o/libtcl8.5.so(+0xb7637) [0x7f727fcb7637]
/tools/Xilinx/Vitis_HLS/2022.2/lib/lnx64.o/libtcl8.5.so(+0x3356f) [0x7f727fc3356f]
/tools/Xilinx/Vitis_HLS/2022.2/lib/lnx64.o/libtcl8.5.so(+0x76945) [0x7f727fc76945]
/tools/Xilinx/Vitis_HLS/2022.2/lib/lnx64.o/libtcl8.5.so(+0x7e0f9) [0x7f727fc7e0f9]
/tools/Xilinx/Vitis_HLS/2022.2/lib/lnx64.o/libtcl8.5.so(TclEvalObjEx+0x76) [0x7f727fc35216]
/tools/Xilinx/Vitis_HLS/2022.2/lib/lnx64.o/libxv_commontasks.so(+0x42fbe1) [0x7f7275a63be1]
/tools/Xilinx/Vitis_HLS/2022.2/lib/lnx64.o/libtcl8.5.so(+0x3356f) [0x7f727fc3356f]
/tools/Xilinx/Vitis_HLS/2022.2/lib/lnx64.o/libtcl8.5.so(+0x76945) [0x7f727fc76945]
/tools/Xilinx/Vitis_HLS/2022.2/lib/lnx64.o/libtcl8.5.so(TclObjInterpProcCore+0x420) [0x7f727fcb7ed0]
/tools/Xilinx/Vitis_HLS/2022.2/lib/lnx64.o/libtcl8.5.so(+0x3356f) [0x7f727fc3356f]
/tools/Xilinx/Vitis_HLS/2022.2/lib/lnx64.o/libtcl8.5.so(+0x34bf8) [0x7f727fc34bf8]
/tools/Xilinx/Vitis_HLS/2022.2/lib/lnx64.o/libtcl8.5.so(Tcl_EvalEx+0x13) [0x7f727fc35163]
/tools/Xilinx/Vitis_HLS/2022.2/lib/lnx64.o/libtcl8.5.so(TclEvalObjEx+0x3cf) [0x7f727fc3556f]
/tools/Xilinx/Vitis_HLS/2022.2/lib/lnx64.o/libtcl8.5.so(+0xb7589) [0x7f727fcb7589]
/tools/Xilinx/Vitis_HLS/2022.2/lib/lnx64.o/libtcl8.5.so(+0x3356f) [0x7f727fc3356f]
/tools/Xilinx/Vitis_HLS/2022.2/lib/lnx64.o/libtcl8.5.so(+0x76945) [0x7f727fc76945]
/tools/Xilinx/Vitis_HLS/2022.2/lib/lnx64.o/libtcl8.5.so(TclObjInterpProcCore+0x420) [0x7f727fcb7ed0]
/tools/Xilinx/Vitis_HLS/2022.2/lib/lnx64.o/libtcl8.5.so(+0x3356f) [0x7f727fc3356f]
/tools/Xilinx/Vitis_HLS/2022.2/lib/lnx64.o/libtcl8.5.so(+0x334a7) [0x7f727fc334a7]
/tools/Xilinx/Vitis_HLS/2022.2/lib/lnx64.o/libtcl8.5.so(+0x76945) [0x7f727fc76945]
/tools/Xilinx/Vitis_HLS/2022.2/lib/lnx64.o/libtcl8.5.so(+0x7e0f9) [0x7f727fc7e0f9]
/tools/Xilinx/Vitis_HLS/2022.2/lib/lnx64.o/libtcl8.5.so(TclEvalObjEx+0x76) [0x7f727fc35216]
/tools/Xilinx/Vitis_HLS/2022.2/lib/lnx64.o/libxv_commontasks.so(+0x42fbe1) [0x7f7275a63be1]
/tools/Xilinx/Vitis_HLS/2022.2/lib/lnx64.o/libtcl8.5.so(+0x3356f) [0x7f727fc3356f]
/tools/Xilinx/Vitis_HLS/2022.2/lib/lnx64.o/libtcl8.5.so(+0x76945) [0x7f727fc76945]
/tools/Xilinx/Vitis_HLS/2022.2/lib/lnx64.o/libtcl8.5.so(+0x7e0f9) [0x7f727fc7e0f9]
/tools/Xilinx/Vitis_HLS/2022.2/lib/lnx64.o/libtcl8.5.so(TclEvalObjEx+0x76) [0x7f727fc35216]
/tools/Xilinx/Vitis_HLS/2022.2/lib/lnx64.o/libtcl8.5.so(+0xb7637) [0x7f727fcb7637]
/tools/Xilinx/Vitis_HLS/2022.2/lib/lnx64.o/libtcl8.5.so(+0x3356f) [0x7f727fc3356f]
/tools/Xilinx/Vitis_HLS/2022.2/lib/lnx64.o/libtcl8.5.so(+0x76945) [0x7f727fc76945]
/tools/Xilinx/Vitis_HLS/2022.2/lib/lnx64.o/libtcl8.5.so(TclObjInterpProcCore+0x420) [0x7f727fcb7ed0]
/tools/Xilinx/Vitis_HLS/2022.2/lib/lnx64.o/libtcl8.5.so(+0x3356f) [0x7f727fc3356f]
/tools/Xilinx/Vitis_HLS/2022.2/lib/lnx64.o/libtcl8.5.so(+0x76945) [0x7f727fc76945]
/tools/Xilinx/Vitis_HLS/2022.2/lib/lnx64.o/libtcl8.5.so(+0x7e0f9) [0x7f727fc7e0f9]
/tools/Xilinx/Vitis_HLS/2022.2/lib/lnx64.o/libtcl8.5.so(TclEvalObjEx+0x76) [0x7f727fc35216]
/tools/Xilinx/Vitis_HLS/2022.2/lib/lnx64.o/libtcl8.5.so(TclChannelEventScriptInvoker+0x39) [0x7f727fc8c699]
/tools/Xilinx/Vitis_HLS/2022.2/lib/lnx64.o/libtcl8.5.so(Tcl_NotifyChannel+0x121) [0x7f727fc90611]
/tools/Xilinx/Vitis_HLS/2022.2/lib/lnx64.o/libtcl8.5.so(+0xdd637) [0x7f727fcdd637]
/tools/Xilinx/Vitis_HLS/2022.2/lib/lnx64.o/libtcl8.5.so(Tcl_ServiceEvent+0x7f) [0x7f727fca7bef]
/tools/Xilinx/Vitis_HLS/2022.2/lib/lnx64.o/libtcl8.5.so(Tcl_DoOneEvent+0x154) [0x7f727fca7f24]
/tools/Xilinx/Vitis_HLS/2022.2/lib/lnx64.o/libtcl8.5.so(+0x74520) [0x7f727fc74520]
/tools/Xilinx/Vitis_HLS/2022.2/lib/lnx64.o/libtcl8.5.so(+0x3356f) [0x7f727fc3356f]
/tools/Xilinx/Vitis_HLS/2022.2/lib/lnx64.o/libtcl8.5.so(+0x76945) [0x7f727fc76945]
/tools/Xilinx/Vitis_HLS/2022.2/lib/lnx64.o/libtcl8.5.so(TclObjInterpProcCore+0x420) [0x7f727fcb7ed0]
/tools/Xilinx/Vitis_HLS/2022.2/lib/lnx64.o/libtcl8.5.so(+0x3356f) [0x7f727fc3356f]
/tools/Xilinx/Vitis_HLS/2022.2/lib/lnx64.o/libtcl8.5.so(+0x76945) [0x7f727fc76945]
/tools/Xilinx/Vitis_HLS/2022.2/lib/lnx64.o/libtcl8.5.so(TclObjInterpProcCore+0x420) [0x7f727fcb7ed0]
/tools/Xilinx/Vitis_HLS/2022.2/lib/lnx64.o/libtcl8.5.so(+0x3356f) [0x7f727fc3356f]
/tools/Xilinx/Vitis_HLS/2022.2/lib/lnx64.o/libtcl8.5.so(+0x76945) [0x7f727fc76945]
/tools/Xilinx/Vitis_HLS/2022.2/lib/lnx64.o/libtcl8.5.so(+0x7e0f9) [0x7f727fc7e0f9]
/tools/Xilinx/Vitis_HLS/2022.2/lib/lnx64.o/libtcl8.5.so(TclEvalObjEx+0x76) [0x7f727fc35216]
/tools/Xilinx/Vitis_HLS/2022.2/lib/lnx64.o/libxv_commontasks.so(+0x42fbe1) [0x7f7275a63be1]
/tools/Xilinx/Vitis_HLS/2022.2/lib/lnx64.o/libtcl8.5.so(+0x3356f) [0x7f727fc3356f]
/tools/Xilinx/Vitis_HLS/2022.2/lib/lnx64.o/libtcl8.5.so(+0x76945) [0x7f727fc76945]
/tools/Xilinx/Vitis_HLS/2022.2/lib/lnx64.o/libtcl8.5.so(Tcl_ExprObj+0xf8) [0x7f727fc7dcd8]
/tools/Xilinx/Vitis_HLS/2022.2/lib/lnx64.o/libtcl8.5.so(Tcl_ExprBooleanObj+0x16) [0x7f727fc33f56]
/tools/Xilinx/Vitis_HLS/2022.2/lib/lnx64.o/libtcl8.5.so(+0x3e7ae) [0x7f727fc3e7ae]
/tools/Xilinx/Vitis_HLS/2022.2/lib/lnx64.o/libtcl8.5.so(+0x3356f) [0x7f727fc3356f]
/tools/Xilinx/Vitis_HLS/2022.2/lib/lnx64.o/libtcl8.5.so(+0x34bf8) [0x7f727fc34bf8]
/tools/Xilinx/Vitis_HLS/2022.2/lib/lnx64.o/libtcl8.5.so(Tcl_EvalEx+0x13) [0x7f727fc35163]
/tools/Xilinx/Vitis_HLS/2022.2/lib/lnx64.o/libtcl8.5.so(Tcl_Eval+0x15) [0x7f727fc35185]
/tools/Xilinx/Vitis_HLS/2022.2/lib/lnx64.o/libxv_hls_main.so(+0xd65b3) [0x7f72773d85b3]
/tools/Xilinx/Vitis_HLS/2022.2/lib/lnx64.o/libxv_hls_support.so(xpcl::TclCommand::callbackInternal(int, Tcl_Obj* const*)+0xac9) [0x7f72847a43f9]
/tools/Xilinx/Vitis_HLS/2022.2/lib/lnx64.o/libxv_hls_support.so(xpcl::TclCommand::callback(int, Tcl_Obj* const*)+0x2b) [0x7f72847a4dcb]
/tools/Xilinx/Vitis_HLS/2022.2/lib/lnx64.o/libtcl8.5.so(+0x3356f) [0x7f727fc3356f]
/tools/Xilinx/Vitis_HLS/2022.2/lib/lnx64.o/libtcl8.5.so(+0x34bf8) [0x7f727fc34bf8]
/tools/Xilinx/Vitis_HLS/2022.2/lib/lnx64.o/libtcl8.5.so(Tcl_EvalEx+0x13) [0x7f727fc35163]
/tools/Xilinx/Vitis_HLS/2022.2/lib/lnx64.o/libtcl8.5.so(TclEvalObjEx+0x1e0) [0x7f727fc35380]
/tools/Xilinx/Vitis_HLS/2022.2/lib/lnx64.o/libtcl8.5.so(+0x3b445) [0x7f727fc3b445]
/tools/Xilinx/Vitis_HLS/2022.2/lib/lnx64.o/libtcl8.5.so(+0x3356f) [0x7f727fc3356f]
/tools/Xilinx/Vitis_HLS/2022.2/lib/lnx64.o/libtcl8.5.so(+0x76945) [0x7f727fc76945]
/tools/Xilinx/Vitis_HLS/2022.2/lib/lnx64.o/libtcl8.5.so(+0x7e0f9) [0x7f727fc7e0f9]
/tools/Xilinx/Vitis_HLS/2022.2/lib/lnx64.o/libtcl8.5.so(TclEvalObjEx+0x76) [0x7f727fc35216]
/tools/Xilinx/Vitis_HLS/2022.2/lib/lnx64.o/libxv_commontasks.so(+0x42fbe1) [0x7f7275a63be1]
/tools/Xilinx/Vitis_HLS/2022.2/lib/lnx64.o/libtcl8.5.so(+0x3356f) [0x7f727fc3356f]
/tools/Xilinx/Vitis_HLS/2022.2/lib/lnx64.o/libtcl8.5.so(+0x76945) [0x7f727fc76945]
/tools/Xilinx/Vitis_HLS/2022.2/lib/lnx64.o/libtcl8.5.so(TclObjInterpProcCore+0x420) [0x7f727fcb7ed0]
/tools/Xilinx/Vitis_HLS/2022.2/lib/lnx64.o/libtcl8.5.so(+0x3356f) [0x7f727fc3356f]
/tools/Xilinx/Vitis_HLS/2022.2/lib/lnx64.o/libtcl8.5.so(+0x76945) [0x7f727fc76945]
/tools/Xilinx/Vitis_HLS/2022.2/lib/lnx64.o/libtcl8.5.so(TclObjInterpProcCore+0x420) [0x7f727fcb7ed0]
/tools/Xilinx/Vitis_HLS/2022.2/lib/lnx64.o/libtcl8.5.so(+0x3356f) [0x7f727fc3356f]
/tools/Xilinx/Vitis_HLS/2022.2/lib/lnx64.o/libtcl8.5.so(+0x34bf8) [0x7f727fc34bf8]
/tools/Xilinx/Vitis_HLS/2022.2/lib/lnx64.o/libtcl8.5.so(Tcl_EvalEx+0x13) [0x7f727fc35163]
/tools/Xilinx/Vitis_HLS/2022.2/lib/lnx64.o/libtcl8.5.so(Tcl_Eval+0x15) [0x7f727fc35185]
/tools/Xilinx/Vitis_HLS/2022.2/lib/lnx64.o/libxv_hls_support.so(xpcl::TclManager::tclAppInit(Tcl_Interp*)+0x194) [0x7f72847a6b84]
/tools/Xilinx/Vitis_HLS/2022.2/lib/lnx64.o/libxv_hls_support.so(xpcl::TclManager::issueFromTcl(Tcl_Interp*, bool)+0x12e) [0x7f72847a6e6e]
/tools/Xilinx/Vitis_HLS/2022.2/lib/lnx64.o/libxv_hlstasks.so(+0x10651) [0x7f727e83b651]
/tools/Xilinx/Vitis_HLS/2022.2/lib/lnx64.o/libxv_common.so(+0x44fcaf) [0x7f7283f47caf]
/tools/Xilinx/Vitis_HLS/2022.2/lib/lnx64.o/libtcl8.5.so(+0x3356f) [0x7f727fc3356f]
/tools/Xilinx/Vitis_HLS/2022.2/lib/lnx64.o/libtcl8.5.so(+0x34bf8) [0x7f727fc34bf8]
/tools/Xilinx/Vitis_HLS/2022.2/lib/lnx64.o/libtcl8.5.so(Tcl_EvalEx+0x13) [0x7f727fc35163]
/tools/Xilinx/Vitis_HLS/2022.2/lib/lnx64.o/libtcl8.5.so(TclEvalObjEx+0x3cf) [0x7f727fc3556f]
/tools/Xilinx/Vitis_HLS/2022.2/lib/lnx64.o/libtcl8.5.so(+0xb7589) [0x7f727fcb7589]
/tools/Xilinx/Vitis_HLS/2022.2/lib/lnx64.o/libtcl8.5.so(+0x3356f) [0x7f727fc3356f]
/tools/Xilinx/Vitis_HLS/2022.2/lib/lnx64.o/libtcl8.5.so(+0x76945) [0x7f727fc76945]
/tools/Xilinx/Vitis_HLS/2022.2/lib/lnx64.o/libtcl8.5.so(TclObjInterpProcCore+0x420) [0x7f727fcb7ed0]
/tools/Xilinx/Vitis_HLS/2022.2/lib/lnx64.o/libtcl8.5.so(+0x3356f) [0x7f727fc3356f]
/tools/Xilinx/Vitis_HLS/2022.2/lib/lnx64.o/libtcl8.5.so(+0x76945) [0x7f727fc76945]
/tools/Xilinx/Vitis_HLS/2022.2/lib/lnx64.o/libtcl8.5.so(+0x7e0f9) [0x7f727fc7e0f9]
/tools/Xilinx/Vitis_HLS/2022.2/lib/lnx64.o/libtcl8.5.so(TclEvalObjEx+0x76) [0x7f727fc35216]
/tools/Xilinx/Vitis_HLS/2022.2/lib/lnx64.o/libxv_commontasks.so(+0x42fb3e) [0x7f7275a63b3e]
/tools/Xilinx/Vitis_HLS/2022.2/lib/lnx64.o/libtcl8.5.so(+0x3356f) [0x7f727fc3356f]
/tools/Xilinx/Vitis_HLS/2022.2/lib/lnx64.o/libtcl8.5.so(+0x34bf8) [0x7f727fc34bf8]
/tools/Xilinx/Vitis_HLS/2022.2/lib/lnx64.o/libtcl8.5.so(+0xad566) [0x7f727fcad566]
/tools/Xilinx/Vitis_HLS/2022.2/lib/lnx64.o/libtcl8.5.so(+0x34785) [0x7f727fc34785]
/tools/Xilinx/Vitis_HLS/2022.2/lib/lnx64.o/libtcl8.5.so(Tcl_EvalEx+0x13) [0x7f727fc35163]
/tools/Xilinx/Vitis_HLS/2022.2/lib/lnx64.o/libtcl8.5.so(Tcl_FSEvalFileEx+0x1da) [0x7f727fc99d2a]
/tools/Xilinx/Vitis_HLS/2022.2/lib/lnx64.o/libxv_commontasks.so(+0x4a06e0) [0x7f7275ad46e0]
/tools/Xilinx/Vitis_HLS/2022.2/lib/lnx64.o/libxv_common.so(+0x44fcaf) [0x7f7283f47caf]
/tools/Xilinx/Vitis_HLS/2022.2/lib/lnx64.o/libtcl8.5.so(+0x3356f) [0x7f727fc3356f]
/tools/Xilinx/Vitis_HLS/2022.2/lib/lnx64.o/libtcl8.5.so(Tcl_EvalObjv+0x32) [0x7f727fc336a2]
/tools/Xilinx/Vitis_HLS/2022.2/lib/lnx64.o/libtcl8.5.so(TclEvalObjEx+0x322) [0x7f727fc354c2]
/tools/Xilinx/Vitis_HLS/2022.2/lib/lnx64.o/libxv_commontasks.so(+0x459a98) [0x7f7275a8da98]
/tools/Xilinx/Vitis_HLS/2022.2/lib/lnx64.o/libxv_commontasks.so(+0x45b09f) [0x7f7275a8f09f]
/tools/Xilinx/Vitis_HLS/2022.2/lib/lnx64.o/libxv_common.so(+0x44fcaf) [0x7f7283f47caf]
/tools/Xilinx/Vitis_HLS/2022.2/lib/lnx64.o/libtcl8.5.so(+0x3356f) [0x7f727fc3356f]
/tools/Xilinx/Vitis_HLS/2022.2/lib/lnx64.o/libtcl8.5.so(Tcl_EvalObjv+0x32) [0x7f727fc336a2]
/tools/Xilinx/Vitis_HLS/2022.2/lib/lnx64.o/libtcl8.5.so(TclEvalObjEx+0x322) [0x7f727fc354c2]
/tools/Xilinx/Vitis_HLS/2022.2/lib/lnx64.o/libxv_commonmain.so(+0xda98) [0x7f7284710a98]
/tools/Xilinx/Vitis_HLS/2022.2/lib/lnx64.o/libtcl8.5.so(Tcl_Main+0x1d0) [0x7f727fca02f0]
/tools/Xilinx/Vitis_HLS/2022.2/lib/lnx64.o/libxv_common.so(+0x71e58b) [0x7f728421658b]
/lib/x86_64-linux-gnu/libc.so.6(+0x94ac3) [0x7f727986bac3]
/lib/x86_64-linux-gnu/libc.so.6(+0x126850) [0x7f72798fd850]
