INFO: [HLS 200-10] Running '/tools/Xilinx/Vitis_HLS/2022.2/bin/unwrapped/lnx64.o/vitis_hls'
INFO: [HLS 200-10] For user 'cse237c_fa24_s_chen' on host 'waiter' (Linux_x86_64 version 5.15.0-125-generic) on Tue Dec 03 15:56:10 PST 2024
INFO: [HLS 200-10] On os Ubuntu 22.04.5 LTS
INFO: [HLS 200-10] In directory '/home/cse237c_fa24_s_chen/RSA_Implementation_on_PYNQ/rsa_optimized3'
Sourcing Tcl script '/home/cse237c_fa24_s_chen/RSA_Implementation_on_PYNQ/rsa_optimized3/baseline/solution1/csynth.tcl'
INFO: [HLS 200-1510] Running: source /home/cse237c_fa24_s_chen/RSA_Implementation_on_PYNQ/rsa_optimized3/baseline/solution1/csynth.tcl
INFO: [HLS 200-1510] Running: open_project baseline 
INFO: [HLS 200-10] Opening project '/home/cse237c_fa24_s_chen/RSA_Implementation_on_PYNQ/rsa_optimized3/baseline'.
INFO: [HLS 200-1510] Running: set_top rsa 
INFO: [HLS 200-1510] Running: add_files rsa.cpp 
INFO: [HLS 200-10] Adding design file 'rsa.cpp' to the project
INFO: [HLS 200-1510] Running: add_files rsa.h 
INFO: [HLS 200-10] Adding design file 'rsa.h' to the project
INFO: [HLS 200-1510] Running: add_files -tb rsa_test.cpp -cflags -Wno-unknown-pragmas -Wno-unknown-pragmas -csimflags -Wno-unknown-pragmas 
INFO: [HLS 200-10] Adding test bench file 'rsa_test.cpp' to the project
INFO: [HLS 200-1510] Running: add_files -tb data/golden.txt -cflags -Wno-unknown-pragmas -Wno-unknown-pragmas -csimflags -Wno-unknown-pragmas 
INFO: [HLS 200-10] Adding test bench file 'data/golden.txt' to the project
INFO: [HLS 200-1510] Running: add_files -tb data/input.txt -cflags -Wno-unknown-pragmas -Wno-unknown-pragmas -csimflags -Wno-unknown-pragmas 
INFO: [HLS 200-10] Adding test bench file 'data/input.txt' to the project
INFO: [HLS 200-1510] Running: open_solution solution1 -flow_target vivado 
INFO: [HLS 200-10] Opening solution '/home/cse237c_fa24_s_chen/RSA_Implementation_on_PYNQ/rsa_optimized3/baseline/solution1'.
INFO: [SYN 201-201] Setting up clock 'default' with a period of 10ns.
INFO: [HLS 200-1611] Setting target device to 'xc7z020-clg400-1'
INFO: [HLS 200-1505] Using flow_target 'vivado'
Resolution: For help on HLS 200-1505 see www.xilinx.com/cgi-bin/docs/rdoc?v=2022.2;t=hls+guidance;d=200-1505.html
INFO: [HLS 200-1464] Running solution command: config_interface -m_axi_latency=0
INFO: [HLS 200-1510] Running: set_part xc7z020-clg400-1 
INFO: [HLS 200-1510] Running: create_clock -period 10 -name default 
INFO: [HLS 200-1510] Running: config_interface -m_axi_latency 0 
INFO: [HLS 200-1510] Running: source ./baseline/solution1/directives.tcl
INFO: [HLS 200-1510] Running: set_directive_top -name rsa rsa 
INFO: [HLS 200-1510] Running: csynth_design 
Running Dispatch Server on port: 41197
INFO: [HLS 200-111] Finished File checks and directory preparation: CPU user time: 0 seconds. CPU system time: 0.01 seconds. Elapsed time: 10.02 seconds; current allocated memory: 214.383 MB.
INFO: [HLS 200-10] Analyzing design file 'rsa.cpp' ... 
WARNING: [HLS 207-5292] unused parameter 'mu_p' (rsa.cpp:110:65)
WARNING: [HLS 207-5292] unused parameter 'mu_q' (rsa.cpp:110:88)
INFO: [HLS 200-111] Finished Source Code Analysis and Preprocessing: CPU user time: 12.09 seconds. CPU system time: 1.33 seconds. Elapsed time: 13.43 seconds; current allocated memory: 218.504 MB.
INFO: [HLS 200-777] Using interface defaults for 'Vivado' flow target.
INFO: [HLS 214-178] Inlining function 'mod_product(ap_uint<256>, ap_uint<128>, ap_uint<128>)' into 'mod_exp(ap_uint<256>, ap_uint<128>, ap_uint<128>, ap_uint<128>&)' (rsa.cpp:47:0)
INFO: [HLS 200-111] Finished Compiling Optimization and Transform: CPU user time: 1.91 seconds. CPU system time: 0.41 seconds. Elapsed time: 2.32 seconds; current allocated memory: 219.035 MB.
INFO: [HLS 200-111] Finished Checking Pragmas: CPU user time: 0 seconds. CPU system time: 0 seconds. Elapsed time: 0 seconds; current allocated memory: 219.035 MB.
INFO: [HLS 200-10] Starting code transformations ...
INFO: [HLS 200-111] Finished Standard Transforms: CPU user time: 0.03 seconds. CPU system time: 0 seconds. Elapsed time: 0.03 seconds; current allocated memory: 225.266 MB.
INFO: [HLS 200-10] Checking synthesizability ...
INFO: [HLS 200-111] Finished Checking Synthesizability: CPU user time: 0.03 seconds. CPU system time: 0 seconds. Elapsed time: 0.04 seconds; current allocated memory: 233.586 MB.
INFO: [XFORM 203-401] Performing if-conversion on hyperblock to (rsa.cpp:21:5) in function 'mod_exp'... converting 5 basic blocks.
INFO: [HLS 200-111] Finished Loop, function and other optimizations: CPU user time: 0.05 seconds. CPU system time: 0.03 seconds. Elapsed time: 0.08 seconds; current allocated memory: 262.605 MB.
INFO: [HLS 200-111] Finished Architecture Synthesis: CPU user time: 0.03 seconds. CPU system time: 0.01 seconds. Elapsed time: 0.04 seconds; current allocated memory: 279.270 MB.
INFO: [HLS 200-10] Starting hardware synthesis ...
INFO: [HLS 200-10] Synthesizing 'rsa' ...
INFO: [HLS 200-10] ----------------------------------------------------------------
INFO: [HLS 200-42] -- Implementing module 'mod_inverse' 
INFO: [HLS 200-10] ----------------------------------------------------------------
INFO: [SCHED 204-11] Starting scheduling ...
INFO: [SCHED 204-11] Finished scheduling.
INFO: [HLS 200-111] Finished Scheduling: CPU user time: 0.11 seconds. CPU system time: 0.03 seconds. Elapsed time: 0.14 seconds; current allocated memory: 279.270 MB.
INFO: [BIND 205-100] Starting micro-architecture generation ...
INFO: [BIND 205-101] Performing variable lifetime analysis.
INFO: [BIND 205-101] Exploring resource sharing.
INFO: [BIND 205-101] Binding ...
INFO: [BIND 205-100] Finished micro-architecture generation.
INFO: [HLS 200-111] Finished Binding: CPU user time: 0.32 seconds. CPU system time: 0 seconds. Elapsed time: 0.32 seconds; current allocated memory: 279.270 MB.
INFO: [HLS 200-10] ----------------------------------------------------------------
INFO: [HLS 200-42] -- Implementing module 'mod_exp' 
INFO: [HLS 200-10] ----------------------------------------------------------------
INFO: [SCHED 204-11] Starting scheduling ...
INFO: [SCHED 204-11] Finished scheduling.
INFO: [HLS 200-111] Finished Scheduling: CPU user time: 0.48 seconds. CPU system time: 0.01 seconds. Elapsed time: 0.49 seconds; current allocated memory: 279.586 MB.
INFO: [BIND 205-100] Starting micro-architecture generation ...
INFO: [BIND 205-101] Performing variable lifetime analysis.
INFO: [BIND 205-101] Exploring resource sharing.
INFO: [BIND 205-101] Binding ...
INFO: [BIND 205-100] Finished micro-architecture generation.
INFO: [HLS 200-111] Finished Binding: CPU user time: 1.1 seconds. CPU system time: 0 seconds. Elapsed time: 1.11 seconds; current allocated memory: 281.414 MB.
INFO: [HLS 200-10] ----------------------------------------------------------------
INFO: [HLS 200-42] -- Implementing module 'rsa' 
INFO: [HLS 200-10] ----------------------------------------------------------------
INFO: [SCHED 204-11] Starting scheduling ...
INFO: [SCHED 204-11] Finished scheduling.
INFO: [HLS 200-111] Finished Scheduling: CPU user time: 0.64 seconds. CPU system time: 0 seconds. Elapsed time: 0.64 seconds; current allocated memory: 283.383 MB.
INFO: [BIND 205-100] Starting micro-architecture generation ...
INFO: [BIND 205-101] Performing variable lifetime analysis.
INFO: [BIND 205-101] Exploring resource sharing.
INFO: [BIND 205-101] Binding ...
INFO: [BIND 205-100] Finished micro-architecture generation.
INFO: [HLS 200-111] Finished Binding: CPU user time: 1.18 seconds. CPU system time: 0.01 seconds. Elapsed time: 1.18 seconds; current allocated memory: 285.840 MB.
INFO: [HLS 200-10] ----------------------------------------------------------------
INFO: [HLS 200-10] -- Generating RTL for module 'mod_inverse' 
INFO: [HLS 200-10] ----------------------------------------------------------------
INFO: [RTGEN 206-100] Generating core module 'mul_129s_128ns_129_5_1': 1 instance(s).
INFO: [RTGEN 206-100] Generating core module 'udiv_128ns_128ns_128_132_seq_1': 1 instance(s).
INFO: [RTGEN 206-100] Generating core module 'urem_128ns_128ns_128_132_seq_1': 1 instance(s).
INFO: [RTGEN 206-100] Finished creating RTL model for 'mod_inverse'.
INFO: [HLS 200-111] Finished Creating RTL model: CPU user time: 0.39 seconds. CPU system time: 0 seconds. Elapsed time: 0.4 seconds; current allocated memory: 287.867 MB.
INFO: [HLS 200-10] ----------------------------------------------------------------
INFO: [HLS 200-10] -- Generating RTL for module 'mod_exp' 
INFO: [HLS 200-10] ----------------------------------------------------------------
INFO: [RTGEN 206-100] Generating core module 'mul_256ns_256ns_512_5_1': 1 instance(s).
INFO: [RTGEN 206-100] Generating core module 'urem_512ns_128ns_128_516_seq_1': 1 instance(s).
INFO: [RTGEN 206-100] Finished creating RTL model for 'mod_exp'.
INFO: [HLS 200-111] Finished Creating RTL model: CPU user time: 0.19 seconds. CPU system time: 0.01 seconds. Elapsed time: 0.19 seconds; current allocated memory: 295.871 MB.
INFO: [HLS 200-10] ----------------------------------------------------------------
INFO: [HLS 200-10] -- Generating RTL for module 'rsa' 
INFO: [HLS 200-10] ----------------------------------------------------------------
WARNING: [RTGEN 206-101] Design contains AXI ports. Reset is fixed to synchronous and active low.
INFO: [RTGEN 206-500] Setting interface mode on port 'rsa/mu_p' to 'ap_none'.
INFO: [RTGEN 206-500] Setting interface mode on port 'rsa/mu_q' to 'ap_none'.
INFO: [RTGEN 206-500] Setting interface mode on port 'rsa/p' to 's_axilite & ap_none'.
INFO: [RTGEN 206-500] Setting interface mode on port 'rsa/q' to 's_axilite & ap_none'.
INFO: [RTGEN 206-500] Setting interface mode on port 'rsa/d' to 's_axilite & ap_none'.
INFO: [RTGEN 206-500] Setting interface mode on port 'rsa/N' to 's_axilite & ap_none'.
INFO: [RTGEN 206-500] Setting interface mode on port 'rsa/y' to 's_axilite & ap_none'.
INFO: [RTGEN 206-500] Setting interface mode on port 'rsa/x' to 's_axilite & ap_vld'.
INFO: [RTGEN 206-500] Setting interface mode on function 'rsa' to 's_axilite & ap_ctrl_hs'.
INFO: [RTGEN 206-100] Bundling port 'p', 'q', 'd', 'N', 'y', 'x' to AXI-Lite port control.
WARNING: [RTGEN 206-101] Port 'rsa/mu_p' has no fanin or fanout and is left dangling.
               Please use C simulation to confirm this function argument can be read from or written to.
WARNING: [RTGEN 206-101] Port 'rsa/mu_q' has no fanin or fanout and is left dangling.
               Please use C simulation to confirm this function argument can be read from or written to.
INFO: [RTGEN 206-100] Generating core module 'add_256ns_256ns_256_2_1': 1 instance(s).
INFO: [RTGEN 206-100] Generating core module 'mul_129s_128ns_257_5_1': 1 instance(s).
INFO: [RTGEN 206-100] Generating core module 'mul_130s_128ns_256_5_1': 1 instance(s).
INFO: [RTGEN 206-100] Generating core module 'srem_257ns_129ns_129_261_seq_1': 1 instance(s).
INFO: [RTGEN 206-100] Generating core module 'urem_256ns_256s_128_260_seq_1': 2 instance(s).
INFO: [RTGEN 206-100] Finished creating RTL model for 'rsa'.
INFO: [HLS 200-111] Finished Creating RTL model: CPU user time: 0.39 seconds. CPU system time: 0.01 seconds. Elapsed time: 0.4 seconds; current allocated memory: 304.969 MB.
INFO: [RTMG 210-283] Generating pipelined adder/subtractor : 'rsa_add_256ns_256ns_256_2_1_Adder_0'
INFO: [HLS 200-111] Finished Generating all RTL models: CPU user time: 0.58 seconds. CPU system time: 0.02 seconds. Elapsed time: 0.59 seconds; current allocated memory: 310.801 MB.
INFO: [HLS 200-111] Finished Updating report files: CPU user time: 0.38 seconds. CPU system time: 0.02 seconds. Elapsed time: 0.41 seconds; current allocated memory: 319.691 MB.
INFO: [VHDL 208-304] Generating VHDL RTL for rsa.
INFO: [VLOG 209-307] Generating Verilog RTL for rsa.
INFO: [HLS 200-790] **** Loop Constraint Status: All loop constraints were satisfied.
INFO: [HLS 200-789] **** Estimated Fmax: 137.28 MHz
INFO: [HLS 200-111] Finished Command csynth_design CPU user time: 19.91 seconds. CPU system time: 1.9 seconds. Elapsed time: 21.82 seconds; current allocated memory: 105.430 MB.
INFO: [HLS 200-112] Total CPU user time: 20.61 seconds. Total CPU system time: 2.1 seconds. Total elapsed time: 32.63 seconds; peak allocated memory: 319.812 MB.
