

================================================================
== Vitis HLS Report for 'mod_exp'
================================================================
* Date:           Thu Dec  5 16:45:51 2024

* Version:        2022.2 (Build 3670227 on Oct 13 2022)
* Project:        rsa_opt1_hls
* Solution:       solution2-dataflow-nopipeline (Vivado IP Flow Target)
* Product family: zynq
* Target device:  xc7z020-clg400-1


================================================================
== Performance Estimates
================================================================
+ Timing: 
    * Summary: 
    +--------+----------+----------+------------+
    |  Clock |  Target  | Estimated| Uncertainty|
    +--------+----------+----------+------------+
    |ap_clk  |  10.00 ns|  6.882 ns|     2.70 ns|
    +--------+----------+----------+------------+

+ Latency: 
    * Summary: 
    +---------+---------+----------+----------+--------+--------+---------+
    |  Latency (cycles) |  Latency (absolute) |     Interval    | Pipeline|
    |   min   |   max   |    min   |    max   |   min  |   max  |   Type  |
    +---------+---------+----------+----------+--------+--------+---------+
    |   263425|   526081|  2.634 ms|  5.261 ms|  263425|  526081|       no|
    +---------+---------+----------+----------+--------+--------+---------+

    + Detail: 
        * Instance: 
        +-----------------------+-------------+---------+---------+-----------+-----------+------+------+---------+
        |                       |             |  Latency (cycles) |   Latency (absolute)  |   Interval  | Pipeline|
        |        Instance       |    Module   |   min   |   max   |    min    |    max    |  min |  max |   Type  |
        +-----------------------+-------------+---------+---------+-----------+-----------+------+------+---------+
        |grp_mod_product_fu_66  |mod_product  |     1026|     1026|  10.260 us|  10.260 us|  1026|  1026|       no|
        +-----------------------+-------------+---------+---------+-----------+-----------+------+------+---------+

        * Loop: 
        +-----------+---------+---------+-------------+-----------+-----------+------+----------+
        |           |  Latency (cycles) |  Iteration  |  Initiation Interval  | Trip |          |
        | Loop Name |   min   |   max   |   Latency   |  achieved |   target  | Count| Pipelined|
        +-----------+---------+---------+-------------+-----------+-----------+------+----------+
        |- MOD_EXP  |   263424|   526080|  1029 ~ 2055|          -|          -|   256|        no|
        +-----------+---------+---------+-------------+-----------+-----------+------+----------+



================================================================
== Utilization Estimates
================================================================
* Summary: 
+-----------------+---------+-----+--------+-------+-----+
|       Name      | BRAM_18K| DSP |   FF   |  LUT  | URAM|
+-----------------+---------+-----+--------+-------+-----+
|DSP              |        -|    -|       -|      -|    -|
|Expression       |        -|    -|       0|     29|    -|
|FIFO             |        -|    -|       -|      -|    -|
|Instance         |        -|    -|    4902|   1579|    -|
|Memory           |        -|    -|       -|      -|    -|
|Multiplexer      |        -|    -|       -|     84|    -|
|Register         |        -|    -|    1305|      -|    -|
+-----------------+---------+-----+--------+-------+-----+
|Total            |        0|    0|    6207|   1692|    0|
+-----------------+---------+-----+--------+-------+-----+
|Available        |      280|  220|  106400|  53200|    0|
+-----------------+---------+-----+--------+-------+-----+
|Utilization (%)  |        0|    0|       5|      3|    0|
+-----------------+---------+-----+--------+-------+-----+

+ Detail: 
    * Instance: 
    +-----------------------+-------------+---------+----+------+------+-----+
    |        Instance       |    Module   | BRAM_18K| DSP|  FF  |  LUT | URAM|
    +-----------------------+-------------+---------+----+------+------+-----+
    |grp_mod_product_fu_66  |mod_product  |        0|   0|  4902|  1579|    0|
    +-----------------------+-------------+---------+----+------+------+-----+
    |Total                  |             |        0|   0|  4902|  1579|    0|
    +-----------------------+-------------+---------+----+------+------+-----+

    * DSP: 
    N/A

    * Memory: 
    N/A

    * FIFO: 
    N/A

    * Expression: 
    +---------------------------------+----------+----+---+----+------------+------------+
    |          Variable Name          | Operation| DSP| FF| LUT| Bitwidth P0| Bitwidth P1|
    +---------------------------------+----------+----+---+----+------------+------------+
    |i_4_fu_120_p2                    |         +|   0|  0|  14|           9|           1|
    |ap_block_state3_on_subcall_done  |       and|   0|  0|   2|           1|           1|
    |icmp_ln42_fu_114_p2              |      icmp|   0|  0|  11|           9|          10|
    |ap_block_state1                  |        or|   0|  0|   2|           1|           1|
    +---------------------------------+----------+----+---+----+------------+------------+
    |Total                            |          |   0|  0|  29|          20|          13|
    +---------------------------------+----------+----+---+----+------------+------------+

    * Multiplexer: 
    +-------------------------+----+-----------+-----+-----------+
    |           Name          | LUT| Input Size| Bits| Total Bits|
    +-------------------------+----+-----------+-----+-----------+
    |ap_NS_fsm                |  25|          5|    1|          5|
    |ap_done                  |   9|          2|    1|          2|
    |grp_mod_product_fu_66_a  |  14|          3|  256|        768|
    |i_fu_36                  |   9|          2|    9|         18|
    |m_V_fu_44                |   9|          2|  256|        512|
    |shr_i4_fu_40             |   9|          2|  256|        512|
    |t_fu_32                  |   9|          2|  256|        512|
    +-------------------------+----+-----------+-----+-----------+
    |Total                    |  84|         18| 1035|       2329|
    +-------------------------+----+-----------+-----+-----------+

    * Register: 
    +------------------------------------+-----+----+-----+-----------+
    |                Name                |  FF | LUT| Bits| Const Bits|
    +------------------------------------+-----+----+-----+-----------+
    |ap_CS_fsm                           |    4|   0|    4|          0|
    |ap_done_reg                         |    1|   0|    1|          0|
    |grp_mod_product_fu_66_ap_start_reg  |    1|   0|    1|          0|
    |i_4_reg_199                         |    9|   0|    9|          0|
    |i_fu_36                             |    9|   0|    9|          0|
    |m_V_fu_44                           |  256|   0|  256|          0|
    |m_V_load_1_reg_208                  |  256|   0|  256|          0|
    |reg_85                              |  256|   0|  256|          0|
    |shr_i4_fu_40                        |  256|   0|  256|          0|
    |t_fu_32                             |  256|   0|  256|          0|
    |trunc_ln1497_reg_204                |    1|   0|    1|          0|
    +------------------------------------+-----+----+-----+-----------+
    |Total                               | 1305|   0| 1305|          0|
    +------------------------------------+-----+----+-----+-----------+



================================================================
== Interface
================================================================
* Summary: 
+-------------+-----+-----+------------+--------------+--------------+
|  RTL Ports  | Dir | Bits|  Protocol  | Source Object|    C Type    |
+-------------+-----+-----+------------+--------------+--------------+
|ap_clk       |   in|    1|  ap_ctrl_hs|       mod_exp|  return value|
|ap_rst       |   in|    1|  ap_ctrl_hs|       mod_exp|  return value|
|ap_start     |   in|    1|  ap_ctrl_hs|       mod_exp|  return value|
|ap_done      |  out|    1|  ap_ctrl_hs|       mod_exp|  return value|
|ap_continue  |   in|    1|  ap_ctrl_hs|       mod_exp|  return value|
|ap_idle      |  out|    1|  ap_ctrl_hs|       mod_exp|  return value|
|ap_ready     |  out|    1|  ap_ctrl_hs|       mod_exp|  return value|
|ap_return    |  out|  256|  ap_ctrl_hs|       mod_exp|  return value|
|y            |   in|  256|     ap_none|             y|        scalar|
|d            |   in|  256|     ap_none|             d|        scalar|
|N            |   in|  256|     ap_none|             N|        scalar|
+-------------+-----+-----+------------+--------------+--------------+

