Thu Dec 12 16:24:30 2024: Running xcd server. This server was NOT built by gradle, but presumably rdi.
Thu Dec 12 16:24:30 2024: Server was asked to start on port: '42895'
Thu Dec 12 16:24:30 2024: Server is using token UUID: '9f35757b-8370-4658-ba62-ccc7d00639ef'
Thu Dec 12 16:24:30 2024: SESSION_MGR: creating session with session uuid: '6d04a3e9-ade5-4ab9-8d63-1f78fcd2ec76' and name 'default'
Thu Dec 12 16:24:30 2024: Attempting to start server on port '42895'
Thu Dec 12 16:24:30 2024: XCD main fifo: created main fifo '/tmp/xcdmain9f35757b-8370-4658-ba62-ccc7d00639ef', fd read = 13
Thu Dec 12 16:24:30 2024: Running Dispatch Server
Thu Dec 12 16:24:30 2024: Version 2.2.0
Thu Dec 12 16:24:39 2024: Dispatch Server: Accepted socket connection from client
Thu Dec 12 16:24:39 2024: Starting Socket connection
Thu Dec 12 16:24:39 2024: EXCHANGE_TOKEN received, server token: 9f35757b-8370-4658-ba62-ccc7d00639ef, passed token: 9f35757b-8370-4658-ba62-ccc7d00639ef
Thu Dec 12 16:24:39 2024: SESSION_MGR: creating session with session uuid: '00f337d2-f6a6-497a-ad9c-035ccc2432cb' and name 'vitis_hls'
Thu Dec 12 16:24:39 2024: KERNEL_SVC: creating session with uuid: '00f337d2-f6a6-497a-ad9c-035ccc2432cb' and name 'vitis_hls'
Thu Dec 12 16:24:39 2024: GUIDANCE_SMGR: creating guidance session with uuid: '00f337d2-f6a6-497a-ad9c-035ccc2432cb' and name 'vitis_hls'
Thu Dec 12 16:25:00 2024: STOP_SERVER received, server token: 9f35757b-8370-4658-ba62-ccc7d00639ef, passed token: 9f35757b-8370-4658-ba62-ccc7d00639ef
Thu Dec 12 16:25:00 2024: Socket received request to stop server.
Thu Dec 12 16:25:00 2024: Dispatch Server: do_await_stop
Thu Dec 12 16:25:00 2024: Dispatch Server: stopping mainFifo_
Thu Dec 12 16:25:00 2024: XCD main fifo: Stopping
Thu Dec 12 16:25:00 2024: XCD main fifo: do_read error code: Operation canceled
Thu Dec 12 16:25:00 2024: XCD main fifo: bytes_transferred: 0
Thu Dec 12 16:25:00 2024: SERVER: destructor for server bound to port 42895
Thu Dec 12 16:25:00 2024: XCD main fifo: Good unlink of /tmp/xcdmain9f35757b-8370-4658-ba62-ccc7d00639ef
Thu Dec 12 16:25:00 2024: Server exiting with status 0.
Thu Dec 12 16:25:00 2024: Closing log file.
