Tue Dec  3 22:40:53 2024: Running xcd server. This server was NOT built by gradle, but presumably rdi.
Tue Dec  3 22:40:53 2024: Server was asked to start on port: '45771'
Tue Dec  3 22:40:53 2024: Server is using token UUID: '536713aa-29ff-4f0f-a27c-df4d77652c01'
Tue Dec  3 22:40:53 2024: SESSION_MGR: creating session with session uuid: '6d04a3e9-ade5-4ab9-8d63-1f78fcd2ec76' and name 'default'
Tue Dec  3 22:40:53 2024: Attempting to start server on port '45771'
Tue Dec  3 22:40:53 2024: XCD main fifo: created main fifo '/tmp/xcdmain536713aa-29ff-4f0f-a27c-df4d77652c01', fd read = 13
Tue Dec  3 22:40:53 2024: Running Dispatch Server
Tue Dec  3 22:40:53 2024: Version 2.2.0
Tue Dec  3 22:41:02 2024: Dispatch Server: Accepted socket connection from client
Tue Dec  3 22:41:02 2024: Starting Socket connection
Tue Dec  3 22:41:02 2024: EXCHANGE_TOKEN received, server token: 536713aa-29ff-4f0f-a27c-df4d77652c01, passed token: 536713aa-29ff-4f0f-a27c-df4d77652c01
Tue Dec  3 22:41:02 2024: SESSION_MGR: creating session with session uuid: '464734bb-cecd-4aad-ba18-79714f5228f4' and name 'vitis_hls'
Tue Dec  3 22:41:02 2024: KERNEL_SVC: creating session with uuid: '464734bb-cecd-4aad-ba18-79714f5228f4' and name 'vitis_hls'
Tue Dec  3 22:41:02 2024: GUIDANCE_SMGR: creating guidance session with uuid: '464734bb-cecd-4aad-ba18-79714f5228f4' and name 'vitis_hls'
Tue Dec  3 22:41:17 2024: STOP_SERVER received, server token: 536713aa-29ff-4f0f-a27c-df4d77652c01, passed token: 536713aa-29ff-4f0f-a27c-df4d77652c01
Tue Dec  3 22:41:17 2024: Socket received request to stop server.
Tue Dec  3 22:41:17 2024: Dispatch Server: do_await_stop
Tue Dec  3 22:41:17 2024: Dispatch Server: stopping mainFifo_
Tue Dec  3 22:41:17 2024: XCD main fifo: Stopping
Tue Dec  3 22:41:17 2024: XCD main fifo: do_read error code: Operation canceled
Tue Dec  3 22:41:17 2024: XCD main fifo: bytes_transferred: 0
Tue Dec  3 22:41:17 2024: SERVER: destructor for server bound to port 45771
Tue Dec  3 22:41:17 2024: XCD main fifo: Good unlink of /tmp/xcdmain536713aa-29ff-4f0f-a27c-df4d77652c01
Tue Dec  3 22:41:17 2024: Server exiting with status 0.
Tue Dec  3 22:41:17 2024: Closing log file.
