

================================================================
== Vitis HLS Report for 'Montgomery'
================================================================
* Date:           Thu Dec  5 17:01:35 2024

* Version:        2022.2 (Build 3670227 on Oct 13 2022)
* Project:        rsa_opt2_hls
* Solution:       solution1 (Vivado IP Flow Target)
* Product family: zynq
* Target device:  xc7z020-clg400-1


================================================================
== Performance Estimates
================================================================
+ Timing: 
    * Summary: 
    +--------+----------+----------+------------+
    |  Clock |  Target  | Estimated| Uncertainty|
    +--------+----------+----------+------------+
    |ap_clk  |  10.00 ns|  6.584 ns|     2.70 ns|
    +--------+----------+----------+------------+

+ Latency: 
    * Summary: 
    +---------+---------+----------+----------+-----+-----+---------+
    |  Latency (cycles) |  Latency (absolute) |  Interval | Pipeline|
    |   min   |   max   |    min   |    max   | min | max |   Type  |
    +---------+---------+----------+----------+-----+-----+---------+
    |      263|      263|  2.630 us|  2.630 us|  263|  263|       no|
    +---------+---------+----------+----------+-----+-----+---------+

    + Detail: 
        * Instance: 
        +------------------------------------------+--------------------------------+---------+---------+----------+----------+-----+-----+---------+
        |                                          |                                |  Latency (cycles) |  Latency (absolute) |  Interval | Pipeline|
        |                 Instance                 |             Module             |   min   |   max   |    min   |    max   | min | max |   Type  |
        +------------------------------------------+--------------------------------+---------+---------+----------+----------+-----+-----+---------+
        |grp_Montgomery_Pipeline_Montgomery_fu_36  |Montgomery_Pipeline_Montgomery  |      258|      258|  2.580 us|  2.580 us|  258|  258|       no|
        +------------------------------------------+--------------------------------+---------+---------+----------+----------+-----+-----+---------+

        * Loop: 
        N/A



================================================================
== Utilization Estimates
================================================================
* Summary: 
+-----------------+---------+-----+--------+-------+-----+
|       Name      | BRAM_18K| DSP |   FF   |  LUT  | URAM|
+-----------------+---------+-----+--------+-------+-----+
|DSP              |        -|    -|       -|      -|    -|
|Expression       |        -|    -|       0|    351|    -|
|FIFO             |        -|    -|       -|      -|    -|
|Instance         |        -|    -|    3617|   1399|    -|
|Memory           |        -|    -|       -|      -|    -|
|Multiplexer      |        -|    -|       -|     40|    -|
|Register         |        -|    -|    1033|      -|    -|
+-----------------+---------+-----+--------+-------+-----+
|Total            |        0|    0|    4650|   1790|    0|
+-----------------+---------+-----+--------+-------+-----+
|Available        |      280|  220|  106400|  53200|    0|
+-----------------+---------+-----+--------+-------+-----+
|Utilization (%)  |        0|    0|       4|      3|    0|
+-----------------+---------+-----+--------+-------+-----+

+ Detail: 
    * Instance: 
    +------------------------------------------+--------------------------------+---------+----+------+------+-----+
    |                 Instance                 |             Module             | BRAM_18K| DSP|  FF  |  LUT | URAM|
    +------------------------------------------+--------------------------------+---------+----+------+------+-----+
    |grp_Montgomery_Pipeline_Montgomery_fu_36  |Montgomery_Pipeline_Montgomery  |        0|   0|  2457|  1135|    0|
    |add_257ns_257ns_257_2_1_U14               |add_257ns_257ns_257_2_1         |        0|   0|   580|   132|    0|
    |sub_256ns_256ns_256_2_1_U15               |sub_256ns_256ns_256_2_1         |        0|   0|   580|   132|    0|
    +------------------------------------------+--------------------------------+---------+----+------+------+-----+
    |Total                                     |                                |        0|   0|  3617|  1399|    0|
    +------------------------------------------+--------------------------------+---------+----+------+------+-----+

    * DSP: 
    N/A

    * Memory: 
    N/A

    * FIFO: 
    N/A

    * Expression: 
    +----------------------+----------+----+---+-----+------------+------------+
    |     Variable Name    | Operation| DSP| FF| LUT | Bitwidth P0| Bitwidth P1|
    +----------------------+----------+----+---+-----+------------+------------+
    |icmp_ln1031_fu_69_p2  |      icmp|   0|  0|   93|         257|         257|
    |select_ln47_fu_88_p3  |    select|   0|  0|  256|           1|         256|
    |xor_ln1031_fu_83_p2   |       xor|   0|  0|    2|           1|           2|
    +----------------------+----------+----+---+-----+------------+------------+
    |Total                 |          |   0|  0|  351|         259|         515|
    +----------------------+----------+----+---+-----+------------+------------+

    * Multiplexer: 
    +-----------+----+-----------+-----+-----------+
    |    Name   | LUT| Input Size| Bits| Total Bits|
    +-----------+----+-----------+-----+-----------+
    |ap_NS_fsm  |  31|          6|    1|          6|
    |ap_return  |   9|          2|  256|        512|
    +-----------+----+-----------+-----+-----------+
    |Total      |  40|          8|  257|        518|
    +-----------+----+-----------+-----+-----------+

    * Register: 
    +-------------------------------------------------------+-----+----+-----+-----------+
    |                          Name                         |  FF | LUT| Bits| Const Bits|
    +-------------------------------------------------------+-----+----+-----+-----------+
    |add_ln186_reg_133                                      |  257|   0|  257|          0|
    |ap_CS_fsm                                              |    5|   0|    5|          0|
    |ap_return_preg                                         |  256|   0|  256|          0|
    |empty_reg_112                                          |    1|   0|    1|          0|
    |grp_Montgomery_Pipeline_Montgomery_fu_36_ap_start_reg  |    1|   0|    1|          0|
    |icmp_ln1031_reg_138                                    |    1|   0|    1|          0|
    |trunc_ln186_reg_143                                    |  256|   0|  256|          0|
    |zext_ln1495_reg_117                                    |  256|   0|  257|          1|
    +-------------------------------------------------------+-----+----+-----+-----------+
    |Total                                                  | 1033|   0| 1034|          1|
    +-------------------------------------------------------+-----+----+-----+-----------+



================================================================
== Interface
================================================================
* Summary: 
+-----------+-----+-----+------------+--------------+--------------+
| RTL Ports | Dir | Bits|  Protocol  | Source Object|    C Type    |
+-----------+-----+-----+------------+--------------+--------------+
|ap_clk     |   in|    1|  ap_ctrl_hs|    Montgomery|  return value|
|ap_rst     |   in|    1|  ap_ctrl_hs|    Montgomery|  return value|
|ap_start   |   in|    1|  ap_ctrl_hs|    Montgomery|  return value|
|ap_done    |  out|    1|  ap_ctrl_hs|    Montgomery|  return value|
|ap_idle    |  out|    1|  ap_ctrl_hs|    Montgomery|  return value|
|ap_ready   |  out|    1|  ap_ctrl_hs|    Montgomery|  return value|
|ap_return  |  out|  256|  ap_ctrl_hs|    Montgomery|  return value|
|N          |   in|  256|     ap_none|             N|        scalar|
|a          |   in|  256|     ap_none|             a|        scalar|
|b          |   in|  256|     ap_none|             b|        scalar|
+-----------+-----+-----+------------+--------------+--------------+

