

================================================================
== Vitis HLS Report for 'mod_exp'
================================================================
* Date:           Mon Dec  2 17:59:59 2024

* Version:        2022.2 (Build 3670227 on Oct 13 2022)
* Project:        baseline
* Solution:       solution1 (Vivado IP Flow Target)
* Product family: zynq
* Target device:  xc7z020-clg400-1


================================================================
== Performance Estimates
================================================================
+ Timing: 
    * Summary: 
    +--------+----------+----------+------------+
    |  Clock |  Target  | Estimated| Uncertainty|
    +--------+----------+----------+------------+
    |ap_clk  |  10.00 ns|  6.882 ns|     2.70 ns|
    +--------+----------+----------+------------+

+ Latency: 
    * Summary: 
    +---------+---------+----------+----------+--------+--------+---------+
    |  Latency (cycles) |  Latency (absolute) |     Interval    | Pipeline|
    |   min   |   max   |    min   |    max   |   min  |   max  |   Type  |
    +---------+---------+----------+----------+--------+--------+---------+
    |   197377|   393985|  1.974 ms|  3.940 ms|  197377|  393985|       no|
    +---------+---------+----------+----------+--------+--------+---------+

    + Detail: 
        * Instance: 
        N/A

        * Loop: 
        +--------------------+---------+---------+------------+-----------+-----------+------+----------+
        |                    |  Latency (cycles) |  Iteration |  Initiation Interval  | Trip |          |
        |      Loop Name     |   min   |   max   |   Latency  |  achieved |   target  | Count| Pipelined|
        +--------------------+---------+---------+------------+-----------+-----------+------+----------+
        |- VITIS_LOOP_41_1   |   197376|   393984|  771 ~ 1539|          -|          -|   256|        no|
        | + VITIS_LOOP_13_1  |      768|      768|           3|          -|          -|   256|        no|
        | + VITIS_LOOP_13_1  |      768|      768|           3|          -|          -|   256|        no|
        +--------------------+---------+---------+------------+-----------+-----------+------+----------+

============================================================
+ Verbose Summary: Synthesis Manager
============================================================
InlineROM: 1
ExposeGlobal: 0
============================================================
+ Verbose Summary: CDFG Model
============================================================
IsTopModel: 0
ResetActiveHigh: 1
IsCombinational: 0
IsDatapathOnly: 0
HasWiredReturn: 1
HasMFsm: 0
HasVarLatency: 1
IsPipeline: 0
IsRtlPipelined: 0
IsInstanceOverlapped: 0
IsDontTouch: 0
HasImplIP: 0
IsGatedGlobalClock: 0


============================================================
+ Verbose Summary: Schedule
============================================================
* Number of FSM states : 8
* Pipeline : 0
* Dataflow Pipeline: 0

* FSM state transitions: 
1 --> 2 
2 --> 3 
3 --> 4 6 
4 --> 5 
5 --> 3 
6 --> 7 2 
7 --> 8 
8 --> 6 

* FSM state operations: 

State 1 <SV = 0> <Delay = 1.58>
ST_1 : Operation 9 [1/1] (0.00ns)   --->   "%i = alloca i32 1"   --->   Operation 9 'alloca' 'i' <Predicate = true> <Delay = 0.00>
ST_1 : Operation 10 [1/1] (0.00ns)   --->   "%shr_i3 = alloca i32 1"   --->   Operation 10 'alloca' 'shr_i3' <Predicate = true> <Delay = 0.00>
ST_1 : Operation 11 [1/1] (0.00ns)   --->   "%m_V_1 = alloca i32 1"   --->   Operation 11 'alloca' 'm_V_1' <Predicate = true> <Delay = 0.00>
ST_1 : Operation 12 [1/1] (0.00ns)   --->   "%t_V_1 = alloca i32 1"   --->   Operation 12 'alloca' 't_V_1' <Predicate = true> <Delay = 0.00>
ST_1 : Operation 13 [1/1] (0.00ns)   --->   "%N_read = read i256 @_ssdm_op_Read.ap_auto.i256, i256 %N" [rsa.cpp:8]   --->   Operation 13 'read' 'N_read' <Predicate = true> <Delay = 0.00>
ST_1 : Operation 14 [1/1] (0.00ns)   --->   "%d_read = read i256 @_ssdm_op_Read.ap_auto.i256, i256 %d" [rsa.cpp:8]   --->   Operation 14 'read' 'd_read' <Predicate = true> <Delay = 0.00>
ST_1 : Operation 15 [1/1] (0.00ns)   --->   "%y_read = read i256 @_ssdm_op_Read.ap_auto.i256, i256 %y" [rsa.cpp:8]   --->   Operation 15 'read' 'y_read' <Predicate = true> <Delay = 0.00>
ST_1 : Operation 16 [1/1] (0.00ns)   --->   "%conv_i167_i15 = zext i256 %N_read" [rsa.cpp:8]   --->   Operation 16 'zext' 'conv_i167_i15' <Predicate = true> <Delay = 0.00>
ST_1 : Operation 17 [1/1] (0.00ns)   --->   "%zext_ln1496 = zext i256 %N_read"   --->   Operation 17 'zext' 'zext_ln1496' <Predicate = true> <Delay = 0.00>
ST_1 : Operation 18 [1/1] (1.58ns)   --->   "%store_ln41 = store i256 %y_read, i256 %t_V_1" [rsa.cpp:41]   --->   Operation 18 'store' 'store_ln41' <Predicate = true> <Delay = 1.58>
ST_1 : Operation 19 [1/1] (1.58ns)   --->   "%store_ln41 = store i256 1, i256 %m_V_1" [rsa.cpp:41]   --->   Operation 19 'store' 'store_ln41' <Predicate = true> <Delay = 1.58>
ST_1 : Operation 20 [1/1] (1.58ns)   --->   "%store_ln41 = store i256 %d_read, i256 %shr_i3" [rsa.cpp:41]   --->   Operation 20 'store' 'store_ln41' <Predicate = true> <Delay = 1.58>
ST_1 : Operation 21 [1/1] (1.58ns)   --->   "%store_ln41 = store i9 0, i9 %i" [rsa.cpp:41]   --->   Operation 21 'store' 'store_ln41' <Predicate = true> <Delay = 1.58>
ST_1 : Operation 22 [1/1] (0.00ns)   --->   "%br_ln41 = br void %for.body" [rsa.cpp:41]   --->   Operation 22 'br' 'br_ln41' <Predicate = true> <Delay = 0.00>

State 2 <SV = 1> <Delay = 1.82>
ST_2 : Operation 23 [1/1] (0.00ns)   --->   "%i_4 = load i9 %i" [rsa.cpp:41]   --->   Operation 23 'load' 'i_4' <Predicate = true> <Delay = 0.00>
ST_2 : Operation 24 [1/1] (0.00ns)   --->   "%a_V = load i256 %m_V_1"   --->   Operation 24 'load' 'a_V' <Predicate = true> <Delay = 0.00>
ST_2 : Operation 25 [1/1] (0.00ns)   --->   "%b_V = load i256 %t_V_1"   --->   Operation 25 'load' 'b_V' <Predicate = true> <Delay = 0.00>
ST_2 : Operation 26 [1/1] (1.66ns)   --->   "%icmp_ln41 = icmp_eq  i9 %i_4, i9 256" [rsa.cpp:41]   --->   Operation 26 'icmp' 'icmp_ln41' <Predicate = true> <Delay = 1.66> <CoreInst = "Cmp">   --->   Core 9 'Cmp' <Latency = 0> <II = 1> <Delay = 1.66> <FuncUnit> <Opcode : 'icmp'> <InPorts = 2> <OutPorts = 1>
ST_2 : Operation 27 [1/1] (0.00ns)   --->   "%empty = speclooptripcount i32 @_ssdm_op_SpecLoopTripCount, i64 256, i64 256, i64 256"   --->   Operation 27 'speclooptripcount' 'empty' <Predicate = true> <Delay = 0.00>
ST_2 : Operation 28 [1/1] (1.82ns)   --->   "%i_7 = add i9 %i_4, i9 1" [rsa.cpp:41]   --->   Operation 28 'add' 'i_7' <Predicate = true> <Delay = 1.82> <CoreInst = "Adder">   --->   Core 1 'Adder' <Latency = 0> <II = 1> <Delay = 1.82> <FuncUnit> <Opcode : 'add' 'sub'> <InPorts = 2> <OutPorts = 1>
ST_2 : Operation 29 [1/1] (0.00ns)   --->   "%br_ln41 = br i1 %icmp_ln41, void %for.body.split, void %for.end" [rsa.cpp:41]   --->   Operation 29 'br' 'br_ln41' <Predicate = true> <Delay = 0.00>
ST_2 : Operation 30 [1/1] (0.00ns)   --->   "%shr_i3_load = load i256 %shr_i3"   --->   Operation 30 'load' 'shr_i3_load' <Predicate = (!icmp_ln41)> <Delay = 0.00>
ST_2 : Operation 31 [1/1] (0.00ns)   --->   "%specloopname_ln1633 = specloopname void @_ssdm_op_SpecLoopName, void @empty_8"   --->   Operation 31 'specloopname' 'specloopname_ln1633' <Predicate = (!icmp_ln41)> <Delay = 0.00>
ST_2 : Operation 32 [1/1] (0.00ns)   --->   "%trunc_ln1497 = trunc i256 %shr_i3_load"   --->   Operation 32 'trunc' 'trunc_ln1497' <Predicate = (!icmp_ln41)> <Delay = 0.00>
ST_2 : Operation 33 [1/1] (0.00ns)   --->   "%zext_ln186 = zext i256 %b_V"   --->   Operation 33 'zext' 'zext_ln186' <Predicate = (!icmp_ln41)> <Delay = 0.00>
ST_2 : Operation 34 [1/1] (0.00ns)   --->   "%br_ln43 = br i1 %trunc_ln1497, void %for.inc, void %for.body.i.preheader" [rsa.cpp:43]   --->   Operation 34 'br' 'br_ln43' <Predicate = (!icmp_ln41)> <Delay = 0.00>
ST_2 : Operation 35 [1/1] (1.58ns)   --->   "%br_ln13 = br void %for.body.i" [rsa.cpp:13]   --->   Operation 35 'br' 'br_ln13' <Predicate = (!icmp_ln41 & trunc_ln1497)> <Delay = 1.58>
ST_2 : Operation 36 [1/1] (0.00ns)   --->   "%ret_ln51 = ret i256 %a_V" [rsa.cpp:51]   --->   Operation 36 'ret' 'ret_ln51' <Predicate = (icmp_ln41)> <Delay = 0.00>

State 3 <SV = 2> <Delay = 4.71>
ST_3 : Operation 37 [1/1] (0.00ns)   --->   "%empty_15 = phi i256 %zext_ln1669, void %for.body.i.split_ifconv, i256 %a_V, void %for.body.i.preheader"   --->   Operation 37 'phi' 'empty_15' <Predicate = (trunc_ln1497)> <Delay = 0.00>
ST_3 : Operation 38 [1/1] (0.00ns)   --->   "%i_1 = phi i9 %i_6, void %for.body.i.split_ifconv, i9 0, void %for.body.i.preheader"   --->   Operation 38 'phi' 'i_1' <Predicate = (trunc_ln1497)> <Delay = 0.00>
ST_3 : Operation 39 [1/1] (0.00ns)   --->   "%t_V_11 = phi i257 %t_V_5, void %for.body.i.split_ifconv, i257 %zext_ln186, void %for.body.i.preheader"   --->   Operation 39 'phi' 't_V_11' <Predicate = (trunc_ln1497)> <Delay = 0.00>
ST_3 : Operation 40 [1/1] (0.00ns)   --->   "%m_V_19 = phi i257 %m_V_14, void %for.body.i.split_ifconv, i257 0, void %for.body.i.preheader"   --->   Operation 40 'phi' 'm_V_19' <Predicate = (trunc_ln1497)> <Delay = 0.00>
ST_3 : Operation 41 [1/1] (1.66ns)   --->   "%icmp_ln13 = icmp_eq  i9 %i_1, i9 256" [rsa.cpp:13]   --->   Operation 41 'icmp' 'icmp_ln13' <Predicate = (trunc_ln1497)> <Delay = 1.66> <CoreInst = "Cmp">   --->   Core 9 'Cmp' <Latency = 0> <II = 1> <Delay = 1.66> <FuncUnit> <Opcode : 'icmp'> <InPorts = 2> <OutPorts = 1>
ST_3 : Operation 42 [1/1] (0.00ns)   --->   "%empty_16 = speclooptripcount i32 @_ssdm_op_SpecLoopTripCount, i64 256, i64 256, i64 256"   --->   Operation 42 'speclooptripcount' 'empty_16' <Predicate = (trunc_ln1497)> <Delay = 0.00>
ST_3 : Operation 43 [1/1] (1.82ns)   --->   "%i_6 = add i9 %i_1, i9 1" [rsa.cpp:13]   --->   Operation 43 'add' 'i_6' <Predicate = (trunc_ln1497)> <Delay = 1.82> <CoreInst = "Adder">   --->   Core 1 'Adder' <Latency = 0> <II = 1> <Delay = 1.82> <FuncUnit> <Opcode : 'add' 'sub'> <InPorts = 2> <OutPorts = 1>
ST_3 : Operation 44 [1/1] (0.00ns)   --->   "%br_ln13 = br i1 %icmp_ln13, void %for.body.i.split_ifconv, void %_Z11mod_product7ap_uintILi256EES0_S0_.exit" [rsa.cpp:13]   --->   Operation 44 'br' 'br_ln13' <Predicate = (trunc_ln1497)> <Delay = 0.00>
ST_3 : Operation 45 [1/1] (0.00ns)   --->   "%trunc_ln1497_1 = trunc i256 %empty_15"   --->   Operation 45 'trunc' 'trunc_ln1497_1' <Predicate = (trunc_ln1497 & !icmp_ln13)> <Delay = 0.00>
ST_3 : Operation 46 [1/1] (0.00ns)   --->   "%zext_ln186_1 = zext i257 %t_V_11"   --->   Operation 46 'zext' 'zext_ln186_1' <Predicate = (trunc_ln1497 & !icmp_ln13)> <Delay = 0.00>
ST_3 : Operation 47 [1/1] (0.00ns)   --->   "%zext_ln186_2 = zext i257 %m_V_19"   --->   Operation 47 'zext' 'zext_ln186_2' <Predicate = (trunc_ln1497 & !icmp_ln13)> <Delay = 0.00>
ST_3 : Operation 48 [2/2] (3.44ns)   --->   "%ret_V = add i258 %zext_ln186_2, i258 %zext_ln186_1"   --->   Operation 48 'add' 'ret_V' <Predicate = (trunc_ln1497 & !icmp_ln13)> <Delay = 3.44> <CoreInst = "Adder">   --->   Core 1 'Adder' <Latency = 1> <II = 1> <Delay = 3.44> <FuncUnit> <Opcode : 'add' 'sub'> <InPorts = 2> <OutPorts = 1>
ST_3 : Operation 49 [2/2] (3.44ns)   --->   "%m_V = add i257 %m_V_19, i257 %t_V_11"   --->   Operation 49 'add' 'm_V' <Predicate = (trunc_ln1497 & !icmp_ln13)> <Delay = 3.44> <CoreInst = "Adder">   --->   Core 1 'Adder' <Latency = 1> <II = 1> <Delay = 3.44> <FuncUnit> <Opcode : 'add' 'sub'> <InPorts = 2> <OutPorts = 1>
ST_3 : Operation 50 [1/1] (0.00ns)   --->   "%ret_V_1 = bitconcatenate i258 @_ssdm_op_BitConcatenate.i258.i257.i1, i257 %t_V_11, i1 0"   --->   Operation 50 'bitconcatenate' 'ret_V_1' <Predicate = (trunc_ln1497 & !icmp_ln13)> <Delay = 0.00>
ST_3 : Operation 51 [1/1] (4.71ns)   --->   "%icmp_ln1035 = icmp_ugt  i258 %ret_V_1, i258 %conv_i167_i15"   --->   Operation 51 'icmp' 'icmp_ln1035' <Predicate = (trunc_ln1497 & !icmp_ln13)> <Delay = 4.71> <CoreInst = "Cmp">   --->   Core 9 'Cmp' <Latency = 0> <II = 1> <Delay = 4.71> <FuncUnit> <Opcode : 'icmp'> <InPorts = 2> <OutPorts = 1>
ST_3 : Operation 52 [1/1] (0.00ns)   --->   "%t_V_4 = shl i257 %t_V_11, i257 1"   --->   Operation 52 'shl' 't_V_4' <Predicate = (trunc_ln1497 & !icmp_ln13)> <Delay = 0.00>
ST_3 : Operation 53 [2/2] (3.44ns)   --->   "%t_V = sub i257 %t_V_4, i257 %zext_ln1496"   --->   Operation 53 'sub' 't_V' <Predicate = (trunc_ln1497 & !icmp_ln13)> <Delay = 3.44> <CoreInst = "Adder">   --->   Core 1 'Adder' <Latency = 1> <II = 1> <Delay = 3.44> <FuncUnit> <Opcode : 'add' 'sub'> <InPorts = 2> <OutPorts = 1>
ST_3 : Operation 54 [1/1] (0.00ns)   --->   "%r_V_1 = partselect i255 @_ssdm_op_PartSelect.i255.i256.i32.i32, i256 %empty_15, i32 1, i32 255"   --->   Operation 54 'partselect' 'r_V_1' <Predicate = (trunc_ln1497 & !icmp_ln13)> <Delay = 0.00>
ST_3 : Operation 55 [1/1] (0.00ns)   --->   "%zext_ln1669 = zext i255 %r_V_1"   --->   Operation 55 'zext' 'zext_ln1669' <Predicate = (trunc_ln1497 & !icmp_ln13)> <Delay = 0.00>
ST_3 : Operation 56 [1/1] (0.00ns)   --->   "%trunc_ln186 = trunc i257 %m_V_19"   --->   Operation 56 'trunc' 'trunc_ln186' <Predicate = (trunc_ln1497 & icmp_ln13)> <Delay = 0.00>
ST_3 : Operation 57 [1/1] (1.58ns)   --->   "%store_ln45 = store i256 %trunc_ln186, i256 %m_V_1" [rsa.cpp:45]   --->   Operation 57 'store' 'store_ln45' <Predicate = (trunc_ln1497 & icmp_ln13)> <Delay = 1.58>
ST_3 : Operation 58 [1/1] (0.00ns)   --->   "%br_ln45 = br void %for.inc" [rsa.cpp:45]   --->   Operation 58 'br' 'br_ln45' <Predicate = (trunc_ln1497 & icmp_ln13)> <Delay = 0.00>
ST_3 : Operation 59 [1/1] (1.58ns)   --->   "%br_ln13 = br void %for.body.i24" [rsa.cpp:13]   --->   Operation 59 'br' 'br_ln13' <Predicate = (icmp_ln13) | (!trunc_ln1497)> <Delay = 1.58>

State 4 <SV = 3> <Delay = 6.88>
ST_4 : Operation 60 [1/2] (3.44ns)   --->   "%ret_V = add i258 %zext_ln186_2, i258 %zext_ln186_1"   --->   Operation 60 'add' 'ret_V' <Predicate = true> <Delay = 3.44> <CoreInst = "Adder">   --->   Core 1 'Adder' <Latency = 1> <II = 1> <Delay = 3.44> <FuncUnit> <Opcode : 'add' 'sub'> <InPorts = 2> <OutPorts = 1>
ST_4 : Operation 61 [1/2] (3.44ns)   --->   "%m_V = add i257 %m_V_19, i257 %t_V_11"   --->   Operation 61 'add' 'm_V' <Predicate = true> <Delay = 3.44> <CoreInst = "Adder">   --->   Core 1 'Adder' <Latency = 1> <II = 1> <Delay = 3.44> <FuncUnit> <Opcode : 'add' 'sub'> <InPorts = 2> <OutPorts = 1>
ST_4 : Operation 62 [2/2] (3.44ns)   --->   "%m_V_11 = sub i257 %m_V, i257 %zext_ln1496"   --->   Operation 62 'sub' 'm_V_11' <Predicate = (trunc_ln1497_1)> <Delay = 3.44> <CoreInst = "Adder">   --->   Core 1 'Adder' <Latency = 1> <II = 1> <Delay = 3.44> <FuncUnit> <Opcode : 'add' 'sub'> <InPorts = 2> <OutPorts = 1>
ST_4 : Operation 63 [1/2] (3.44ns)   --->   "%t_V = sub i257 %t_V_4, i257 %zext_ln1496"   --->   Operation 63 'sub' 't_V' <Predicate = true> <Delay = 3.44> <CoreInst = "Adder">   --->   Core 1 'Adder' <Latency = 1> <II = 1> <Delay = 3.44> <FuncUnit> <Opcode : 'add' 'sub'> <InPorts = 2> <OutPorts = 1>
ST_4 : Operation 64 [1/1] (1.55ns)   --->   "%t_V_5 = select i1 %icmp_ln1035, i257 %t_V, i257 %t_V_4" [rsa.cpp:26]   --->   Operation 64 'select' 't_V_5' <Predicate = true> <Delay = 1.55> <CoreInst = "Sel">   --->   Core 73 'Sel' <Latency = 0> <II = 1> <Delay = 1.55> <FuncUnit> <Opcode : 'select'> <InPorts = 3> <OutPorts = 1>

State 5 <SV = 4> <Delay = 6.26>
ST_5 : Operation 65 [1/1] (0.00ns)   --->   "%specloopname_ln1633 = specloopname void @_ssdm_op_SpecLoopName, void @empty_7"   --->   Operation 65 'specloopname' 'specloopname_ln1633' <Predicate = true> <Delay = 0.00>
ST_5 : Operation 66 [1/1] (4.71ns)   --->   "%icmp_ln1031 = icmp_ult  i258 %ret_V, i258 %conv_i167_i15"   --->   Operation 66 'icmp' 'icmp_ln1031' <Predicate = (trunc_ln1497_1)> <Delay = 4.71> <CoreInst = "Cmp">   --->   Core 9 'Cmp' <Latency = 0> <II = 1> <Delay = 4.71> <FuncUnit> <Opcode : 'icmp'> <InPorts = 2> <OutPorts = 1>
ST_5 : Operation 67 [1/2] (3.44ns)   --->   "%m_V_11 = sub i257 %m_V, i257 %zext_ln1496"   --->   Operation 67 'sub' 'm_V_11' <Predicate = (trunc_ln1497_1)> <Delay = 3.44> <CoreInst = "Adder">   --->   Core 1 'Adder' <Latency = 1> <II = 1> <Delay = 3.44> <FuncUnit> <Opcode : 'add' 'sub'> <InPorts = 2> <OutPorts = 1>
ST_5 : Operation 68 [1/1] (0.00ns) (grouped into LUT with out node m_V_14)   --->   "%and_ln1031 = and i1 %trunc_ln1497_1, i1 %icmp_ln1031"   --->   Operation 68 'and' 'and_ln1031' <Predicate = (trunc_ln1497_1)> <Delay = 0.00> <CoreInst = "LogicGate">   --->   Core 74 'LogicGate' <Latency = 0> <II = 1> <Delay = 0.97> <FuncUnit> <Opcode : 'and' 'or' 'xor'> <InPorts = 2> <OutPorts = 1>
ST_5 : Operation 69 [1/1] (0.00ns) (grouped into LUT with out node m_V_14)   --->   "%m_V_13 = select i1 %and_ln1031, i257 %m_V, i257 %m_V_11"   --->   Operation 69 'select' 'm_V_13' <Predicate = (trunc_ln1497_1)> <Delay = 0.00> <CoreInst = "Sel">   --->   Core 73 'Sel' <Latency = 0> <II = 1> <Delay = 1.55> <FuncUnit> <Opcode : 'select'> <InPorts = 3> <OutPorts = 1>
ST_5 : Operation 70 [1/1] (1.55ns) (out node of the LUT)   --->   "%m_V_14 = select i1 %trunc_ln1497_1, i257 %m_V_13, i257 %m_V_19"   --->   Operation 70 'select' 'm_V_14' <Predicate = true> <Delay = 1.55> <CoreInst = "Sel">   --->   Core 73 'Sel' <Latency = 0> <II = 1> <Delay = 1.55> <FuncUnit> <Opcode : 'select'> <InPorts = 3> <OutPorts = 1>
ST_5 : Operation 71 [1/1] (0.00ns)   --->   "%br_ln13 = br void %for.body.i" [rsa.cpp:13]   --->   Operation 71 'br' 'br_ln13' <Predicate = true> <Delay = 0.00>

State 6 <SV = 3> <Delay = 4.71>
ST_6 : Operation 72 [1/1] (0.00ns)   --->   "%empty_17 = phi i256 %b_V, void %for.inc, i256 %zext_ln1669_2, void %for.body.i24.split_ifconv"   --->   Operation 72 'phi' 'empty_17' <Predicate = true> <Delay = 0.00>
ST_6 : Operation 73 [1/1] (0.00ns)   --->   "%i_3 = phi i9 0, void %for.inc, i9 %i_8, void %for.body.i24.split_ifconv"   --->   Operation 73 'phi' 'i_3' <Predicate = true> <Delay = 0.00>
ST_6 : Operation 74 [1/1] (0.00ns)   --->   "%t_V_12 = phi i257 %zext_ln186, void %for.inc, i257 %t_V_10, void %for.body.i24.split_ifconv"   --->   Operation 74 'phi' 't_V_12' <Predicate = true> <Delay = 0.00>
ST_6 : Operation 75 [1/1] (0.00ns)   --->   "%m_V_20 = phi i257 0, void %for.inc, i257 %m_V_18, void %for.body.i24.split_ifconv"   --->   Operation 75 'phi' 'm_V_20' <Predicate = true> <Delay = 0.00>
ST_6 : Operation 76 [1/1] (1.66ns)   --->   "%icmp_ln13_1 = icmp_eq  i9 %i_3, i9 256" [rsa.cpp:13]   --->   Operation 76 'icmp' 'icmp_ln13_1' <Predicate = true> <Delay = 1.66> <CoreInst = "Cmp">   --->   Core 9 'Cmp' <Latency = 0> <II = 1> <Delay = 1.66> <FuncUnit> <Opcode : 'icmp'> <InPorts = 2> <OutPorts = 1>
ST_6 : Operation 77 [1/1] (0.00ns)   --->   "%empty_18 = speclooptripcount i32 @_ssdm_op_SpecLoopTripCount, i64 256, i64 256, i64 256"   --->   Operation 77 'speclooptripcount' 'empty_18' <Predicate = true> <Delay = 0.00>
ST_6 : Operation 78 [1/1] (1.82ns)   --->   "%i_8 = add i9 %i_3, i9 1" [rsa.cpp:13]   --->   Operation 78 'add' 'i_8' <Predicate = true> <Delay = 1.82> <CoreInst = "Adder">   --->   Core 1 'Adder' <Latency = 0> <II = 1> <Delay = 1.82> <FuncUnit> <Opcode : 'add' 'sub'> <InPorts = 2> <OutPorts = 1>
ST_6 : Operation 79 [1/1] (0.00ns)   --->   "%br_ln13 = br i1 %icmp_ln13_1, void %for.body.i24.split_ifconv, void %_Z11mod_product7ap_uintILi256EES0_S0_.exit50" [rsa.cpp:13]   --->   Operation 79 'br' 'br_ln13' <Predicate = true> <Delay = 0.00>
ST_6 : Operation 80 [1/1] (0.00ns)   --->   "%trunc_ln1497_2 = trunc i256 %empty_17"   --->   Operation 80 'trunc' 'trunc_ln1497_2' <Predicate = (!icmp_ln13_1)> <Delay = 0.00>
ST_6 : Operation 81 [1/1] (0.00ns)   --->   "%zext_ln186_3 = zext i257 %t_V_12"   --->   Operation 81 'zext' 'zext_ln186_3' <Predicate = (!icmp_ln13_1)> <Delay = 0.00>
ST_6 : Operation 82 [1/1] (0.00ns)   --->   "%zext_ln186_4 = zext i257 %m_V_20"   --->   Operation 82 'zext' 'zext_ln186_4' <Predicate = (!icmp_ln13_1)> <Delay = 0.00>
ST_6 : Operation 83 [2/2] (3.44ns)   --->   "%ret_V_2 = add i258 %zext_ln186_4, i258 %zext_ln186_3"   --->   Operation 83 'add' 'ret_V_2' <Predicate = (!icmp_ln13_1)> <Delay = 3.44> <CoreInst = "Adder">   --->   Core 1 'Adder' <Latency = 1> <II = 1> <Delay = 3.44> <FuncUnit> <Opcode : 'add' 'sub'> <InPorts = 2> <OutPorts = 1>
ST_6 : Operation 84 [2/2] (3.44ns)   --->   "%m_V_15 = add i257 %m_V_20, i257 %t_V_12"   --->   Operation 84 'add' 'm_V_15' <Predicate = (!icmp_ln13_1)> <Delay = 3.44> <CoreInst = "Adder">   --->   Core 1 'Adder' <Latency = 1> <II = 1> <Delay = 3.44> <FuncUnit> <Opcode : 'add' 'sub'> <InPorts = 2> <OutPorts = 1>
ST_6 : Operation 85 [1/1] (0.00ns)   --->   "%ret_V_3 = bitconcatenate i258 @_ssdm_op_BitConcatenate.i258.i257.i1, i257 %t_V_12, i1 0"   --->   Operation 85 'bitconcatenate' 'ret_V_3' <Predicate = (!icmp_ln13_1)> <Delay = 0.00>
ST_6 : Operation 86 [1/1] (4.71ns)   --->   "%icmp_ln1035_1 = icmp_ugt  i258 %ret_V_3, i258 %conv_i167_i15"   --->   Operation 86 'icmp' 'icmp_ln1035_1' <Predicate = (!icmp_ln13_1)> <Delay = 4.71> <CoreInst = "Cmp">   --->   Core 9 'Cmp' <Latency = 0> <II = 1> <Delay = 4.71> <FuncUnit> <Opcode : 'icmp'> <InPorts = 2> <OutPorts = 1>
ST_6 : Operation 87 [1/1] (0.00ns)   --->   "%t_V_9 = shl i257 %t_V_12, i257 1"   --->   Operation 87 'shl' 't_V_9' <Predicate = (!icmp_ln13_1)> <Delay = 0.00>
ST_6 : Operation 88 [2/2] (3.44ns)   --->   "%t_V_8 = sub i257 %t_V_9, i257 %zext_ln1496"   --->   Operation 88 'sub' 't_V_8' <Predicate = (!icmp_ln13_1)> <Delay = 3.44> <CoreInst = "Adder">   --->   Core 1 'Adder' <Latency = 1> <II = 1> <Delay = 3.44> <FuncUnit> <Opcode : 'add' 'sub'> <InPorts = 2> <OutPorts = 1>
ST_6 : Operation 89 [1/1] (0.00ns)   --->   "%r_V_2 = partselect i255 @_ssdm_op_PartSelect.i255.i256.i32.i32, i256 %empty_17, i32 1, i32 255"   --->   Operation 89 'partselect' 'r_V_2' <Predicate = (!icmp_ln13_1)> <Delay = 0.00>
ST_6 : Operation 90 [1/1] (0.00ns)   --->   "%zext_ln1669_2 = zext i255 %r_V_2"   --->   Operation 90 'zext' 'zext_ln1669_2' <Predicate = (!icmp_ln13_1)> <Delay = 0.00>
ST_6 : Operation 91 [1/1] (0.00ns)   --->   "%shr_i3_load_1 = load i256 %shr_i3"   --->   Operation 91 'load' 'shr_i3_load_1' <Predicate = (icmp_ln13_1)> <Delay = 0.00>
ST_6 : Operation 92 [1/1] (0.00ns)   --->   "%trunc_ln186_1 = trunc i257 %m_V_20"   --->   Operation 92 'trunc' 'trunc_ln186_1' <Predicate = (icmp_ln13_1)> <Delay = 0.00>
ST_6 : Operation 93 [1/1] (0.00ns)   --->   "%r_V = partselect i255 @_ssdm_op_PartSelect.i255.i256.i32.i32, i256 %shr_i3_load_1, i32 1, i32 255"   --->   Operation 93 'partselect' 'r_V' <Predicate = (icmp_ln13_1)> <Delay = 0.00>
ST_6 : Operation 94 [1/1] (0.00ns)   --->   "%zext_ln1669_1 = zext i255 %r_V"   --->   Operation 94 'zext' 'zext_ln1669_1' <Predicate = (icmp_ln13_1)> <Delay = 0.00>
ST_6 : Operation 95 [1/1] (1.58ns)   --->   "%store_ln41 = store i256 %trunc_ln186_1, i256 %t_V_1" [rsa.cpp:41]   --->   Operation 95 'store' 'store_ln41' <Predicate = (icmp_ln13_1)> <Delay = 1.58>
ST_6 : Operation 96 [1/1] (1.58ns)   --->   "%store_ln41 = store i256 %zext_ln1669_1, i256 %shr_i3" [rsa.cpp:41]   --->   Operation 96 'store' 'store_ln41' <Predicate = (icmp_ln13_1)> <Delay = 1.58>
ST_6 : Operation 97 [1/1] (1.58ns)   --->   "%store_ln41 = store i9 %i_7, i9 %i" [rsa.cpp:41]   --->   Operation 97 'store' 'store_ln41' <Predicate = (icmp_ln13_1)> <Delay = 1.58>
ST_6 : Operation 98 [1/1] (0.00ns)   --->   "%br_ln41 = br void %for.body" [rsa.cpp:41]   --->   Operation 98 'br' 'br_ln41' <Predicate = (icmp_ln13_1)> <Delay = 0.00>

State 7 <SV = 4> <Delay = 6.88>
ST_7 : Operation 99 [1/2] (3.44ns)   --->   "%ret_V_2 = add i258 %zext_ln186_4, i258 %zext_ln186_3"   --->   Operation 99 'add' 'ret_V_2' <Predicate = true> <Delay = 3.44> <CoreInst = "Adder">   --->   Core 1 'Adder' <Latency = 1> <II = 1> <Delay = 3.44> <FuncUnit> <Opcode : 'add' 'sub'> <InPorts = 2> <OutPorts = 1>
ST_7 : Operation 100 [1/2] (3.44ns)   --->   "%m_V_15 = add i257 %m_V_20, i257 %t_V_12"   --->   Operation 100 'add' 'm_V_15' <Predicate = true> <Delay = 3.44> <CoreInst = "Adder">   --->   Core 1 'Adder' <Latency = 1> <II = 1> <Delay = 3.44> <FuncUnit> <Opcode : 'add' 'sub'> <InPorts = 2> <OutPorts = 1>
ST_7 : Operation 101 [2/2] (3.44ns)   --->   "%m_V_16 = sub i257 %m_V_15, i257 %zext_ln1496"   --->   Operation 101 'sub' 'm_V_16' <Predicate = (trunc_ln1497_2)> <Delay = 3.44> <CoreInst = "Adder">   --->   Core 1 'Adder' <Latency = 1> <II = 1> <Delay = 3.44> <FuncUnit> <Opcode : 'add' 'sub'> <InPorts = 2> <OutPorts = 1>
ST_7 : Operation 102 [1/2] (3.44ns)   --->   "%t_V_8 = sub i257 %t_V_9, i257 %zext_ln1496"   --->   Operation 102 'sub' 't_V_8' <Predicate = true> <Delay = 3.44> <CoreInst = "Adder">   --->   Core 1 'Adder' <Latency = 1> <II = 1> <Delay = 3.44> <FuncUnit> <Opcode : 'add' 'sub'> <InPorts = 2> <OutPorts = 1>
ST_7 : Operation 103 [1/1] (1.55ns)   --->   "%t_V_10 = select i1 %icmp_ln1035_1, i257 %t_V_8, i257 %t_V_9" [rsa.cpp:26]   --->   Operation 103 'select' 't_V_10' <Predicate = true> <Delay = 1.55> <CoreInst = "Sel">   --->   Core 73 'Sel' <Latency = 0> <II = 1> <Delay = 1.55> <FuncUnit> <Opcode : 'select'> <InPorts = 3> <OutPorts = 1>

State 8 <SV = 5> <Delay = 6.26>
ST_8 : Operation 104 [1/1] (0.00ns)   --->   "%specloopname_ln1633 = specloopname void @_ssdm_op_SpecLoopName, void @empty_7"   --->   Operation 104 'specloopname' 'specloopname_ln1633' <Predicate = true> <Delay = 0.00>
ST_8 : Operation 105 [1/1] (4.71ns)   --->   "%icmp_ln1031_1 = icmp_ult  i258 %ret_V_2, i258 %conv_i167_i15"   --->   Operation 105 'icmp' 'icmp_ln1031_1' <Predicate = (trunc_ln1497_2)> <Delay = 4.71> <CoreInst = "Cmp">   --->   Core 9 'Cmp' <Latency = 0> <II = 1> <Delay = 4.71> <FuncUnit> <Opcode : 'icmp'> <InPorts = 2> <OutPorts = 1>
ST_8 : Operation 106 [1/2] (3.44ns)   --->   "%m_V_16 = sub i257 %m_V_15, i257 %zext_ln1496"   --->   Operation 106 'sub' 'm_V_16' <Predicate = (trunc_ln1497_2)> <Delay = 3.44> <CoreInst = "Adder">   --->   Core 1 'Adder' <Latency = 1> <II = 1> <Delay = 3.44> <FuncUnit> <Opcode : 'add' 'sub'> <InPorts = 2> <OutPorts = 1>
ST_8 : Operation 107 [1/1] (0.00ns) (grouped into LUT with out node m_V_18)   --->   "%and_ln1031_1 = and i1 %trunc_ln1497_2, i1 %icmp_ln1031_1"   --->   Operation 107 'and' 'and_ln1031_1' <Predicate = (trunc_ln1497_2)> <Delay = 0.00> <CoreInst = "LogicGate">   --->   Core 74 'LogicGate' <Latency = 0> <II = 1> <Delay = 0.97> <FuncUnit> <Opcode : 'and' 'or' 'xor'> <InPorts = 2> <OutPorts = 1>
ST_8 : Operation 108 [1/1] (0.00ns) (grouped into LUT with out node m_V_18)   --->   "%m_V_17 = select i1 %and_ln1031_1, i257 %m_V_15, i257 %m_V_16"   --->   Operation 108 'select' 'm_V_17' <Predicate = (trunc_ln1497_2)> <Delay = 0.00> <CoreInst = "Sel">   --->   Core 73 'Sel' <Latency = 0> <II = 1> <Delay = 1.55> <FuncUnit> <Opcode : 'select'> <InPorts = 3> <OutPorts = 1>
ST_8 : Operation 109 [1/1] (1.55ns) (out node of the LUT)   --->   "%m_V_18 = select i1 %trunc_ln1497_2, i257 %m_V_17, i257 %m_V_20"   --->   Operation 109 'select' 'm_V_18' <Predicate = true> <Delay = 1.55> <CoreInst = "Sel">   --->   Core 73 'Sel' <Latency = 0> <II = 1> <Delay = 1.55> <FuncUnit> <Opcode : 'select'> <InPorts = 3> <OutPorts = 1>
ST_8 : Operation 110 [1/1] (0.00ns)   --->   "%br_ln13 = br void %for.body.i24" [rsa.cpp:13]   --->   Operation 110 'br' 'br_ln13' <Predicate = true> <Delay = 0.00>


============================================================
+ Verbose Summary: Binding
============================================================
STG Binding: 
---------------- STG Properties BEGIN ----------------
- Is combinational: 0
- Is one-state seq: 0
- Is datapath-only: 0
- Is pipelined: 0
- Is top level: 0
Port [ Return ] is wired: 1; IO mode=ap_ctrl_hs:ce=0
Port [ y]:  wired=1; compound=0; hidden=0; nouse=0; global=0; static=0; extern=0; dir=0; type=0; pingpong=0; private_global=0; IO mode=ap_none:ce=0
Port [ d]:  wired=1; compound=0; hidden=0; nouse=0; global=0; static=0; extern=0; dir=0; type=0; pingpong=0; private_global=0; IO mode=ap_none:ce=0
Port [ N]:  wired=1; compound=0; hidden=0; nouse=0; global=0; static=0; extern=0; dir=0; type=0; pingpong=0; private_global=0; IO mode=ap_none:ce=0
---------------- STG Properties END ------------------

---------------- Datapath Model BEGIN ----------------

<LifeTime>
<method=bitvector/>
i                   (alloca           ) [ 011111111]
shr_i3              (alloca           ) [ 011111111]
m_V_1               (alloca           ) [ 011111111]
t_V_1               (alloca           ) [ 011111111]
N_read              (read             ) [ 000000000]
d_read              (read             ) [ 000000000]
y_read              (read             ) [ 000000000]
conv_i167_i15       (zext             ) [ 001111111]
zext_ln1496         (zext             ) [ 001111111]
store_ln41          (store            ) [ 000000000]
store_ln41          (store            ) [ 000000000]
store_ln41          (store            ) [ 000000000]
store_ln41          (store            ) [ 000000000]
br_ln41             (br               ) [ 000000000]
i_4                 (load             ) [ 000000000]
a_V                 (load             ) [ 001111111]
b_V                 (load             ) [ 000111111]
icmp_ln41           (icmp             ) [ 001111111]
empty               (speclooptripcount) [ 000000000]
i_7                 (add              ) [ 000111111]
br_ln41             (br               ) [ 000000000]
shr_i3_load         (load             ) [ 000000000]
specloopname_ln1633 (specloopname     ) [ 000000000]
trunc_ln1497        (trunc            ) [ 001111111]
zext_ln186          (zext             ) [ 001111111]
br_ln43             (br               ) [ 000000000]
br_ln13             (br               ) [ 001111111]
ret_ln51            (ret              ) [ 000000000]
empty_15            (phi              ) [ 000100000]
i_1                 (phi              ) [ 000100000]
t_V_11              (phi              ) [ 000110000]
m_V_19              (phi              ) [ 000111000]
icmp_ln13           (icmp             ) [ 001111111]
empty_16            (speclooptripcount) [ 000000000]
i_6                 (add              ) [ 001111111]
br_ln13             (br               ) [ 000000000]
trunc_ln1497_1      (trunc            ) [ 000011000]
zext_ln186_1        (zext             ) [ 000010000]
zext_ln186_2        (zext             ) [ 000010000]
ret_V_1             (bitconcatenate   ) [ 000000000]
icmp_ln1035         (icmp             ) [ 000010000]
t_V_4               (shl              ) [ 000010000]
r_V_1               (partselect       ) [ 000000000]
zext_ln1669         (zext             ) [ 001111111]
trunc_ln186         (trunc            ) [ 000000000]
store_ln45          (store            ) [ 000000000]
br_ln45             (br               ) [ 000000000]
br_ln13             (br               ) [ 001111111]
ret_V               (add              ) [ 000001000]
m_V                 (add              ) [ 000001000]
t_V                 (sub              ) [ 000000000]
t_V_5               (select           ) [ 001101111]
specloopname_ln1633 (specloopname     ) [ 000000000]
icmp_ln1031         (icmp             ) [ 000000000]
m_V_11              (sub              ) [ 000000000]
and_ln1031          (and              ) [ 000000000]
m_V_13              (select           ) [ 000000000]
m_V_14              (select           ) [ 001111111]
br_ln13             (br               ) [ 001111111]
empty_17            (phi              ) [ 000000100]
i_3                 (phi              ) [ 000000100]
t_V_12              (phi              ) [ 000000110]
m_V_20              (phi              ) [ 000000111]
icmp_ln13_1         (icmp             ) [ 001111111]
empty_18            (speclooptripcount) [ 000000000]
i_8                 (add              ) [ 001111111]
br_ln13             (br               ) [ 000000000]
trunc_ln1497_2      (trunc            ) [ 000000011]
zext_ln186_3        (zext             ) [ 000000010]
zext_ln186_4        (zext             ) [ 000000010]
ret_V_3             (bitconcatenate   ) [ 000000000]
icmp_ln1035_1       (icmp             ) [ 000000010]
t_V_9               (shl              ) [ 000000010]
r_V_2               (partselect       ) [ 000000000]
zext_ln1669_2       (zext             ) [ 001111111]
shr_i3_load_1       (load             ) [ 000000000]
trunc_ln186_1       (trunc            ) [ 000000000]
r_V                 (partselect       ) [ 000000000]
zext_ln1669_1       (zext             ) [ 000000000]
store_ln41          (store            ) [ 000000000]
store_ln41          (store            ) [ 000000000]
store_ln41          (store            ) [ 000000000]
br_ln41             (br               ) [ 000000000]
ret_V_2             (add              ) [ 000000001]
m_V_15              (add              ) [ 000000001]
t_V_8               (sub              ) [ 000000000]
t_V_10              (select           ) [ 001111101]
specloopname_ln1633 (specloopname     ) [ 000000000]
icmp_ln1031_1       (icmp             ) [ 000000000]
m_V_16              (sub              ) [ 000000000]
and_ln1031_1        (and              ) [ 000000000]
m_V_17              (select           ) [ 000000000]
m_V_18              (select           ) [ 001111111]
br_ln13             (br               ) [ 001111111]
</LifeTime>

<model>

<comp_list>
<comp id="0" class="1000" name="y">
<pin_list>
<pin id="1" dir="1" index="0" bw="1" slack="0"/>
</pin_list>
<bind>
<StgValue><ssdm name="y"/></StgValue>
</bind>
</comp>

<comp id="2" class="1000" name="d">
<pin_list>
<pin id="3" dir="1" index="0" bw="1" slack="0"/>
</pin_list>
<bind>
<StgValue><ssdm name="d"/></StgValue>
</bind>
</comp>

<comp id="4" class="1000" name="N">
<pin_list>
<pin id="5" dir="1" index="0" bw="1" slack="0"/>
</pin_list>
<bind>
<StgValue><ssdm name="N"/></StgValue>
</bind>
</comp>

<comp id="6" class="1001" name="const_6">
<pin_list>
<pin id="7" dir="1" index="0" bw="1" slack="0"/>
</pin_list>
<bind>
<StgValue><ssdm name=""/></StgValue>
</bind>
</comp>

<comp id="8" class="1001" name="const_8">
<pin_list>
<pin id="9" dir="1" index="0" bw="1" slack="0"/>
</pin_list>
<bind>
<StgValue><ssdm name="_ssdm_op_Read.ap_auto.i256"/></StgValue>
</bind>
</comp>

<comp id="10" class="1001" name="const_10">
<pin_list>
<pin id="11" dir="1" index="0" bw="1" slack="0"/>
</pin_list>
<bind>
<StgValue><ssdm name=""/></StgValue>
</bind>
</comp>

<comp id="12" class="1001" name="const_12">
<pin_list>
<pin id="13" dir="1" index="0" bw="1" slack="0"/>
</pin_list>
<bind>
<StgValue><ssdm name=""/></StgValue>
</bind>
</comp>

<comp id="14" class="1001" name="const_14">
<pin_list>
<pin id="15" dir="1" index="0" bw="1" slack="0"/>
</pin_list>
<bind>
<StgValue><ssdm name=""/></StgValue>
</bind>
</comp>

<comp id="16" class="1001" name="const_16">
<pin_list>
<pin id="17" dir="1" index="0" bw="1" slack="2147483647"/>
</pin_list>
<bind>
<StgValue><ssdm name="_ssdm_op_SpecLoopTripCount"/></StgValue>
</bind>
</comp>

<comp id="18" class="1001" name="const_18">
<pin_list>
<pin id="19" dir="1" index="0" bw="1" slack="2147483647"/>
</pin_list>
<bind>
<StgValue><ssdm name=""/></StgValue>
</bind>
</comp>

<comp id="20" class="1001" name="const_20">
<pin_list>
<pin id="21" dir="1" index="0" bw="1" slack="0"/>
</pin_list>
<bind>
<StgValue><ssdm name=""/></StgValue>
</bind>
</comp>

<comp id="22" class="1001" name="const_22">
<pin_list>
<pin id="23" dir="1" index="0" bw="1" slack="2147483647"/>
</pin_list>
<bind>
<StgValue><ssdm name="_ssdm_op_SpecLoopName"/></StgValue>
</bind>
</comp>

<comp id="24" class="1001" name="const_24">
<pin_list>
<pin id="25" dir="1" index="0" bw="1" slack="2147483647"/>
</pin_list>
<bind>
<StgValue><ssdm name="empty_8"/></StgValue>
</bind>
</comp>

<comp id="26" class="1001" name="const_26">
<pin_list>
<pin id="27" dir="1" index="0" bw="1" slack="1"/>
</pin_list>
<bind>
<StgValue><ssdm name=""/></StgValue>
</bind>
</comp>

<comp id="28" class="1001" name="const_28">
<pin_list>
<pin id="29" dir="1" index="0" bw="1" slack="0"/>
</pin_list>
<bind>
<StgValue><ssdm name="_ssdm_op_BitConcatenate.i258.i257.i1"/></StgValue>
</bind>
</comp>

<comp id="30" class="1001" name="const_30">
<pin_list>
<pin id="31" dir="1" index="0" bw="1" slack="0"/>
</pin_list>
<bind>
<StgValue><ssdm name=""/></StgValue>
</bind>
</comp>

<comp id="32" class="1001" name="const_32">
<pin_list>
<pin id="33" dir="1" index="0" bw="1" slack="0"/>
</pin_list>
<bind>
<StgValue><ssdm name=""/></StgValue>
</bind>
</comp>

<comp id="34" class="1001" name="const_34">
<pin_list>
<pin id="35" dir="1" index="0" bw="1" slack="0"/>
</pin_list>
<bind>
<StgValue><ssdm name="_ssdm_op_PartSelect.i255.i256.i32.i32"/></StgValue>
</bind>
</comp>

<comp id="36" class="1001" name="const_36">
<pin_list>
<pin id="37" dir="1" index="0" bw="1" slack="0"/>
</pin_list>
<bind>
<StgValue><ssdm name=""/></StgValue>
</bind>
</comp>

<comp id="38" class="1001" name="const_38">
<pin_list>
<pin id="39" dir="1" index="0" bw="1" slack="2147483647"/>
</pin_list>
<bind>
<StgValue><ssdm name="empty_7"/></StgValue>
</bind>
</comp>

<comp id="40" class="1004" name="i_fu_40">
<pin_list>
<pin id="41" dir="0" index="0" bw="1" slack="0"/>
<pin id="42" dir="1" index="1" bw="9" slack="0"/>
</pin_list>
<bind>
<opcode="alloca(26) " fcode="alloca"/>
<opset="i/1 "/>
</bind>
</comp>

<comp id="44" class="1004" name="shr_i3_fu_44">
<pin_list>
<pin id="45" dir="0" index="0" bw="1" slack="0"/>
<pin id="46" dir="1" index="1" bw="256" slack="0"/>
</pin_list>
<bind>
<opcode="alloca(26) " fcode="alloca"/>
<opset="shr_i3/1 "/>
</bind>
</comp>

<comp id="48" class="1004" name="m_V_1_fu_48">
<pin_list>
<pin id="49" dir="0" index="0" bw="1" slack="0"/>
<pin id="50" dir="1" index="1" bw="256" slack="0"/>
</pin_list>
<bind>
<opcode="alloca(26) " fcode="alloca"/>
<opset="m_V_1/1 "/>
</bind>
</comp>

<comp id="52" class="1004" name="t_V_1_fu_52">
<pin_list>
<pin id="53" dir="0" index="0" bw="1" slack="0"/>
<pin id="54" dir="1" index="1" bw="256" slack="0"/>
</pin_list>
<bind>
<opcode="alloca(26) " fcode="alloca"/>
<opset="t_V_1/1 "/>
</bind>
</comp>

<comp id="56" class="1004" name="N_read_read_fu_56">
<pin_list>
<pin id="57" dir="0" index="0" bw="256" slack="0"/>
<pin id="58" dir="0" index="1" bw="256" slack="0"/>
<pin id="59" dir="1" index="2" bw="256" slack="0"/>
</pin_list>
<bind>
<opcode="read(1150) " fcode="read"/>
<opset="N_read/1 "/>
</bind>
</comp>

<comp id="62" class="1004" name="d_read_read_fu_62">
<pin_list>
<pin id="63" dir="0" index="0" bw="256" slack="0"/>
<pin id="64" dir="0" index="1" bw="256" slack="0"/>
<pin id="65" dir="1" index="2" bw="256" slack="0"/>
</pin_list>
<bind>
<opcode="read(1150) " fcode="read"/>
<opset="d_read/1 "/>
</bind>
</comp>

<comp id="68" class="1004" name="y_read_read_fu_68">
<pin_list>
<pin id="69" dir="0" index="0" bw="256" slack="0"/>
<pin id="70" dir="0" index="1" bw="256" slack="0"/>
<pin id="71" dir="1" index="2" bw="256" slack="0"/>
</pin_list>
<bind>
<opcode="read(1150) " fcode="read"/>
<opset="y_read/1 "/>
</bind>
</comp>

<comp id="74" class="1005" name="empty_15_reg_74">
<pin_list>
<pin id="75" dir="0" index="0" bw="256" slack="2147483647"/>
<pin id="76" dir="1" index="1" bw="256" slack="2147483647"/>
</pin_list>
<bind>
<opset="empty_15 (phireg) "/>
</bind>
</comp>

<comp id="77" class="1004" name="empty_15_phi_fu_77">
<pin_list>
<pin id="78" dir="0" index="0" bw="255" slack="0"/>
<pin id="79" dir="0" index="1" bw="0" slack="2147483647"/>
<pin id="80" dir="0" index="2" bw="256" slack="2147483647"/>
<pin id="81" dir="0" index="3" bw="0" slack="2147483647"/>
<pin id="82" dir="1" index="4" bw="256" slack="0"/>
</pin_list>
<bind>
<opcode="phi(47) " fcode="phi"/>
<opset="empty_15/3 "/>
</bind>
</comp>

<comp id="83" class="1005" name="i_1_reg_83">
<pin_list>
<pin id="84" dir="0" index="0" bw="9" slack="1"/>
<pin id="85" dir="1" index="1" bw="9" slack="1"/>
</pin_list>
<bind>
<opset="i_1 (phireg) "/>
</bind>
</comp>

<comp id="87" class="1004" name="i_1_phi_fu_87">
<pin_list>
<pin id="88" dir="0" index="0" bw="9" slack="0"/>
<pin id="89" dir="0" index="1" bw="0" slack="2147483647"/>
<pin id="90" dir="0" index="2" bw="1" slack="1"/>
<pin id="91" dir="0" index="3" bw="0" slack="2147483647"/>
<pin id="92" dir="1" index="4" bw="9" slack="0"/>
</pin_list>
<bind>
<opcode="phi(47) " fcode="phi"/>
<opset="i_1/3 "/>
</bind>
</comp>

<comp id="94" class="1005" name="t_V_11_reg_94">
<pin_list>
<pin id="95" dir="0" index="0" bw="257" slack="1"/>
<pin id="96" dir="1" index="1" bw="257" slack="2147483647"/>
</pin_list>
<bind>
<opset="t_V_11 (phireg) "/>
</bind>
</comp>

<comp id="97" class="1004" name="t_V_11_phi_fu_97">
<pin_list>
<pin id="98" dir="0" index="0" bw="257" slack="1"/>
<pin id="99" dir="0" index="1" bw="0" slack="2147483647"/>
<pin id="100" dir="0" index="2" bw="256" slack="1"/>
<pin id="101" dir="0" index="3" bw="0" slack="2147483647"/>
<pin id="102" dir="1" index="4" bw="257" slack="0"/>
</pin_list>
<bind>
<opcode="phi(47) " fcode="phi"/>
<opset="t_V_11/3 "/>
</bind>
</comp>

<comp id="104" class="1005" name="m_V_19_reg_104">
<pin_list>
<pin id="105" dir="0" index="0" bw="257" slack="1"/>
<pin id="106" dir="1" index="1" bw="257" slack="1"/>
</pin_list>
<bind>
<opset="m_V_19 (phireg) "/>
</bind>
</comp>

<comp id="108" class="1004" name="m_V_19_phi_fu_108">
<pin_list>
<pin id="109" dir="0" index="0" bw="257" slack="1"/>
<pin id="110" dir="0" index="1" bw="0" slack="2147483647"/>
<pin id="111" dir="0" index="2" bw="1" slack="1"/>
<pin id="112" dir="0" index="3" bw="0" slack="2147483647"/>
<pin id="113" dir="1" index="4" bw="257" slack="0"/>
</pin_list>
<bind>
<opcode="phi(47) " fcode="phi"/>
<opset="m_V_19/3 "/>
</bind>
</comp>

<comp id="116" class="1005" name="empty_17_reg_116">
<pin_list>
<pin id="117" dir="0" index="0" bw="256" slack="2147483647"/>
<pin id="118" dir="1" index="1" bw="256" slack="2147483647"/>
</pin_list>
<bind>
<opset="empty_17 (phireg) "/>
</bind>
</comp>

<comp id="119" class="1004" name="empty_17_phi_fu_119">
<pin_list>
<pin id="120" dir="0" index="0" bw="256" slack="2147483647"/>
<pin id="121" dir="0" index="1" bw="0" slack="2147483647"/>
<pin id="122" dir="0" index="2" bw="255" slack="0"/>
<pin id="123" dir="0" index="3" bw="0" slack="2147483647"/>
<pin id="124" dir="1" index="4" bw="256" slack="0"/>
</pin_list>
<bind>
<opcode="phi(47) " fcode="phi"/>
<opset="empty_17/6 "/>
</bind>
</comp>

<comp id="125" class="1005" name="i_3_reg_125">
<pin_list>
<pin id="126" dir="0" index="0" bw="9" slack="1"/>
<pin id="127" dir="1" index="1" bw="9" slack="1"/>
</pin_list>
<bind>
<opset="i_3 (phireg) "/>
</bind>
</comp>

<comp id="129" class="1004" name="i_3_phi_fu_129">
<pin_list>
<pin id="130" dir="0" index="0" bw="1" slack="1"/>
<pin id="131" dir="0" index="1" bw="0" slack="2147483647"/>
<pin id="132" dir="0" index="2" bw="9" slack="0"/>
<pin id="133" dir="0" index="3" bw="0" slack="2147483647"/>
<pin id="134" dir="1" index="4" bw="9" slack="0"/>
</pin_list>
<bind>
<opcode="phi(47) " fcode="phi"/>
<opset="i_3/6 "/>
</bind>
</comp>

<comp id="136" class="1005" name="t_V_12_reg_136">
<pin_list>
<pin id="137" dir="0" index="0" bw="257" slack="1"/>
<pin id="138" dir="1" index="1" bw="257" slack="2147483647"/>
</pin_list>
<bind>
<opset="t_V_12 (phireg) "/>
</bind>
</comp>

<comp id="139" class="1004" name="t_V_12_phi_fu_139">
<pin_list>
<pin id="140" dir="0" index="0" bw="256" slack="2"/>
<pin id="141" dir="0" index="1" bw="0" slack="2147483647"/>
<pin id="142" dir="0" index="2" bw="257" slack="1"/>
<pin id="143" dir="0" index="3" bw="0" slack="2147483647"/>
<pin id="144" dir="1" index="4" bw="257" slack="0"/>
</pin_list>
<bind>
<opcode="phi(47) " fcode="phi"/>
<opset="t_V_12/6 "/>
</bind>
</comp>

<comp id="146" class="1005" name="m_V_20_reg_146">
<pin_list>
<pin id="147" dir="0" index="0" bw="257" slack="1"/>
<pin id="148" dir="1" index="1" bw="257" slack="1"/>
</pin_list>
<bind>
<opset="m_V_20 (phireg) "/>
</bind>
</comp>

<comp id="150" class="1004" name="m_V_20_phi_fu_150">
<pin_list>
<pin id="151" dir="0" index="0" bw="1" slack="1"/>
<pin id="152" dir="0" index="1" bw="0" slack="2147483647"/>
<pin id="153" dir="0" index="2" bw="257" slack="1"/>
<pin id="154" dir="0" index="3" bw="0" slack="2147483647"/>
<pin id="155" dir="1" index="4" bw="257" slack="0"/>
</pin_list>
<bind>
<opcode="phi(47) " fcode="phi"/>
<opset="m_V_20/6 "/>
</bind>
</comp>

<comp id="158" class="1004" name="grp_load_fu_158">
<pin_list>
<pin id="159" dir="0" index="0" bw="256" slack="1"/>
<pin id="160" dir="1" index="1" bw="256" slack="0"/>
</pin_list>
<bind>
<opcode="load(27) " fcode="load"/>
<opset="shr_i3_load/2 shr_i3_load_1/6 "/>
</bind>
</comp>

<comp id="161" class="1004" name="conv_i167_i15_fu_161">
<pin_list>
<pin id="162" dir="0" index="0" bw="256" slack="0"/>
<pin id="163" dir="1" index="1" bw="258" slack="2"/>
</pin_list>
<bind>
<opcode="zext(34) " fcode="zext"/>
<opset="conv_i167_i15/1 "/>
</bind>
</comp>

<comp id="165" class="1004" name="zext_ln1496_fu_165">
<pin_list>
<pin id="166" dir="0" index="0" bw="256" slack="0"/>
<pin id="167" dir="1" index="1" bw="257" slack="2"/>
</pin_list>
<bind>
<opcode="zext(34) " fcode="zext"/>
<opset="zext_ln1496/1 "/>
</bind>
</comp>

<comp id="169" class="1004" name="store_ln41_store_fu_169">
<pin_list>
<pin id="170" dir="0" index="0" bw="256" slack="0"/>
<pin id="171" dir="0" index="1" bw="256" slack="0"/>
<pin id="172" dir="1" index="2" bw="0" slack="2147483647"/>
</pin_list>
<bind>
<opcode="store(28) " fcode="store"/>
<opset="store_ln41/1 "/>
</bind>
</comp>

<comp id="174" class="1004" name="store_ln41_store_fu_174">
<pin_list>
<pin id="175" dir="0" index="0" bw="1" slack="0"/>
<pin id="176" dir="0" index="1" bw="256" slack="0"/>
<pin id="177" dir="1" index="2" bw="0" slack="2147483647"/>
</pin_list>
<bind>
<opcode="store(28) " fcode="store"/>
<opset="store_ln41/1 "/>
</bind>
</comp>

<comp id="179" class="1004" name="store_ln41_store_fu_179">
<pin_list>
<pin id="180" dir="0" index="0" bw="256" slack="0"/>
<pin id="181" dir="0" index="1" bw="256" slack="0"/>
<pin id="182" dir="1" index="2" bw="0" slack="2147483647"/>
</pin_list>
<bind>
<opcode="store(28) " fcode="store"/>
<opset="store_ln41/1 "/>
</bind>
</comp>

<comp id="184" class="1004" name="store_ln41_store_fu_184">
<pin_list>
<pin id="185" dir="0" index="0" bw="1" slack="0"/>
<pin id="186" dir="0" index="1" bw="9" slack="0"/>
<pin id="187" dir="1" index="2" bw="0" slack="2147483647"/>
</pin_list>
<bind>
<opcode="store(28) " fcode="store"/>
<opset="store_ln41/1 "/>
</bind>
</comp>

<comp id="189" class="1004" name="i_4_load_fu_189">
<pin_list>
<pin id="190" dir="0" index="0" bw="9" slack="1"/>
<pin id="191" dir="1" index="1" bw="9" slack="0"/>
</pin_list>
<bind>
<opcode="load(27) " fcode="load"/>
<opset="i_4/2 "/>
</bind>
</comp>

<comp id="192" class="1004" name="a_V_load_fu_192">
<pin_list>
<pin id="193" dir="0" index="0" bw="256" slack="1"/>
<pin id="194" dir="1" index="1" bw="256" slack="2147483647"/>
</pin_list>
<bind>
<opcode="load(27) " fcode="load"/>
<opset="a_V/2 "/>
</bind>
</comp>

<comp id="195" class="1004" name="b_V_load_fu_195">
<pin_list>
<pin id="196" dir="0" index="0" bw="256" slack="1"/>
<pin id="197" dir="1" index="1" bw="256" slack="0"/>
</pin_list>
<bind>
<opcode="load(27) " fcode="load"/>
<opset="b_V/2 "/>
</bind>
</comp>

<comp id="198" class="1004" name="icmp_ln41_fu_198">
<pin_list>
<pin id="199" dir="0" index="0" bw="9" slack="0"/>
<pin id="200" dir="0" index="1" bw="9" slack="0"/>
<pin id="201" dir="1" index="2" bw="1" slack="2147483647"/>
</pin_list>
<bind>
<opcode="icmp(45) " fcode="icmp"/>
<opset="icmp_ln41/2 "/>
</bind>
</comp>

<comp id="204" class="1004" name="i_7_fu_204">
<pin_list>
<pin id="205" dir="0" index="0" bw="9" slack="0"/>
<pin id="206" dir="0" index="1" bw="1" slack="0"/>
<pin id="207" dir="1" index="2" bw="9" slack="2"/>
</pin_list>
<bind>
<opcode="add(8) " fcode="add"/>
<opset="i_7/2 "/>
</bind>
</comp>

<comp id="210" class="1004" name="trunc_ln1497_fu_210">
<pin_list>
<pin id="211" dir="0" index="0" bw="256" slack="0"/>
<pin id="212" dir="1" index="1" bw="1" slack="1"/>
</pin_list>
<bind>
<opcode="trunc(33) " fcode="trunc"/>
<opset="trunc_ln1497/2 "/>
</bind>
</comp>

<comp id="214" class="1004" name="zext_ln186_fu_214">
<pin_list>
<pin id="215" dir="0" index="0" bw="256" slack="0"/>
<pin id="216" dir="1" index="1" bw="257" slack="1"/>
</pin_list>
<bind>
<opcode="zext(34) " fcode="zext"/>
<opset="zext_ln186/2 "/>
</bind>
</comp>

<comp id="218" class="1004" name="icmp_ln13_fu_218">
<pin_list>
<pin id="219" dir="0" index="0" bw="9" slack="0"/>
<pin id="220" dir="0" index="1" bw="9" slack="0"/>
<pin id="221" dir="1" index="2" bw="1" slack="2147483647"/>
</pin_list>
<bind>
<opcode="icmp(45) " fcode="icmp"/>
<opset="icmp_ln13/3 "/>
</bind>
</comp>

<comp id="224" class="1004" name="i_6_fu_224">
<pin_list>
<pin id="225" dir="0" index="0" bw="9" slack="0"/>
<pin id="226" dir="0" index="1" bw="1" slack="0"/>
<pin id="227" dir="1" index="2" bw="9" slack="0"/>
</pin_list>
<bind>
<opcode="add(8) " fcode="add"/>
<opset="i_6/3 "/>
</bind>
</comp>

<comp id="230" class="1004" name="trunc_ln1497_1_fu_230">
<pin_list>
<pin id="231" dir="0" index="0" bw="256" slack="0"/>
<pin id="232" dir="1" index="1" bw="1" slack="1"/>
</pin_list>
<bind>
<opcode="trunc(33) " fcode="trunc"/>
<opset="trunc_ln1497_1/3 "/>
</bind>
</comp>

<comp id="234" class="1004" name="zext_ln186_1_fu_234">
<pin_list>
<pin id="235" dir="0" index="0" bw="257" slack="0"/>
<pin id="236" dir="1" index="1" bw="258" slack="0"/>
</pin_list>
<bind>
<opcode="zext(34) " fcode="zext"/>
<opset="zext_ln186_1/3 "/>
</bind>
</comp>

<comp id="238" class="1004" name="zext_ln186_2_fu_238">
<pin_list>
<pin id="239" dir="0" index="0" bw="257" slack="0"/>
<pin id="240" dir="1" index="1" bw="258" slack="0"/>
</pin_list>
<bind>
<opcode="zext(34) " fcode="zext"/>
<opset="zext_ln186_2/3 "/>
</bind>
</comp>

<comp id="242" class="1004" name="grp_fu_242">
<pin_list>
<pin id="243" dir="0" index="0" bw="257" slack="0"/>
<pin id="244" dir="0" index="1" bw="257" slack="0"/>
<pin id="245" dir="1" index="2" bw="258" slack="1"/>
</pin_list>
<bind>
<opcode="add(8) " fcode="add"/>
<opset="ret_V/3 "/>
</bind>
</comp>

<comp id="248" class="1004" name="grp_fu_248">
<pin_list>
<pin id="249" dir="0" index="0" bw="257" slack="0"/>
<pin id="250" dir="0" index="1" bw="257" slack="0"/>
<pin id="251" dir="1" index="2" bw="257" slack="0"/>
</pin_list>
<bind>
<opcode="add(8) " fcode="add"/>
<opset="m_V/3 "/>
</bind>
</comp>

<comp id="254" class="1004" name="ret_V_1_fu_254">
<pin_list>
<pin id="255" dir="0" index="0" bw="258" slack="0"/>
<pin id="256" dir="0" index="1" bw="257" slack="0"/>
<pin id="257" dir="0" index="2" bw="1" slack="0"/>
<pin id="258" dir="1" index="3" bw="258" slack="0"/>
</pin_list>
<bind>
<opcode="bitconcatenate(1004) " fcode="bitconcatenate"/>
<opset="ret_V_1/3 "/>
</bind>
</comp>

<comp id="262" class="1004" name="icmp_ln1035_fu_262">
<pin_list>
<pin id="263" dir="0" index="0" bw="258" slack="0"/>
<pin id="264" dir="0" index="1" bw="256" slack="2"/>
<pin id="265" dir="1" index="2" bw="1" slack="1"/>
</pin_list>
<bind>
<opcode="icmp(45) " fcode="icmp"/>
<opset="icmp_ln1035/3 "/>
</bind>
</comp>

<comp id="267" class="1004" name="t_V_4_fu_267">
<pin_list>
<pin id="268" dir="0" index="0" bw="257" slack="0"/>
<pin id="269" dir="0" index="1" bw="1" slack="0"/>
<pin id="270" dir="1" index="2" bw="257" slack="0"/>
</pin_list>
<bind>
<opcode="shl(20) " fcode="shl"/>
<opset="t_V_4/3 "/>
</bind>
</comp>

<comp id="273" class="1004" name="grp_fu_273">
<pin_list>
<pin id="274" dir="0" index="0" bw="257" slack="0"/>
<pin id="275" dir="0" index="1" bw="256" slack="2"/>
<pin id="276" dir="1" index="2" bw="257" slack="0"/>
</pin_list>
<bind>
<opcode="sub(10) " fcode="sub"/>
<opset="t_V/3 "/>
</bind>
</comp>

<comp id="278" class="1004" name="r_V_1_fu_278">
<pin_list>
<pin id="279" dir="0" index="0" bw="255" slack="0"/>
<pin id="280" dir="0" index="1" bw="256" slack="0"/>
<pin id="281" dir="0" index="2" bw="1" slack="0"/>
<pin id="282" dir="0" index="3" bw="9" slack="0"/>
<pin id="283" dir="1" index="4" bw="255" slack="0"/>
</pin_list>
<bind>
<opcode="partselect(1002) " fcode="partselect"/>
<opset="r_V_1/3 "/>
</bind>
</comp>

<comp id="288" class="1004" name="zext_ln1669_fu_288">
<pin_list>
<pin id="289" dir="0" index="0" bw="255" slack="0"/>
<pin id="290" dir="1" index="1" bw="256" slack="0"/>
</pin_list>
<bind>
<opcode="zext(34) " fcode="zext"/>
<opset="zext_ln1669/3 "/>
</bind>
</comp>

<comp id="292" class="1004" name="trunc_ln186_fu_292">
<pin_list>
<pin id="293" dir="0" index="0" bw="257" slack="0"/>
<pin id="294" dir="1" index="1" bw="256" slack="0"/>
</pin_list>
<bind>
<opcode="trunc(33) " fcode="trunc"/>
<opset="trunc_ln186/3 "/>
</bind>
</comp>

<comp id="296" class="1004" name="store_ln45_store_fu_296">
<pin_list>
<pin id="297" dir="0" index="0" bw="256" slack="0"/>
<pin id="298" dir="0" index="1" bw="256" slack="2"/>
<pin id="299" dir="1" index="2" bw="0" slack="2147483647"/>
</pin_list>
<bind>
<opcode="store(28) " fcode="store"/>
<opset="store_ln45/3 "/>
</bind>
</comp>

<comp id="301" class="1004" name="grp_fu_301">
<pin_list>
<pin id="302" dir="0" index="0" bw="257" slack="0"/>
<pin id="303" dir="0" index="1" bw="256" slack="3"/>
<pin id="304" dir="1" index="2" bw="257" slack="0"/>
</pin_list>
<bind>
<opcode="sub(10) " fcode="sub"/>
<opset="m_V_11/4 "/>
</bind>
</comp>

<comp id="306" class="1004" name="t_V_5_fu_306">
<pin_list>
<pin id="307" dir="0" index="0" bw="1" slack="1"/>
<pin id="308" dir="0" index="1" bw="257" slack="0"/>
<pin id="309" dir="0" index="2" bw="257" slack="1"/>
<pin id="310" dir="1" index="3" bw="257" slack="1"/>
</pin_list>
<bind>
<opcode="select(49) " fcode="select"/>
<opset="t_V_5/4 "/>
</bind>
</comp>

<comp id="312" class="1004" name="icmp_ln1031_fu_312">
<pin_list>
<pin id="313" dir="0" index="0" bw="258" slack="1"/>
<pin id="314" dir="0" index="1" bw="256" slack="4"/>
<pin id="315" dir="1" index="2" bw="1" slack="0"/>
</pin_list>
<bind>
<opcode="icmp(45) " fcode="icmp"/>
<opset="icmp_ln1031/5 "/>
</bind>
</comp>

<comp id="316" class="1004" name="and_ln1031_fu_316">
<pin_list>
<pin id="317" dir="0" index="0" bw="1" slack="2"/>
<pin id="318" dir="0" index="1" bw="1" slack="0"/>
<pin id="319" dir="1" index="2" bw="1" slack="0"/>
</pin_list>
<bind>
<opcode="and(23) " fcode="and"/>
<opset="and_ln1031/5 "/>
</bind>
</comp>

<comp id="321" class="1004" name="m_V_13_fu_321">
<pin_list>
<pin id="322" dir="0" index="0" bw="1" slack="0"/>
<pin id="323" dir="0" index="1" bw="257" slack="1"/>
<pin id="324" dir="0" index="2" bw="257" slack="0"/>
<pin id="325" dir="1" index="3" bw="257" slack="0"/>
</pin_list>
<bind>
<opcode="select(49) " fcode="select"/>
<opset="m_V_13/5 "/>
</bind>
</comp>

<comp id="328" class="1004" name="m_V_14_fu_328">
<pin_list>
<pin id="329" dir="0" index="0" bw="1" slack="2"/>
<pin id="330" dir="0" index="1" bw="257" slack="0"/>
<pin id="331" dir="0" index="2" bw="257" slack="2"/>
<pin id="332" dir="1" index="3" bw="257" slack="1"/>
</pin_list>
<bind>
<opcode="select(49) " fcode="select"/>
<opset="m_V_14/5 "/>
</bind>
</comp>

<comp id="335" class="1004" name="icmp_ln13_1_fu_335">
<pin_list>
<pin id="336" dir="0" index="0" bw="9" slack="0"/>
<pin id="337" dir="0" index="1" bw="9" slack="0"/>
<pin id="338" dir="1" index="2" bw="1" slack="2147483647"/>
</pin_list>
<bind>
<opcode="icmp(45) " fcode="icmp"/>
<opset="icmp_ln13_1/6 "/>
</bind>
</comp>

<comp id="341" class="1004" name="i_8_fu_341">
<pin_list>
<pin id="342" dir="0" index="0" bw="9" slack="0"/>
<pin id="343" dir="0" index="1" bw="1" slack="0"/>
<pin id="344" dir="1" index="2" bw="9" slack="0"/>
</pin_list>
<bind>
<opcode="add(8) " fcode="add"/>
<opset="i_8/6 "/>
</bind>
</comp>

<comp id="347" class="1004" name="trunc_ln1497_2_fu_347">
<pin_list>
<pin id="348" dir="0" index="0" bw="256" slack="0"/>
<pin id="349" dir="1" index="1" bw="1" slack="1"/>
</pin_list>
<bind>
<opcode="trunc(33) " fcode="trunc"/>
<opset="trunc_ln1497_2/6 "/>
</bind>
</comp>

<comp id="351" class="1004" name="zext_ln186_3_fu_351">
<pin_list>
<pin id="352" dir="0" index="0" bw="257" slack="0"/>
<pin id="353" dir="1" index="1" bw="258" slack="0"/>
</pin_list>
<bind>
<opcode="zext(34) " fcode="zext"/>
<opset="zext_ln186_3/6 "/>
</bind>
</comp>

<comp id="355" class="1004" name="zext_ln186_4_fu_355">
<pin_list>
<pin id="356" dir="0" index="0" bw="257" slack="0"/>
<pin id="357" dir="1" index="1" bw="258" slack="0"/>
</pin_list>
<bind>
<opcode="zext(34) " fcode="zext"/>
<opset="zext_ln186_4/6 "/>
</bind>
</comp>

<comp id="359" class="1004" name="grp_fu_359">
<pin_list>
<pin id="360" dir="0" index="0" bw="257" slack="0"/>
<pin id="361" dir="0" index="1" bw="257" slack="0"/>
<pin id="362" dir="1" index="2" bw="258" slack="1"/>
</pin_list>
<bind>
<opcode="add(8) " fcode="add"/>
<opset="ret_V_2/6 "/>
</bind>
</comp>

<comp id="365" class="1004" name="grp_fu_365">
<pin_list>
<pin id="366" dir="0" index="0" bw="257" slack="0"/>
<pin id="367" dir="0" index="1" bw="257" slack="0"/>
<pin id="368" dir="1" index="2" bw="257" slack="0"/>
</pin_list>
<bind>
<opcode="add(8) " fcode="add"/>
<opset="m_V_15/6 "/>
</bind>
</comp>

<comp id="371" class="1004" name="ret_V_3_fu_371">
<pin_list>
<pin id="372" dir="0" index="0" bw="258" slack="0"/>
<pin id="373" dir="0" index="1" bw="257" slack="0"/>
<pin id="374" dir="0" index="2" bw="1" slack="0"/>
<pin id="375" dir="1" index="3" bw="258" slack="0"/>
</pin_list>
<bind>
<opcode="bitconcatenate(1004) " fcode="bitconcatenate"/>
<opset="ret_V_3/6 "/>
</bind>
</comp>

<comp id="379" class="1004" name="icmp_ln1035_1_fu_379">
<pin_list>
<pin id="380" dir="0" index="0" bw="258" slack="0"/>
<pin id="381" dir="0" index="1" bw="256" slack="3"/>
<pin id="382" dir="1" index="2" bw="1" slack="1"/>
</pin_list>
<bind>
<opcode="icmp(45) " fcode="icmp"/>
<opset="icmp_ln1035_1/6 "/>
</bind>
</comp>

<comp id="384" class="1004" name="t_V_9_fu_384">
<pin_list>
<pin id="385" dir="0" index="0" bw="257" slack="0"/>
<pin id="386" dir="0" index="1" bw="1" slack="0"/>
<pin id="387" dir="1" index="2" bw="257" slack="0"/>
</pin_list>
<bind>
<opcode="shl(20) " fcode="shl"/>
<opset="t_V_9/6 "/>
</bind>
</comp>

<comp id="390" class="1004" name="grp_fu_390">
<pin_list>
<pin id="391" dir="0" index="0" bw="257" slack="0"/>
<pin id="392" dir="0" index="1" bw="256" slack="3"/>
<pin id="393" dir="1" index="2" bw="257" slack="0"/>
</pin_list>
<bind>
<opcode="sub(10) " fcode="sub"/>
<opset="t_V_8/6 "/>
</bind>
</comp>

<comp id="395" class="1004" name="r_V_2_fu_395">
<pin_list>
<pin id="396" dir="0" index="0" bw="255" slack="0"/>
<pin id="397" dir="0" index="1" bw="256" slack="0"/>
<pin id="398" dir="0" index="2" bw="1" slack="0"/>
<pin id="399" dir="0" index="3" bw="9" slack="0"/>
<pin id="400" dir="1" index="4" bw="255" slack="0"/>
</pin_list>
<bind>
<opcode="partselect(1002) " fcode="partselect"/>
<opset="r_V_2/6 "/>
</bind>
</comp>

<comp id="405" class="1004" name="zext_ln1669_2_fu_405">
<pin_list>
<pin id="406" dir="0" index="0" bw="255" slack="0"/>
<pin id="407" dir="1" index="1" bw="256" slack="0"/>
</pin_list>
<bind>
<opcode="zext(34) " fcode="zext"/>
<opset="zext_ln1669_2/6 "/>
</bind>
</comp>

<comp id="409" class="1004" name="trunc_ln186_1_fu_409">
<pin_list>
<pin id="410" dir="0" index="0" bw="257" slack="0"/>
<pin id="411" dir="1" index="1" bw="256" slack="0"/>
</pin_list>
<bind>
<opcode="trunc(33) " fcode="trunc"/>
<opset="trunc_ln186_1/6 "/>
</bind>
</comp>

<comp id="413" class="1004" name="r_V_fu_413">
<pin_list>
<pin id="414" dir="0" index="0" bw="255" slack="0"/>
<pin id="415" dir="0" index="1" bw="256" slack="0"/>
<pin id="416" dir="0" index="2" bw="1" slack="0"/>
<pin id="417" dir="0" index="3" bw="9" slack="0"/>
<pin id="418" dir="1" index="4" bw="255" slack="0"/>
</pin_list>
<bind>
<opcode="partselect(1002) " fcode="partselect"/>
<opset="r_V/6 "/>
</bind>
</comp>

<comp id="423" class="1004" name="zext_ln1669_1_fu_423">
<pin_list>
<pin id="424" dir="0" index="0" bw="255" slack="0"/>
<pin id="425" dir="1" index="1" bw="256" slack="0"/>
</pin_list>
<bind>
<opcode="zext(34) " fcode="zext"/>
<opset="zext_ln1669_1/6 "/>
</bind>
</comp>

<comp id="427" class="1004" name="store_ln41_store_fu_427">
<pin_list>
<pin id="428" dir="0" index="0" bw="256" slack="0"/>
<pin id="429" dir="0" index="1" bw="256" slack="3"/>
<pin id="430" dir="1" index="2" bw="0" slack="2147483647"/>
</pin_list>
<bind>
<opcode="store(28) " fcode="store"/>
<opset="store_ln41/6 "/>
</bind>
</comp>

<comp id="432" class="1004" name="store_ln41_store_fu_432">
<pin_list>
<pin id="433" dir="0" index="0" bw="255" slack="0"/>
<pin id="434" dir="0" index="1" bw="256" slack="3"/>
<pin id="435" dir="1" index="2" bw="0" slack="2147483647"/>
</pin_list>
<bind>
<opcode="store(28) " fcode="store"/>
<opset="store_ln41/6 "/>
</bind>
</comp>

<comp id="437" class="1004" name="store_ln41_store_fu_437">
<pin_list>
<pin id="438" dir="0" index="0" bw="9" slack="2"/>
<pin id="439" dir="0" index="1" bw="9" slack="3"/>
<pin id="440" dir="1" index="2" bw="0" slack="2147483647"/>
</pin_list>
<bind>
<opcode="store(28) " fcode="store"/>
<opset="store_ln41/6 "/>
</bind>
</comp>

<comp id="441" class="1004" name="grp_fu_441">
<pin_list>
<pin id="442" dir="0" index="0" bw="257" slack="0"/>
<pin id="443" dir="0" index="1" bw="256" slack="4"/>
<pin id="444" dir="1" index="2" bw="257" slack="0"/>
</pin_list>
<bind>
<opcode="sub(10) " fcode="sub"/>
<opset="m_V_16/7 "/>
</bind>
</comp>

<comp id="446" class="1004" name="t_V_10_fu_446">
<pin_list>
<pin id="447" dir="0" index="0" bw="1" slack="1"/>
<pin id="448" dir="0" index="1" bw="257" slack="0"/>
<pin id="449" dir="0" index="2" bw="257" slack="1"/>
<pin id="450" dir="1" index="3" bw="257" slack="1"/>
</pin_list>
<bind>
<opcode="select(49) " fcode="select"/>
<opset="t_V_10/7 "/>
</bind>
</comp>

<comp id="452" class="1004" name="icmp_ln1031_1_fu_452">
<pin_list>
<pin id="453" dir="0" index="0" bw="258" slack="1"/>
<pin id="454" dir="0" index="1" bw="256" slack="5"/>
<pin id="455" dir="1" index="2" bw="1" slack="0"/>
</pin_list>
<bind>
<opcode="icmp(45) " fcode="icmp"/>
<opset="icmp_ln1031_1/8 "/>
</bind>
</comp>

<comp id="456" class="1004" name="and_ln1031_1_fu_456">
<pin_list>
<pin id="457" dir="0" index="0" bw="1" slack="2"/>
<pin id="458" dir="0" index="1" bw="1" slack="0"/>
<pin id="459" dir="1" index="2" bw="1" slack="0"/>
</pin_list>
<bind>
<opcode="and(23) " fcode="and"/>
<opset="and_ln1031_1/8 "/>
</bind>
</comp>

<comp id="461" class="1004" name="m_V_17_fu_461">
<pin_list>
<pin id="462" dir="0" index="0" bw="1" slack="0"/>
<pin id="463" dir="0" index="1" bw="257" slack="1"/>
<pin id="464" dir="0" index="2" bw="257" slack="0"/>
<pin id="465" dir="1" index="3" bw="257" slack="0"/>
</pin_list>
<bind>
<opcode="select(49) " fcode="select"/>
<opset="m_V_17/8 "/>
</bind>
</comp>

<comp id="468" class="1004" name="m_V_18_fu_468">
<pin_list>
<pin id="469" dir="0" index="0" bw="1" slack="2"/>
<pin id="470" dir="0" index="1" bw="257" slack="0"/>
<pin id="471" dir="0" index="2" bw="257" slack="2"/>
<pin id="472" dir="1" index="3" bw="257" slack="1"/>
</pin_list>
<bind>
<opcode="select(49) " fcode="select"/>
<opset="m_V_18/8 "/>
</bind>
</comp>

<comp id="475" class="1005" name="i_reg_475">
<pin_list>
<pin id="476" dir="0" index="0" bw="9" slack="0"/>
<pin id="477" dir="1" index="1" bw="9" slack="0"/>
</pin_list>
<bind>
<opset="i "/>
</bind>
</comp>

<comp id="482" class="1005" name="shr_i3_reg_482">
<pin_list>
<pin id="483" dir="0" index="0" bw="256" slack="0"/>
<pin id="484" dir="1" index="1" bw="256" slack="0"/>
</pin_list>
<bind>
<opset="shr_i3 "/>
</bind>
</comp>

<comp id="489" class="1005" name="m_V_1_reg_489">
<pin_list>
<pin id="490" dir="0" index="0" bw="256" slack="0"/>
<pin id="491" dir="1" index="1" bw="256" slack="0"/>
</pin_list>
<bind>
<opset="m_V_1 "/>
</bind>
</comp>

<comp id="496" class="1005" name="t_V_1_reg_496">
<pin_list>
<pin id="497" dir="0" index="0" bw="256" slack="0"/>
<pin id="498" dir="1" index="1" bw="256" slack="0"/>
</pin_list>
<bind>
<opset="t_V_1 "/>
</bind>
</comp>

<comp id="503" class="1005" name="conv_i167_i15_reg_503">
<pin_list>
<pin id="504" dir="0" index="0" bw="258" slack="2"/>
<pin id="505" dir="1" index="1" bw="258" slack="2"/>
</pin_list>
<bind>
<opset="conv_i167_i15 "/>
</bind>
</comp>

<comp id="511" class="1005" name="zext_ln1496_reg_511">
<pin_list>
<pin id="512" dir="0" index="0" bw="257" slack="2"/>
<pin id="513" dir="1" index="1" bw="257" slack="2"/>
</pin_list>
<bind>
<opset="zext_ln1496 "/>
</bind>
</comp>

<comp id="528" class="1005" name="i_7_reg_528">
<pin_list>
<pin id="529" dir="0" index="0" bw="9" slack="2"/>
<pin id="530" dir="1" index="1" bw="9" slack="2"/>
</pin_list>
<bind>
<opset="i_7 "/>
</bind>
</comp>

<comp id="533" class="1005" name="trunc_ln1497_reg_533">
<pin_list>
<pin id="534" dir="0" index="0" bw="1" slack="1"/>
<pin id="535" dir="1" index="1" bw="1" slack="2147483647"/>
</pin_list>
<bind>
<opset="trunc_ln1497 "/>
</bind>
</comp>

<comp id="537" class="1005" name="zext_ln186_reg_537">
<pin_list>
<pin id="538" dir="0" index="0" bw="257" slack="1"/>
<pin id="539" dir="1" index="1" bw="257" slack="1"/>
</pin_list>
<bind>
<opset="zext_ln186 "/>
</bind>
</comp>

<comp id="546" class="1005" name="i_6_reg_546">
<pin_list>
<pin id="547" dir="0" index="0" bw="9" slack="0"/>
<pin id="548" dir="1" index="1" bw="9" slack="0"/>
</pin_list>
<bind>
<opset="i_6 "/>
</bind>
</comp>

<comp id="551" class="1005" name="trunc_ln1497_1_reg_551">
<pin_list>
<pin id="552" dir="0" index="0" bw="1" slack="1"/>
<pin id="553" dir="1" index="1" bw="1" slack="2"/>
</pin_list>
<bind>
<opset="trunc_ln1497_1 "/>
</bind>
</comp>

<comp id="557" class="1005" name="zext_ln186_1_reg_557">
<pin_list>
<pin id="558" dir="0" index="0" bw="258" slack="1"/>
<pin id="559" dir="1" index="1" bw="258" slack="1"/>
</pin_list>
<bind>
<opset="zext_ln186_1 "/>
</bind>
</comp>

<comp id="562" class="1005" name="zext_ln186_2_reg_562">
<pin_list>
<pin id="563" dir="0" index="0" bw="258" slack="1"/>
<pin id="564" dir="1" index="1" bw="258" slack="1"/>
</pin_list>
<bind>
<opset="zext_ln186_2 "/>
</bind>
</comp>

<comp id="567" class="1005" name="icmp_ln1035_reg_567">
<pin_list>
<pin id="568" dir="0" index="0" bw="1" slack="1"/>
<pin id="569" dir="1" index="1" bw="1" slack="1"/>
</pin_list>
<bind>
<opset="icmp_ln1035 "/>
</bind>
</comp>

<comp id="572" class="1005" name="t_V_4_reg_572">
<pin_list>
<pin id="573" dir="0" index="0" bw="257" slack="1"/>
<pin id="574" dir="1" index="1" bw="257" slack="1"/>
</pin_list>
<bind>
<opset="t_V_4 "/>
</bind>
</comp>

<comp id="578" class="1005" name="zext_ln1669_reg_578">
<pin_list>
<pin id="579" dir="0" index="0" bw="256" slack="0"/>
<pin id="580" dir="1" index="1" bw="256" slack="0"/>
</pin_list>
<bind>
<opset="zext_ln1669 "/>
</bind>
</comp>

<comp id="583" class="1005" name="ret_V_reg_583">
<pin_list>
<pin id="584" dir="0" index="0" bw="258" slack="1"/>
<pin id="585" dir="1" index="1" bw="258" slack="1"/>
</pin_list>
<bind>
<opset="ret_V "/>
</bind>
</comp>

<comp id="588" class="1005" name="m_V_reg_588">
<pin_list>
<pin id="589" dir="0" index="0" bw="257" slack="1"/>
<pin id="590" dir="1" index="1" bw="257" slack="1"/>
</pin_list>
<bind>
<opset="m_V "/>
</bind>
</comp>

<comp id="594" class="1005" name="t_V_5_reg_594">
<pin_list>
<pin id="595" dir="0" index="0" bw="257" slack="1"/>
<pin id="596" dir="1" index="1" bw="257" slack="1"/>
</pin_list>
<bind>
<opset="t_V_5 "/>
</bind>
</comp>

<comp id="599" class="1005" name="m_V_14_reg_599">
<pin_list>
<pin id="600" dir="0" index="0" bw="257" slack="1"/>
<pin id="601" dir="1" index="1" bw="257" slack="1"/>
</pin_list>
<bind>
<opset="m_V_14 "/>
</bind>
</comp>

<comp id="607" class="1005" name="i_8_reg_607">
<pin_list>
<pin id="608" dir="0" index="0" bw="9" slack="0"/>
<pin id="609" dir="1" index="1" bw="9" slack="0"/>
</pin_list>
<bind>
<opset="i_8 "/>
</bind>
</comp>

<comp id="612" class="1005" name="trunc_ln1497_2_reg_612">
<pin_list>
<pin id="613" dir="0" index="0" bw="1" slack="1"/>
<pin id="614" dir="1" index="1" bw="1" slack="2"/>
</pin_list>
<bind>
<opset="trunc_ln1497_2 "/>
</bind>
</comp>

<comp id="618" class="1005" name="zext_ln186_3_reg_618">
<pin_list>
<pin id="619" dir="0" index="0" bw="258" slack="1"/>
<pin id="620" dir="1" index="1" bw="258" slack="1"/>
</pin_list>
<bind>
<opset="zext_ln186_3 "/>
</bind>
</comp>

<comp id="623" class="1005" name="zext_ln186_4_reg_623">
<pin_list>
<pin id="624" dir="0" index="0" bw="258" slack="1"/>
<pin id="625" dir="1" index="1" bw="258" slack="1"/>
</pin_list>
<bind>
<opset="zext_ln186_4 "/>
</bind>
</comp>

<comp id="628" class="1005" name="icmp_ln1035_1_reg_628">
<pin_list>
<pin id="629" dir="0" index="0" bw="1" slack="1"/>
<pin id="630" dir="1" index="1" bw="1" slack="1"/>
</pin_list>
<bind>
<opset="icmp_ln1035_1 "/>
</bind>
</comp>

<comp id="633" class="1005" name="t_V_9_reg_633">
<pin_list>
<pin id="634" dir="0" index="0" bw="257" slack="1"/>
<pin id="635" dir="1" index="1" bw="257" slack="1"/>
</pin_list>
<bind>
<opset="t_V_9 "/>
</bind>
</comp>

<comp id="639" class="1005" name="zext_ln1669_2_reg_639">
<pin_list>
<pin id="640" dir="0" index="0" bw="256" slack="0"/>
<pin id="641" dir="1" index="1" bw="256" slack="0"/>
</pin_list>
<bind>
<opset="zext_ln1669_2 "/>
</bind>
</comp>

<comp id="644" class="1005" name="ret_V_2_reg_644">
<pin_list>
<pin id="645" dir="0" index="0" bw="258" slack="1"/>
<pin id="646" dir="1" index="1" bw="258" slack="1"/>
</pin_list>
<bind>
<opset="ret_V_2 "/>
</bind>
</comp>

<comp id="649" class="1005" name="m_V_15_reg_649">
<pin_list>
<pin id="650" dir="0" index="0" bw="257" slack="1"/>
<pin id="651" dir="1" index="1" bw="257" slack="1"/>
</pin_list>
<bind>
<opset="m_V_15 "/>
</bind>
</comp>

<comp id="655" class="1005" name="t_V_10_reg_655">
<pin_list>
<pin id="656" dir="0" index="0" bw="257" slack="1"/>
<pin id="657" dir="1" index="1" bw="257" slack="1"/>
</pin_list>
<bind>
<opset="t_V_10 "/>
</bind>
</comp>

<comp id="660" class="1005" name="m_V_18_reg_660">
<pin_list>
<pin id="661" dir="0" index="0" bw="257" slack="1"/>
<pin id="662" dir="1" index="1" bw="257" slack="1"/>
</pin_list>
<bind>
<opset="m_V_18 "/>
</bind>
</comp>

</comp_list>

<net_list>
<net id="43"><net_src comp="6" pin="0"/><net_sink comp="40" pin=0"/></net>

<net id="47"><net_src comp="6" pin="0"/><net_sink comp="44" pin=0"/></net>

<net id="51"><net_src comp="6" pin="0"/><net_sink comp="48" pin=0"/></net>

<net id="55"><net_src comp="6" pin="0"/><net_sink comp="52" pin=0"/></net>

<net id="60"><net_src comp="8" pin="0"/><net_sink comp="56" pin=0"/></net>

<net id="61"><net_src comp="4" pin="0"/><net_sink comp="56" pin=1"/></net>

<net id="66"><net_src comp="8" pin="0"/><net_sink comp="62" pin=0"/></net>

<net id="67"><net_src comp="2" pin="0"/><net_sink comp="62" pin=1"/></net>

<net id="72"><net_src comp="8" pin="0"/><net_sink comp="68" pin=0"/></net>

<net id="73"><net_src comp="0" pin="0"/><net_sink comp="68" pin=1"/></net>

<net id="86"><net_src comp="12" pin="0"/><net_sink comp="83" pin=0"/></net>

<net id="93"><net_src comp="83" pin="1"/><net_sink comp="87" pin=2"/></net>

<net id="103"><net_src comp="97" pin="4"/><net_sink comp="94" pin=0"/></net>

<net id="107"><net_src comp="26" pin="0"/><net_sink comp="104" pin=0"/></net>

<net id="114"><net_src comp="104" pin="1"/><net_sink comp="108" pin=2"/></net>

<net id="115"><net_src comp="108" pin="4"/><net_sink comp="104" pin=0"/></net>

<net id="128"><net_src comp="12" pin="0"/><net_sink comp="125" pin=0"/></net>

<net id="135"><net_src comp="125" pin="1"/><net_sink comp="129" pin=0"/></net>

<net id="145"><net_src comp="139" pin="4"/><net_sink comp="136" pin=0"/></net>

<net id="149"><net_src comp="26" pin="0"/><net_sink comp="146" pin=0"/></net>

<net id="156"><net_src comp="146" pin="1"/><net_sink comp="150" pin=0"/></net>

<net id="157"><net_src comp="150" pin="4"/><net_sink comp="146" pin=0"/></net>

<net id="164"><net_src comp="56" pin="2"/><net_sink comp="161" pin=0"/></net>

<net id="168"><net_src comp="56" pin="2"/><net_sink comp="165" pin=0"/></net>

<net id="173"><net_src comp="68" pin="2"/><net_sink comp="169" pin=0"/></net>

<net id="178"><net_src comp="10" pin="0"/><net_sink comp="174" pin=0"/></net>

<net id="183"><net_src comp="62" pin="2"/><net_sink comp="179" pin=0"/></net>

<net id="188"><net_src comp="12" pin="0"/><net_sink comp="184" pin=0"/></net>

<net id="202"><net_src comp="189" pin="1"/><net_sink comp="198" pin=0"/></net>

<net id="203"><net_src comp="14" pin="0"/><net_sink comp="198" pin=1"/></net>

<net id="208"><net_src comp="189" pin="1"/><net_sink comp="204" pin=0"/></net>

<net id="209"><net_src comp="20" pin="0"/><net_sink comp="204" pin=1"/></net>

<net id="213"><net_src comp="158" pin="1"/><net_sink comp="210" pin=0"/></net>

<net id="217"><net_src comp="195" pin="1"/><net_sink comp="214" pin=0"/></net>

<net id="222"><net_src comp="87" pin="4"/><net_sink comp="218" pin=0"/></net>

<net id="223"><net_src comp="14" pin="0"/><net_sink comp="218" pin=1"/></net>

<net id="228"><net_src comp="87" pin="4"/><net_sink comp="224" pin=0"/></net>

<net id="229"><net_src comp="20" pin="0"/><net_sink comp="224" pin=1"/></net>

<net id="233"><net_src comp="77" pin="4"/><net_sink comp="230" pin=0"/></net>

<net id="237"><net_src comp="97" pin="4"/><net_sink comp="234" pin=0"/></net>

<net id="241"><net_src comp="108" pin="4"/><net_sink comp="238" pin=0"/></net>

<net id="246"><net_src comp="238" pin="1"/><net_sink comp="242" pin=0"/></net>

<net id="247"><net_src comp="234" pin="1"/><net_sink comp="242" pin=1"/></net>

<net id="252"><net_src comp="108" pin="4"/><net_sink comp="248" pin=0"/></net>

<net id="253"><net_src comp="97" pin="4"/><net_sink comp="248" pin=1"/></net>

<net id="259"><net_src comp="28" pin="0"/><net_sink comp="254" pin=0"/></net>

<net id="260"><net_src comp="97" pin="4"/><net_sink comp="254" pin=1"/></net>

<net id="261"><net_src comp="30" pin="0"/><net_sink comp="254" pin=2"/></net>

<net id="266"><net_src comp="254" pin="3"/><net_sink comp="262" pin=0"/></net>

<net id="271"><net_src comp="97" pin="4"/><net_sink comp="267" pin=0"/></net>

<net id="272"><net_src comp="32" pin="0"/><net_sink comp="267" pin=1"/></net>

<net id="277"><net_src comp="267" pin="2"/><net_sink comp="273" pin=0"/></net>

<net id="284"><net_src comp="34" pin="0"/><net_sink comp="278" pin=0"/></net>

<net id="285"><net_src comp="77" pin="4"/><net_sink comp="278" pin=1"/></net>

<net id="286"><net_src comp="6" pin="0"/><net_sink comp="278" pin=2"/></net>

<net id="287"><net_src comp="36" pin="0"/><net_sink comp="278" pin=3"/></net>

<net id="291"><net_src comp="278" pin="4"/><net_sink comp="288" pin=0"/></net>

<net id="295"><net_src comp="108" pin="4"/><net_sink comp="292" pin=0"/></net>

<net id="300"><net_src comp="292" pin="1"/><net_sink comp="296" pin=0"/></net>

<net id="305"><net_src comp="248" pin="2"/><net_sink comp="301" pin=0"/></net>

<net id="311"><net_src comp="273" pin="2"/><net_sink comp="306" pin=1"/></net>

<net id="320"><net_src comp="312" pin="2"/><net_sink comp="316" pin=1"/></net>

<net id="326"><net_src comp="316" pin="2"/><net_sink comp="321" pin=0"/></net>

<net id="327"><net_src comp="301" pin="2"/><net_sink comp="321" pin=2"/></net>

<net id="333"><net_src comp="321" pin="3"/><net_sink comp="328" pin=1"/></net>

<net id="334"><net_src comp="104" pin="1"/><net_sink comp="328" pin=2"/></net>

<net id="339"><net_src comp="129" pin="4"/><net_sink comp="335" pin=0"/></net>

<net id="340"><net_src comp="14" pin="0"/><net_sink comp="335" pin=1"/></net>

<net id="345"><net_src comp="129" pin="4"/><net_sink comp="341" pin=0"/></net>

<net id="346"><net_src comp="20" pin="0"/><net_sink comp="341" pin=1"/></net>

<net id="350"><net_src comp="119" pin="4"/><net_sink comp="347" pin=0"/></net>

<net id="354"><net_src comp="139" pin="4"/><net_sink comp="351" pin=0"/></net>

<net id="358"><net_src comp="150" pin="4"/><net_sink comp="355" pin=0"/></net>

<net id="363"><net_src comp="355" pin="1"/><net_sink comp="359" pin=0"/></net>

<net id="364"><net_src comp="351" pin="1"/><net_sink comp="359" pin=1"/></net>

<net id="369"><net_src comp="150" pin="4"/><net_sink comp="365" pin=0"/></net>

<net id="370"><net_src comp="139" pin="4"/><net_sink comp="365" pin=1"/></net>

<net id="376"><net_src comp="28" pin="0"/><net_sink comp="371" pin=0"/></net>

<net id="377"><net_src comp="139" pin="4"/><net_sink comp="371" pin=1"/></net>

<net id="378"><net_src comp="30" pin="0"/><net_sink comp="371" pin=2"/></net>

<net id="383"><net_src comp="371" pin="3"/><net_sink comp="379" pin=0"/></net>

<net id="388"><net_src comp="139" pin="4"/><net_sink comp="384" pin=0"/></net>

<net id="389"><net_src comp="32" pin="0"/><net_sink comp="384" pin=1"/></net>

<net id="394"><net_src comp="384" pin="2"/><net_sink comp="390" pin=0"/></net>

<net id="401"><net_src comp="34" pin="0"/><net_sink comp="395" pin=0"/></net>

<net id="402"><net_src comp="119" pin="4"/><net_sink comp="395" pin=1"/></net>

<net id="403"><net_src comp="6" pin="0"/><net_sink comp="395" pin=2"/></net>

<net id="404"><net_src comp="36" pin="0"/><net_sink comp="395" pin=3"/></net>

<net id="408"><net_src comp="395" pin="4"/><net_sink comp="405" pin=0"/></net>

<net id="412"><net_src comp="150" pin="4"/><net_sink comp="409" pin=0"/></net>

<net id="419"><net_src comp="34" pin="0"/><net_sink comp="413" pin=0"/></net>

<net id="420"><net_src comp="158" pin="1"/><net_sink comp="413" pin=1"/></net>

<net id="421"><net_src comp="6" pin="0"/><net_sink comp="413" pin=2"/></net>

<net id="422"><net_src comp="36" pin="0"/><net_sink comp="413" pin=3"/></net>

<net id="426"><net_src comp="413" pin="4"/><net_sink comp="423" pin=0"/></net>

<net id="431"><net_src comp="409" pin="1"/><net_sink comp="427" pin=0"/></net>

<net id="436"><net_src comp="423" pin="1"/><net_sink comp="432" pin=0"/></net>

<net id="445"><net_src comp="365" pin="2"/><net_sink comp="441" pin=0"/></net>

<net id="451"><net_src comp="390" pin="2"/><net_sink comp="446" pin=1"/></net>

<net id="460"><net_src comp="452" pin="2"/><net_sink comp="456" pin=1"/></net>

<net id="466"><net_src comp="456" pin="2"/><net_sink comp="461" pin=0"/></net>

<net id="467"><net_src comp="441" pin="2"/><net_sink comp="461" pin=2"/></net>

<net id="473"><net_src comp="461" pin="3"/><net_sink comp="468" pin=1"/></net>

<net id="474"><net_src comp="146" pin="1"/><net_sink comp="468" pin=2"/></net>

<net id="478"><net_src comp="40" pin="1"/><net_sink comp="475" pin=0"/></net>

<net id="479"><net_src comp="475" pin="1"/><net_sink comp="184" pin=1"/></net>

<net id="480"><net_src comp="475" pin="1"/><net_sink comp="189" pin=0"/></net>

<net id="481"><net_src comp="475" pin="1"/><net_sink comp="437" pin=1"/></net>

<net id="485"><net_src comp="44" pin="1"/><net_sink comp="482" pin=0"/></net>

<net id="486"><net_src comp="482" pin="1"/><net_sink comp="179" pin=1"/></net>

<net id="487"><net_src comp="482" pin="1"/><net_sink comp="158" pin=0"/></net>

<net id="488"><net_src comp="482" pin="1"/><net_sink comp="432" pin=1"/></net>

<net id="492"><net_src comp="48" pin="1"/><net_sink comp="489" pin=0"/></net>

<net id="493"><net_src comp="489" pin="1"/><net_sink comp="174" pin=1"/></net>

<net id="494"><net_src comp="489" pin="1"/><net_sink comp="192" pin=0"/></net>

<net id="495"><net_src comp="489" pin="1"/><net_sink comp="296" pin=1"/></net>

<net id="499"><net_src comp="52" pin="1"/><net_sink comp="496" pin=0"/></net>

<net id="500"><net_src comp="496" pin="1"/><net_sink comp="169" pin=1"/></net>

<net id="501"><net_src comp="496" pin="1"/><net_sink comp="195" pin=0"/></net>

<net id="502"><net_src comp="496" pin="1"/><net_sink comp="427" pin=1"/></net>

<net id="506"><net_src comp="161" pin="1"/><net_sink comp="503" pin=0"/></net>

<net id="507"><net_src comp="503" pin="1"/><net_sink comp="262" pin=1"/></net>

<net id="508"><net_src comp="503" pin="1"/><net_sink comp="312" pin=1"/></net>

<net id="509"><net_src comp="503" pin="1"/><net_sink comp="379" pin=1"/></net>

<net id="510"><net_src comp="503" pin="1"/><net_sink comp="452" pin=1"/></net>

<net id="514"><net_src comp="165" pin="1"/><net_sink comp="511" pin=0"/></net>

<net id="515"><net_src comp="511" pin="1"/><net_sink comp="273" pin=1"/></net>

<net id="516"><net_src comp="511" pin="1"/><net_sink comp="301" pin=1"/></net>

<net id="517"><net_src comp="511" pin="1"/><net_sink comp="390" pin=1"/></net>

<net id="518"><net_src comp="511" pin="1"/><net_sink comp="441" pin=1"/></net>

<net id="531"><net_src comp="204" pin="2"/><net_sink comp="528" pin=0"/></net>

<net id="532"><net_src comp="528" pin="1"/><net_sink comp="437" pin=0"/></net>

<net id="536"><net_src comp="210" pin="1"/><net_sink comp="533" pin=0"/></net>

<net id="540"><net_src comp="214" pin="1"/><net_sink comp="537" pin=0"/></net>

<net id="541"><net_src comp="537" pin="1"/><net_sink comp="97" pin=2"/></net>

<net id="542"><net_src comp="537" pin="1"/><net_sink comp="139" pin=0"/></net>

<net id="549"><net_src comp="224" pin="2"/><net_sink comp="546" pin=0"/></net>

<net id="550"><net_src comp="546" pin="1"/><net_sink comp="87" pin=0"/></net>

<net id="554"><net_src comp="230" pin="1"/><net_sink comp="551" pin=0"/></net>

<net id="555"><net_src comp="551" pin="1"/><net_sink comp="316" pin=0"/></net>

<net id="556"><net_src comp="551" pin="1"/><net_sink comp="328" pin=0"/></net>

<net id="560"><net_src comp="234" pin="1"/><net_sink comp="557" pin=0"/></net>

<net id="561"><net_src comp="557" pin="1"/><net_sink comp="242" pin=1"/></net>

<net id="565"><net_src comp="238" pin="1"/><net_sink comp="562" pin=0"/></net>

<net id="566"><net_src comp="562" pin="1"/><net_sink comp="242" pin=0"/></net>

<net id="570"><net_src comp="262" pin="2"/><net_sink comp="567" pin=0"/></net>

<net id="571"><net_src comp="567" pin="1"/><net_sink comp="306" pin=0"/></net>

<net id="575"><net_src comp="267" pin="2"/><net_sink comp="572" pin=0"/></net>

<net id="576"><net_src comp="572" pin="1"/><net_sink comp="273" pin=0"/></net>

<net id="577"><net_src comp="572" pin="1"/><net_sink comp="306" pin=2"/></net>

<net id="581"><net_src comp="288" pin="1"/><net_sink comp="578" pin=0"/></net>

<net id="582"><net_src comp="578" pin="1"/><net_sink comp="77" pin=0"/></net>

<net id="586"><net_src comp="242" pin="2"/><net_sink comp="583" pin=0"/></net>

<net id="587"><net_src comp="583" pin="1"/><net_sink comp="312" pin=0"/></net>

<net id="591"><net_src comp="248" pin="2"/><net_sink comp="588" pin=0"/></net>

<net id="592"><net_src comp="588" pin="1"/><net_sink comp="301" pin=0"/></net>

<net id="593"><net_src comp="588" pin="1"/><net_sink comp="321" pin=1"/></net>

<net id="597"><net_src comp="306" pin="3"/><net_sink comp="594" pin=0"/></net>

<net id="598"><net_src comp="594" pin="1"/><net_sink comp="97" pin=0"/></net>

<net id="602"><net_src comp="328" pin="3"/><net_sink comp="599" pin=0"/></net>

<net id="603"><net_src comp="599" pin="1"/><net_sink comp="108" pin=0"/></net>

<net id="610"><net_src comp="341" pin="2"/><net_sink comp="607" pin=0"/></net>

<net id="611"><net_src comp="607" pin="1"/><net_sink comp="129" pin=2"/></net>

<net id="615"><net_src comp="347" pin="1"/><net_sink comp="612" pin=0"/></net>

<net id="616"><net_src comp="612" pin="1"/><net_sink comp="456" pin=0"/></net>

<net id="617"><net_src comp="612" pin="1"/><net_sink comp="468" pin=0"/></net>

<net id="621"><net_src comp="351" pin="1"/><net_sink comp="618" pin=0"/></net>

<net id="622"><net_src comp="618" pin="1"/><net_sink comp="359" pin=1"/></net>

<net id="626"><net_src comp="355" pin="1"/><net_sink comp="623" pin=0"/></net>

<net id="627"><net_src comp="623" pin="1"/><net_sink comp="359" pin=0"/></net>

<net id="631"><net_src comp="379" pin="2"/><net_sink comp="628" pin=0"/></net>

<net id="632"><net_src comp="628" pin="1"/><net_sink comp="446" pin=0"/></net>

<net id="636"><net_src comp="384" pin="2"/><net_sink comp="633" pin=0"/></net>

<net id="637"><net_src comp="633" pin="1"/><net_sink comp="390" pin=0"/></net>

<net id="638"><net_src comp="633" pin="1"/><net_sink comp="446" pin=2"/></net>

<net id="642"><net_src comp="405" pin="1"/><net_sink comp="639" pin=0"/></net>

<net id="643"><net_src comp="639" pin="1"/><net_sink comp="119" pin=2"/></net>

<net id="647"><net_src comp="359" pin="2"/><net_sink comp="644" pin=0"/></net>

<net id="648"><net_src comp="644" pin="1"/><net_sink comp="452" pin=0"/></net>

<net id="652"><net_src comp="365" pin="2"/><net_sink comp="649" pin=0"/></net>

<net id="653"><net_src comp="649" pin="1"/><net_sink comp="441" pin=0"/></net>

<net id="654"><net_src comp="649" pin="1"/><net_sink comp="461" pin=1"/></net>

<net id="658"><net_src comp="446" pin="3"/><net_sink comp="655" pin=0"/></net>

<net id="659"><net_src comp="655" pin="1"/><net_sink comp="139" pin=2"/></net>

<net id="663"><net_src comp="468" pin="3"/><net_sink comp="660" pin=0"/></net>

<net id="664"><net_src comp="660" pin="1"/><net_sink comp="150" pin=2"/></net>

</net_list>

</model> 
---------------- Datapath Model END ------------------

* FSMD analyzer results:
  - Output states:
 - Input state : 
	Port: mod_exp : y | {1 }
	Port: mod_exp : d | {1 }
	Port: mod_exp : N | {1 }
  - Chain level:
	State 1
		store_ln41 : 1
		store_ln41 : 1
	State 2
		icmp_ln41 : 1
		i_7 : 1
		br_ln41 : 2
		trunc_ln1497 : 1
		zext_ln186 : 1
		br_ln43 : 2
		ret_ln51 : 1
	State 3
		icmp_ln13 : 1
		i_6 : 1
		br_ln13 : 2
		trunc_ln1497_1 : 1
		zext_ln186_1 : 1
		zext_ln186_2 : 1
		ret_V : 2
		m_V : 1
		ret_V_1 : 1
		icmp_ln1035 : 2
		t_V_4 : 1
		t_V : 1
		r_V_1 : 1
		zext_ln1669 : 2
		trunc_ln186 : 1
		store_ln45 : 2
	State 4
		m_V_11 : 1
		t_V_5 : 1
	State 5
		and_ln1031 : 1
		m_V_13 : 1
		m_V_14 : 2
	State 6
		icmp_ln13_1 : 1
		i_8 : 1
		br_ln13 : 2
		trunc_ln1497_2 : 1
		zext_ln186_3 : 1
		zext_ln186_4 : 1
		ret_V_2 : 2
		m_V_15 : 1
		ret_V_3 : 1
		icmp_ln1035_1 : 2
		t_V_9 : 1
		t_V_8 : 1
		r_V_2 : 1
		zext_ln1669_2 : 2
		trunc_ln186_1 : 1
		r_V : 1
		zext_ln1669_1 : 2
		store_ln41 : 2
		store_ln41 : 3
	State 7
		m_V_16 : 1
		t_V_10 : 1
	State 8
		and_ln1031_1 : 1
		m_V_17 : 1
		m_V_18 : 2


============================================================
+ Verbose Summary: Datapath Resource usage 
============================================================

* Functional unit list:
|----------|-----------------------|---------|---------|
| Operation|    Functional Unit    |    FF   |   LUT   |
|----------|-----------------------|---------|---------|
|          |       i_7_fu_204      |    0    |    14   |
|          |       i_6_fu_224      |    0    |    14   |
|          |       grp_fu_242      |   580   |   132   |
|    add   |       grp_fu_248      |   580   |   132   |
|          |       i_8_fu_341      |    0    |    14   |
|          |       grp_fu_359      |   580   |   132   |
|          |       grp_fu_365      |   580   |   132   |
|----------|-----------------------|---------|---------|
|          |       grp_fu_273      |   580   |   132   |
|    sub   |       grp_fu_301      |   580   |   132   |
|          |       grp_fu_390      |   580   |   132   |
|          |       grp_fu_441      |   580   |   132   |
|----------|-----------------------|---------|---------|
|          |      t_V_5_fu_306     |    0    |   257   |
|          |     m_V_13_fu_321     |    0    |   257   |
|  select  |     m_V_14_fu_328     |    0    |   257   |
|          |     t_V_10_fu_446     |    0    |   257   |
|          |     m_V_17_fu_461     |    0    |   257   |
|          |     m_V_18_fu_468     |    0    |   257   |
|----------|-----------------------|---------|---------|
|          |    icmp_ln41_fu_198   |    0    |    11   |
|          |    icmp_ln13_fu_218   |    0    |    11   |
|          |   icmp_ln1035_fu_262  |    0    |    93   |
|   icmp   |   icmp_ln1031_fu_312  |    0    |    93   |
|          |   icmp_ln13_1_fu_335  |    0    |    11   |
|          |  icmp_ln1035_1_fu_379 |    0    |    93   |
|          |  icmp_ln1031_1_fu_452 |    0    |    93   |
|----------|-----------------------|---------|---------|
|    and   |   and_ln1031_fu_316   |    0    |    2    |
|          |  and_ln1031_1_fu_456  |    0    |    2    |
|----------|-----------------------|---------|---------|
|          |   N_read_read_fu_56   |    0    |    0    |
|   read   |   d_read_read_fu_62   |    0    |    0    |
|          |   y_read_read_fu_68   |    0    |    0    |
|----------|-----------------------|---------|---------|
|          |  conv_i167_i15_fu_161 |    0    |    0    |
|          |   zext_ln1496_fu_165  |    0    |    0    |
|          |   zext_ln186_fu_214   |    0    |    0    |
|          |  zext_ln186_1_fu_234  |    0    |    0    |
|   zext   |  zext_ln186_2_fu_238  |    0    |    0    |
|          |   zext_ln1669_fu_288  |    0    |    0    |
|          |  zext_ln186_3_fu_351  |    0    |    0    |
|          |  zext_ln186_4_fu_355  |    0    |    0    |
|          |  zext_ln1669_2_fu_405 |    0    |    0    |
|          |  zext_ln1669_1_fu_423 |    0    |    0    |
|----------|-----------------------|---------|---------|
|          |  trunc_ln1497_fu_210  |    0    |    0    |
|          | trunc_ln1497_1_fu_230 |    0    |    0    |
|   trunc  |   trunc_ln186_fu_292  |    0    |    0    |
|          | trunc_ln1497_2_fu_347 |    0    |    0    |
|          |  trunc_ln186_1_fu_409 |    0    |    0    |
|----------|-----------------------|---------|---------|
|bitconcatenate|     ret_V_1_fu_254    |    0    |    0    |
|          |     ret_V_3_fu_371    |    0    |    0    |
|----------|-----------------------|---------|---------|
|    shl   |      t_V_4_fu_267     |    0    |    0    |
|          |      t_V_9_fu_384     |    0    |    0    |
|----------|-----------------------|---------|---------|
|          |      r_V_1_fu_278     |    0    |    0    |
|partselect|      r_V_2_fu_395     |    0    |    0    |
|          |       r_V_fu_413      |    0    |    0    |
|----------|-----------------------|---------|---------|
|   Total  |                       |   4640  |   3049  |
|----------|-----------------------|---------|---------|

Memories:
N/A

* Register list:
+----------------------+--------+
|                      |   FF   |
+----------------------+--------+
| conv_i167_i15_reg_503|   258  |
|    empty_15_reg_74   |   256  |
|   empty_17_reg_116   |   256  |
|      i_1_reg_83      |    9   |
|      i_3_reg_125     |    9   |
|      i_6_reg_546     |    9   |
|      i_7_reg_528     |    9   |
|      i_8_reg_607     |    9   |
|       i_reg_475      |    9   |
| icmp_ln1035_1_reg_628|    1   |
|  icmp_ln1035_reg_567 |    1   |
|    m_V_14_reg_599    |   257  |
|    m_V_15_reg_649    |   257  |
|    m_V_18_reg_660    |   257  |
|    m_V_19_reg_104    |   257  |
|     m_V_1_reg_489    |   256  |
|    m_V_20_reg_146    |   257  |
|      m_V_reg_588     |   257  |
|    ret_V_2_reg_644   |   258  |
|     ret_V_reg_583    |   258  |
|    shr_i3_reg_482    |   256  |
|    t_V_10_reg_655    |   257  |
|     t_V_11_reg_94    |   257  |
|    t_V_12_reg_136    |   257  |
|     t_V_1_reg_496    |   256  |
|     t_V_4_reg_572    |   257  |
|     t_V_5_reg_594    |   257  |
|     t_V_9_reg_633    |   257  |
|trunc_ln1497_1_reg_551|    1   |
|trunc_ln1497_2_reg_612|    1   |
| trunc_ln1497_reg_533 |    1   |
|  zext_ln1496_reg_511 |   257  |
| zext_ln1669_2_reg_639|   256  |
|  zext_ln1669_reg_578 |   256  |
| zext_ln186_1_reg_557 |   258  |
| zext_ln186_2_reg_562 |   258  |
| zext_ln186_3_reg_618 |   258  |
| zext_ln186_4_reg_623 |   258  |
|  zext_ln186_reg_537  |   257  |
+----------------------+--------+
|         Total        |  7255  |
+----------------------+--------+

* Multiplexer (MUX) list: 
|----------------|------|------|------|--------||---------||---------|
|      Comp      |  Pin | Size |  BW  | S x BW ||  Delay  ||   LUT   |
|----------------|------|------|------|--------||---------||---------|
| m_V_19_reg_104 |  p0  |   2  |  257 |   514  ||    9    |
| m_V_20_reg_146 |  p0  |   2  |  257 |   514  ||    9    |
|   grp_fu_242   |  p0  |   2  |  257 |   514  ||    9    |
|   grp_fu_242   |  p1  |   2  |  257 |   514  ||    9    |
|   grp_fu_273   |  p0  |   2  |  257 |   514  ||    9    |
|   grp_fu_301   |  p0  |   2  |  257 |   514  ||    9    |
|   grp_fu_359   |  p0  |   2  |  257 |   514  ||    9    |
|   grp_fu_359   |  p1  |   2  |  257 |   514  ||    9    |
|   grp_fu_390   |  p0  |   2  |  257 |   514  ||    9    |
|   grp_fu_441   |  p0  |   2  |  257 |   514  ||    9    |
|----------------|------|------|------|--------||---------||---------|
|      Total     |      |      |      |  5140  ||  15.88  ||    90   |
|----------------|------|------|------|--------||---------||---------|



* Summary:
+-----------+--------+--------+--------+
|           |  Delay |   FF   |   LUT  |
+-----------+--------+--------+--------+
|  Function |    -   |  4640  |  3049  |
|   Memory  |    -   |    -   |    -   |
|Multiplexer|   15   |    -   |   90   |
|  Register |    -   |  7255  |    -   |
+-----------+--------+--------+--------+
|   Total   |   15   |  11895 |  3139  |
+-----------+--------+--------+--------+
