INFO: [SIM 2] *************** CSIM start ***************
INFO: [SIM 4] CSIM will launch GCC as the compiler.
   Compiling ../../../../rsa.cpp in debug mode
   Generating csim.exe
The 256-bit N in decimal is: 40633
The 256-bit d in decimal is: 40077
The 256-bit y in decimal is: 8454
The 256-bit x in decimal is: 5187
The 256-bit y in decimal is: 16488
The 256-bit x in decimal is: 16433
The 256-bit y in decimal is: 12710
The 256-bit x in decimal is: 26493
The 256-bit y in decimal is: 26783
The 256-bit x in decimal is: 6009
The 256-bit y in decimal is: 27559
The 256-bit x in decimal is: 8558
The 256-bit y in decimal is: 6096
The 256-bit x in decimal is: 2517
The 256-bit y in decimal is: 5024
The 256-bit x in decimal is: 17827
The 256-bit y in decimal is: 10316
The 256-bit x in decimal is: 31005
The 256-bit y in decimal is: 28680
The 256-bit x in decimal is: 26522
The 256-bit y in decimal is: 16391
The 256-bit x in decimal is: 528
The 256-bit y in decimal is: 35427
The 256-bit x in decimal is: 6547
The 256-bit y in decimal is: 36658
The 256-bit x in decimal is: 38752
The 256-bit y in decimal is: 38426
The 256-bit x in decimal is: 31238
The 256-bit y in decimal is: 21682
The 256-bit x in decimal is: 35386
The 256-bit y in decimal is: 13495
The 256-bit x in decimal is: 19885
The 256-bit y in decimal is: 27227
The 256-bit x in decimal is: 28428
The 256-bit y in decimal is: 6954
The 256-bit x in decimal is: 17568
The 256-bit y in decimal is: 31897
The 256-bit x in decimal is: 26533
The 256-bit y in decimal is: 32280
The 256-bit x in decimal is: 25251
The 256-bit y in decimal is: 11984
The 256-bit x in decimal is: 23761
The 256-bit y in decimal is: 30916
The 256-bit x in decimal is: 24244
The 256-bit y in decimal is: 38315
The 256-bit x in decimal is: 13292
The 256-bit y in decimal is: 30459
The 256-bit x in decimal is: 17064
The 256-bit y in decimal is: 30244
The 256-bit x in decimal is: 14286
The 256-bit y in decimal is: 10501
The 256-bit x in decimal is: 12160
The 256-bit y in decimal is: 7603
The 256-bit x in decimal is: 13061
The 256-bit y in decimal is: 20190
The 256-bit x in decimal is: 40005
The 256-bit y in decimal is: 8316
The 256-bit x in decimal is: 30280
The 256-bit y in decimal is: 4188
The 256-bit x in decimal is: 136
The 256-bit y in decimal is: 40617
The 256-bit x in decimal is: 5188
The 256-bit y in decimal is: 13974
The 256-bit x in decimal is: 38770
The 256-bit y in decimal is: 744
The 256-bit x in decimal is: 35551
The 256-bit y in decimal is: 3847
The 256-bit x in decimal is: 18902
The 256-bit y in decimal is: 27468
The 256-bit x in decimal is: 22701
The 256-bit y in decimal is: 6823
The 256-bit x in decimal is: 1763
The 256-bit y in decimal is: 10107
The 256-bit x in decimal is: 16481
The 256-bit y in decimal is: 35414
The 256-bit x in decimal is: 3471
The 256-bit y in decimal is: 36316
The 256-bit x in decimal is: 39228
The 256-bit y in decimal is: 12177
The 256-bit x in decimal is: 38323
The 256-bit y in decimal is: 23235
The 256-bit x in decimal is: 22513
The 256-bit y in decimal is: 17671
The 256-bit x in decimal is: 28632
The 256-bit y in decimal is: 12895
The 256-bit x in decimal is: 21156
The 256-bit y in decimal is: 10871
The 256-bit x in decimal is: 5146
The 256-bit y in decimal is: 143
The 256-bit x in decimal is: 22217
The 256-bit y in decimal is: 4912
The 256-bit x in decimal is: 3101
The 256-bit y in decimal is: 27361
The 256-bit x in decimal is: 8481
The 256-bit y in decimal is: 12089
The 256-bit x in decimal is: 20572
The 256-bit y in decimal is: 17133
The 256-bit x in decimal is: 21201
The 256-bit y in decimal is: 36385
The 256-bit x in decimal is: 37993
The 256-bit y in decimal is: 8781
The 256-bit x in decimal is: 5739
The 256-bit y in decimal is: 15666
The 256-bit x in decimal is: 36894
The 256-bit y in decimal is: 21187
The 256-bit x in decimal is: 32077
The 256-bit y in decimal is: 29269
The 256-bit x in decimal is: 33125
The 256-bit y in decimal is: 889
The 256-bit x in decimal is: 27988
The 256-bit y in decimal is: 18874
The 256-bit x in decimal is: 5428
The 256-bit y in decimal is: 36611
The 256-bit x in decimal is: 22530
The 256-bit y in decimal is: 7878
The 256-bit x in decimal is: 25724
The 256-bit y in decimal is: 5921
The 256-bit x in decimal is: 24903
The 256-bit y in decimal is: 16338
The 256-bit x in decimal is: 38388
The 256-bit y in decimal is: 34366
The 256-bit x in decimal is: 27797
The 256-bit y in decimal is: 16186
The 256-bit x in decimal is: 19063
The 256-bit y in decimal is: 31745
The 256-bit x in decimal is: 17055
The 256-bit y in decimal is: 23940
The 256-bit x in decimal is: 13198
The 256-bit y in decimal is: 18579
The 256-bit x in decimal is: 29086
The 256-bit y in decimal is: 16264
The 256-bit x in decimal is: 2575
The 256-bit y in decimal is: 3453
The 256-bit x in decimal is: 8727
The 256-bit y in decimal is: 21033
The 256-bit x in decimal is: 23418
The 256-bit y in decimal is: 39118
The 256-bit x in decimal is: 32028
The 256-bit y in decimal is: 18686
The 256-bit x in decimal is: 27403
The 256-bit y in decimal is: 6126
The 256-bit x in decimal is: 25985
The 256-bit y in decimal is: 29432
The 256-bit x in decimal is: 3669
The 256-bit y in decimal is: 37250
The 256-bit x in decimal is: 14971
The 256-bit y in decimal is: 24261
The 256-bit x in decimal is: 38830
The 256-bit y in decimal is: 25411
The 256-bit x in decimal is: 37735
The 256-bit y in decimal is: 40531
The 256-bit x in decimal is: 31871
The 256-bit y in decimal is: 37511
The 256-bit x in decimal is: 30014
The 256-bit y in decimal is: 10132
The 256-bit x in decimal is: 21881
The 256-bit y in decimal is: 29470
The 256-bit x in decimal is: 35764
The 256-bit y in decimal is: 31545
The 256-bit x in decimal is: 32574
The 256-bit y in decimal is: 29695
The 256-bit x in decimal is: 5224
The 256-bit y in decimal is: 19903
The 256-bit x in decimal is: 30680
The 256-bit y in decimal is: 18253
The 256-bit x in decimal is: 23432
The 256-bit y in decimal is: 20571
The 256-bit x in decimal is: 9107
The 256-bit y in decimal is: 14128
The 256-bit x in decimal is: 35661
The 256-bit y in decimal is: 27534
The 256-bit x in decimal is: 22173
The 256-bit y in decimal is: 12200
The 256-bit x in decimal is: 20515
The 256-bit y in decimal is: 29239
The 256-bit x in decimal is: 34776
The 256-bit y in decimal is: 23358
The 256-bit x in decimal is: 27136
The 256-bit y in decimal is: 26259
The 256-bit x in decimal is: 28183
The 256-bit y in decimal is: 35438
The 256-bit x in decimal is: 1950
The 256-bit y in decimal is: 35821
The 256-bit x in decimal is: 32014
The 256-bit y in decimal is: 31924
The 256-bit x in decimal is: 37998
The 256-bit y in decimal is: 23204
The 256-bit x in decimal is: 8809
The 256-bit y in decimal is: 10288
The 256-bit x in decimal is: 14493
The 256-bit y in decimal is: 32020
The 256-bit x in decimal is: 27414
The 256-bit y in decimal is: 21218
The 256-bit x in decimal is: 4104
The 256-bit y in decimal is: 14832
The 256-bit x in decimal is: 28888
The 256-bit y in decimal is: 5401
The 256-bit x in decimal is: 3104
The 256-bit y in decimal is: 17200
The 256-bit x in decimal is: 15218
The 256-bit y in decimal is: 25473
The 256-bit x in decimal is: 8865
Comparing against output data 
*******************************************
PASS: The output matches the golden output!
*******************************************
INFO: [SIM 1] CSim done with 0 errors.
INFO: [SIM 3] *************** CSIM finish ***************
