INFO: [SIM 2] *************** CSIM start ***************
INFO: [SIM 4] CSIM will launch GCC as the compiler.
   Compiling ../../../../rsa.cpp in debug mode
   Generating csim.exe
The 128-bit p in decimal is: 170141183460469231731687303715884114527
The 128-bit q in decimal is: 170141183460469231731687303715884129803
The 256-bit N in decimal is: 28948022309329048855892746252171982556538761245875664957352818357952585948181
The 256-bit d in decimal is: 22562292743954221516990424928833252498140261243831842002347876570129901709153
The 256-bit y in decimal is: 16111952463274694639773778396085745466541191624941142610587402991468080814890
The 256-bit x in decimal is: 22773830049211559521051070049717223784714790496064433400568379371813133518640
The 256-bit y in decimal is: 1056178143603264027688684092572561003247322138242428088185419764415994600876
The 256-bit x in decimal is: 9220373638206501476252017945650516953560660793607680093226888534420962330854
The 256-bit y in decimal is: 22134539740983738118430458462814180278839941055742338869221050666700295794439
The 256-bit x in decimal is: 4320735069523424143296489077827326010970861399853682411629982728641848692785
The 256-bit y in decimal is: 16047050947627894838161239738705036758668703410189289008195837371611508734605
The 256-bit x in decimal is: 1954928119678688868745935119628486783544362953676343871687398701803189991904
The 256-bit y in decimal is: 7309581961376663992418818747494180333183365807506681322061690948644050387850
The 256-bit x in decimal is: 22548510943663764379037351505009580107052468197227859515991822427614812269361
The 256-bit y in decimal is: 20324503396575606457468145573007982660078743263602038926208228615062546811333
The 256-bit x in decimal is: 5228255652052464626428941155452647874867652492006846624641500624649749023149
The 256-bit y in decimal is: 10860156894896279155317324256638268847220861130532833138395796897087811989393
The 256-bit x in decimal is: 9107811384054857936330385602801844020758325787283659598231541710359003500660
The 256-bit y in decimal is: 19089295589626535978630514262111688417957657676755316782598438089379565420203
The 256-bit x in decimal is: 12641140868160626244430401927277217453484497213518964853911037049854926521712
The 256-bit y in decimal is: 1728747426072319382666524804513891586401846038761649154530955643112578430555
The 256-bit x in decimal is: 23274115791254456378379160447314767232178817748496706912019855096087348252190
The 256-bit y in decimal is: 13400283455235953865452530390381931432770380831207404544853819718762855048631
The 256-bit x in decimal is: 22237395799248433309426162007814545089832074128930246087180047395526369472171
The 256-bit y in decimal is: 3819995463835881483511941909313730381251863279319414912162896072295708643119
The 256-bit x in decimal is: 16190088526455503582138418460739903293310350267477010098800424911690910206919
The 256-bit y in decimal is: 21947901736602094381391197200397847973457031484744738649942249965020596825918
The 256-bit x in decimal is: 16379685483363916824730365367367539290710494635823571062614897304766041646471
The 256-bit y in decimal is: 16501430764695663453688347790847514580551497809596790742428417143380857874995
The 256-bit x in decimal is: 7902292413507490835446677992019976108452401236066598334991825686420030742932
The 256-bit y in decimal is: 8703991806977078959952521929547963468208615607503742294768330569298937486679
The 256-bit x in decimal is: 28894157272048065752092077031532634226570588167547810250857000629233172666781
The 256-bit y in decimal is: 3194945397366893881400682945451269874777001924186361700777120567977809383770
The 256-bit x in decimal is: 20534611104813834984623478881251758653038204884456389465470561571291502804316
The 256-bit y in decimal is: 15872832498028821053885017581956368395055712832944653293986815604066284723123
The 256-bit x in decimal is: 26595428496239030002388636033910940999706104407331800010783698419749243980593
The 256-bit y in decimal is: 20509333344115026532081922957124873420892644817960608012021764470217971122964
The 256-bit x in decimal is: 5545355190101667611663250960920044776748030221114684695565500765497350934317
The 256-bit y in decimal is: 1615875283180809387016213840095826038184633152294157673158445525887838189834
The 256-bit x in decimal is: 13538361921533840672953811624219278685598372986039674275598910276115274007993
The 256-bit y in decimal is: 22222932721000939967848603936679081249830668540487344267945015827954842282558
The 256-bit x in decimal is: 3363361262062712770061275995852136760191042704618444190435001538159228244929
The 256-bit y in decimal is: 10720555343723194922286108212960229184905516985387232285426492724888149020845
The 256-bit x in decimal is: 6714637711737499898621884574660390969700391580990847014759768034110790201756
The 256-bit y in decimal is: 22462679630032986460844042682980329065677538991435828032121193265499961573738
The 256-bit x in decimal is: 14318426436386717961605856452532189011663274731908348842528587774904441805806
The 256-bit y in decimal is: 11139379720533320763344165254734132230305954764933868711536377445718040150039
The 256-bit x in decimal is: 3689767983817623946849946441785589740319577322076688553898384830823182932819
The 256-bit y in decimal is: 10529457450371415160945516876918749909252431357127750799297357156211987718355
The 256-bit x in decimal is: 14465767109473181370758711555365832488341035874666526851505747269682761663973
The 256-bit y in decimal is: 25967186255455528688062996462938122484344245739590895632293267644891892959528
The 256-bit x in decimal is: 22383013220331685681093324317627960847934061172458075474886474684372506212566
The 256-bit y in decimal is: 27128321402275398803919915954337601928394829830634065189959453634884036095999
The 256-bit x in decimal is: 1190348909055719850922329727801281911727715849466262591654954317424853028220
The 256-bit y in decimal is: 7506102980330337295880466110790868588933294412880273110178604367361511671009
The 256-bit x in decimal is: 64336768556683753319777523060005659677480806565064622546815524336565205428
The 256-bit y in decimal is: 23075595586435034650566857978189445371044365363773886047780320375199074390126
The 256-bit x in decimal is: 5183856338396138414174688449644752514765988267611201535038732954181772909049
The 256-bit y in decimal is: 14159419188502536082594954110893321442754372042904503433561952461054446686726
The 256-bit x in decimal is: 10106124471384467755433852252415425885334977700343047644460854578776953578796
The 256-bit y in decimal is: 25873965485448745014373200561075095096720519173304082770046730182862592814627
The 256-bit x in decimal is: 98651944300162975695140881460780845225105975811755721644136358250908610873
The 256-bit y in decimal is: 20271482088586686558378584346874794196718973339613164790655831061588776258769
The 256-bit x in decimal is: 6664423895593451124452413554547418910000294280649561694604809607723902350564
The 256-bit y in decimal is: 5930519844730940908034425749122464161347792986819701643410344962635643220833
The 256-bit x in decimal is: 13872495357152706339517549853504187396556188513247678539513814311236622495516
The 256-bit y in decimal is: 162299379118497453013379719406726210291939735873483584248889222037588540844
The 256-bit x in decimal is: 26037538623281481005080728434599390561455709216157921228372412241374104610897
The 256-bit y in decimal is: 28117800759260555360406201878324404592780192725293766940426790108692594947128
The 256-bit x in decimal is: 21489109186554554887551979412137008688413017402630929096530530392160154354689
The 256-bit y in decimal is: 20943472590872167515424888448389859296001649103926297961410942298822453172489
The 256-bit x in decimal is: 13179744537357109368361498634842804814367319299585653831590897733194466576637
The 256-bit y in decimal is: 21259951792119748925703331963764705911279188633691606487266911618426085308246
The 256-bit x in decimal is: 3429917114699897129869177221713374614520696473925525035820746770360252393627
The 256-bit y in decimal is: 26457895671605371437461645252284483917997614966754742711539343639977336450199
The 256-bit x in decimal is: 24048303436302407652505117900689317220424558054592210029718801421601467126060
The 256-bit y in decimal is: 5370855306458972753864069499277483214079362374503197028772899371211096447425
The 256-bit x in decimal is: 26194638959844251893868829999837104746471268291131308841068212058354000697970
The 256-bit y in decimal is: 11299090429558162883867811543201217550713040098014873328368740499211605586971
The 256-bit x in decimal is: 11105958924743286967393739595982097400258021916794755831671426035002902271857
The 256-bit y in decimal is: 4945322598568789287958903321813991265631704945000292697839009201172082200508
The 256-bit x in decimal is: 21034023746737807127220103374236911372034875447913107188177522613701966981441
The 256-bit y in decimal is: 11978199062383782362177249121733342482013290006067331762167530518211353461484
The 256-bit x in decimal is: 16193922984507720367040918777429550063079376178914986067121916632637810617848
The 256-bit y in decimal is: 980250231406218158693102829458609739569875299027063570376606824899205341813
The 256-bit x in decimal is: 17059847199836155744012935472653797179906329916608062327668487043576166211391
The 256-bit y in decimal is: 11010616189387127792701425127246639758505352606049086990135620496154320304903
The 256-bit x in decimal is: 21656463790233023752504363111953026456173936190946941125856268715101389126787
The 256-bit y in decimal is: 13823041909300641216211129398163727294338991304907611595436586505362300282672
The 256-bit x in decimal is: 16800714970773029700750630568716853832019655005914249236725875711646668859224
The 256-bit y in decimal is: 26697409077525566742413788218151702870599226299987140243462594198348469608132
The 256-bit x in decimal is: 23080158377551167136485431799399074780311407910773416862207339503102740896331
The 256-bit y in decimal is: 10484951484515614062825081249225176458984941923624591640395297010887279914859
The 256-bit x in decimal is: 24942098144091139055615469873939108629974821896060922149811043490606439715640
The 256-bit y in decimal is: 2253619829337181252598127793989258877985511154176194958712954053468314498777
The 256-bit x in decimal is: 12496361456563945308205797575937807540882902415036969363832064078255147310405
The 256-bit y in decimal is: 21512777355416083889172329216752476392373541694482597278432513786199947354140
The 256-bit x in decimal is: 6169679417679902388946495796365340355835657967635979391853021882021900973761
The 256-bit y in decimal is: 13628035883537784025833659715104111450728884694252072764234429262330922966764
The 256-bit x in decimal is: 15272067988602189866376825210643599596201656990890995473193169448576089634144
The 256-bit y in decimal is: 9792943512791963640648614986614219927403182703697586238387042578801165625943
The 256-bit x in decimal is: 23154073595910838239345369121617066886781303592502158241443979935967225315865
The 256-bit y in decimal is: 28917145487367513901238481225141359635845542456324356868438349772331015343057
The 256-bit x in decimal is: 18122382124076696565405901017598596991796597673529019841210275142930800194882
The 256-bit y in decimal is: 14752370141567341726269664479115963014701889328876083117244430572845167572176
The 256-bit x in decimal is: 4314650696209746037743435721240465594788163643943616869370468773277190693932
The 256-bit y in decimal is: 12786145960745065732017643746819905818877744310614708821920061010948080599617
The 256-bit x in decimal is: 7471481338319102726355536251923479330225129135156608760706544231249999113145
The 256-bit y in decimal is: 25813540177989182386782929032294469297980147743358738148246495492426177172074
The 256-bit x in decimal is: 3482886671632991396342210629767462011958533504689050969345923330980198904902
The 256-bit y in decimal is: 18274256626700537171340125153467840227225577212875260514348553090435585163559
The 256-bit x in decimal is: 7705850666596837853485322215671621215573423065064506064234370212276431553534
The 256-bit y in decimal is: 5876888195184463869221526151469195140589272240875025116778006237150556596530
The 256-bit x in decimal is: 23974887477272717585814446304097579816310802944960875504790124837146991946266
The 256-bit y in decimal is: 7813190990715354223040780282251703963591797479417453965609549145831001345494
The 256-bit x in decimal is: 8726847589922375483445637092761847035539469906884047557023269208064661861306
The 256-bit y in decimal is: 25370928900608356107120968701706652953983715384304994086837464964170379711161
The 256-bit x in decimal is: 20966974300906307880072341097705886460686705114732661593388240776492267794547
The 256-bit y in decimal is: 22994844591771314455256617945115377989777774181858602254245366293066024529865
The 256-bit x in decimal is: 23789080623681886663584553716966520416226298704872549368789771760023683371348
The 256-bit y in decimal is: 5996051132267937353970921689290370102776194592572023623520688930679471114429
The 256-bit x in decimal is: 15423569413497458682554911262279461239230643592501267909324184330913188949758
The 256-bit y in decimal is: 27859777102050019177053441809457066233801443807723691404703108138351942112401
The 256-bit x in decimal is: 17915665594534600814257344682795565190204280180583109648986004742165060484710
The 256-bit y in decimal is: 26047739661094904858393834758773618358978784798874640355884963008036855342981
The 256-bit x in decimal is: 27649041494972288026391158759549783384794028127757036374149450932121102282392
The 256-bit y in decimal is: 13810469472159145524466335417923492342556757783080761602232307969821978029925
The 256-bit x in decimal is: 15014231065149998150103303488208082117822992695467240452916235951105743519712
The 256-bit y in decimal is: 20698107337550862802262492056892680151257074684969770136860696798974093617083
The 256-bit x in decimal is: 4431793234195247717241642172582793831637329351234097851034568811300688680441
The 256-bit y in decimal is: 16016288803620211434225391251974100415559203220330232694730328115996181073786
The 256-bit x in decimal is: 7422556138357599435377202083762248491801891361133955400115550667962623665505
The 256-bit y in decimal is: 14019145176587636294028428221247744755665132262229607433300502664847909920150
The 256-bit x in decimal is: 24660033514888157989234461444779918471740648168677902840208721548817878408008
The 256-bit y in decimal is: 2062791156781158204006929137509182504804142152206608982029524170203198691973
The 256-bit x in decimal is: 28230208761803101142946520134843081600015459003167061424618494329006536915344
The 256-bit y in decimal is: 26531566124577218217386878888002995274893497906071160924063536102724097006073
The 256-bit x in decimal is: 4902270722279922974585607199499820959318292675204319015347613238806390997481
The 256-bit y in decimal is: 23097959139604299962192586683849827977514600289343556610202880105220296539954
The 256-bit x in decimal is: 8837578960149797975120234109178670078445702538363448269429575618608694159614
The 256-bit y in decimal is: 9093757981358727912245588135315306642901716478741739504082277752885494434237
The 256-bit x in decimal is: 2358897882910940853604728655701588480050422312359198989509880147620792426943
The 256-bit y in decimal is: 6934280094431446765382942859552221217141057677575616109349732937369616687117
The 256-bit x in decimal is: 19132937479301825750963800940859595548266770879990911202709303369412263023824
The 256-bit y in decimal is: 12469037375253283283457069792821374202157438435164479007288025990895970053567
The 256-bit x in decimal is: 28934514144997190070948607791331792088243707680709001116295933531926678845583
The 256-bit y in decimal is: 5237197993893026481520091433432419864799600315558455732471011533813055696887
The 256-bit x in decimal is: 31143330027204369453697025786192260834323447273109856620219226993319826810
The 256-bit y in decimal is: 6686394270472860406221340576829616336162921270165824226837085136136014627711
The 256-bit x in decimal is: 21103973088886548108151141560561625058062047883033754775690817990303554989191
The 256-bit y in decimal is: 11841574989275964598019495072279911900758651855797130936350810074355437287083
The 256-bit x in decimal is: 222530288676875421352264706371625950387983723845325041376350772425818295888
The 256-bit y in decimal is: 7624374247437810651802144012745851451222111308518482292252733429255254466231
The 256-bit x in decimal is: 14568516337273555732386713872360614147839046033617602892747505496785984907628
The 256-bit y in decimal is: 26846186265455839976645197795043535117149086937695710523952119283586369393552
The 256-bit x in decimal is: 27609417729954012208964460537832065928682065728078793531278385458315747617572
The 256-bit y in decimal is: 14375114731298739529989286249804729947980716304891309482412223155138510800883
The 256-bit x in decimal is: 249085159741587512974876485881970132810264109833748260682318925414093935556
The 256-bit y in decimal is: 27808942206996734334037156242897764944056166062153578315392877424879854211217
The 256-bit x in decimal is: 20688225062770802058212243847675448222439863835504527863663180112718719797746
The 256-bit y in decimal is: 22893348292417929611585432306345127804896613224021437340543007447506409909500
The 256-bit x in decimal is: 6663242687542447375725330853681480512621930729792248154105944079742353471387
The 256-bit y in decimal is: 16152098830710748311193186098919192176268378196868320283139592311866199901349
The 256-bit x in decimal is: 17876639730384126690216198283980242724644231411282294158989899068570291868150
The 256-bit y in decimal is: 27894861627319554999885480284563908278194615841365808629265346853763351207628
The 256-bit x in decimal is: 14964039725480270182049493117542731153223647334801204516716115234368094275558
The 256-bit y in decimal is: 27635658596370310466645442910654307974636210280514593774480390049311269666239
The 256-bit x in decimal is: 21259720320057144177620474148483284014432896766059463423128761403505679339223
The 256-bit y in decimal is: 16671036282002912424813910232866252274714694528226297742234608515851598821532
The 256-bit x in decimal is: 12668856199707352569010668465035282188120279765290058023378726327807539750607
The 256-bit y in decimal is: 3503680512264851889970558441452371749804433165041124203346432513969082129123
The 256-bit x in decimal is: 8178797118695478162433945216070801716402645764611179342413339596843509046161
The 256-bit y in decimal is: 7612044781839392285901020464250122644797450745117378078969653833495251987383
The 256-bit x in decimal is: 6726652590399442831568805549286443341718936534216561165075654925228304455015
The 256-bit y in decimal is: 23299789606972111282217387831708375322998182460749536347127239691155303403165
The 256-bit x in decimal is: 23418425464500814980965044775456550129816851676113994236680589269705067754223
The 256-bit y in decimal is: 2575184296260338919662641584253811580306745295296193080783906739472625098425
The 256-bit x in decimal is: 8655755041227737760777908968311120784431998378586226235367685138062649327506
The 256-bit y in decimal is: 9140157390260648302528359635862222414769939042838030994407281798991891640233
The 256-bit x in decimal is: 18257379038035779611935636524033052272749348796092798823218657405822670949171
The 256-bit y in decimal is: 13779909971344887225323051796670089618147415318116944804981775677760277430792
The 256-bit x in decimal is: 5016147264665557366121058719681664938527192460815187783681788782409496394738
The 256-bit y in decimal is: 19510666019468895495330921847074320954705104739551928747196802794131850030319
The 256-bit x in decimal is: 25757651201164003267591145073460174964952403123945573040042009221985464241430
The 256-bit y in decimal is: 26566808048376162612951126887797425164669683837538279657674697916410110278010
The 256-bit x in decimal is: 21416506935222789506401874378689630526305172393652923048444884539150492942492
The 256-bit y in decimal is: 20294803458007258911607024130106755345619609107999264668541667033500232452383
The 256-bit x in decimal is: 15365656746779761808282982068574776880972618535537736768348891818586205779079
The 256-bit y in decimal is: 7420825491816324461512743965550164730029871704126295590207300387639268350284
The 256-bit x in decimal is: 9785122739485694856976348184014610460643281323777892655043241634731057433797
The 256-bit y in decimal is: 24778448029574303103918806114179534588268946138302996113573833895472070784565
The 256-bit x in decimal is: 5127665545595900099589152720177705945287420383976042380278117444492612414844
The 256-bit y in decimal is: 21000985202881835500845232118367956856468328405765383845830834212585484593353
The 256-bit x in decimal is: 26186761893806036660810210528634075611915757900206869220340569481051136237054
The 256-bit y in decimal is: 12896928460947611281831452563381398891450262156752753806141395394310191611955
The 256-bit x in decimal is: 377283828973702231781204182687619170521716243377218479735470577059567041611
The 256-bit y in decimal is: 538853735200834396182042476331592115339783034809100801666478335877224304192
The 256-bit x in decimal is: 28011410951943139947131468715048810575050502941839816752208455454287939895663
The 256-bit y in decimal is: 14527176816924136870144577318752418392857952368202209077159721533678939083650
The 256-bit x in decimal is: 24204639161277260159566543894890292257671624660857133081085967532674845359634
The 256-bit y in decimal is: 28371383168839101358185327412713121471820873076264748105279903147922995649656
The 256-bit x in decimal is: 17145770701184276270484874929675525494841359528554191333039762102816814188160
The 256-bit y in decimal is: 19531443650376635722532026142465048152136917394864376787056064827172841803596
The 256-bit x in decimal is: 3310977031355866920560863305682951565412055105736457045899082239101954607447
Comparing against output data 
*******************************************
PASS: The output matches the golden output!
*******************************************
INFO: [SIM 1] CSim done with 0 errors.
INFO: [SIM 3] *************** CSIM finish ***************
