

================================================================
== Vitis HLS Report for 'Montgomery_Pipeline_Montgomery'
================================================================
<<<<<<< HEAD:rsa_optimized2/rsa_opt2_hls/solution1/.autopilot/db/Montgomery_Pipeline_Montgomery.verbose.rpt
* Date:           Thu Dec  5 17:01:35 2024
=======
* Date:           Thu Dec 12 16:52:59 2024
>>>>>>> origin/branch2:rsa_optimized2/baseline/solution1/.autopilot/db/Montgomery_Pipeline_Montgomery.verbose.rpt

* Version:        2022.2 (Build 3670227 on Oct 13 2022)
* Project:        rsa_opt2_hls
* Solution:       solution1 (Vivado IP Flow Target)
* Product family: zynq
* Target device:  xc7z020-clg400-1


================================================================
== Performance Estimates
================================================================
+ Timing: 
    * Summary: 
    +--------+----------+----------+------------+
    |  Clock |  Target  | Estimated| Uncertainty|
    +--------+----------+----------+------------+
    |ap_clk  |  10.00 ns|  6.584 ns|     2.70 ns|
    +--------+----------+----------+------------+

+ Latency: 
    * Summary: 
    +---------+---------+-----------+-----------+------+------+---------+
    |  Latency (cycles) |   Latency (absolute)  |   Interval  | Pipeline|
    |   min   |   max   |    min    |    max    |  min |  max |   Type  |
    +---------+---------+-----------+-----------+------+------+---------+
    |     1026|     1026|  10.260 us|  10.260 us|  1026|  1026|       no|
    +---------+---------+-----------+-----------+------+------+---------+

    + Detail: 
        * Instance: 
        N/A

        * Loop: 
        +--------------+---------+---------+----------+-----------+-----------+------+----------+
        |              |  Latency (cycles) | Iteration|  Initiation Interval  | Trip |          |
        |   Loop Name  |   min   |   max   |  Latency |  achieved |   target  | Count| Pipelined|
        +--------------+---------+---------+----------+-----------+-----------+------+----------+
        |- Montgomery  |     1024|     1024|         4|          4|          4|   256|       yes|
        +--------------+---------+---------+----------+-----------+-----------+------+----------+



================================================================
== Utilization Estimates
================================================================
* Summary: 
+-----------------+---------+-----+--------+-------+-----+
|       Name      | BRAM_18K| DSP |   FF   |  LUT  | URAM|
+-----------------+---------+-----+--------+-------+-----+
|DSP              |        -|    -|       -|      -|    -|
|Expression       |        -|    -|       0|    542|    -|
|FIFO             |        -|    -|       -|      -|    -|
|Instance         |        -|    -|    1160|    264|    -|
|Memory           |        -|    -|       -|      -|    -|
|Multiplexer      |        -|    -|       -|     88|    -|
|Register         |        -|    -|    1814|      -|    -|
+-----------------+---------+-----+--------+-------+-----+
|Total            |        0|    0|    2974|    894|    0|
+-----------------+---------+-----+--------+-------+-----+
|Available        |      280|  220|  106400|  53200|    0|
+-----------------+---------+-----+--------+-------+-----+
|Utilization (%)  |        0|    0|       2|      1|    0|
+-----------------+---------+-----+--------+-------+-----+

+ Detail: 
    * Instance: 
    +----------------------------+-------------------------+---------+----+-----+-----+-----+
    |          Instance          |          Module         | BRAM_18K| DSP|  FF | LUT | URAM|
    +----------------------------+-------------------------+---------+----+-----+-----+-----+
    |add_258ns_258ns_258_2_1_U5  |add_258ns_258ns_258_2_1  |        0|   0|  580|  132|    0|
    |add_258ns_258ns_258_2_1_U6  |add_258ns_258ns_258_2_1  |        0|   0|  580|  132|    0|
    +----------------------------+-------------------------+---------+----+-----+-----+-----+
    |Total                       |                         |        0|   0| 1160|  264|    0|
    +----------------------------+-------------------------+---------+----+-----+-----+-----+

    * DSP: 
    N/A

    * Memory: 
    N/A

    * FIFO: 
    N/A

    * Expression: 
    +-----------------------+----------+----+---+-----+------------+------------+
    |     Variable Name     | Operation| DSP| FF| LUT | Bitwidth P0| Bitwidth P1|
    +-----------------------+----------+----+---+-----+------------+------------+
    |i_5_fu_115_p2          |         +|   0|  0|   14|           9|           1|
    |icmp_ln22_fu_109_p2    |      icmp|   0|  0|   11|           9|          10|
    |m_V_3_fu_145_p3        |    select|   0|  0|  258|           1|         258|
    |select_ln27_fu_199_p3  |    select|   0|  0|  257|           1|         257|
    |ap_enable_pp0          |       xor|   0|  0|    2|           1|           2|
    +-----------------------+----------+----+---+-----+------------+------------+
    |Total                  |          |   0|  0|  542|          21|         528|
    +-----------------------+----------+----+---+-----+------------+------------+

    * Multiplexer: 
    +-----------------------------+----+-----------+-----+-----------+
    |             Name            | LUT| Input Size| Bits| Total Bits|
    +-----------------------------+----+-----------+-----+-----------+
    |ap_NS_fsm                    |  25|          5|    1|          5|
    |ap_done_int                  |   9|          2|    1|          2|
    |ap_enable_reg_pp0_iter0      |   9|          2|    1|          2|
    |ap_enable_reg_pp0_iter0_reg  |   9|          2|    1|          2|
    |ap_enable_reg_pp0_iter1      |   9|          2|    1|          2|
    |empty_fu_54                  |   9|          2|  256|        512|
    |i_02_fu_50                   |   9|          2|    9|         18|
    |m_V_fu_46                    |   9|          2|  257|        514|
    +-----------------------------+----+-----------+-----+-----------+
    |Total                        |  88|         19|  527|       1057|
    +-----------------------------+----+-----------+-----+-----------+

    * Register: 
    +-----------------------------+-----+----+-----+-----------+
    |             Name            |  FF | LUT| Bits| Const Bits|
    +-----------------------------+-----+----+-----+-----------+
    |ap_CS_fsm                    |    4|   0|    4|          0|
    |ap_done_reg                  |    1|   0|    1|          0|
    |ap_enable_reg_pp0_iter0_reg  |    1|   0|    1|          0|
    |ap_enable_reg_pp0_iter1      |    1|   0|    1|          0|
    |empty_fu_54                  |  256|   0|  256|          0|
    |i_02_fu_50                   |    9|   0|    9|          0|
    |m_V_2_reg_255                |  258|   0|  258|          0|
    |m_V_fu_46                    |  257|   0|  257|          0|
    |tmp_1_reg_270                |  257|   0|  257|          0|
    |trunc_ln1497_1_reg_265       |    1|   0|    1|          0|
    |zext_ln1495_cast_reg_236     |  256|   0|  258|          2|
    |zext_ln186_cast_reg_241      |  256|   0|  258|          2|
    |zext_ln22_reg_249            |  257|   0|  258|          1|
    +-----------------------------+-----+----+-----+-----------+
    |Total                        | 1814|   0| 1819|          5|
    +-----------------------------+-----+----+-----+-----------+



================================================================
== Interface
================================================================
* Summary: 
+----------------+-----+-----+------------+--------------------------------+--------------+
|    RTL Ports   | Dir | Bits|  Protocol  |          Source Object         |    C Type    |
+----------------+-----+-----+------------+--------------------------------+--------------+
|ap_clk          |   in|    1|  ap_ctrl_hs|  Montgomery_Pipeline_Montgomery|  return value|
|ap_rst          |   in|    1|  ap_ctrl_hs|  Montgomery_Pipeline_Montgomery|  return value|
|ap_start        |   in|    1|  ap_ctrl_hs|  Montgomery_Pipeline_Montgomery|  return value|
|ap_done         |  out|    1|  ap_ctrl_hs|  Montgomery_Pipeline_Montgomery|  return value|
|ap_idle         |  out|    1|  ap_ctrl_hs|  Montgomery_Pipeline_Montgomery|  return value|
|ap_ready        |  out|    1|  ap_ctrl_hs|  Montgomery_Pipeline_Montgomery|  return value|
|a               |   in|  256|     ap_none|                               a|        scalar|
|zext_ln186      |   in|  256|     ap_none|                      zext_ln186|        scalar|
|zext_ln1495     |   in|  256|     ap_none|                     zext_ln1495|        scalar|
|m_V_out         |  out|  257|      ap_vld|                         m_V_out|       pointer|
|m_V_out_ap_vld  |  out|    1|      ap_vld|                         m_V_out|       pointer|
+----------------+-----+-----+------------+--------------------------------+--------------+

============================================================
+ Verbose Summary: Synthesis Manager
============================================================
InlineROM: 1
ExposeGlobal: 0
============================================================
+ Verbose Summary: CDFG Model
============================================================
IsTopModel: 0
ResetActiveHigh: 1
IsCombinational: 2
IsDatapathOnly: 2
HasWiredReturn: 1
HasMFsm: 2
HasVarLatency: 1
IsPipeline: 0
IsRtlPipelined: 0
IsInstanceOverlapped: 1
IsDontTouch: 0
HasImplIP: 0
IsGatedGlobalClock: 0

+ Individual pipeline summary: 
  * Pipeline-0: initiation interval (II) = 4, depth = 5


============================================================
+ Verbose Summary: Schedule
============================================================
* Number of FSM states : 5
* Pipeline : 1
  Pipeline-0 : II = 4, D = 5, States = { 1 2 3 4 5 }
* Dataflow Pipeline: 0

* FSM state transitions: 
1 --> 2 
2 --> 3 
3 --> 4 
4 --> 5 
5 --> 

* FSM state operations: 

State 1 <SV = 0> <Delay = 1.58>
ST_1 : Operation 7 [1/1] (0.00ns)   --->   "%m_V = alloca i32 1"   --->   Operation 7 'alloca' 'm_V' <Predicate = true> <Delay = 0.00>
ST_1 : Operation 8 [1/1] (0.00ns)   --->   "%i_02 = alloca i32 1"   --->   Operation 8 'alloca' 'i_02' <Predicate = true> <Delay = 0.00>
ST_1 : Operation 9 [1/1] (0.00ns)   --->   "%empty = alloca i32 1"   --->   Operation 9 'alloca' 'empty' <Predicate = true> <Delay = 0.00>
ST_1 : Operation 10 [1/1] (0.00ns)   --->   "%zext_ln1495_read = read i256 @_ssdm_op_Read.ap_auto.i256, i256 %zext_ln1495"   --->   Operation 10 'read' 'zext_ln1495_read' <Predicate = true> <Delay = 0.00>
ST_1 : Operation 11 [1/1] (0.00ns)   --->   "%zext_ln186_read = read i256 @_ssdm_op_Read.ap_auto.i256, i256 %zext_ln186"   --->   Operation 11 'read' 'zext_ln186_read' <Predicate = true> <Delay = 0.00>
ST_1 : Operation 12 [1/1] (0.00ns)   --->   "%a_read = read i256 @_ssdm_op_Read.ap_auto.i256, i256 %a"   --->   Operation 12 'read' 'a_read' <Predicate = true> <Delay = 0.00>
ST_1 : Operation 13 [1/1] (0.00ns)   --->   "%zext_ln1495_cast = zext i256 %zext_ln1495_read"   --->   Operation 13 'zext' 'zext_ln1495_cast' <Predicate = true> <Delay = 0.00>
ST_1 : Operation 14 [1/1] (0.00ns)   --->   "%zext_ln186_cast = zext i256 %zext_ln186_read"   --->   Operation 14 'zext' 'zext_ln186_cast' <Predicate = true> <Delay = 0.00>
ST_1 : Operation 15 [1/1] (1.58ns)   --->   "%store_ln0 = store i256 %a_read, i256 %empty"   --->   Operation 15 'store' 'store_ln0' <Predicate = true> <Delay = 1.58>
ST_1 : Operation 16 [1/1] (1.58ns)   --->   "%store_ln0 = store i9 0, i9 %i_02"   --->   Operation 16 'store' 'store_ln0' <Predicate = true> <Delay = 1.58>
ST_1 : Operation 17 [1/1] (1.58ns)   --->   "%store_ln0 = store i257 0, i257 %m_V"   --->   Operation 17 'store' 'store_ln0' <Predicate = true> <Delay = 1.58>
ST_1 : Operation 18 [1/1] (0.00ns)   --->   "%br_ln0 = br void %for.body"   --->   Operation 18 'br' 'br_ln0' <Predicate = true> <Delay = 0.00>

State 2 <SV = 1> <Delay = 3.44>
ST_2 : Operation 19 [1/1] (0.00ns)   --->   "%i = load i9 %i_02" [rsa.cpp:22]   --->   Operation 19 'load' 'i' <Predicate = true> <Delay = 0.00>
ST_2 : Operation 20 [1/1] (1.66ns)   --->   "%icmp_ln22 = icmp_eq  i9 %i, i9 256" [rsa.cpp:22]   --->   Operation 20 'icmp' 'icmp_ln22' <Predicate = true> <Delay = 1.66> <CoreInst = "Cmp">   --->   Core 9 'Cmp' <Latency = 0> <II = 1> <Delay = 1.77> <FuncUnit> <Opcode : 'icmp'> <InPorts = 2> <OutPorts = 1>
ST_2 : Operation 21 [1/1] (0.00ns)   --->   "%empty_23 = speclooptripcount i32 @_ssdm_op_SpecLoopTripCount, i64 256, i64 256, i64 256"   --->   Operation 21 'speclooptripcount' 'empty_23' <Predicate = true> <Delay = 0.00>
ST_2 : Operation 22 [1/1] (1.82ns)   --->   "%i_5 = add i9 %i, i9 1" [rsa.cpp:22]   --->   Operation 22 'add' 'i_5' <Predicate = true> <Delay = 1.82> <CoreInst = "Adder">   --->   Core 1 'Adder' <Latency = 0> <II = 1> <Delay = 1.82> <FuncUnit> <Opcode : 'add' 'sub'> <InPorts = 2> <OutPorts = 1>
ST_2 : Operation 23 [1/1] (0.00ns)   --->   "%br_ln22 = br i1 %icmp_ln22, void %for.body.split, void %for.end.exitStub" [rsa.cpp:22]   --->   Operation 23 'br' 'br_ln22' <Predicate = true> <Delay = 0.00>
ST_2 : Operation 24 [1/1] (0.00ns)   --->   "%m_V_load_2 = load i257 %m_V" [rsa.cpp:22]   --->   Operation 24 'load' 'm_V_load_2' <Predicate = (!icmp_ln22)> <Delay = 0.00>
ST_2 : Operation 25 [1/1] (0.00ns)   --->   "%zext_ln22 = zext i257 %m_V_load_2" [rsa.cpp:22]   --->   Operation 25 'zext' 'zext_ln22' <Predicate = (!icmp_ln22)> <Delay = 0.00>
ST_2 : Operation 26 [2/2] (3.44ns)   --->   "%m_V_2 = add i258 %zext_ln22, i258 %zext_ln186_cast"   --->   Operation 26 'add' 'm_V_2' <Predicate = (!icmp_ln22)> <Delay = 3.44> <CoreInst = "Adder">   --->   Core 1 'Adder' <Latency = 1> <II = 1> <Delay = 3.44> <FuncUnit> <Opcode : 'add' 'sub'> <InPorts = 2> <OutPorts = 1>
ST_2 : Operation 27 [1/1] (1.58ns)   --->   "%store_ln22 = store i9 %i_5, i9 %i_02" [rsa.cpp:22]   --->   Operation 27 'store' 'store_ln22' <Predicate = (!icmp_ln22)> <Delay = 1.58>
ST_2 : Operation 45 [1/1] (0.00ns)   --->   "%m_V_load = load i257 %m_V"   --->   Operation 45 'load' 'm_V_load' <Predicate = (icmp_ln22)> <Delay = 0.00>
ST_2 : Operation 46 [1/1] (0.00ns)   --->   "%write_ln0 = write void @_ssdm_op_Write.ap_auto.i257P0A, i257 %m_V_out, i257 %m_V_load"   --->   Operation 46 'write' 'write_ln0' <Predicate = (icmp_ln22)> <Delay = 0.00>
ST_2 : Operation 47 [1/1] (0.00ns)   --->   "%ret_ln0 = ret"   --->   Operation 47 'ret' 'ret_ln0' <Predicate = (icmp_ln22)> <Delay = 0.00>

State 3 <SV = 2> <Delay = 3.44>
ST_3 : Operation 28 [1/2] (3.44ns)   --->   "%m_V_2 = add i258 %zext_ln22, i258 %zext_ln186_cast"   --->   Operation 28 'add' 'm_V_2' <Predicate = true> <Delay = 3.44> <CoreInst = "Adder">   --->   Core 1 'Adder' <Latency = 1> <II = 1> <Delay = 3.44> <FuncUnit> <Opcode : 'add' 'sub'> <InPorts = 2> <OutPorts = 1>

State 4 <SV = 3> <Delay = 4.99>
ST_4 : Operation 29 [1/1] (0.00ns)   --->   "%p_load = load i256 %empty"   --->   Operation 29 'load' 'p_load' <Predicate = true> <Delay = 0.00>
ST_4 : Operation 30 [1/1] (0.00ns)   --->   "%trunc_ln1497 = trunc i256 %p_load"   --->   Operation 30 'trunc' 'trunc_ln1497' <Predicate = true> <Delay = 0.00>
ST_4 : Operation 31 [1/1] (1.55ns)   --->   "%m_V_3 = select i1 %trunc_ln1497, i258 %m_V_2, i258 %zext_ln22" [rsa.cpp:24]   --->   Operation 31 'select' 'm_V_3' <Predicate = true> <Delay = 1.55> <CoreInst = "Sel">   --->   Core 73 'Sel' <Latency = 0> <II = 1> <Delay = 1.55> <FuncUnit> <Opcode : 'select'> <InPorts = 3> <OutPorts = 1>
ST_4 : Operation 32 [1/1] (0.00ns)   --->   "%trunc_ln1497_1 = trunc i258 %m_V_3"   --->   Operation 32 'trunc' 'trunc_ln1497_1' <Predicate = true> <Delay = 0.00>
ST_4 : Operation 33 [2/2] (3.44ns)   --->   "%m_V_4 = add i258 %m_V_3, i258 %zext_ln1495_cast"   --->   Operation 33 'add' 'm_V_4' <Predicate = true> <Delay = 3.44> <CoreInst = "Adder">   --->   Core 1 'Adder' <Latency = 1> <II = 1> <Delay = 3.44> <FuncUnit> <Opcode : 'add' 'sub'> <InPorts = 2> <OutPorts = 1>
ST_4 : Operation 34 [1/1] (0.00ns)   --->   "%tmp_1 = partselect i257 @_ssdm_op_PartSelect.i257.i258.i32.i32, i258 %m_V_3, i32 1, i32 257"   --->   Operation 34 'partselect' 'tmp_1' <Predicate = true> <Delay = 0.00>
ST_4 : Operation 35 [1/1] (0.00ns)   --->   "%r_V = partselect i255 @_ssdm_op_PartSelect.i255.i256.i32.i32, i256 %p_load, i32 1, i32 255"   --->   Operation 35 'partselect' 'r_V' <Predicate = true> <Delay = 0.00>
ST_4 : Operation 36 [1/1] (0.00ns)   --->   "%zext_ln1669 = zext i255 %r_V"   --->   Operation 36 'zext' 'zext_ln1669' <Predicate = true> <Delay = 0.00>
ST_4 : Operation 37 [1/1] (1.58ns)   --->   "%store_ln22 = store i256 %zext_ln1669, i256 %empty" [rsa.cpp:22]   --->   Operation 37 'store' 'store_ln22' <Predicate = true> <Delay = 1.58>

State 5 <SV = 4> <Delay = 6.58>
ST_5 : Operation 38 [1/1] (0.00ns)   --->   "%specpipeline_ln23 = specpipeline void @_ssdm_op_SpecPipeline, i32 4, i32 0, i32 0, i32 0, void @empty_0" [rsa.cpp:23]   --->   Operation 38 'specpipeline' 'specpipeline_ln23' <Predicate = true> <Delay = 0.00>
ST_5 : Operation 39 [1/1] (0.00ns)   --->   "%specloopname_ln1633 = specloopname void @_ssdm_op_SpecLoopName, void @empty_10"   --->   Operation 39 'specloopname' 'specloopname_ln1633' <Predicate = true> <Delay = 0.00>
ST_5 : Operation 40 [1/2] (3.44ns)   --->   "%m_V_4 = add i258 %m_V_3, i258 %zext_ln1495_cast"   --->   Operation 40 'add' 'm_V_4' <Predicate = true> <Delay = 3.44> <CoreInst = "Adder">   --->   Core 1 'Adder' <Latency = 1> <II = 1> <Delay = 3.44> <FuncUnit> <Opcode : 'add' 'sub'> <InPorts = 2> <OutPorts = 1>
ST_5 : Operation 41 [1/1] (0.00ns)   --->   "%tmp = partselect i257 @_ssdm_op_PartSelect.i257.i258.i32.i32, i258 %m_V_4, i32 1, i32 257"   --->   Operation 41 'partselect' 'tmp' <Predicate = (trunc_ln1497_1)> <Delay = 0.00>
ST_5 : Operation 42 [1/1] (1.55ns)   --->   "%select_ln27 = select i1 %trunc_ln1497_1, i257 %tmp, i257 %tmp_1" [rsa.cpp:27]   --->   Operation 42 'select' 'select_ln27' <Predicate = true> <Delay = 1.55> <CoreInst = "Sel">   --->   Core 73 'Sel' <Latency = 0> <II = 1> <Delay = 1.55> <FuncUnit> <Opcode : 'select'> <InPorts = 3> <OutPorts = 1>
ST_5 : Operation 43 [1/1] (1.58ns)   --->   "%store_ln22 = store i257 %select_ln27, i257 %m_V" [rsa.cpp:22]   --->   Operation 43 'store' 'store_ln22' <Predicate = true> <Delay = 1.58>
ST_5 : Operation 44 [1/1] (0.00ns)   --->   "%br_ln22 = br void %for.body" [rsa.cpp:22]   --->   Operation 44 'br' 'br_ln22' <Predicate = true> <Delay = 0.00>


============================================================
+ Verbose Summary: Binding
============================================================
STG Binding: 
---------------- STG Properties BEGIN ----------------
- Is combinational: 0
- Is one-state seq: 0
- Is datapath-only: 0
- Is pipelined: 0
- Is top level: 0
Port [ Return ] is wired: 1; IO mode=ap_ctrl_hs:ce=0
Port [ a]:  wired=1; compound=0; hidden=0; nouse=0; global=0; static=0; extern=0; dir=0; type=0; pingpong=0; private_global=0; IO mode=ap_none:ce=0
Port [ zext_ln186]:  wired=1; compound=0; hidden=0; nouse=0; global=0; static=0; extern=0; dir=0; type=0; pingpong=0; private_global=0; IO mode=ap_none:ce=0
Port [ zext_ln1495]:  wired=1; compound=0; hidden=0; nouse=0; global=0; static=0; extern=0; dir=0; type=0; pingpong=0; private_global=0; IO mode=ap_none:ce=0
Port [ m_V_out]:  wired=1; compound=0; hidden=0; nouse=0; global=0; static=0; extern=0; dir=1; type=0; pingpong=0; private_global=0; IO mode=ap_vld:ce=0
---------------- STG Properties END ------------------

---------------- Datapath Model BEGIN ----------------

<LifeTime>
<method=bitvector/>
m_V                 (alloca           ) [ 011111]
i_02                (alloca           ) [ 011000]
empty               (alloca           ) [ 011110]
zext_ln1495_read    (read             ) [ 000000]
zext_ln186_read     (read             ) [ 000000]
a_read              (read             ) [ 000000]
zext_ln1495_cast    (zext             ) [ 011111]
zext_ln186_cast     (zext             ) [ 001100]
store_ln0           (store            ) [ 000000]
store_ln0           (store            ) [ 000000]
store_ln0           (store            ) [ 000000]
br_ln0              (br               ) [ 000000]
i                   (load             ) [ 000000]
icmp_ln22           (icmp             ) [ 001000]
empty_23            (speclooptripcount) [ 000000]
i_5                 (add              ) [ 000000]
br_ln22             (br               ) [ 000000]
m_V_load_2          (load             ) [ 000000]
zext_ln22           (zext             ) [ 000110]
store_ln22          (store            ) [ 000000]
m_V_2               (add              ) [ 000010]
p_load              (load             ) [ 000000]
trunc_ln1497        (trunc            ) [ 000000]
m_V_3               (select           ) [ 010001]
trunc_ln1497_1      (trunc            ) [ 010001]
tmp_1               (partselect       ) [ 010001]
r_V                 (partselect       ) [ 000000]
zext_ln1669         (zext             ) [ 000000]
store_ln22          (store            ) [ 000000]
specpipeline_ln23   (specpipeline     ) [ 000000]
specloopname_ln1633 (specloopname     ) [ 000000]
m_V_4               (add              ) [ 000000]
tmp                 (partselect       ) [ 000000]
select_ln27         (select           ) [ 000000]
store_ln22          (store            ) [ 000000]
br_ln22             (br               ) [ 000000]
m_V_load            (load             ) [ 000000]
write_ln0           (write            ) [ 000000]
ret_ln0             (ret              ) [ 000000]
</LifeTime>

<model>

<comp_list>
<comp id="0" class="1000" name="a">
<pin_list>
<pin id="1" dir="1" index="0" bw="1" slack="0"/>
</pin_list>
<bind>
<StgValue><ssdm name="a"/></StgValue>
</bind>
</comp>

<comp id="2" class="1000" name="zext_ln186">
<pin_list>
<pin id="3" dir="1" index="0" bw="1" slack="0"/>
</pin_list>
<bind>
<StgValue><ssdm name="zext_ln186"/></StgValue>
</bind>
</comp>

<comp id="4" class="1000" name="zext_ln1495">
<pin_list>
<pin id="5" dir="1" index="0" bw="1" slack="0"/>
</pin_list>
<bind>
<StgValue><ssdm name="zext_ln1495"/></StgValue>
</bind>
</comp>

<comp id="6" class="1000" name="m_V_out">
<pin_list>
<pin id="7" dir="1" index="0" bw="1" slack="0"/>
</pin_list>
<bind>
<StgValue><ssdm name="m_V_out"/></StgValue>
</bind>
</comp>

<comp id="8" class="1001" name="const_8">
<pin_list>
<pin id="9" dir="1" index="0" bw="1" slack="0"/>
</pin_list>
<bind>
<StgValue><ssdm name=""/></StgValue>
</bind>
</comp>

<comp id="10" class="1001" name="const_10">
<pin_list>
<pin id="11" dir="1" index="0" bw="1" slack="0"/>
</pin_list>
<bind>
<StgValue><ssdm name="_ssdm_op_Read.ap_auto.i256"/></StgValue>
</bind>
</comp>

<comp id="12" class="1001" name="const_12">
<pin_list>
<pin id="13" dir="1" index="0" bw="1" slack="0"/>
</pin_list>
<bind>
<StgValue><ssdm name=""/></StgValue>
</bind>
</comp>

<comp id="14" class="1001" name="const_14">
<pin_list>
<pin id="15" dir="1" index="0" bw="1" slack="0"/>
</pin_list>
<bind>
<StgValue><ssdm name=""/></StgValue>
</bind>
</comp>

<comp id="16" class="1001" name="const_16">
<pin_list>
<pin id="17" dir="1" index="0" bw="1" slack="0"/>
</pin_list>
<bind>
<StgValue><ssdm name=""/></StgValue>
</bind>
</comp>

<comp id="18" class="1001" name="const_18">
<pin_list>
<pin id="19" dir="1" index="0" bw="1" slack="2147483647"/>
</pin_list>
<bind>
<StgValue><ssdm name="_ssdm_op_SpecLoopTripCount"/></StgValue>
</bind>
</comp>

<comp id="20" class="1001" name="const_20">
<pin_list>
<pin id="21" dir="1" index="0" bw="1" slack="2147483647"/>
</pin_list>
<bind>
<StgValue><ssdm name=""/></StgValue>
</bind>
</comp>

<comp id="22" class="1001" name="const_22">
<pin_list>
<pin id="23" dir="1" index="0" bw="1" slack="0"/>
</pin_list>
<bind>
<StgValue><ssdm name=""/></StgValue>
</bind>
</comp>

<comp id="24" class="1001" name="const_24">
<pin_list>
<pin id="25" dir="1" index="0" bw="1" slack="0"/>
</pin_list>
<bind>
<StgValue><ssdm name="_ssdm_op_PartSelect.i257.i258.i32.i32"/></StgValue>
</bind>
</comp>

<comp id="26" class="1001" name="const_26">
<pin_list>
<pin id="27" dir="1" index="0" bw="1" slack="0"/>
</pin_list>
<bind>
<StgValue><ssdm name=""/></StgValue>
</bind>
</comp>

<comp id="28" class="1001" name="const_28">
<pin_list>
<pin id="29" dir="1" index="0" bw="1" slack="0"/>
</pin_list>
<bind>
<StgValue><ssdm name="_ssdm_op_PartSelect.i255.i256.i32.i32"/></StgValue>
</bind>
</comp>

<comp id="30" class="1001" name="const_30">
<pin_list>
<pin id="31" dir="1" index="0" bw="1" slack="0"/>
</pin_list>
<bind>
<StgValue><ssdm name=""/></StgValue>
</bind>
</comp>

<comp id="32" class="1001" name="const_32">
<pin_list>
<pin id="33" dir="1" index="0" bw="1" slack="2147483647"/>
</pin_list>
<bind>
<StgValue><ssdm name="_ssdm_op_SpecPipeline"/></StgValue>
</bind>
</comp>

<comp id="34" class="1001" name="const_34">
<pin_list>
<pin id="35" dir="1" index="0" bw="1" slack="2147483647"/>
</pin_list>
<bind>
<StgValue><ssdm name=""/></StgValue>
</bind>
</comp>

<comp id="36" class="1001" name="const_36">
<pin_list>
<pin id="37" dir="1" index="0" bw="1" slack="2147483647"/>
</pin_list>
<bind>
<StgValue><ssdm name=""/></StgValue>
</bind>
</comp>

<comp id="38" class="1001" name="const_38">
<pin_list>
<pin id="39" dir="1" index="0" bw="1" slack="2147483647"/>
</pin_list>
<bind>
<StgValue><ssdm name="empty_0"/></StgValue>
</bind>
</comp>

<comp id="40" class="1001" name="const_40">
<pin_list>
<pin id="41" dir="1" index="0" bw="1" slack="2147483647"/>
</pin_list>
<bind>
<StgValue><ssdm name="_ssdm_op_SpecLoopName"/></StgValue>
</bind>
</comp>

<comp id="42" class="1001" name="const_42">
<pin_list>
<pin id="43" dir="1" index="0" bw="1" slack="2147483647"/>
</pin_list>
<bind>
<StgValue><ssdm name="empty_10"/></StgValue>
</bind>
</comp>

<comp id="44" class="1001" name="const_44">
<pin_list>
<pin id="45" dir="1" index="0" bw="1" slack="0"/>
</pin_list>
<bind>
<StgValue><ssdm name="_ssdm_op_Write.ap_auto.i257P0A"/></StgValue>
</bind>
</comp>

<comp id="46" class="1004" name="m_V_fu_46">
<pin_list>
<pin id="47" dir="0" index="0" bw="1" slack="0"/>
<pin id="48" dir="1" index="1" bw="257" slack="0"/>
</pin_list>
<bind>
<opcode="alloca(26) " fcode="alloca"/>
<opset="m_V/1 "/>
</bind>
</comp>

<comp id="50" class="1004" name="i_02_fu_50">
<pin_list>
<pin id="51" dir="0" index="0" bw="1" slack="0"/>
<pin id="52" dir="1" index="1" bw="9" slack="0"/>
</pin_list>
<bind>
<opcode="alloca(26) " fcode="alloca"/>
<opset="i_02/1 "/>
</bind>
</comp>

<comp id="54" class="1004" name="empty_fu_54">
<pin_list>
<pin id="55" dir="0" index="0" bw="1" slack="0"/>
<pin id="56" dir="1" index="1" bw="256" slack="0"/>
</pin_list>
<bind>
<opcode="alloca(26) " fcode="alloca"/>
<opset="empty/1 "/>
</bind>
</comp>

<comp id="58" class="1004" name="zext_ln1495_read_read_fu_58">
<pin_list>
<pin id="59" dir="0" index="0" bw="256" slack="0"/>
<pin id="60" dir="0" index="1" bw="256" slack="0"/>
<pin id="61" dir="1" index="2" bw="256" slack="0"/>
</pin_list>
<bind>
<opcode="read(1150) " fcode="read"/>
<opset="zext_ln1495_read/1 "/>
</bind>
</comp>

<comp id="64" class="1004" name="zext_ln186_read_read_fu_64">
<pin_list>
<pin id="65" dir="0" index="0" bw="256" slack="0"/>
<pin id="66" dir="0" index="1" bw="256" slack="0"/>
<pin id="67" dir="1" index="2" bw="256" slack="0"/>
</pin_list>
<bind>
<opcode="read(1150) " fcode="read"/>
<opset="zext_ln186_read/1 "/>
</bind>
</comp>

<comp id="70" class="1004" name="a_read_read_fu_70">
<pin_list>
<pin id="71" dir="0" index="0" bw="256" slack="0"/>
<pin id="72" dir="0" index="1" bw="256" slack="0"/>
<pin id="73" dir="1" index="2" bw="256" slack="0"/>
</pin_list>
<bind>
<opcode="read(1150) " fcode="read"/>
<opset="a_read/1 "/>
</bind>
</comp>

<comp id="76" class="1004" name="write_ln0_write_fu_76">
<pin_list>
<pin id="77" dir="0" index="0" bw="0" slack="0"/>
<pin id="78" dir="0" index="1" bw="257" slack="0"/>
<pin id="79" dir="0" index="2" bw="257" slack="0"/>
<pin id="80" dir="1" index="3" bw="0" slack="2147483647"/>
</pin_list>
<bind>
<opcode="write(1151) " fcode="write"/>
<opset="write_ln0/2 "/>
</bind>
</comp>

<comp id="83" class="1004" name="zext_ln1495_cast_fu_83">
<pin_list>
<pin id="84" dir="0" index="0" bw="256" slack="0"/>
<pin id="85" dir="1" index="1" bw="258" slack="3"/>
</pin_list>
<bind>
<opcode="zext(34) " fcode="zext"/>
<opset="zext_ln1495_cast/1 "/>
</bind>
</comp>

<comp id="87" class="1004" name="zext_ln186_cast_fu_87">
<pin_list>
<pin id="88" dir="0" index="0" bw="256" slack="0"/>
<pin id="89" dir="1" index="1" bw="258" slack="1"/>
</pin_list>
<bind>
<opcode="zext(34) " fcode="zext"/>
<opset="zext_ln186_cast/1 "/>
</bind>
</comp>

<comp id="91" class="1004" name="store_ln0_store_fu_91">
<pin_list>
<pin id="92" dir="0" index="0" bw="256" slack="0"/>
<pin id="93" dir="0" index="1" bw="256" slack="0"/>
<pin id="94" dir="1" index="2" bw="0" slack="2147483647"/>
</pin_list>
<bind>
<opcode="store(28) " fcode="store"/>
<opset="store_ln0/1 "/>
</bind>
</comp>

<comp id="96" class="1004" name="store_ln0_store_fu_96">
<pin_list>
<pin id="97" dir="0" index="0" bw="1" slack="0"/>
<pin id="98" dir="0" index="1" bw="9" slack="0"/>
<pin id="99" dir="1" index="2" bw="0" slack="2147483647"/>
</pin_list>
<bind>
<opcode="store(28) " fcode="store"/>
<opset="store_ln0/1 "/>
</bind>
</comp>

<comp id="101" class="1004" name="store_ln0_store_fu_101">
<pin_list>
<pin id="102" dir="0" index="0" bw="1" slack="0"/>
<pin id="103" dir="0" index="1" bw="257" slack="0"/>
<pin id="104" dir="1" index="2" bw="0" slack="2147483647"/>
</pin_list>
<bind>
<opcode="store(28) " fcode="store"/>
<opset="store_ln0/1 "/>
</bind>
</comp>

<comp id="106" class="1004" name="i_load_fu_106">
<pin_list>
<pin id="107" dir="0" index="0" bw="9" slack="1"/>
<pin id="108" dir="1" index="1" bw="9" slack="0"/>
</pin_list>
<bind>
<opcode="load(27) " fcode="load"/>
<opset="i/2 "/>
</bind>
</comp>

<comp id="109" class="1004" name="icmp_ln22_fu_109">
<pin_list>
<pin id="110" dir="0" index="0" bw="9" slack="0"/>
<pin id="111" dir="0" index="1" bw="9" slack="0"/>
<pin id="112" dir="1" index="2" bw="1" slack="2147483647"/>
</pin_list>
<bind>
<opcode="icmp(45) " fcode="icmp"/>
<opset="icmp_ln22/2 "/>
</bind>
</comp>

<comp id="115" class="1004" name="i_5_fu_115">
<pin_list>
<pin id="116" dir="0" index="0" bw="9" slack="0"/>
<pin id="117" dir="0" index="1" bw="1" slack="0"/>
<pin id="118" dir="1" index="2" bw="9" slack="0"/>
</pin_list>
<bind>
<opcode="add(8) " fcode="add"/>
<opset="i_5/2 "/>
</bind>
</comp>

<comp id="121" class="1004" name="m_V_load_2_load_fu_121">
<pin_list>
<pin id="122" dir="0" index="0" bw="257" slack="1"/>
<pin id="123" dir="1" index="1" bw="257" slack="0"/>
</pin_list>
<bind>
<opcode="load(27) " fcode="load"/>
<opset="m_V_load_2/2 "/>
</bind>
</comp>

<comp id="124" class="1004" name="zext_ln22_fu_124">
<pin_list>
<pin id="125" dir="0" index="0" bw="257" slack="0"/>
<pin id="126" dir="1" index="1" bw="258" slack="0"/>
</pin_list>
<bind>
<opcode="zext(34) " fcode="zext"/>
<opset="zext_ln22/2 "/>
</bind>
</comp>

<comp id="128" class="1004" name="grp_fu_128">
<pin_list>
<pin id="129" dir="0" index="0" bw="257" slack="0"/>
<pin id="130" dir="0" index="1" bw="256" slack="1"/>
<pin id="131" dir="1" index="2" bw="258" slack="1"/>
</pin_list>
<bind>
<opcode="add(8) " fcode="add"/>
<opset="m_V_2/2 "/>
</bind>
</comp>

<comp id="133" class="1004" name="store_ln22_store_fu_133">
<pin_list>
<pin id="134" dir="0" index="0" bw="9" slack="0"/>
<pin id="135" dir="0" index="1" bw="9" slack="1"/>
<pin id="136" dir="1" index="2" bw="0" slack="2147483647"/>
</pin_list>
<bind>
<opcode="store(28) " fcode="store"/>
<opset="store_ln22/2 "/>
</bind>
</comp>

<comp id="138" class="1004" name="p_load_load_fu_138">
<pin_list>
<pin id="139" dir="0" index="0" bw="256" slack="3"/>
<pin id="140" dir="1" index="1" bw="256" slack="0"/>
</pin_list>
<bind>
<opcode="load(27) " fcode="load"/>
<opset="p_load/4 "/>
</bind>
</comp>

<comp id="141" class="1004" name="trunc_ln1497_fu_141">
<pin_list>
<pin id="142" dir="0" index="0" bw="256" slack="0"/>
<pin id="143" dir="1" index="1" bw="1" slack="0"/>
</pin_list>
<bind>
<opcode="trunc(33) " fcode="trunc"/>
<opset="trunc_ln1497/4 "/>
</bind>
</comp>

<comp id="145" class="1004" name="m_V_3_fu_145">
<pin_list>
<pin id="146" dir="0" index="0" bw="1" slack="0"/>
<pin id="147" dir="0" index="1" bw="258" slack="1"/>
<pin id="148" dir="0" index="2" bw="258" slack="2"/>
<pin id="149" dir="1" index="3" bw="258" slack="0"/>
</pin_list>
<bind>
<opcode="select(49) " fcode="select"/>
<opset="m_V_3/4 "/>
</bind>
</comp>

<comp id="151" class="1004" name="trunc_ln1497_1_fu_151">
<pin_list>
<pin id="152" dir="0" index="0" bw="258" slack="0"/>
<pin id="153" dir="1" index="1" bw="1" slack="1"/>
</pin_list>
<bind>
<opcode="trunc(33) " fcode="trunc"/>
<opset="trunc_ln1497_1/4 "/>
</bind>
</comp>

<comp id="155" class="1004" name="grp_fu_155">
<pin_list>
<pin id="156" dir="0" index="0" bw="258" slack="0"/>
<pin id="157" dir="0" index="1" bw="256" slack="3"/>
<pin id="158" dir="1" index="2" bw="258" slack="0"/>
</pin_list>
<bind>
<opcode="add(8) " fcode="add"/>
<opset="m_V_4/4 "/>
</bind>
</comp>

<comp id="160" class="1004" name="tmp_1_fu_160">
<pin_list>
<pin id="161" dir="0" index="0" bw="257" slack="0"/>
<pin id="162" dir="0" index="1" bw="258" slack="0"/>
<pin id="163" dir="0" index="2" bw="1" slack="0"/>
<pin id="164" dir="0" index="3" bw="10" slack="0"/>
<pin id="165" dir="1" index="4" bw="257" slack="1"/>
</pin_list>
<bind>
<opcode="partselect(1002) " fcode="partselect"/>
<opset="tmp_1/4 "/>
</bind>
</comp>

<comp id="170" class="1004" name="r_V_fu_170">
<pin_list>
<pin id="171" dir="0" index="0" bw="255" slack="0"/>
<pin id="172" dir="0" index="1" bw="256" slack="0"/>
<pin id="173" dir="0" index="2" bw="1" slack="0"/>
<pin id="174" dir="0" index="3" bw="9" slack="0"/>
<pin id="175" dir="1" index="4" bw="255" slack="0"/>
</pin_list>
<bind>
<opcode="partselect(1002) " fcode="partselect"/>
<opset="r_V/4 "/>
</bind>
</comp>

<comp id="180" class="1004" name="zext_ln1669_fu_180">
<pin_list>
<pin id="181" dir="0" index="0" bw="255" slack="0"/>
<pin id="182" dir="1" index="1" bw="256" slack="0"/>
</pin_list>
<bind>
<opcode="zext(34) " fcode="zext"/>
<opset="zext_ln1669/4 "/>
</bind>
</comp>

<comp id="184" class="1004" name="store_ln22_store_fu_184">
<pin_list>
<pin id="185" dir="0" index="0" bw="255" slack="0"/>
<pin id="186" dir="0" index="1" bw="256" slack="3"/>
<pin id="187" dir="1" index="2" bw="0" slack="2147483647"/>
</pin_list>
<bind>
<opcode="store(28) " fcode="store"/>
<opset="store_ln22/4 "/>
</bind>
</comp>

<comp id="189" class="1004" name="tmp_fu_189">
<pin_list>
<pin id="190" dir="0" index="0" bw="257" slack="0"/>
<pin id="191" dir="0" index="1" bw="258" slack="0"/>
<pin id="192" dir="0" index="2" bw="1" slack="0"/>
<pin id="193" dir="0" index="3" bw="10" slack="0"/>
<pin id="194" dir="1" index="4" bw="257" slack="0"/>
</pin_list>
<bind>
<opcode="partselect(1002) " fcode="partselect"/>
<opset="tmp/5 "/>
</bind>
</comp>

<comp id="199" class="1004" name="select_ln27_fu_199">
<pin_list>
<pin id="200" dir="0" index="0" bw="1" slack="1"/>
<pin id="201" dir="0" index="1" bw="257" slack="0"/>
<pin id="202" dir="0" index="2" bw="257" slack="1"/>
<pin id="203" dir="1" index="3" bw="257" slack="0"/>
</pin_list>
<bind>
<opcode="select(49) " fcode="select"/>
<opset="select_ln27/5 "/>
</bind>
</comp>

<comp id="205" class="1004" name="store_ln22_store_fu_205">
<pin_list>
<pin id="206" dir="0" index="0" bw="257" slack="0"/>
<pin id="207" dir="0" index="1" bw="257" slack="4"/>
<pin id="208" dir="1" index="2" bw="0" slack="2147483647"/>
</pin_list>
<bind>
<opcode="store(28) " fcode="store"/>
<opset="store_ln22/5 "/>
</bind>
</comp>

<comp id="210" class="1004" name="m_V_load_load_fu_210">
<pin_list>
<pin id="211" dir="0" index="0" bw="257" slack="1"/>
<pin id="212" dir="1" index="1" bw="257" slack="0"/>
</pin_list>
<bind>
<opcode="load(27) " fcode="load"/>
<opset="m_V_load/2 "/>
</bind>
</comp>

<comp id="214" class="1005" name="m_V_reg_214">
<pin_list>
<pin id="215" dir="0" index="0" bw="257" slack="0"/>
<pin id="216" dir="1" index="1" bw="257" slack="0"/>
</pin_list>
<bind>
<opset="m_V "/>
</bind>
</comp>

<comp id="222" class="1005" name="i_02_reg_222">
<pin_list>
<pin id="223" dir="0" index="0" bw="9" slack="0"/>
<pin id="224" dir="1" index="1" bw="9" slack="0"/>
</pin_list>
<bind>
<opset="i_02 "/>
</bind>
</comp>

<comp id="229" class="1005" name="empty_reg_229">
<pin_list>
<pin id="230" dir="0" index="0" bw="256" slack="0"/>
<pin id="231" dir="1" index="1" bw="256" slack="0"/>
</pin_list>
<bind>
<opset="empty "/>
</bind>
</comp>

<comp id="236" class="1005" name="zext_ln1495_cast_reg_236">
<pin_list>
<pin id="237" dir="0" index="0" bw="258" slack="3"/>
<pin id="238" dir="1" index="1" bw="258" slack="3"/>
</pin_list>
<bind>
<opset="zext_ln1495_cast "/>
</bind>
</comp>

<comp id="241" class="1005" name="zext_ln186_cast_reg_241">
<pin_list>
<pin id="242" dir="0" index="0" bw="258" slack="1"/>
<pin id="243" dir="1" index="1" bw="258" slack="1"/>
</pin_list>
<bind>
<opset="zext_ln186_cast "/>
</bind>
</comp>

<comp id="249" class="1005" name="zext_ln22_reg_249">
<pin_list>
<pin id="250" dir="0" index="0" bw="258" slack="1"/>
<pin id="251" dir="1" index="1" bw="258" slack="1"/>
</pin_list>
<bind>
<opset="zext_ln22 "/>
</bind>
</comp>

<comp id="255" class="1005" name="m_V_2_reg_255">
<pin_list>
<pin id="256" dir="0" index="0" bw="258" slack="1"/>
<pin id="257" dir="1" index="1" bw="258" slack="1"/>
</pin_list>
<bind>
<opset="m_V_2 "/>
</bind>
</comp>

<comp id="260" class="1005" name="m_V_3_reg_260">
<pin_list>
<pin id="261" dir="0" index="0" bw="258" slack="1"/>
<pin id="262" dir="1" index="1" bw="258" slack="1"/>
</pin_list>
<bind>
<opset="m_V_3 "/>
</bind>
</comp>

<comp id="265" class="1005" name="trunc_ln1497_1_reg_265">
<pin_list>
<pin id="266" dir="0" index="0" bw="1" slack="1"/>
<pin id="267" dir="1" index="1" bw="1" slack="1"/>
</pin_list>
<bind>
<opset="trunc_ln1497_1 "/>
</bind>
</comp>

<comp id="270" class="1005" name="tmp_1_reg_270">
<pin_list>
<pin id="271" dir="0" index="0" bw="257" slack="1"/>
<pin id="272" dir="1" index="1" bw="257" slack="1"/>
</pin_list>
<bind>
<opset="tmp_1 "/>
</bind>
</comp>

</comp_list>

<net_list>
<net id="49"><net_src comp="8" pin="0"/><net_sink comp="46" pin=0"/></net>

<net id="53"><net_src comp="8" pin="0"/><net_sink comp="50" pin=0"/></net>

<net id="57"><net_src comp="8" pin="0"/><net_sink comp="54" pin=0"/></net>

<net id="62"><net_src comp="10" pin="0"/><net_sink comp="58" pin=0"/></net>

<net id="63"><net_src comp="4" pin="0"/><net_sink comp="58" pin=1"/></net>

<net id="68"><net_src comp="10" pin="0"/><net_sink comp="64" pin=0"/></net>

<net id="69"><net_src comp="2" pin="0"/><net_sink comp="64" pin=1"/></net>

<net id="74"><net_src comp="10" pin="0"/><net_sink comp="70" pin=0"/></net>

<net id="75"><net_src comp="0" pin="0"/><net_sink comp="70" pin=1"/></net>

<net id="81"><net_src comp="44" pin="0"/><net_sink comp="76" pin=0"/></net>

<net id="82"><net_src comp="6" pin="0"/><net_sink comp="76" pin=1"/></net>

<net id="86"><net_src comp="58" pin="2"/><net_sink comp="83" pin=0"/></net>

<net id="90"><net_src comp="64" pin="2"/><net_sink comp="87" pin=0"/></net>

<net id="95"><net_src comp="70" pin="2"/><net_sink comp="91" pin=0"/></net>

<net id="100"><net_src comp="12" pin="0"/><net_sink comp="96" pin=0"/></net>

<net id="105"><net_src comp="14" pin="0"/><net_sink comp="101" pin=0"/></net>

<net id="113"><net_src comp="106" pin="1"/><net_sink comp="109" pin=0"/></net>

<net id="114"><net_src comp="16" pin="0"/><net_sink comp="109" pin=1"/></net>

<net id="119"><net_src comp="106" pin="1"/><net_sink comp="115" pin=0"/></net>

<net id="120"><net_src comp="22" pin="0"/><net_sink comp="115" pin=1"/></net>

<net id="127"><net_src comp="121" pin="1"/><net_sink comp="124" pin=0"/></net>

<net id="132"><net_src comp="124" pin="1"/><net_sink comp="128" pin=0"/></net>

<net id="137"><net_src comp="115" pin="2"/><net_sink comp="133" pin=0"/></net>

<net id="144"><net_src comp="138" pin="1"/><net_sink comp="141" pin=0"/></net>

<net id="150"><net_src comp="141" pin="1"/><net_sink comp="145" pin=0"/></net>

<net id="154"><net_src comp="145" pin="3"/><net_sink comp="151" pin=0"/></net>

<net id="159"><net_src comp="145" pin="3"/><net_sink comp="155" pin=0"/></net>

<net id="166"><net_src comp="24" pin="0"/><net_sink comp="160" pin=0"/></net>

<net id="167"><net_src comp="145" pin="3"/><net_sink comp="160" pin=1"/></net>

<net id="168"><net_src comp="8" pin="0"/><net_sink comp="160" pin=2"/></net>

<net id="169"><net_src comp="26" pin="0"/><net_sink comp="160" pin=3"/></net>

<net id="176"><net_src comp="28" pin="0"/><net_sink comp="170" pin=0"/></net>

<net id="177"><net_src comp="138" pin="1"/><net_sink comp="170" pin=1"/></net>

<net id="178"><net_src comp="8" pin="0"/><net_sink comp="170" pin=2"/></net>

<net id="179"><net_src comp="30" pin="0"/><net_sink comp="170" pin=3"/></net>

<net id="183"><net_src comp="170" pin="4"/><net_sink comp="180" pin=0"/></net>

<net id="188"><net_src comp="180" pin="1"/><net_sink comp="184" pin=0"/></net>

<net id="195"><net_src comp="24" pin="0"/><net_sink comp="189" pin=0"/></net>

<net id="196"><net_src comp="155" pin="2"/><net_sink comp="189" pin=1"/></net>

<net id="197"><net_src comp="8" pin="0"/><net_sink comp="189" pin=2"/></net>

<net id="198"><net_src comp="26" pin="0"/><net_sink comp="189" pin=3"/></net>

<net id="204"><net_src comp="189" pin="4"/><net_sink comp="199" pin=1"/></net>

<net id="209"><net_src comp="199" pin="3"/><net_sink comp="205" pin=0"/></net>

<net id="213"><net_src comp="210" pin="1"/><net_sink comp="76" pin=2"/></net>

<net id="217"><net_src comp="46" pin="1"/><net_sink comp="214" pin=0"/></net>

<net id="218"><net_src comp="214" pin="1"/><net_sink comp="101" pin=1"/></net>

<net id="219"><net_src comp="214" pin="1"/><net_sink comp="121" pin=0"/></net>

<net id="220"><net_src comp="214" pin="1"/><net_sink comp="205" pin=1"/></net>

<net id="221"><net_src comp="214" pin="1"/><net_sink comp="210" pin=0"/></net>

<net id="225"><net_src comp="50" pin="1"/><net_sink comp="222" pin=0"/></net>

<net id="226"><net_src comp="222" pin="1"/><net_sink comp="96" pin=1"/></net>

<net id="227"><net_src comp="222" pin="1"/><net_sink comp="106" pin=0"/></net>

<net id="228"><net_src comp="222" pin="1"/><net_sink comp="133" pin=1"/></net>

<net id="232"><net_src comp="54" pin="1"/><net_sink comp="229" pin=0"/></net>

<net id="233"><net_src comp="229" pin="1"/><net_sink comp="91" pin=1"/></net>

<net id="234"><net_src comp="229" pin="1"/><net_sink comp="138" pin=0"/></net>

<net id="235"><net_src comp="229" pin="1"/><net_sink comp="184" pin=1"/></net>

<net id="239"><net_src comp="83" pin="1"/><net_sink comp="236" pin=0"/></net>

<net id="240"><net_src comp="236" pin="1"/><net_sink comp="155" pin=1"/></net>

<net id="244"><net_src comp="87" pin="1"/><net_sink comp="241" pin=0"/></net>

<net id="245"><net_src comp="241" pin="1"/><net_sink comp="128" pin=1"/></net>

<net id="252"><net_src comp="124" pin="1"/><net_sink comp="249" pin=0"/></net>

<net id="253"><net_src comp="249" pin="1"/><net_sink comp="128" pin=0"/></net>

<net id="254"><net_src comp="249" pin="1"/><net_sink comp="145" pin=2"/></net>

<net id="258"><net_src comp="128" pin="2"/><net_sink comp="255" pin=0"/></net>

<net id="259"><net_src comp="255" pin="1"/><net_sink comp="145" pin=1"/></net>

<net id="263"><net_src comp="145" pin="3"/><net_sink comp="260" pin=0"/></net>

<net id="264"><net_src comp="260" pin="1"/><net_sink comp="155" pin=0"/></net>

<net id="268"><net_src comp="151" pin="1"/><net_sink comp="265" pin=0"/></net>

<net id="269"><net_src comp="265" pin="1"/><net_sink comp="199" pin=0"/></net>

<net id="273"><net_src comp="160" pin="4"/><net_sink comp="270" pin=0"/></net>

<net id="274"><net_src comp="270" pin="1"/><net_sink comp="199" pin=2"/></net>

</net_list>

</model> 
---------------- Datapath Model END ------------------

* FSMD analyzer results:
  - Output states:
	Port: m_V_out | {2 }
 - Input state : 
	Port: Montgomery_Pipeline_Montgomery : a | {1 }
	Port: Montgomery_Pipeline_Montgomery : zext_ln186 | {1 }
	Port: Montgomery_Pipeline_Montgomery : zext_ln1495 | {1 }
  - Chain level:
	State 1
		store_ln0 : 1
		store_ln0 : 1
	State 2
		icmp_ln22 : 1
		i_5 : 1
		br_ln22 : 2
		zext_ln22 : 1
		m_V_2 : 2
		store_ln22 : 2
		write_ln0 : 1
	State 3
	State 4
		trunc_ln1497 : 1
		m_V_3 : 2
		trunc_ln1497_1 : 3
		m_V_4 : 3
		tmp_1 : 3
		r_V : 1
		zext_ln1669 : 2
		store_ln22 : 3
	State 5
		tmp : 1
		select_ln27 : 2
		store_ln22 : 3


============================================================
+ Verbose Summary: Datapath Resource usage 
============================================================

* Functional unit list:
|----------|-----------------------------|---------|---------|
| Operation|       Functional Unit       |    FF   |   LUT   |
|----------|-----------------------------|---------|---------|
|          |          i_5_fu_115         |    0    |    14   |
|    add   |          grp_fu_128         |   580   |   132   |
|          |          grp_fu_155         |   580   |   132   |
|----------|-----------------------------|---------|---------|
|  select  |         m_V_3_fu_145        |    0    |   258   |
|          |      select_ln27_fu_199     |    0    |   257   |
|----------|-----------------------------|---------|---------|
|   icmp   |       icmp_ln22_fu_109      |    0    |    11   |
|----------|-----------------------------|---------|---------|
|          | zext_ln1495_read_read_fu_58 |    0    |    0    |
|   read   |  zext_ln186_read_read_fu_64 |    0    |    0    |
|          |      a_read_read_fu_70      |    0    |    0    |
|----------|-----------------------------|---------|---------|
|   write  |    write_ln0_write_fu_76    |    0    |    0    |
|----------|-----------------------------|---------|---------|
|          |    zext_ln1495_cast_fu_83   |    0    |    0    |
|   zext   |    zext_ln186_cast_fu_87    |    0    |    0    |
|          |       zext_ln22_fu_124      |    0    |    0    |
|          |      zext_ln1669_fu_180     |    0    |    0    |
|----------|-----------------------------|---------|---------|
|   trunc  |     trunc_ln1497_fu_141     |    0    |    0    |
|          |    trunc_ln1497_1_fu_151    |    0    |    0    |
|----------|-----------------------------|---------|---------|
|          |         tmp_1_fu_160        |    0    |    0    |
|partselect|          r_V_fu_170         |    0    |    0    |
|          |          tmp_fu_189         |    0    |    0    |
|----------|-----------------------------|---------|---------|
|   Total  |                             |   1160  |   804   |
|----------|-----------------------------|---------|---------|

Memories:
N/A

* Register list:
+------------------------+--------+
|                        |   FF   |
+------------------------+--------+
|      empty_reg_229     |   256  |
|      i_02_reg_222      |    9   |
|      m_V_2_reg_255     |   258  |
|      m_V_3_reg_260     |   258  |
|       m_V_reg_214      |   257  |
|      tmp_1_reg_270     |   257  |
| trunc_ln1497_1_reg_265 |    1   |
|zext_ln1495_cast_reg_236|   258  |
| zext_ln186_cast_reg_241|   258  |
|    zext_ln22_reg_249   |   258  |
+------------------------+--------+
|          Total         |  2070  |
+------------------------+--------+

* Multiplexer (MUX) list: 
|------------|------|------|------|--------||---------||---------|
|    Comp    |  Pin | Size |  BW  | S x BW ||  Delay  ||   LUT   |
|------------|------|------|------|--------||---------||---------|
| grp_fu_128 |  p0  |   2  |  257 |   514  ||    9    |
| grp_fu_155 |  p0  |   2  |  258 |   516  ||    9    |
|------------|------|------|------|--------||---------||---------|
|    Total   |      |      |      |  1030  ||  3.176  ||    18   |
|------------|------|------|------|--------||---------||---------|



* Summary:
+-----------+--------+--------+--------+
|           |  Delay |   FF   |   LUT  |
+-----------+--------+--------+--------+
|  Function |    -   |  1160  |   804  |
|   Memory  |    -   |    -   |    -   |
|Multiplexer|    3   |    -   |   18   |
|  Register |    -   |  2070  |    -   |
+-----------+--------+--------+--------+
|   Total   |    3   |  3230  |   822  |
+-----------+--------+--------+--------+
