Thu Dec  5 16:41:20 2024: Running xcd server. This server was NOT built by gradle, but presumably rdi.
Thu Dec  5 16:41:20 2024: Server was asked to start on port: '39013'
Thu Dec  5 16:41:20 2024: Server is using token UUID: '55119576-8386-4f3e-ac52-3f809057a779'
Thu Dec  5 16:41:20 2024: SESSION_MGR: creating session with session uuid: '6d04a3e9-ade5-4ab9-8d63-1f78fcd2ec76' and name 'default'
Thu Dec  5 16:41:20 2024: Attempting to start server on port '39013'
Thu Dec  5 16:41:20 2024: XCD main fifo: created main fifo '/tmp/xcdmain55119576-8386-4f3e-ac52-3f809057a779', fd read = 13
Thu Dec  5 16:41:20 2024: Running Dispatch Server
Thu Dec  5 16:41:20 2024: Version 2.2.0
Thu Dec  5 16:41:30 2024: Dispatch Server: Accepted socket connection from client
Thu Dec  5 16:41:30 2024: Starting Socket connection
Thu Dec  5 16:41:30 2024: EXCHANGE_TOKEN received, server token: 55119576-8386-4f3e-ac52-3f809057a779, passed token: 55119576-8386-4f3e-ac52-3f809057a779
Thu Dec  5 16:41:30 2024: SESSION_MGR: creating session with session uuid: '478bf3a9-4d14-480e-9782-90c4d695bdf2' and name 'vitis_hls'
Thu Dec  5 16:41:30 2024: KERNEL_SVC: creating session with uuid: '478bf3a9-4d14-480e-9782-90c4d695bdf2' and name 'vitis_hls'
Thu Dec  5 16:41:30 2024: GUIDANCE_SMGR: creating guidance session with uuid: '478bf3a9-4d14-480e-9782-90c4d695bdf2' and name 'vitis_hls'
Thu Dec  5 16:42:44 2024: STOP_SERVER received, server token: 55119576-8386-4f3e-ac52-3f809057a779, passed token: 55119576-8386-4f3e-ac52-3f809057a779
Thu Dec  5 16:42:44 2024: Socket received request to stop server.
Thu Dec  5 16:42:44 2024: Dispatch Server: do_await_stop
Thu Dec  5 16:42:44 2024: Dispatch Server: stopping mainFifo_
Thu Dec  5 16:42:44 2024: XCD main fifo: Stopping
Thu Dec  5 16:42:44 2024: XCD main fifo: do_read error code: Operation canceled
Thu Dec  5 16:42:44 2024: XCD main fifo: bytes_transferred: 0
Thu Dec  5 16:42:44 2024: SERVER: destructor for server bound to port 39013
Thu Dec  5 16:42:44 2024: XCD main fifo: Good unlink of /tmp/xcdmain55119576-8386-4f3e-ac52-3f809057a779
Thu Dec  5 16:42:44 2024: Server exiting with status 0.
Thu Dec  5 16:42:44 2024: Closing log file.
