

================================================================
== Vitis HLS Report for 'multi_stage_mul_h_add_m'
================================================================
* Date:           Thu Dec 12 16:24:57 2024

* Version:        2022.2 (Build 3670227 on Oct 13 2022)
* Project:        baseline
* Solution:       solution1 (Vivado IP Flow Target)
* Product family: zynq
* Target device:  xc7z020-clg400-1


================================================================
== Performance Estimates
================================================================
+ Timing: 
    * Summary: 
    +--------+----------+----------+------------+
    |  Clock |  Target  | Estimated| Uncertainty|
    +--------+----------+----------+------------+
    |ap_clk  |  10.00 ns|  4.996 ns|     2.70 ns|
    +--------+----------+----------+------------+

+ Latency: 
    * Summary: 
    +---------+---------+-----------+-----------+-----+-----+---------+
    |  Latency (cycles) |   Latency (absolute)  |  Interval | Pipeline|
    |   min   |   max   |    min    |    max    | min | max |   Type  |
    +---------+---------+-----------+-----------+-----+-----+---------+
    |        1|        1|  10.000 ns|  10.000 ns|    1|    1|      yes|
    +---------+---------+-----------+-----------+-----+-----+---------+

    + Detail: 
        * Instance: 
        N/A

        * Loop: 
        N/A

============================================================
+ Verbose Summary: Synthesis Manager
============================================================
InlineROM: 1
ExposeGlobal: 0
============================================================
+ Verbose Summary: CDFG Model
============================================================
IsTopModel: 0
ResetActiveHigh: 1
IsCombinational: 0
IsDatapathOnly: 0
HasWiredReturn: 1
HasMFsm: 2
HasVarLatency: 0
IsPipeline: 1
IsRtlPipelined: 1
IsInstanceOverlapped: 0
IsDontTouch: 0
HasImplIP: 0
IsGatedGlobalClock: 0

+ Individual pipeline summary: 
  * Pipeline-0: initiation interval (II) = 1, depth = 2


============================================================
+ Verbose Summary: Schedule
============================================================
* Number of FSM states : 2
* Pipeline : 1
  Pipeline-0 : II = 1, D = 2, States = { 1 2 }
* Dataflow Pipeline: 0

* FSM state transitions: 
1 --> 2 
2 --> 

* FSM state operations: 

State 1 <SV = 0> <Delay = 4.99>
ST_1 : Operation 3 [1/1] (0.00ns)   --->   "%t_read = read i256 @_ssdm_op_Read.ap_auto.i256, i256 %t" [rsa.cpp:86]   --->   Operation 3 'read' 't_read' <Predicate = true> <Delay = 0.00>
ST_1 : Operation 4 [1/1] (0.00ns)   --->   "%m_read = read i256 @_ssdm_op_Read.ap_auto.i256, i256 %m" [rsa.cpp:86]   --->   Operation 4 'read' 'm_read' <Predicate = true> <Delay = 0.00>
ST_1 : Operation 5 [1/1] (0.00ns)   --->   "%a_read = read i1 @_ssdm_op_Read.ap_auto.i1, i1 %a" [rsa.cpp:86]   --->   Operation 5 'read' 'a_read' <Predicate = true> <Delay = 0.00>
ST_1 : Operation 6 [1/1] (1.55ns)   --->   "%d1_V = select i1 %a_read, i256 %t_read, i256 0" [rsa.cpp:86]   --->   Operation 6 'select' 'd1_V' <Predicate = true> <Delay = 1.55> <CoreInst = "Sel">   --->   Core 73 'Sel' <Latency = 0> <II = 1> <Delay = 1.55> <FuncUnit> <Opcode : 'select'> <InPorts = 3> <OutPorts = 1>
ST_1 : Operation 7 [2/2] (3.44ns)   --->   "%add_ln186 = add i256 %d1_V, i256 %m_read"   --->   Operation 7 'add' 'add_ln186' <Predicate = true> <Delay = 3.44> <CoreInst = "Adder">   --->   Core 1 'Adder' <Latency = 1> <II = 1> <Delay = 3.44> <FuncUnit> <Opcode : 'add' 'sub'> <InPorts = 2> <OutPorts = 1>

State 2 <SV = 1> <Delay = 3.44>
ST_2 : Operation 8 [1/2] (3.44ns)   --->   "%add_ln186 = add i256 %d1_V, i256 %m_read"   --->   Operation 8 'add' 'add_ln186' <Predicate = true> <Delay = 3.44> <CoreInst = "Adder">   --->   Core 1 'Adder' <Latency = 1> <II = 1> <Delay = 3.44> <FuncUnit> <Opcode : 'add' 'sub'> <InPorts = 2> <OutPorts = 1>
ST_2 : Operation 9 [1/1] (0.00ns)   --->   "%ret_ln88 = ret i256 %add_ln186" [rsa.cpp:88]   --->   Operation 9 'ret' 'ret_ln88' <Predicate = true> <Delay = 0.00>


============================================================
+ Verbose Summary: Binding
============================================================
STG Binding: 
---------------- STG Properties BEGIN ----------------
- Is combinational: 0
- Is one-state seq: 0
- Is datapath-only: 1
- Is pipelined: 1
- Is top level: 0
Port [ Return ] is wired: 1; IO mode=ap_ctrl_hs:ce=0
Port [ a]:  wired=1; compound=0; hidden=0; nouse=0; global=0; static=0; extern=0; dir=0; type=0; pingpong=0; private_global=0; IO mode=ap_none:ce=0
Port [ m]:  wired=1; compound=0; hidden=0; nouse=0; global=0; static=0; extern=0; dir=0; type=0; pingpong=0; private_global=0; IO mode=ap_none:ce=0
Port [ t]:  wired=1; compound=0; hidden=0; nouse=0; global=0; static=0; extern=0; dir=0; type=0; pingpong=0; private_global=0; IO mode=ap_none:ce=0
---------------- STG Properties END ------------------

---------------- Datapath Model BEGIN ----------------

<LifeTime>
<method=bitvector/>
t_read    (read  ) [ 000]
m_read    (read  ) [ 011]
a_read    (read  ) [ 000]
d1_V      (select) [ 011]
add_ln186 (add   ) [ 000]
ret_ln88  (ret   ) [ 000]
</LifeTime>

<model>

<comp_list>
<comp id="0" class="1000" name="a">
<pin_list>
<pin id="1" dir="1" index="0" bw="1" slack="0"/>
</pin_list>
<bind>
<StgValue><ssdm name="a"/></StgValue>
</bind>
</comp>

<comp id="2" class="1000" name="m">
<pin_list>
<pin id="3" dir="1" index="0" bw="1" slack="0"/>
</pin_list>
<bind>
<StgValue><ssdm name="m"/></StgValue>
</bind>
</comp>

<comp id="4" class="1000" name="t">
<pin_list>
<pin id="5" dir="1" index="0" bw="1" slack="0"/>
</pin_list>
<bind>
<StgValue><ssdm name="t"/></StgValue>
</bind>
</comp>

<comp id="6" class="1001" name="const_6">
<pin_list>
<pin id="7" dir="1" index="0" bw="1" slack="0"/>
</pin_list>
<bind>
<StgValue><ssdm name="_ssdm_op_Read.ap_auto.i256"/></StgValue>
</bind>
</comp>

<comp id="8" class="1001" name="const_8">
<pin_list>
<pin id="9" dir="1" index="0" bw="1" slack="0"/>
</pin_list>
<bind>
<StgValue><ssdm name="_ssdm_op_Read.ap_auto.i1"/></StgValue>
</bind>
</comp>

<comp id="10" class="1001" name="const_10">
<pin_list>
<pin id="11" dir="1" index="0" bw="1" slack="0"/>
</pin_list>
<bind>
<StgValue><ssdm name=""/></StgValue>
</bind>
</comp>

<comp id="12" class="1004" name="t_read_read_fu_12">
<pin_list>
<pin id="13" dir="0" index="0" bw="256" slack="0"/>
<pin id="14" dir="0" index="1" bw="256" slack="0"/>
<pin id="15" dir="1" index="2" bw="256" slack="0"/>
</pin_list>
<bind>
<opcode="read(1150) " fcode="read"/>
<opset="t_read/1 "/>
</bind>
</comp>

<comp id="18" class="1004" name="m_read_read_fu_18">
<pin_list>
<pin id="19" dir="0" index="0" bw="256" slack="0"/>
<pin id="20" dir="0" index="1" bw="256" slack="0"/>
<pin id="21" dir="1" index="2" bw="256" slack="0"/>
</pin_list>
<bind>
<opcode="read(1150) " fcode="read"/>
<opset="m_read/1 "/>
</bind>
</comp>

<comp id="24" class="1004" name="a_read_read_fu_24">
<pin_list>
<pin id="25" dir="0" index="0" bw="1" slack="0"/>
<pin id="26" dir="0" index="1" bw="1" slack="0"/>
<pin id="27" dir="1" index="2" bw="1" slack="0"/>
</pin_list>
<bind>
<opcode="read(1150) " fcode="read"/>
<opset="a_read/1 "/>
</bind>
</comp>

<comp id="30" class="1004" name="d1_V_fu_30">
<pin_list>
<pin id="31" dir="0" index="0" bw="1" slack="0"/>
<pin id="32" dir="0" index="1" bw="256" slack="0"/>
<pin id="33" dir="0" index="2" bw="1" slack="0"/>
<pin id="34" dir="1" index="3" bw="256" slack="0"/>
</pin_list>
<bind>
<opcode="select(49) " fcode="select"/>
<opset="d1_V/1 "/>
</bind>
</comp>

<comp id="38" class="1004" name="grp_fu_38">
<pin_list>
<pin id="39" dir="0" index="0" bw="256" slack="0"/>
<pin id="40" dir="0" index="1" bw="256" slack="0"/>
<pin id="41" dir="1" index="2" bw="256" slack="2147483647"/>
</pin_list>
<bind>
<opcode="add(8) " fcode="add"/>
<opset="add_ln186/1 "/>
</bind>
</comp>

<comp id="44" class="1005" name="m_read_reg_44">
<pin_list>
<pin id="45" dir="0" index="0" bw="256" slack="1"/>
<pin id="46" dir="1" index="1" bw="256" slack="1"/>
</pin_list>
<bind>
<opset="m_read "/>
</bind>
</comp>

<comp id="49" class="1005" name="d1_V_reg_49">
<pin_list>
<pin id="50" dir="0" index="0" bw="256" slack="1"/>
<pin id="51" dir="1" index="1" bw="256" slack="1"/>
</pin_list>
<bind>
<opset="d1_V "/>
</bind>
</comp>

</comp_list>

<net_list>
<net id="16"><net_src comp="6" pin="0"/><net_sink comp="12" pin=0"/></net>

<net id="17"><net_src comp="4" pin="0"/><net_sink comp="12" pin=1"/></net>

<net id="22"><net_src comp="6" pin="0"/><net_sink comp="18" pin=0"/></net>

<net id="23"><net_src comp="2" pin="0"/><net_sink comp="18" pin=1"/></net>

<net id="28"><net_src comp="8" pin="0"/><net_sink comp="24" pin=0"/></net>

<net id="29"><net_src comp="0" pin="0"/><net_sink comp="24" pin=1"/></net>

<net id="35"><net_src comp="24" pin="2"/><net_sink comp="30" pin=0"/></net>

<net id="36"><net_src comp="12" pin="2"/><net_sink comp="30" pin=1"/></net>

<net id="37"><net_src comp="10" pin="0"/><net_sink comp="30" pin=2"/></net>

<net id="42"><net_src comp="30" pin="3"/><net_sink comp="38" pin=0"/></net>

<net id="43"><net_src comp="18" pin="2"/><net_sink comp="38" pin=1"/></net>

<net id="47"><net_src comp="18" pin="2"/><net_sink comp="44" pin=0"/></net>

<net id="48"><net_src comp="44" pin="1"/><net_sink comp="38" pin=1"/></net>

<net id="52"><net_src comp="30" pin="3"/><net_sink comp="49" pin=0"/></net>

<net id="53"><net_src comp="49" pin="1"/><net_sink comp="38" pin=0"/></net>

</net_list>

</model> 
---------------- Datapath Model END ------------------

* FSMD analyzer results:
  - Output states:
 - Input state : 
	Port: multi_stage_mul_h_add_m : a | {1 }
	Port: multi_stage_mul_h_add_m : m | {1 }
	Port: multi_stage_mul_h_add_m : t | {1 }
  - Chain level:
	State 1
		add_ln186 : 1
	State 2
		ret_ln88 : 1


============================================================
+ Verbose Summary: Datapath Resource usage 
============================================================

* Functional unit list:
|----------|-------------------|---------|---------|
| Operation|  Functional Unit  |    FF   |   LUT   |
|----------|-------------------|---------|---------|
|    add   |     grp_fu_38     |   580   |   132   |
|----------|-------------------|---------|---------|
|  select  |     d1_V_fu_30    |    0    |   256   |
|----------|-------------------|---------|---------|
|          | t_read_read_fu_12 |    0    |    0    |
|   read   | m_read_read_fu_18 |    0    |    0    |
|          | a_read_read_fu_24 |    0    |    0    |
|----------|-------------------|---------|---------|
|   Total  |                   |   580   |   388   |
|----------|-------------------|---------|---------|

Memories:
N/A

* Register list:
+-------------+--------+
|             |   FF   |
+-------------+--------+
| d1_V_reg_49 |   256  |
|m_read_reg_44|   256  |
+-------------+--------+
|    Total    |   512  |
+-------------+--------+

* Multiplexer (MUX) list: 
|-----------|------|------|------|--------||---------||---------|
|    Comp   |  Pin | Size |  BW  | S x BW ||  Delay  ||   LUT   |
|-----------|------|------|------|--------||---------||---------|
| grp_fu_38 |  p0  |   2  |  256 |   512  ||    9    |
| grp_fu_38 |  p1  |   2  |  256 |   512  ||    9    |
|-----------|------|------|------|--------||---------||---------|
|   Total   |      |      |      |  1024  ||  3.176  ||    18   |
|-----------|------|------|------|--------||---------||---------|



* Summary:
+-----------+--------+--------+--------+
|           |  Delay |   FF   |   LUT  |
+-----------+--------+--------+--------+
|  Function |    -   |   580  |   388  |
|   Memory  |    -   |    -   |    -   |
|Multiplexer|    3   |    -   |   18   |
|  Register |    -   |   512  |    -   |
+-----------+--------+--------+--------+
|   Total   |    3   |  1092  |   406  |
+-----------+--------+--------+--------+
