

================================================================
== Vitis HLS Report for 'multi_stage_mul_x0'
================================================================
* Date:           Thu Dec 12 16:24:56 2024

* Version:        2022.2 (Build 3670227 on Oct 13 2022)
* Project:        baseline
* Solution:       solution1 (Vivado IP Flow Target)
* Product family: zynq
* Target device:  xc7z020-clg400-1


================================================================
== Performance Estimates
================================================================
+ Timing: 
    * Summary: 
    +--------+----------+----------+------------+
    |  Clock |  Target  | Estimated| Uncertainty|
    +--------+----------+----------+------------+
    |ap_clk  |  10.00 ns|  6.969 ns|     2.70 ns|
    +--------+----------+----------+------------+

+ Latency: 
    * Summary: 
    +---------+---------+----------+----------+-----+-----+---------+
    |  Latency (cycles) |  Latency (absolute) |  Interval | Pipeline|
    |   min   |   max   |    min   |    max   | min | max |   Type  |
    +---------+---------+----------+----------+-----+-----+---------+
    |      131|      131|  1.310 us|  1.310 us|  131|  131|       no|
    +---------+---------+----------+----------+-----+-----+---------+

    + Detail: 
        * Instance: 
        N/A

        * Loop: 
        +--------------------+---------+---------+----------+-----------+-----------+------+----------+
        |                    |  Latency (cycles) | Iteration|  Initiation Interval  | Trip |          |
        |      Loop Name     |   min   |   max   |  Latency |  achieved |   target  | Count| Pipelined|
        +--------------------+---------+---------+----------+-----------+-----------+------+----------+
        |- VITIS_LOOP_130_1  |      129|      129|         2|          1|          1|   129|       yes|
        +--------------------+---------+---------+----------+-----------+-----------+------+----------+

============================================================
+ Verbose Summary: Synthesis Manager
============================================================
InlineROM: 1
ExposeGlobal: 0
============================================================
+ Verbose Summary: CDFG Model
============================================================
IsTopModel: 0
ResetActiveHigh: 1
IsCombinational: 0
IsDatapathOnly: 0
HasWiredReturn: 1
HasMFsm: 2
HasVarLatency: 1
IsPipeline: 0
IsRtlPipelined: 0
IsInstanceOverlapped: 0
IsDontTouch: 0
HasImplIP: 0
IsGatedGlobalClock: 0

+ Individual pipeline summary: 
  * Pipeline-0: initiation interval (II) = 1, depth = 2


============================================================
+ Verbose Summary: Schedule
============================================================
* Number of FSM states : 2
* Pipeline : 1
  Pipeline-0 : II = 1, D = 2, States = { 1 2 }
* Dataflow Pipeline: 0

* FSM state transitions: 
1 --> 2 
2 --> 

* FSM state operations: 

State 1 <SV = 0> <Delay = 3.50>
ST_1 : Operation 5 [1/1] (0.00ns)   --->   "%i = alloca i32 1"   --->   Operation 5 'alloca' 'i' <Predicate = true> <Delay = 0.00>
ST_1 : Operation 6 [1/1] (0.00ns)   --->   "%m_V_1 = alloca i32 1"   --->   Operation 6 'alloca' 'm_V_1' <Predicate = true> <Delay = 0.00>
ST_1 : Operation 7 [1/1] (0.00ns)   --->   "%a_buf_0 = alloca i32 1"   --->   Operation 7 'alloca' 'a_buf_0' <Predicate = true> <Delay = 0.00>
ST_1 : Operation 8 [1/1] (0.00ns)   --->   "%t_V_1 = alloca i32 1"   --->   Operation 8 'alloca' 't_V_1' <Predicate = true> <Delay = 0.00>
ST_1 : Operation 9 [1/1] (0.00ns)   --->   "%b_read = read i129 @_ssdm_op_Read.ap_auto.i129, i129 %b"   --->   Operation 9 'read' 'b_read' <Predicate = true> <Delay = 0.00>
ST_1 : Operation 10 [1/1] (0.00ns)   --->   "%a_read = read i128 @_ssdm_op_Read.ap_auto.i128, i128 %a"   --->   Operation 10 'read' 'a_read' <Predicate = true> <Delay = 0.00>
ST_1 : Operation 11 [1/1] (0.00ns)   --->   "%a_cast = zext i128 %a_read"   --->   Operation 11 'zext' 'a_cast' <Predicate = true> <Delay = 0.00>
ST_1 : Operation 12 [1/1] (1.58ns)   --->   "%store_ln130 = store i129 %b_read, i129 %t_V_1" [rsa.cpp:130]   --->   Operation 12 'store' 'store_ln130' <Predicate = true> <Delay = 1.58>
ST_1 : Operation 13 [1/1] (1.58ns)   --->   "%store_ln130 = store i129 %a_cast, i129 %a_buf_0" [rsa.cpp:130]   --->   Operation 13 'store' 'store_ln130' <Predicate = true> <Delay = 1.58>
ST_1 : Operation 14 [1/1] (1.58ns)   --->   "%store_ln130 = store i129 0, i129 %m_V_1" [rsa.cpp:130]   --->   Operation 14 'store' 'store_ln130' <Predicate = true> <Delay = 1.58>
ST_1 : Operation 15 [1/1] (1.58ns)   --->   "%store_ln130 = store i8 0, i8 %i" [rsa.cpp:130]   --->   Operation 15 'store' 'store_ln130' <Predicate = true> <Delay = 1.58>
ST_1 : Operation 16 [1/1] (0.00ns)   --->   "%br_ln130 = br void %for.inc" [rsa.cpp:130]   --->   Operation 16 'br' 'br_ln130' <Predicate = true> <Delay = 0.00>
ST_1 : Operation 17 [1/1] (0.00ns)   --->   "%i_1 = load i8 %i" [rsa.cpp:130]   --->   Operation 17 'load' 'i_1' <Predicate = true> <Delay = 0.00>
ST_1 : Operation 18 [1/1] (1.55ns)   --->   "%icmp_ln130 = icmp_eq  i8 %i_1, i8 129" [rsa.cpp:130]   --->   Operation 18 'icmp' 'icmp_ln130' <Predicate = true> <Delay = 1.55> <CoreInst = "Cmp">   --->   Core 9 'Cmp' <Latency = 0> <II = 1> <Delay = 1.55> <FuncUnit> <Opcode : 'icmp'> <InPorts = 2> <OutPorts = 1>
ST_1 : Operation 19 [1/1] (0.00ns)   --->   "%empty = speclooptripcount i32 @_ssdm_op_SpecLoopTripCount, i64 129, i64 129, i64 129"   --->   Operation 19 'speclooptripcount' 'empty' <Predicate = true> <Delay = 0.00>
ST_1 : Operation 20 [1/1] (1.91ns)   --->   "%i_2 = add i8 %i_1, i8 1" [rsa.cpp:130]   --->   Operation 20 'add' 'i_2' <Predicate = true> <Delay = 1.91> <CoreInst = "Adder">   --->   Core 1 'Adder' <Latency = 0> <II = 1> <Delay = 1.91> <FuncUnit> <Opcode : 'add' 'sub'> <InPorts = 2> <OutPorts = 1>
ST_1 : Operation 21 [1/1] (0.00ns)   --->   "%br_ln130 = br i1 %icmp_ln130, void %for.inc.split, void %for.end" [rsa.cpp:130]   --->   Operation 21 'br' 'br_ln130' <Predicate = true> <Delay = 0.00>
ST_1 : Operation 22 [1/1] (1.58ns)   --->   "%store_ln130 = store i8 %i_2, i8 %i" [rsa.cpp:130]   --->   Operation 22 'store' 'store_ln130' <Predicate = (!icmp_ln130)> <Delay = 1.58>
ST_1 : Operation 39 [1/1] (0.00ns)   --->   "%m_V_1_load = load i129 %m_V_1" [rsa.cpp:136]   --->   Operation 39 'load' 'm_V_1_load' <Predicate = (icmp_ln130)> <Delay = 0.00>
ST_1 : Operation 40 [1/1] (0.00ns)   --->   "%ret_ln136 = ret i129 %m_V_1_load" [rsa.cpp:136]   --->   Operation 40 'ret' 'ret_ln136' <Predicate = (icmp_ln130)> <Delay = 0.00>

State 2 <SV = 1> <Delay = 6.96>
ST_2 : Operation 23 [1/1] (0.00ns)   --->   "%m_V_1_load_1 = load i129 %m_V_1" [rsa.cpp:132]   --->   Operation 23 'load' 'm_V_1_load_1' <Predicate = true> <Delay = 0.00>
ST_2 : Operation 24 [1/1] (0.00ns)   --->   "%a_buf_0_load = load i129 %a_buf_0" [rsa.cpp:130]   --->   Operation 24 'load' 'a_buf_0_load' <Predicate = true> <Delay = 0.00>
ST_2 : Operation 25 [1/1] (0.00ns)   --->   "%t_V_1_load = load i129 %t_V_1" [rsa.cpp:130]   --->   Operation 25 'load' 't_V_1_load' <Predicate = true> <Delay = 0.00>
ST_2 : Operation 26 [1/1] (0.00ns)   --->   "%trunc_ln130 = trunc i129 %t_V_1_load" [rsa.cpp:130]   --->   Operation 26 'trunc' 'trunc_ln130' <Predicate = true> <Delay = 0.00>
ST_2 : Operation 27 [1/1] (0.00ns)   --->   "%trunc_ln130_1 = trunc i129 %a_buf_0_load" [rsa.cpp:130]   --->   Operation 27 'trunc' 'trunc_ln130_1' <Predicate = true> <Delay = 0.00>
ST_2 : Operation 28 [1/1] (0.00ns)   --->   "%specpipeline_ln131 = specpipeline void @_ssdm_op_SpecPipeline, i32 1, i32 0, i32 0, i32 0, void @empty_5" [rsa.cpp:131]   --->   Operation 28 'specpipeline' 'specpipeline_ln131' <Predicate = true> <Delay = 0.00>
ST_2 : Operation 29 [1/1] (0.00ns)   --->   "%specloopname_ln130 = specloopname void @_ssdm_op_SpecLoopName, void @empty_16" [rsa.cpp:130]   --->   Operation 29 'specloopname' 'specloopname_ln130' <Predicate = true> <Delay = 0.00>
ST_2 : Operation 30 [1/1] (5.38ns)   --->   "%temp_V = call i129 @multi_stage_mul_x0_add_m, i1 %trunc_ln130_1, i129 %m_V_1_load_1, i129 %t_V_1_load" [rsa.cpp:132]   --->   Operation 30 'call' 'temp_V' <Predicate = true> <Delay = 5.38> <CoreType = "Generic">   --->   Core 0 '' <Latency = 0> <II = 1> <Delay = 1.00> <Generic> <Opcode : >
ST_2 : Operation 31 [1/1] (0.00ns)   --->   "%call_ret5 = call i387 @multi_stage_mul_x0_update_m_t_a, i129 %temp_V, i128 %trunc_ln130, i129 %a_buf_0_load" [rsa.cpp:133]   --->   Operation 31 'call' 'call_ret5' <Predicate = true> <Delay = 0.00> <CoreType = "Generic">   --->   Core 0 '' <Latency = 0> <II = 1> <Delay = 1.00> <Generic> <Opcode : >
ST_2 : Operation 32 [1/1] (0.00ns)   --->   "%m_V = extractvalue i387 %call_ret5" [rsa.cpp:133]   --->   Operation 32 'extractvalue' 'm_V' <Predicate = true> <Delay = 0.00>
ST_2 : Operation 33 [1/1] (0.00ns)   --->   "%t_V = extractvalue i387 %call_ret5" [rsa.cpp:133]   --->   Operation 33 'extractvalue' 't_V' <Predicate = true> <Delay = 0.00>
ST_2 : Operation 34 [1/1] (0.00ns)   --->   "%a_buf_ret = extractvalue i387 %call_ret5" [rsa.cpp:133]   --->   Operation 34 'extractvalue' 'a_buf_ret' <Predicate = true> <Delay = 0.00>
ST_2 : Operation 35 [1/1] (1.58ns)   --->   "%store_ln130 = store i129 %t_V, i129 %t_V_1" [rsa.cpp:130]   --->   Operation 35 'store' 'store_ln130' <Predicate = true> <Delay = 1.58>
ST_2 : Operation 36 [1/1] (1.58ns)   --->   "%store_ln130 = store i129 %a_buf_ret, i129 %a_buf_0" [rsa.cpp:130]   --->   Operation 36 'store' 'store_ln130' <Predicate = true> <Delay = 1.58>
ST_2 : Operation 37 [1/1] (1.58ns)   --->   "%store_ln130 = store i129 %m_V, i129 %m_V_1" [rsa.cpp:130]   --->   Operation 37 'store' 'store_ln130' <Predicate = true> <Delay = 1.58>
ST_2 : Operation 38 [1/1] (0.00ns)   --->   "%br_ln130 = br void %for.inc" [rsa.cpp:130]   --->   Operation 38 'br' 'br_ln130' <Predicate = true> <Delay = 0.00>


============================================================
+ Verbose Summary: Timing violations
============================================================
Target clock period: 10ns, clock uncertainty: 2.7ns.

 <State 1>: 3.5ns
The critical path consists of the following:
	'alloca' operation ('i') [3]  (0 ns)
	'load' operation ('i', rsa.cpp:130) on local variable 'i' [16]  (0 ns)
	'add' operation ('i', rsa.cpp:130) [19]  (1.92 ns)
	'store' operation ('store_ln130', rsa.cpp:130) of variable 'i', rsa.cpp:130 on local variable 'i' [37]  (1.59 ns)

 <State 2>: 6.97ns
The critical path consists of the following:
	'load' operation ('m_V_1_load_1', rsa.cpp:132) on local variable 'm.V' [22]  (0 ns)
	'call' operation ('temp.V', rsa.cpp:132) to 'multi_stage_mul_x0_add_m' [29]  (5.38 ns)
	'call' operation ('call_ret5', rsa.cpp:133) to 'multi_stage_mul_x0_update_m_t_a' [30]  (0 ns)
	'store' operation ('store_ln130', rsa.cpp:130) of variable 't.V', rsa.cpp:133 on local variable 't.V' [34]  (1.59 ns)


============================================================
+ Verbose Summary: Binding
============================================================
N/A
* FSMD analyzer results:
  - Output states:
 - Input state : 
  - Chain level:
	State 1
	State 2


============================================================
+ Verbose Summary: Datapath Resource usage 
============================================================
N/A
