/home/cse237c_fa24_s_chen/RSA_Implementation_on_PYNQ/rsa_optimized3/baseline/solution1/.autopilot/db/rsa.pp.0.cpp:1321:7: warning: Added loop label VITIS_LOOP_1211_1:   [xilinx-label-all-loops]
      for (i = 0; i < __N - 1; ++i) {
      ^~~
      VITIS_LOOP_1211_1: 
/home/cse237c_fa24_s_chen/RSA_Implementation_on_PYNQ/rsa_optimized3/baseline/solution1/.autopilot/db/rsa.pp.0.cpp:1321:7: note: FIX-IT applied suggested code changes
/home/cse237c_fa24_s_chen/RSA_Implementation_on_PYNQ/rsa_optimized3/baseline/solution1/.autopilot/db/rsa.pp.0.cpp:2295:5: warning: Added loop label VITIS_LOOP_676_1:   [xilinx-label-all-loops]
    for (unsigned i = low; i != high; ++i) {
    ^~~
    VITIS_LOOP_676_1: 
/home/cse237c_fa24_s_chen/RSA_Implementation_on_PYNQ/rsa_optimized3/baseline/solution1/.autopilot/db/rsa.pp.0.cpp:2295:5: note: FIX-IT applied suggested code changes
/home/cse237c_fa24_s_chen/RSA_Implementation_on_PYNQ/rsa_optimized3/baseline/solution1/.autopilot/db/rsa.pp.0.cpp:2309:5: warning: Added loop label VITIS_LOOP_690_1:   [xilinx-label-all-loops]
    for (unsigned i = low; i != high; ++i) {
    ^~~
    VITIS_LOOP_690_1: 
/home/cse237c_fa24_s_chen/RSA_Implementation_on_PYNQ/rsa_optimized3/baseline/solution1/.autopilot/db/rsa.pp.0.cpp:2309:5: note: FIX-IT applied suggested code changes
/home/cse237c_fa24_s_chen/RSA_Implementation_on_PYNQ/rsa_optimized3/baseline/solution1/.autopilot/db/rsa.pp.0.cpp:2323:5: warning: Added loop label VITIS_LOOP_704_1:   [xilinx-label-all-loops]
    for (unsigned i = low; i != high; ++i) {
    ^~~
    VITIS_LOOP_704_1: 
/home/cse237c_fa24_s_chen/RSA_Implementation_on_PYNQ/rsa_optimized3/baseline/solution1/.autopilot/db/rsa.pp.0.cpp:2323:5: note: FIX-IT applied suggested code changes
/home/cse237c_fa24_s_chen/RSA_Implementation_on_PYNQ/rsa_optimized3/baseline/solution1/.autopilot/db/rsa.pp.0.cpp:3934:7: warning: Added loop label VITIS_LOOP_1245_1:   [xilinx-label-all-loops]
      for (i = 0; i < __N - 1; ++i) {
      ^~~
      VITIS_LOOP_1245_1: 
/home/cse237c_fa24_s_chen/RSA_Implementation_on_PYNQ/rsa_optimized3/baseline/solution1/.autopilot/db/rsa.pp.0.cpp:3934:7: note: FIX-IT applied suggested code changes
/home/cse237c_fa24_s_chen/RSA_Implementation_on_PYNQ/rsa_optimized3/baseline/solution1/.autopilot/db/rsa.pp.0.cpp:16451:72: error: Invalid Directive: for current device, ROM_1P + LUTRAM is invalid combination for BIND_STORAGE's option 'type + impl' [clang-diagnostic-error]
#pragma HLS BIND_STORAGE variable=fourth_order_double::sin_cos_K0 type=ROM_1P impl=LUTRAM
                                                                       ^
/home/cse237c_fa24_s_chen/RSA_Implementation_on_PYNQ/rsa_optimized3/baseline/solution1/.autopilot/db/rsa.pp.0.cpp:16452:72: error: Invalid Directive: for current device, ROM_1P + LUTRAM is invalid combination for BIND_STORAGE's option 'type + impl' [clang-diagnostic-error]
#pragma HLS BIND_STORAGE variable=fourth_order_double::sin_cos_K1 type=ROM_1P impl=LUTRAM
                                                                       ^
/home/cse237c_fa24_s_chen/RSA_Implementation_on_PYNQ/rsa_optimized3/baseline/solution1/.autopilot/db/rsa.pp.0.cpp:16453:72: error: Invalid Directive: for current device, ROM_1P + LUTRAM is invalid combination for BIND_STORAGE's option 'type + impl' [clang-diagnostic-error]
#pragma HLS BIND_STORAGE variable=fourth_order_double::sin_cos_K2 type=ROM_1P impl=LUTRAM
                                                                       ^
/home/cse237c_fa24_s_chen/RSA_Implementation_on_PYNQ/rsa_optimized3/baseline/solution1/.autopilot/db/rsa.pp.0.cpp:16454:72: error: Invalid Directive: for current device, ROM_1P + LUTRAM is invalid combination for BIND_STORAGE's option 'type + impl' [clang-diagnostic-error]
#pragma HLS BIND_STORAGE variable=fourth_order_double::sin_cos_K3 type=ROM_1P impl=LUTRAM
                                                                       ^
/home/cse237c_fa24_s_chen/RSA_Implementation_on_PYNQ/rsa_optimized3/baseline/solution1/.autopilot/db/rsa.pp.0.cpp:16455:72: error: Invalid Directive: for current device, ROM_1P + LUTRAM is invalid combination for BIND_STORAGE's option 'type + impl' [clang-diagnostic-error]
#pragma HLS BIND_STORAGE variable=fourth_order_double::sin_cos_K4 type=ROM_1P impl=LUTRAM
                                                                       ^
/home/cse237c_fa24_s_chen/RSA_Implementation_on_PYNQ/rsa_optimized3/baseline/solution1/.autopilot/db/rsa.pp.0.cpp:16485:68: error: Invalid Directive: for current device, ROM_1P + LUTRAM is invalid combination for BIND_STORAGE's option 'type + impl' [clang-diagnostic-error]
#pragma HLS BIND_STORAGE variable=fourth_order_double::cos_K0 type=ROM_1P impl=LUTRAM
                                                                   ^
/home/cse237c_fa24_s_chen/RSA_Implementation_on_PYNQ/rsa_optimized3/baseline/solution1/.autopilot/db/rsa.pp.0.cpp:16486:68: error: Invalid Directive: for current device, ROM_1P + LUTRAM is invalid combination for BIND_STORAGE's option 'type + impl' [clang-diagnostic-error]
#pragma HLS BIND_STORAGE variable=fourth_order_double::cos_K1 type=ROM_1P impl=LUTRAM
                                                                   ^
/home/cse237c_fa24_s_chen/RSA_Implementation_on_PYNQ/rsa_optimized3/baseline/solution1/.autopilot/db/rsa.pp.0.cpp:16487:68: error: Invalid Directive: for current device, ROM_1P + LUTRAM is invalid combination for BIND_STORAGE's option 'type + impl' [clang-diagnostic-error]
#pragma HLS BIND_STORAGE variable=fourth_order_double::cos_K2 type=ROM_1P impl=LUTRAM
                                                                   ^
/home/cse237c_fa24_s_chen/RSA_Implementation_on_PYNQ/rsa_optimized3/baseline/solution1/.autopilot/db/rsa.pp.0.cpp:16488:68: error: Invalid Directive: for current device, ROM_1P + LUTRAM is invalid combination for BIND_STORAGE's option 'type + impl' [clang-diagnostic-error]
#pragma HLS BIND_STORAGE variable=fourth_order_double::cos_K3 type=ROM_1P impl=LUTRAM
                                                                   ^
/home/cse237c_fa24_s_chen/RSA_Implementation_on_PYNQ/rsa_optimized3/baseline/solution1/.autopilot/db/rsa.pp.0.cpp:16489:68: error: Invalid Directive: for current device, ROM_1P + LUTRAM is invalid combination for BIND_STORAGE's option 'type + impl' [clang-diagnostic-error]
#pragma HLS BIND_STORAGE variable=fourth_order_double::cos_K4 type=ROM_1P impl=LUTRAM
                                                                   ^
/home/cse237c_fa24_s_chen/RSA_Implementation_on_PYNQ/rsa_optimized3/baseline/solution1/.autopilot/db/rsa.pp.0.cpp:16490:68: error: Invalid Directive: for current device, ROM_1P + LUTRAM is invalid combination for BIND_STORAGE's option 'type + impl' [clang-diagnostic-error]
#pragma HLS BIND_STORAGE variable=fourth_order_double::sin_K0 type=ROM_1P impl=LUTRAM
                                                                   ^
/home/cse237c_fa24_s_chen/RSA_Implementation_on_PYNQ/rsa_optimized3/baseline/solution1/.autopilot/db/rsa.pp.0.cpp:16491:68: error: Invalid Directive: for current device, ROM_1P + LUTRAM is invalid combination for BIND_STORAGE's option 'type + impl' [clang-diagnostic-error]
#pragma HLS BIND_STORAGE variable=fourth_order_double::sin_K1 type=ROM_1P impl=LUTRAM
                                                                   ^
/home/cse237c_fa24_s_chen/RSA_Implementation_on_PYNQ/rsa_optimized3/baseline/solution1/.autopilot/db/rsa.pp.0.cpp:16492:68: error: Invalid Directive: for current device, ROM_1P + LUTRAM is invalid combination for BIND_STORAGE's option 'type + impl' [clang-diagnostic-error]
#pragma HLS BIND_STORAGE variable=fourth_order_double::sin_K2 type=ROM_1P impl=LUTRAM
                                                                   ^
/home/cse237c_fa24_s_chen/RSA_Implementation_on_PYNQ/rsa_optimized3/baseline/solution1/.autopilot/db/rsa.pp.0.cpp:16493:68: error: Invalid Directive: for current device, ROM_1P + LUTRAM is invalid combination for BIND_STORAGE's option 'type + impl' [clang-diagnostic-error]
#pragma HLS BIND_STORAGE variable=fourth_order_double::sin_K3 type=ROM_1P impl=LUTRAM
                                                                   ^
/home/cse237c_fa24_s_chen/RSA_Implementation_on_PYNQ/rsa_optimized3/baseline/solution1/.autopilot/db/rsa.pp.0.cpp:16494:68: error: Invalid Directive: for current device, ROM_1P + LUTRAM is invalid combination for BIND_STORAGE's option 'type + impl' [clang-diagnostic-error]
#pragma HLS BIND_STORAGE variable=fourth_order_double::sin_K4 type=ROM_1P impl=LUTRAM
                                                                   ^
/home/cse237c_fa24_s_chen/RSA_Implementation_on_PYNQ/rsa_optimized3/baseline/solution1/.autopilot/db/rsa.pp.0.cpp:16544:71: error: Invalid Directive: for current device, ROM_1P + LUTRAM is invalid combination for BIND_STORAGE's option 'type + impl' [clang-diagnostic-error]
#pragma HLS BIND_STORAGE variable=second_order_float::sin_cos_K0 type=ROM_1P impl=LUTRAM
                                                                      ^
/home/cse237c_fa24_s_chen/RSA_Implementation_on_PYNQ/rsa_optimized3/baseline/solution1/.autopilot/db/rsa.pp.0.cpp:16545:71: error: Invalid Directive: for current device, ROM_1P + LUTRAM is invalid combination for BIND_STORAGE's option 'type + impl' [clang-diagnostic-error]
#pragma HLS BIND_STORAGE variable=second_order_float::sin_cos_K1 type=ROM_1P impl=LUTRAM
                                                                      ^
/home/cse237c_fa24_s_chen/RSA_Implementation_on_PYNQ/rsa_optimized3/baseline/solution1/.autopilot/db/rsa.pp.0.cpp:16546:71: error: Invalid Directive: for current device, ROM_1P + LUTRAM is invalid combination for BIND_STORAGE's option 'type + impl' [clang-diagnostic-error]
#pragma HLS BIND_STORAGE variable=second_order_float::sin_cos_K2 type=ROM_1P impl=LUTRAM
                                                                      ^
/home/cse237c_fa24_s_chen/RSA_Implementation_on_PYNQ/rsa_optimized3/baseline/solution1/.autopilot/db/rsa.pp.0.cpp:16573:67: error: Invalid Directive: for current device, ROM_1P + LUTRAM is invalid combination for BIND_STORAGE's option 'type + impl' [clang-diagnostic-error]
#pragma HLS BIND_STORAGE variable=second_order_float::cos_K0 type=ROM_1P impl=LUTRAM
                                                                  ^
/home/cse237c_fa24_s_chen/RSA_Implementation_on_PYNQ/rsa_optimized3/baseline/solution1/.autopilot/db/rsa.pp.0.cpp:16574:67: error: Invalid Directive: for current device, ROM_1P + LUTRAM is invalid combination for BIND_STORAGE's option 'type + impl' [clang-diagnostic-error]
#pragma HLS BIND_STORAGE variable=second_order_float::cos_K1 type=ROM_1P impl=LUTRAM
                                                                  ^
/home/cse237c_fa24_s_chen/RSA_Implementation_on_PYNQ/rsa_optimized3/baseline/solution1/.autopilot/db/rsa.pp.0.cpp:16575:67: error: Invalid Directive: for current device, ROM_1P + LUTRAM is invalid combination for BIND_STORAGE's option 'type + impl' [clang-diagnostic-error]
#pragma HLS BIND_STORAGE variable=second_order_float::cos_K2 type=ROM_1P impl=LUTRAM
                                                                  ^
/home/cse237c_fa24_s_chen/RSA_Implementation_on_PYNQ/rsa_optimized3/baseline/solution1/.autopilot/db/rsa.pp.0.cpp:16576:67: error: Invalid Directive: for current device, ROM_1P + LUTRAM is invalid combination for BIND_STORAGE's option 'type + impl' [clang-diagnostic-error]
#pragma HLS BIND_STORAGE variable=second_order_float::sin_K0 type=ROM_1P impl=LUTRAM
                                                                  ^
/home/cse237c_fa24_s_chen/RSA_Implementation_on_PYNQ/rsa_optimized3/baseline/solution1/.autopilot/db/rsa.pp.0.cpp:16577:67: error: Invalid Directive: for current device, ROM_1P + LUTRAM is invalid combination for BIND_STORAGE's option 'type + impl' [clang-diagnostic-error]
#pragma HLS BIND_STORAGE variable=second_order_float::sin_K1 type=ROM_1P impl=LUTRAM
                                                                  ^
/home/cse237c_fa24_s_chen/RSA_Implementation_on_PYNQ/rsa_optimized3/baseline/solution1/.autopilot/db/rsa.pp.0.cpp:16578:67: error: Invalid Directive: for current device, ROM_1P + LUTRAM is invalid combination for BIND_STORAGE's option 'type + impl' [clang-diagnostic-error]
#pragma HLS BIND_STORAGE variable=second_order_float::sin_K2 type=ROM_1P impl=LUTRAM
                                                                  ^
/home/cse237c_fa24_s_chen/RSA_Implementation_on_PYNQ/rsa_optimized3/baseline/solution1/.autopilot/db/rsa.pp.0.cpp:16614:73: error: Invalid Directive: for current device, ROM_1P + LUTRAM is invalid combination for BIND_STORAGE's option 'type + impl' [clang-diagnostic-error]
#pragma HLS BIND_STORAGE variable=first_order_fixed_16::sin_cos_K0 type=ROM_1P impl=LUTRAM
                                                                        ^
/home/cse237c_fa24_s_chen/RSA_Implementation_on_PYNQ/rsa_optimized3/baseline/solution1/.autopilot/db/rsa.pp.0.cpp:16615:73: error: Invalid Directive: for current device, ROM_1P + LUTRAM is invalid combination for BIND_STORAGE's option 'type + impl' [clang-diagnostic-error]
#pragma HLS BIND_STORAGE variable=first_order_fixed_16::sin_cos_K1 type=ROM_1P impl=LUTRAM
                                                                        ^
/home/cse237c_fa24_s_chen/RSA_Implementation_on_PYNQ/rsa_optimized3/baseline/solution1/.autopilot/db/rsa.pp.0.cpp:16889:5: warning: Added loop label VITIS_LOOP_87_1:   [xilinx-label-all-loops]
    for (int n=0; n<Nmax; n++){
    ^~~
    VITIS_LOOP_87_1: 
/home/cse237c_fa24_s_chen/RSA_Implementation_on_PYNQ/rsa_optimized3/baseline/solution1/.autopilot/db/rsa.pp.0.cpp:16889:5: note: FIX-IT applied suggested code changes
/home/cse237c_fa24_s_chen/RSA_Implementation_on_PYNQ/rsa_optimized3/baseline/solution1/.autopilot/db/rsa.pp.0.cpp:16935:5: warning: Added loop label VITIS_LOOP_143_1:   [xilinx-label-all-loops]
    for (int n=0; n<Nmax; n++){
    ^~~
    VITIS_LOOP_143_1: 
/home/cse237c_fa24_s_chen/RSA_Implementation_on_PYNQ/rsa_optimized3/baseline/solution1/.autopilot/db/rsa.pp.0.cpp:16935:5: note: FIX-IT applied suggested code changes
/home/cse237c_fa24_s_chen/RSA_Implementation_on_PYNQ/rsa_optimized3/baseline/solution1/.autopilot/db/rsa.pp.0.cpp:17098:9: warning: Added loop label VITIS_LOOP_315_1:   [xilinx-label-all-loops]
        for(int i=0;i<W-1;i++){
        ^~~
        VITIS_LOOP_315_1: 
/home/cse237c_fa24_s_chen/RSA_Implementation_on_PYNQ/rsa_optimized3/baseline/solution1/.autopilot/db/rsa.pp.0.cpp:17098:9: note: FIX-IT applied suggested code changes
/home/cse237c_fa24_s_chen/RSA_Implementation_on_PYNQ/rsa_optimized3/baseline/solution1/.autopilot/db/rsa.pp.0.cpp:17250:9: warning: Added loop label VITIS_LOOP_475_1:   [xilinx-label-all-loops]
        for(int i=0;i<W-1;i++){
        ^~~
        VITIS_LOOP_475_1: 
/home/cse237c_fa24_s_chen/RSA_Implementation_on_PYNQ/rsa_optimized3/baseline/solution1/.autopilot/db/rsa.pp.0.cpp:17250:9: note: FIX-IT applied suggested code changes
/home/cse237c_fa24_s_chen/RSA_Implementation_on_PYNQ/rsa_optimized3/baseline/solution1/.autopilot/db/rsa.pp.0.cpp:17430:5: warning: Added loop label VITIS_LOOP_655_1:   [xilinx-label-all-loops]
    for(int i=0;i<W+1;i++){
    ^~~
    VITIS_LOOP_655_1: 
/home/cse237c_fa24_s_chen/RSA_Implementation_on_PYNQ/rsa_optimized3/baseline/solution1/.autopilot/db/rsa.pp.0.cpp:17430:5: note: FIX-IT applied suggested code changes
/home/cse237c_fa24_s_chen/RSA_Implementation_on_PYNQ/rsa_optimized3/baseline/solution1/.autopilot/db/rsa.pp.0.cpp:17434:5: warning: Added loop label VITIS_LOOP_659_2:   [xilinx-label-all-loops]
    for(int i=0;i<W+1;i++){
    ^~~
    VITIS_LOOP_659_2: 
/home/cse237c_fa24_s_chen/RSA_Implementation_on_PYNQ/rsa_optimized3/baseline/solution1/.autopilot/db/rsa.pp.0.cpp:17434:5: note: FIX-IT applied suggested code changes
/home/cse237c_fa24_s_chen/RSA_Implementation_on_PYNQ/rsa_optimized3/baseline/solution1/.autopilot/db/rsa.pp.0.cpp:17544:5: warning: Added loop label VITIS_LOOP_769_1:   [xilinx-label-all-loops]
    for (int n=0; n<Nmax; n++){
    ^~~
    VITIS_LOOP_769_1: 
/home/cse237c_fa24_s_chen/RSA_Implementation_on_PYNQ/rsa_optimized3/baseline/solution1/.autopilot/db/rsa.pp.0.cpp:17544:5: note: FIX-IT applied suggested code changes
/home/cse237c_fa24_s_chen/RSA_Implementation_on_PYNQ/rsa_optimized3/baseline/solution1/.autopilot/db/rsa.pp.0.cpp:17634:7: warning: Added loop label VITIS_LOOP_866_1:   [xilinx-label-all-loops]
      for(int i=0;i<W-1;i++){
      ^~~
      VITIS_LOOP_866_1: 
/home/cse237c_fa24_s_chen/RSA_Implementation_on_PYNQ/rsa_optimized3/baseline/solution1/.autopilot/db/rsa.pp.0.cpp:17634:7: note: FIX-IT applied suggested code changes
/home/cse237c_fa24_s_chen/RSA_Implementation_on_PYNQ/rsa_optimized3/baseline/solution1/.autopilot/db/rsa.pp.0.cpp:17653:7: warning: Added loop label VITIS_LOOP_885_2:   [xilinx-label-all-loops]
      for(int i=0;i<W-1;i++){
      ^~~
      VITIS_LOOP_885_2: 
/home/cse237c_fa24_s_chen/RSA_Implementation_on_PYNQ/rsa_optimized3/baseline/solution1/.autopilot/db/rsa.pp.0.cpp:17653:7: note: FIX-IT applied suggested code changes
/home/cse237c_fa24_s_chen/RSA_Implementation_on_PYNQ/rsa_optimized3/baseline/solution1/.autopilot/db/rsa.pp.0.cpp:17943:5: warning: Added loop label VITIS_LOOP_1199_1:   [xilinx-label-all-loops]
    for(int i=0; i<Nmax; i++) {
    ^~~
    VITIS_LOOP_1199_1: 
/home/cse237c_fa24_s_chen/RSA_Implementation_on_PYNQ/rsa_optimized3/baseline/solution1/.autopilot/db/rsa.pp.0.cpp:17943:5: note: FIX-IT applied suggested code changes
/home/cse237c_fa24_s_chen/RSA_Implementation_on_PYNQ/rsa_optimized3/baseline/solution1/.autopilot/db/rsa.pp.0.cpp:18026:5: warning: Added loop label VITIS_LOOP_1282_1:   [xilinx-label-all-loops]
    for(int i=0; i<Nmax; i++) {
    ^~~
    VITIS_LOOP_1282_1: 
/home/cse237c_fa24_s_chen/RSA_Implementation_on_PYNQ/rsa_optimized3/baseline/solution1/.autopilot/db/rsa.pp.0.cpp:18026:5: note: FIX-IT applied suggested code changes
/home/cse237c_fa24_s_chen/RSA_Implementation_on_PYNQ/rsa_optimized3/baseline/solution1/.autopilot/db/rsa.pp.0.cpp:18432:13: warning: Added loop label VITIS_LOOP_94_1:   [xilinx-label-all-loops]
            for (int j = 3; j >= I_+1; j--) {
            ^~~
            VITIS_LOOP_94_1: 
/home/cse237c_fa24_s_chen/RSA_Implementation_on_PYNQ/rsa_optimized3/baseline/solution1/.autopilot/db/rsa.pp.0.cpp:18432:13: note: FIX-IT applied suggested code changes
/home/cse237c_fa24_s_chen/RSA_Implementation_on_PYNQ/rsa_optimized3/baseline/solution1/.autopilot/db/rsa.pp.0.cpp:18438:17: warning: Added loop label VITIS_LOOP_100_2:   [xilinx-label-all-loops]
                for (int j = 3; j >= I_+1; j--){
                ^~~
                VITIS_LOOP_100_2: 
/home/cse237c_fa24_s_chen/RSA_Implementation_on_PYNQ/rsa_optimized3/baseline/solution1/.autopilot/db/rsa.pp.0.cpp:18438:17: note: FIX-IT applied suggested code changes
/home/cse237c_fa24_s_chen/RSA_Implementation_on_PYNQ/rsa_optimized3/baseline/solution1/.autopilot/db/rsa.pp.0.cpp:18442:17: warning: Added loop label VITIS_LOOP_104_3:   [xilinx-label-all-loops]
                for (int j = I_; j >= 0; j--){
                ^~~
                VITIS_LOOP_104_3: 
/home/cse237c_fa24_s_chen/RSA_Implementation_on_PYNQ/rsa_optimized3/baseline/solution1/.autopilot/db/rsa.pp.0.cpp:18442:17: note: FIX-IT applied suggested code changes
/home/cse237c_fa24_s_chen/RSA_Implementation_on_PYNQ/rsa_optimized3/baseline/solution1/.autopilot/db/rsa.pp.0.cpp:18490:13: warning: Added loop label VITIS_LOOP_171_4:   [xilinx-label-all-loops]
            for (int j = 9; j >= I_+4; j--) {
            ^~~
            VITIS_LOOP_171_4: 
/home/cse237c_fa24_s_chen/RSA_Implementation_on_PYNQ/rsa_optimized3/baseline/solution1/.autopilot/db/rsa.pp.0.cpp:18490:13: note: FIX-IT applied suggested code changes
/home/cse237c_fa24_s_chen/RSA_Implementation_on_PYNQ/rsa_optimized3/baseline/solution1/.autopilot/db/rsa.pp.0.cpp:18496:17: warning: Added loop label VITIS_LOOP_177_5:   [xilinx-label-all-loops]
                for (int j = 9; j >= I_+4; j--){
                ^~~
                VITIS_LOOP_177_5: 
/home/cse237c_fa24_s_chen/RSA_Implementation_on_PYNQ/rsa_optimized3/baseline/solution1/.autopilot/db/rsa.pp.0.cpp:18496:17: note: FIX-IT applied suggested code changes
/home/cse237c_fa24_s_chen/RSA_Implementation_on_PYNQ/rsa_optimized3/baseline/solution1/.autopilot/db/rsa.pp.0.cpp:18500:17: warning: Added loop label VITIS_LOOP_181_6:   [xilinx-label-all-loops]
                for (int j = I_+3; j >= 0; j--){
                ^~~
                VITIS_LOOP_181_6: 
/home/cse237c_fa24_s_chen/RSA_Implementation_on_PYNQ/rsa_optimized3/baseline/solution1/.autopilot/db/rsa.pp.0.cpp:18500:17: note: FIX-IT applied suggested code changes
/home/cse237c_fa24_s_chen/RSA_Implementation_on_PYNQ/rsa_optimized3/baseline/solution1/.autopilot/db/rsa.pp.0.cpp:18515:9: warning: Added loop label VITIS_LOOP_196_7:   [xilinx-label-all-loops]
        for (int j = 14; j < 22; j++){
        ^~~
        VITIS_LOOP_196_7: 
/home/cse237c_fa24_s_chen/RSA_Implementation_on_PYNQ/rsa_optimized3/baseline/solution1/.autopilot/db/rsa.pp.0.cpp:18515:9: note: FIX-IT applied suggested code changes
/home/cse237c_fa24_s_chen/RSA_Implementation_on_PYNQ/rsa_optimized3/baseline/solution1/.autopilot/db/rsa.pp.0.cpp:18523:17: warning: Added loop label VITIS_LOOP_204_8:   [xilinx-label-all-loops]
                for (int j = 0; j < 22; j++){
                ^~~
                VITIS_LOOP_204_8: 
/home/cse237c_fa24_s_chen/RSA_Implementation_on_PYNQ/rsa_optimized3/baseline/solution1/.autopilot/db/rsa.pp.0.cpp:18523:17: note: FIX-IT applied suggested code changes
/home/cse237c_fa24_s_chen/RSA_Implementation_on_PYNQ/rsa_optimized3/baseline/solution1/.autopilot/db/rsa.pp.0.cpp:18588:13: warning: Added loop label VITIS_LOOP_269_9:   [xilinx-label-all-loops]
            for (int j = 21; j >= I_+10; j--) {
            ^~~
            VITIS_LOOP_269_9: 
/home/cse237c_fa24_s_chen/RSA_Implementation_on_PYNQ/rsa_optimized3/baseline/solution1/.autopilot/db/rsa.pp.0.cpp:18588:13: note: FIX-IT applied suggested code changes
/home/cse237c_fa24_s_chen/RSA_Implementation_on_PYNQ/rsa_optimized3/baseline/solution1/.autopilot/db/rsa.pp.0.cpp:18594:17: warning: Added loop label VITIS_LOOP_275_10:   [xilinx-label-all-loops]
                for (int j = 21; j >= I_+10; j--) {
                ^~~
                VITIS_LOOP_275_10: 
/home/cse237c_fa24_s_chen/RSA_Implementation_on_PYNQ/rsa_optimized3/baseline/solution1/.autopilot/db/rsa.pp.0.cpp:18594:17: note: FIX-IT applied suggested code changes
/home/cse237c_fa24_s_chen/RSA_Implementation_on_PYNQ/rsa_optimized3/baseline/solution1/.autopilot/db/rsa.pp.0.cpp:18598:17: warning: Added loop label VITIS_LOOP_279_11:   [xilinx-label-all-loops]
                for (int j = I_+9; j >= 0; j--) {
                ^~~
                VITIS_LOOP_279_11: 
/home/cse237c_fa24_s_chen/RSA_Implementation_on_PYNQ/rsa_optimized3/baseline/solution1/.autopilot/db/rsa.pp.0.cpp:18598:17: note: FIX-IT applied suggested code changes
/home/cse237c_fa24_s_chen/RSA_Implementation_on_PYNQ/rsa_optimized3/baseline/solution1/.autopilot/db/rsa.pp.0.cpp:18613:9: warning: Added loop label VITIS_LOOP_294_12:   [xilinx-label-all-loops]
        for (int j = 27; j < 46; j++){
        ^~~
        VITIS_LOOP_294_12: 
/home/cse237c_fa24_s_chen/RSA_Implementation_on_PYNQ/rsa_optimized3/baseline/solution1/.autopilot/db/rsa.pp.0.cpp:18613:9: note: FIX-IT applied suggested code changes
/home/cse237c_fa24_s_chen/RSA_Implementation_on_PYNQ/rsa_optimized3/baseline/solution1/.autopilot/db/rsa.pp.0.cpp:18621:17: warning: Added loop label VITIS_LOOP_302_13:   [xilinx-label-all-loops]
                for (int j = 0; j < 46; j++) {
                ^~~
                VITIS_LOOP_302_13: 
/home/cse237c_fa24_s_chen/RSA_Implementation_on_PYNQ/rsa_optimized3/baseline/solution1/.autopilot/db/rsa.pp.0.cpp:18621:17: note: FIX-IT applied suggested code changes
/home/cse237c_fa24_s_chen/RSA_Implementation_on_PYNQ/rsa_optimized3/baseline/solution1/.autopilot/db/rsa.pp.0.cpp:18850:13: warning: Added loop label VITIS_LOOP_531_14:   [xilinx-label-all-loops]
            for (int j = 45; j >= I_+22; j--) {
            ^~~
            VITIS_LOOP_531_14: 
/home/cse237c_fa24_s_chen/RSA_Implementation_on_PYNQ/rsa_optimized3/baseline/solution1/.autopilot/db/rsa.pp.0.cpp:18850:13: note: FIX-IT applied suggested code changes
/home/cse237c_fa24_s_chen/RSA_Implementation_on_PYNQ/rsa_optimized3/baseline/solution1/.autopilot/db/rsa.pp.0.cpp:18856:17: warning: Added loop label VITIS_LOOP_537_15:   [xilinx-label-all-loops]
                for (int j = 45; j >= I_+22; j--){
                ^~~
                VITIS_LOOP_537_15: 
/home/cse237c_fa24_s_chen/RSA_Implementation_on_PYNQ/rsa_optimized3/baseline/solution1/.autopilot/db/rsa.pp.0.cpp:18856:17: note: FIX-IT applied suggested code changes
/home/cse237c_fa24_s_chen/RSA_Implementation_on_PYNQ/rsa_optimized3/baseline/solution1/.autopilot/db/rsa.pp.0.cpp:18860:17: warning: Added loop label VITIS_LOOP_541_16:   [xilinx-label-all-loops]
                for (int j = I_+21; j >= 0; j--) {
                ^~~
                VITIS_LOOP_541_16: 
/home/cse237c_fa24_s_chen/RSA_Implementation_on_PYNQ/rsa_optimized3/baseline/solution1/.autopilot/db/rsa.pp.0.cpp:18860:17: note: FIX-IT applied suggested code changes
/home/cse237c_fa24_s_chen/RSA_Implementation_on_PYNQ/rsa_optimized3/baseline/solution1/.autopilot/db/rsa.pp.0.cpp:18870:9: warning: Added loop label VITIS_LOOP_551_17:   [xilinx-label-all-loops]
        for (int j = 32-F_; j < 32+I_; j++){
        ^~~
        VITIS_LOOP_551_17: 
/home/cse237c_fa24_s_chen/RSA_Implementation_on_PYNQ/rsa_optimized3/baseline/solution1/.autopilot/db/rsa.pp.0.cpp:18870:9: note: FIX-IT applied suggested code changes
/home/cse237c_fa24_s_chen/RSA_Implementation_on_PYNQ/rsa_optimized3/baseline/solution1/.autopilot/db/rsa.pp.0.cpp:18874:9: warning: Added loop label VITIS_LOOP_555_18:   [xilinx-label-all-loops]
        for (int j = 32+I_; j <= 64; j++){
        ^~~
        VITIS_LOOP_555_18: 
/home/cse237c_fa24_s_chen/RSA_Implementation_on_PYNQ/rsa_optimized3/baseline/solution1/.autopilot/db/rsa.pp.0.cpp:18874:9: note: FIX-IT applied suggested code changes
/home/cse237c_fa24_s_chen/RSA_Implementation_on_PYNQ/rsa_optimized3/baseline/solution1/.autopilot/db/rsa.pp.0.cpp:18884:9: warning: Added loop label VITIS_LOOP_565_19:   [xilinx-label-all-loops]
        for (int j = 37; j < 64; j++) {
        ^~~
        VITIS_LOOP_565_19: 
/home/cse237c_fa24_s_chen/RSA_Implementation_on_PYNQ/rsa_optimized3/baseline/solution1/.autopilot/db/rsa.pp.0.cpp:18884:9: note: FIX-IT applied suggested code changes
/home/cse237c_fa24_s_chen/RSA_Implementation_on_PYNQ/rsa_optimized3/baseline/solution1/.autopilot/db/rsa.pp.0.cpp:18892:17: warning: Added loop label VITIS_LOOP_573_20:   [xilinx-label-all-loops]
                for (int j = 0; j < 64; j++){
                ^~~
                VITIS_LOOP_573_20: 
/home/cse237c_fa24_s_chen/RSA_Implementation_on_PYNQ/rsa_optimized3/baseline/solution1/.autopilot/db/rsa.pp.0.cpp:18892:17: note: FIX-IT applied suggested code changes
/home/cse237c_fa24_s_chen/RSA_Implementation_on_PYNQ/rsa_optimized3/baseline/solution1/.autopilot/db/rsa.pp.0.cpp:19253:13: warning: Added loop label VITIS_LOOP_934_21:   [xilinx-label-all-loops]
            for (int j = 63; j >= I_+31; j--) {
            ^~~
            VITIS_LOOP_934_21: 
/home/cse237c_fa24_s_chen/RSA_Implementation_on_PYNQ/rsa_optimized3/baseline/solution1/.autopilot/db/rsa.pp.0.cpp:19253:13: note: FIX-IT applied suggested code changes
/home/cse237c_fa24_s_chen/RSA_Implementation_on_PYNQ/rsa_optimized3/baseline/solution1/.autopilot/db/rsa.pp.0.cpp:19259:17: warning: Added loop label VITIS_LOOP_940_22:   [xilinx-label-all-loops]
                for (int j = 63; j >= I_+31; j--) {
                ^~~
                VITIS_LOOP_940_22: 
/home/cse237c_fa24_s_chen/RSA_Implementation_on_PYNQ/rsa_optimized3/baseline/solution1/.autopilot/db/rsa.pp.0.cpp:19259:17: note: FIX-IT applied suggested code changes
/home/cse237c_fa24_s_chen/RSA_Implementation_on_PYNQ/rsa_optimized3/baseline/solution1/.autopilot/db/rsa.pp.0.cpp:19263:17: warning: Added loop label VITIS_LOOP_944_23:   [xilinx-label-all-loops]
                for (int j = I_+30; j >= 0; j--) {
                ^~~
                VITIS_LOOP_944_23: 
/home/cse237c_fa24_s_chen/RSA_Implementation_on_PYNQ/rsa_optimized3/baseline/solution1/.autopilot/db/rsa.pp.0.cpp:19263:17: note: FIX-IT applied suggested code changes
/home/cse237c_fa24_s_chen/RSA_Implementation_on_PYNQ/rsa_optimized3/baseline/solution1/.autopilot/db/rsa.pp.0.cpp:19379:13: warning: Added loop label VITIS_LOOP_1060_1:   [xilinx-label-all-loops]
            for (int j = 4; j >= I_+1; j--) {
            ^~~
            VITIS_LOOP_1060_1: 
/home/cse237c_fa24_s_chen/RSA_Implementation_on_PYNQ/rsa_optimized3/baseline/solution1/.autopilot/db/rsa.pp.0.cpp:19379:13: note: FIX-IT applied suggested code changes
/home/cse237c_fa24_s_chen/RSA_Implementation_on_PYNQ/rsa_optimized3/baseline/solution1/.autopilot/db/rsa.pp.0.cpp:19385:17: warning: Added loop label VITIS_LOOP_1066_2:   [xilinx-label-all-loops]
                for (int j = 4; j >= I_+1; j--) {
                ^~~
                VITIS_LOOP_1066_2: 
/home/cse237c_fa24_s_chen/RSA_Implementation_on_PYNQ/rsa_optimized3/baseline/solution1/.autopilot/db/rsa.pp.0.cpp:19385:17: note: FIX-IT applied suggested code changes
/home/cse237c_fa24_s_chen/RSA_Implementation_on_PYNQ/rsa_optimized3/baseline/solution1/.autopilot/db/rsa.pp.0.cpp:19389:17: warning: Added loop label VITIS_LOOP_1070_3:   [xilinx-label-all-loops]
                for (int j = I_; j >= 0; j--) {
                ^~~
                VITIS_LOOP_1070_3: 
/home/cse237c_fa24_s_chen/RSA_Implementation_on_PYNQ/rsa_optimized3/baseline/solution1/.autopilot/db/rsa.pp.0.cpp:19389:17: note: FIX-IT applied suggested code changes
/home/cse237c_fa24_s_chen/RSA_Implementation_on_PYNQ/rsa_optimized3/baseline/solution1/.autopilot/db/rsa.pp.0.cpp:19476:13: warning: Added loop label VITIS_LOOP_1157_4:   [xilinx-label-all-loops]
            for (int j = 10; j >= I_+4; j--) {
            ^~~
            VITIS_LOOP_1157_4: 
/home/cse237c_fa24_s_chen/RSA_Implementation_on_PYNQ/rsa_optimized3/baseline/solution1/.autopilot/db/rsa.pp.0.cpp:19476:13: note: FIX-IT applied suggested code changes
/home/cse237c_fa24_s_chen/RSA_Implementation_on_PYNQ/rsa_optimized3/baseline/solution1/.autopilot/db/rsa.pp.0.cpp:19482:17: warning: Added loop label VITIS_LOOP_1163_5:   [xilinx-label-all-loops]
                for (int j = 10; j >= I_+4; j--) {
                ^~~
                VITIS_LOOP_1163_5: 
/home/cse237c_fa24_s_chen/RSA_Implementation_on_PYNQ/rsa_optimized3/baseline/solution1/.autopilot/db/rsa.pp.0.cpp:19482:17: note: FIX-IT applied suggested code changes
/home/cse237c_fa24_s_chen/RSA_Implementation_on_PYNQ/rsa_optimized3/baseline/solution1/.autopilot/db/rsa.pp.0.cpp:19486:17: warning: Added loop label VITIS_LOOP_1167_6:   [xilinx-label-all-loops]
                for (int j = I_+3; j >= 0; j--) {
                ^~~
                VITIS_LOOP_1167_6: 
/home/cse237c_fa24_s_chen/RSA_Implementation_on_PYNQ/rsa_optimized3/baseline/solution1/.autopilot/db/rsa.pp.0.cpp:19486:17: note: FIX-IT applied suggested code changes
/home/cse237c_fa24_s_chen/RSA_Implementation_on_PYNQ/rsa_optimized3/baseline/solution1/.autopilot/db/rsa.pp.0.cpp:19505:9: warning: Added loop label VITIS_LOOP_1186_7:   [xilinx-label-all-loops]
        for (int j = wf+3; j < w-1; j++) {
        ^~~
        VITIS_LOOP_1186_7: 
/home/cse237c_fa24_s_chen/RSA_Implementation_on_PYNQ/rsa_optimized3/baseline/solution1/.autopilot/db/rsa.pp.0.cpp:19505:9: note: FIX-IT applied suggested code changes
/home/cse237c_fa24_s_chen/RSA_Implementation_on_PYNQ/rsa_optimized3/baseline/solution1/.autopilot/db/rsa.pp.0.cpp:19512:17: warning: Added loop label VITIS_LOOP_1193_8:   [xilinx-label-all-loops]
                for (int j = 0; j < 22; j++) {
                ^~~
                VITIS_LOOP_1193_8: 
/home/cse237c_fa24_s_chen/RSA_Implementation_on_PYNQ/rsa_optimized3/baseline/solution1/.autopilot/db/rsa.pp.0.cpp:19512:17: note: FIX-IT applied suggested code changes
/home/cse237c_fa24_s_chen/RSA_Implementation_on_PYNQ/rsa_optimized3/baseline/solution1/.autopilot/db/rsa.pp.0.cpp:19628:13: warning: Added loop label VITIS_LOOP_1309_9:   [xilinx-label-all-loops]
            for (int j = 22; j >= I_+10; j--) {
            ^~~
            VITIS_LOOP_1309_9: 
/home/cse237c_fa24_s_chen/RSA_Implementation_on_PYNQ/rsa_optimized3/baseline/solution1/.autopilot/db/rsa.pp.0.cpp:19628:13: note: FIX-IT applied suggested code changes
/home/cse237c_fa24_s_chen/RSA_Implementation_on_PYNQ/rsa_optimized3/baseline/solution1/.autopilot/db/rsa.pp.0.cpp:19634:17: warning: Added loop label VITIS_LOOP_1315_10:   [xilinx-label-all-loops]
                for (int j = 22; j >= I_+10; j--){
                ^~~
                VITIS_LOOP_1315_10: 
/home/cse237c_fa24_s_chen/RSA_Implementation_on_PYNQ/rsa_optimized3/baseline/solution1/.autopilot/db/rsa.pp.0.cpp:19634:17: note: FIX-IT applied suggested code changes
/home/cse237c_fa24_s_chen/RSA_Implementation_on_PYNQ/rsa_optimized3/baseline/solution1/.autopilot/db/rsa.pp.0.cpp:19638:17: warning: Added loop label VITIS_LOOP_1319_11:   [xilinx-label-all-loops]
                for (int j = I_+9; j >= 0; j--) {
                ^~~
                VITIS_LOOP_1319_11: 
/home/cse237c_fa24_s_chen/RSA_Implementation_on_PYNQ/rsa_optimized3/baseline/solution1/.autopilot/db/rsa.pp.0.cpp:19638:17: note: FIX-IT applied suggested code changes
/home/cse237c_fa24_s_chen/RSA_Implementation_on_PYNQ/rsa_optimized3/baseline/solution1/.autopilot/db/rsa.pp.0.cpp:19658:9: warning: Added loop label VITIS_LOOP_1339_12:   [xilinx-label-all-loops]
        for (int j = wf+4; j < w-1; j++){
        ^~~
        VITIS_LOOP_1339_12: 
/home/cse237c_fa24_s_chen/RSA_Implementation_on_PYNQ/rsa_optimized3/baseline/solution1/.autopilot/db/rsa.pp.0.cpp:19658:9: note: FIX-IT applied suggested code changes
/home/cse237c_fa24_s_chen/RSA_Implementation_on_PYNQ/rsa_optimized3/baseline/solution1/.autopilot/db/rsa.pp.0.cpp:19665:17: warning: Added loop label VITIS_LOOP_1346_13:   [xilinx-label-all-loops]
                for (int j = 0; j < 46; j++) {
                ^~~
                VITIS_LOOP_1346_13: 
/home/cse237c_fa24_s_chen/RSA_Implementation_on_PYNQ/rsa_optimized3/baseline/solution1/.autopilot/db/rsa.pp.0.cpp:19665:17: note: FIX-IT applied suggested code changes
/home/cse237c_fa24_s_chen/RSA_Implementation_on_PYNQ/rsa_optimized3/baseline/solution1/.autopilot/db/rsa.pp.0.cpp:19927:13: warning: Added loop label VITIS_LOOP_1608_14:   [xilinx-label-all-loops]
            for (int j = 46; j >= I_+22; j--) {
            ^~~
            VITIS_LOOP_1608_14: 
/home/cse237c_fa24_s_chen/RSA_Implementation_on_PYNQ/rsa_optimized3/baseline/solution1/.autopilot/db/rsa.pp.0.cpp:19927:13: note: FIX-IT applied suggested code changes
/home/cse237c_fa24_s_chen/RSA_Implementation_on_PYNQ/rsa_optimized3/baseline/solution1/.autopilot/db/rsa.pp.0.cpp:19933:17: warning: Added loop label VITIS_LOOP_1614_15:   [xilinx-label-all-loops]
                for (int j = 46; j >= I_+22; j--) {
                ^~~
                VITIS_LOOP_1614_15: 
/home/cse237c_fa24_s_chen/RSA_Implementation_on_PYNQ/rsa_optimized3/baseline/solution1/.autopilot/db/rsa.pp.0.cpp:19933:17: note: FIX-IT applied suggested code changes
/home/cse237c_fa24_s_chen/RSA_Implementation_on_PYNQ/rsa_optimized3/baseline/solution1/.autopilot/db/rsa.pp.0.cpp:19937:17: warning: Added loop label VITIS_LOOP_1618_16:   [xilinx-label-all-loops]
                for (int j = I_+21; j >= 0; j--) {
                ^~~
                VITIS_LOOP_1618_16: 
/home/cse237c_fa24_s_chen/RSA_Implementation_on_PYNQ/rsa_optimized3/baseline/solution1/.autopilot/db/rsa.pp.0.cpp:19937:17: note: FIX-IT applied suggested code changes
/home/cse237c_fa24_s_chen/RSA_Implementation_on_PYNQ/rsa_optimized3/baseline/solution1/.autopilot/db/rsa.pp.0.cpp:19961:9: warning: Added loop label VITIS_LOOP_1642_17:   [xilinx-label-all-loops]
        for (int j = wf+5; j < w-1; j++){
        ^~~
        VITIS_LOOP_1642_17: 
/home/cse237c_fa24_s_chen/RSA_Implementation_on_PYNQ/rsa_optimized3/baseline/solution1/.autopilot/db/rsa.pp.0.cpp:19961:9: note: FIX-IT applied suggested code changes
/home/cse237c_fa24_s_chen/RSA_Implementation_on_PYNQ/rsa_optimized3/baseline/solution1/.autopilot/db/rsa.pp.0.cpp:19968:17: warning: Added loop label VITIS_LOOP_1649_18:   [xilinx-label-all-loops]
                for (int j = 0; j < 64; j++) {
                ^~~
                VITIS_LOOP_1649_18: 
/home/cse237c_fa24_s_chen/RSA_Implementation_on_PYNQ/rsa_optimized3/baseline/solution1/.autopilot/db/rsa.pp.0.cpp:19968:17: note: FIX-IT applied suggested code changes
/home/cse237c_fa24_s_chen/RSA_Implementation_on_PYNQ/rsa_optimized3/baseline/solution1/.autopilot/db/rsa.pp.0.cpp:20398:13: warning: Added loop label VITIS_LOOP_2079_19:   [xilinx-label-all-loops]
            for (int j = 64; j >= I_+31; j--) {
            ^~~
            VITIS_LOOP_2079_19: 
/home/cse237c_fa24_s_chen/RSA_Implementation_on_PYNQ/rsa_optimized3/baseline/solution1/.autopilot/db/rsa.pp.0.cpp:20398:13: note: FIX-IT applied suggested code changes
/home/cse237c_fa24_s_chen/RSA_Implementation_on_PYNQ/rsa_optimized3/baseline/solution1/.autopilot/db/rsa.pp.0.cpp:20404:17: warning: Added loop label VITIS_LOOP_2085_20:   [xilinx-label-all-loops]
                for (int j = 64; j >= I_+31; j--) {
                ^~~
                VITIS_LOOP_2085_20: 
/home/cse237c_fa24_s_chen/RSA_Implementation_on_PYNQ/rsa_optimized3/baseline/solution1/.autopilot/db/rsa.pp.0.cpp:20404:17: note: FIX-IT applied suggested code changes
/home/cse237c_fa24_s_chen/RSA_Implementation_on_PYNQ/rsa_optimized3/baseline/solution1/.autopilot/db/rsa.pp.0.cpp:20408:17: warning: Added loop label VITIS_LOOP_2089_21:   [xilinx-label-all-loops]
                for (int j = I_+30; j >= 0; j--) {
                ^~~
                VITIS_LOOP_2089_21: 
/home/cse237c_fa24_s_chen/RSA_Implementation_on_PYNQ/rsa_optimized3/baseline/solution1/.autopilot/db/rsa.pp.0.cpp:20408:17: note: FIX-IT applied suggested code changes
/home/cse237c_fa24_s_chen/RSA_Implementation_on_PYNQ/rsa_optimized3/baseline/solution1/.autopilot/db/rsa.pp.0.cpp:20538:13: warning: Added loop label VITIS_LOOP_2219_1:   [xilinx-label-all-loops]
            for(int j=3; j>=I+1; j--) {
            ^~~
            VITIS_LOOP_2219_1: 
/home/cse237c_fa24_s_chen/RSA_Implementation_on_PYNQ/rsa_optimized3/baseline/solution1/.autopilot/db/rsa.pp.0.cpp:20538:13: note: FIX-IT applied suggested code changes
/home/cse237c_fa24_s_chen/RSA_Implementation_on_PYNQ/rsa_optimized3/baseline/solution1/.autopilot/db/rsa.pp.0.cpp:20545:17: warning: Added loop label VITIS_LOOP_2226_2:   [xilinx-label-all-loops]
                for(int j=3; j>=I+1; j--) {
                ^~~
                VITIS_LOOP_2226_2: 
/home/cse237c_fa24_s_chen/RSA_Implementation_on_PYNQ/rsa_optimized3/baseline/solution1/.autopilot/db/rsa.pp.0.cpp:20545:17: note: FIX-IT applied suggested code changes
/home/cse237c_fa24_s_chen/RSA_Implementation_on_PYNQ/rsa_optimized3/baseline/solution1/.autopilot/db/rsa.pp.0.cpp:20549:17: warning: Added loop label VITIS_LOOP_2230_3:   [xilinx-label-all-loops]
                for(int j=I; j>=0; j--) {
                ^~~
                VITIS_LOOP_2230_3: 
/home/cse237c_fa24_s_chen/RSA_Implementation_on_PYNQ/rsa_optimized3/baseline/solution1/.autopilot/db/rsa.pp.0.cpp:20549:17: note: FIX-IT applied suggested code changes
/home/cse237c_fa24_s_chen/RSA_Implementation_on_PYNQ/rsa_optimized3/baseline/solution1/.autopilot/db/rsa.pp.0.cpp:20596:13: warning: Added loop label VITIS_LOOP_2277_4:   [xilinx-label-all-loops]
            for(int j=7; j>=3+I; j--) {
            ^~~
            VITIS_LOOP_2277_4: 
/home/cse237c_fa24_s_chen/RSA_Implementation_on_PYNQ/rsa_optimized3/baseline/solution1/.autopilot/db/rsa.pp.0.cpp:20596:13: note: FIX-IT applied suggested code changes
/home/cse237c_fa24_s_chen/RSA_Implementation_on_PYNQ/rsa_optimized3/baseline/solution1/.autopilot/db/rsa.pp.0.cpp:20603:17: warning: Added loop label VITIS_LOOP_2284_5:   [xilinx-label-all-loops]
                for(int j=7; j>=3+I; j--) {
                ^~~
                VITIS_LOOP_2284_5: 
/home/cse237c_fa24_s_chen/RSA_Implementation_on_PYNQ/rsa_optimized3/baseline/solution1/.autopilot/db/rsa.pp.0.cpp:20603:17: note: FIX-IT applied suggested code changes
/home/cse237c_fa24_s_chen/RSA_Implementation_on_PYNQ/rsa_optimized3/baseline/solution1/.autopilot/db/rsa.pp.0.cpp:20607:17: warning: Added loop label VITIS_LOOP_2288_6:   [xilinx-label-all-loops]
                for(int j=I+2; j>=0; j--) {
                ^~~
                VITIS_LOOP_2288_6: 
/home/cse237c_fa24_s_chen/RSA_Implementation_on_PYNQ/rsa_optimized3/baseline/solution1/.autopilot/db/rsa.pp.0.cpp:20607:17: note: FIX-IT applied suggested code changes
/home/cse237c_fa24_s_chen/RSA_Implementation_on_PYNQ/rsa_optimized3/baseline/solution1/.autopilot/db/rsa.pp.0.cpp:20625:9: warning: Added loop label VITIS_LOOP_2306_7:   [xilinx-label-all-loops]
        for(int j=11; j<16; j++) {
        ^~~
        VITIS_LOOP_2306_7: 
/home/cse237c_fa24_s_chen/RSA_Implementation_on_PYNQ/rsa_optimized3/baseline/solution1/.autopilot/db/rsa.pp.0.cpp:20625:9: note: FIX-IT applied suggested code changes
/home/cse237c_fa24_s_chen/RSA_Implementation_on_PYNQ/rsa_optimized3/baseline/solution1/.autopilot/db/rsa.pp.0.cpp:20680:13: warning: Added loop label VITIS_LOOP_2361_8:   [xilinx-label-all-loops]
            for(int j=15; j>=7+I; j--) {
            ^~~
            VITIS_LOOP_2361_8: 
/home/cse237c_fa24_s_chen/RSA_Implementation_on_PYNQ/rsa_optimized3/baseline/solution1/.autopilot/db/rsa.pp.0.cpp:20680:13: note: FIX-IT applied suggested code changes
/home/cse237c_fa24_s_chen/RSA_Implementation_on_PYNQ/rsa_optimized3/baseline/solution1/.autopilot/db/rsa.pp.0.cpp:20687:17: warning: Added loop label VITIS_LOOP_2368_9:   [xilinx-label-all-loops]
                for(int j=15; j>=7+I; j--) {
                ^~~
                VITIS_LOOP_2368_9: 
/home/cse237c_fa24_s_chen/RSA_Implementation_on_PYNQ/rsa_optimized3/baseline/solution1/.autopilot/db/rsa.pp.0.cpp:20687:17: note: FIX-IT applied suggested code changes
/home/cse237c_fa24_s_chen/RSA_Implementation_on_PYNQ/rsa_optimized3/baseline/solution1/.autopilot/db/rsa.pp.0.cpp:20691:17: warning: Added loop label VITIS_LOOP_2372_10:   [xilinx-label-all-loops]
                for(int j=6+I; j>=0; j--) {
                ^~~
                VITIS_LOOP_2372_10: 
/home/cse237c_fa24_s_chen/RSA_Implementation_on_PYNQ/rsa_optimized3/baseline/solution1/.autopilot/db/rsa.pp.0.cpp:20691:17: note: FIX-IT applied suggested code changes
/home/cse237c_fa24_s_chen/RSA_Implementation_on_PYNQ/rsa_optimized3/baseline/solution1/.autopilot/db/rsa.pp.0.cpp:20709:9: warning: Added loop label VITIS_LOOP_2390_11:   [xilinx-label-all-loops]
        for(int j=20; j<32; j++) {
        ^~~
        VITIS_LOOP_2390_11: 
/home/cse237c_fa24_s_chen/RSA_Implementation_on_PYNQ/rsa_optimized3/baseline/solution1/.autopilot/db/rsa.pp.0.cpp:20709:9: note: FIX-IT applied suggested code changes
/home/cse237c_fa24_s_chen/RSA_Implementation_on_PYNQ/rsa_optimized3/baseline/solution1/.autopilot/db/rsa.pp.0.cpp:20798:13: warning: Added loop label VITIS_LOOP_2479_12:   [xilinx-label-all-loops]
            for(int j=31; j>=I+15; j--) {
            ^~~
            VITIS_LOOP_2479_12: 
/home/cse237c_fa24_s_chen/RSA_Implementation_on_PYNQ/rsa_optimized3/baseline/solution1/.autopilot/db/rsa.pp.0.cpp:20798:13: note: FIX-IT applied suggested code changes
/home/cse237c_fa24_s_chen/RSA_Implementation_on_PYNQ/rsa_optimized3/baseline/solution1/.autopilot/db/rsa.pp.0.cpp:20805:17: warning: Added loop label VITIS_LOOP_2486_13:   [xilinx-label-all-loops]
                for(int j=31; j>=I+15; j--) {
                ^~~
                VITIS_LOOP_2486_13: 
/home/cse237c_fa24_s_chen/RSA_Implementation_on_PYNQ/rsa_optimized3/baseline/solution1/.autopilot/db/rsa.pp.0.cpp:20805:17: note: FIX-IT applied suggested code changes
/home/cse237c_fa24_s_chen/RSA_Implementation_on_PYNQ/rsa_optimized3/baseline/solution1/.autopilot/db/rsa.pp.0.cpp:20809:17: warning: Added loop label VITIS_LOOP_2490_14:   [xilinx-label-all-loops]
                for(int j=I+14; j>=0; j--) {
                ^~~
                VITIS_LOOP_2490_14: 
/home/cse237c_fa24_s_chen/RSA_Implementation_on_PYNQ/rsa_optimized3/baseline/solution1/.autopilot/db/rsa.pp.0.cpp:20809:17: note: FIX-IT applied suggested code changes
/home/cse237c_fa24_s_chen/RSA_Implementation_on_PYNQ/rsa_optimized3/baseline/solution1/.autopilot/db/rsa.pp.0.cpp:20819:9: warning: Added loop label VITIS_LOOP_2500_15:   [xilinx-label-all-loops]
        for(int j=32-F; j<32+I; j++) {
        ^~~
        VITIS_LOOP_2500_15: 
/home/cse237c_fa24_s_chen/RSA_Implementation_on_PYNQ/rsa_optimized3/baseline/solution1/.autopilot/db/rsa.pp.0.cpp:20819:9: note: FIX-IT applied suggested code changes
/home/cse237c_fa24_s_chen/RSA_Implementation_on_PYNQ/rsa_optimized3/baseline/solution1/.autopilot/db/rsa.pp.0.cpp:20823:9: warning: Added loop label VITIS_LOOP_2504_16:   [xilinx-label-all-loops]
        for(int j=32+I; j<=64; j++) {
        ^~~
        VITIS_LOOP_2504_16: 
/home/cse237c_fa24_s_chen/RSA_Implementation_on_PYNQ/rsa_optimized3/baseline/solution1/.autopilot/db/rsa.pp.0.cpp:20823:9: note: FIX-IT applied suggested code changes
/home/cse237c_fa24_s_chen/RSA_Implementation_on_PYNQ/rsa_optimized3/baseline/solution1/.autopilot/db/rsa.pp.0.cpp:20834:9: warning: Added loop label VITIS_LOOP_2515_17:   [xilinx-label-all-loops]
        for(int j=37; j<64; j++) {
        ^~~
        VITIS_LOOP_2515_17: 
/home/cse237c_fa24_s_chen/RSA_Implementation_on_PYNQ/rsa_optimized3/baseline/solution1/.autopilot/db/rsa.pp.0.cpp:20834:9: note: FIX-IT applied suggested code changes
/home/cse237c_fa24_s_chen/RSA_Implementation_on_PYNQ/rsa_optimized3/baseline/solution1/.autopilot/db/rsa.pp.0.cpp:20842:17: warning: Added loop label VITIS_LOOP_2523_18:   [xilinx-label-all-loops]
                for(int j=0; j<64; j++) {
                ^~~
                VITIS_LOOP_2523_18: 
/home/cse237c_fa24_s_chen/RSA_Implementation_on_PYNQ/rsa_optimized3/baseline/solution1/.autopilot/db/rsa.pp.0.cpp:20842:17: note: FIX-IT applied suggested code changes
/home/cse237c_fa24_s_chen/RSA_Implementation_on_PYNQ/rsa_optimized3/baseline/solution1/.autopilot/db/rsa.pp.0.cpp:21167:13: warning: Added loop label VITIS_LOOP_2848_19:   [xilinx-label-all-loops]
            for(int j=63; j>=I+31; j--) {
            ^~~
            VITIS_LOOP_2848_19: 
/home/cse237c_fa24_s_chen/RSA_Implementation_on_PYNQ/rsa_optimized3/baseline/solution1/.autopilot/db/rsa.pp.0.cpp:21167:13: note: FIX-IT applied suggested code changes
/home/cse237c_fa24_s_chen/RSA_Implementation_on_PYNQ/rsa_optimized3/baseline/solution1/.autopilot/db/rsa.pp.0.cpp:21174:17: warning: Added loop label VITIS_LOOP_2855_20:   [xilinx-label-all-loops]
                for(int j=63; j>=I+31; j--) {
                ^~~
                VITIS_LOOP_2855_20: 
/home/cse237c_fa24_s_chen/RSA_Implementation_on_PYNQ/rsa_optimized3/baseline/solution1/.autopilot/db/rsa.pp.0.cpp:21174:17: note: FIX-IT applied suggested code changes
/home/cse237c_fa24_s_chen/RSA_Implementation_on_PYNQ/rsa_optimized3/baseline/solution1/.autopilot/db/rsa.pp.0.cpp:21178:17: warning: Added loop label VITIS_LOOP_2859_21:   [xilinx-label-all-loops]
                for(int j=I+30; j>=0; j--) {
                ^~~
                VITIS_LOOP_2859_21: 
/home/cse237c_fa24_s_chen/RSA_Implementation_on_PYNQ/rsa_optimized3/baseline/solution1/.autopilot/db/rsa.pp.0.cpp:21178:17: note: FIX-IT applied suggested code changes
/home/cse237c_fa24_s_chen/RSA_Implementation_on_PYNQ/rsa_optimized3/baseline/solution1/.autopilot/db/rsa.pp.0.cpp:21266:4: warning: Added loop label VITIS_LOOP_2947_1:   [xilinx-label-all-loops]
   for(int j = 5; j>=I_+2; j--) {
   ^~~
   VITIS_LOOP_2947_1: 
/home/cse237c_fa24_s_chen/RSA_Implementation_on_PYNQ/rsa_optimized3/baseline/solution1/.autopilot/db/rsa.pp.0.cpp:21266:4: note: FIX-IT applied suggested code changes
/home/cse237c_fa24_s_chen/RSA_Implementation_on_PYNQ/rsa_optimized3/baseline/solution1/.autopilot/db/rsa.pp.0.cpp:21273:5: warning: Added loop label VITIS_LOOP_2954_2:   [xilinx-label-all-loops]
    for(int j = 5; j>=I_+2; j--) {
    ^~~
    VITIS_LOOP_2954_2: 
/home/cse237c_fa24_s_chen/RSA_Implementation_on_PYNQ/rsa_optimized3/baseline/solution1/.autopilot/db/rsa.pp.0.cpp:21273:5: note: FIX-IT applied suggested code changes
/home/cse237c_fa24_s_chen/RSA_Implementation_on_PYNQ/rsa_optimized3/baseline/solution1/.autopilot/db/rsa.pp.0.cpp:21277:5: warning: Added loop label VITIS_LOOP_2958_3:   [xilinx-label-all-loops]
    for(int j = I_+1; j>=0; j--) {
    ^~~
    VITIS_LOOP_2958_3: 
/home/cse237c_fa24_s_chen/RSA_Implementation_on_PYNQ/rsa_optimized3/baseline/solution1/.autopilot/db/rsa.pp.0.cpp:21277:5: note: FIX-IT applied suggested code changes
/home/cse237c_fa24_s_chen/RSA_Implementation_on_PYNQ/rsa_optimized3/baseline/solution1/.autopilot/db/rsa.pp.0.cpp:21292:3: warning: Added loop label VITIS_LOOP_2973_4:   [xilinx-label-all-loops]
  for(int j = 11; j >=7; j--) {
  ^~~
  VITIS_LOOP_2973_4: 
/home/cse237c_fa24_s_chen/RSA_Implementation_on_PYNQ/rsa_optimized3/baseline/solution1/.autopilot/db/rsa.pp.0.cpp:21292:3: note: FIX-IT applied suggested code changes
/home/cse237c_fa24_s_chen/RSA_Implementation_on_PYNQ/rsa_optimized3/baseline/solution1/.autopilot/db/rsa.pp.0.cpp:21324:4: warning: Added loop label VITIS_LOOP_3005_5:   [xilinx-label-all-loops]
   for(int j = 11; j >= I_+5; j--) {
   ^~~
   VITIS_LOOP_3005_5: 
/home/cse237c_fa24_s_chen/RSA_Implementation_on_PYNQ/rsa_optimized3/baseline/solution1/.autopilot/db/rsa.pp.0.cpp:21324:4: note: FIX-IT applied suggested code changes
/home/cse237c_fa24_s_chen/RSA_Implementation_on_PYNQ/rsa_optimized3/baseline/solution1/.autopilot/db/rsa.pp.0.cpp:21331:5: warning: Added loop label VITIS_LOOP_3012_6:   [xilinx-label-all-loops]
    for(int j = 11; j>= I_+5; j--) {
    ^~~
    VITIS_LOOP_3012_6: 
/home/cse237c_fa24_s_chen/RSA_Implementation_on_PYNQ/rsa_optimized3/baseline/solution1/.autopilot/db/rsa.pp.0.cpp:21331:5: note: FIX-IT applied suggested code changes
/home/cse237c_fa24_s_chen/RSA_Implementation_on_PYNQ/rsa_optimized3/baseline/solution1/.autopilot/db/rsa.pp.0.cpp:21335:5: warning: Added loop label VITIS_LOOP_3016_7:   [xilinx-label-all-loops]
    for(int j = I_+4; j>=0; j--) {
    ^~~
    VITIS_LOOP_3016_7: 
/home/cse237c_fa24_s_chen/RSA_Implementation_on_PYNQ/rsa_optimized3/baseline/solution1/.autopilot/db/rsa.pp.0.cpp:21335:5: note: FIX-IT applied suggested code changes
/home/cse237c_fa24_s_chen/RSA_Implementation_on_PYNQ/rsa_optimized3/baseline/solution1/.autopilot/db/rsa.pp.0.cpp:21350:3: warning: Added loop label VITIS_LOOP_3031_8:   [xilinx-label-all-loops]
  for(int j = 25; j>=15; j--) {
  ^~~
  VITIS_LOOP_3031_8: 
/home/cse237c_fa24_s_chen/RSA_Implementation_on_PYNQ/rsa_optimized3/baseline/solution1/.autopilot/db/rsa.pp.0.cpp:21350:3: note: FIX-IT applied suggested code changes
/home/cse237c_fa24_s_chen/RSA_Implementation_on_PYNQ/rsa_optimized3/baseline/solution1/.autopilot/db/rsa.pp.0.cpp:21400:4: warning: Added loop label VITIS_LOOP_3081_9:   [xilinx-label-all-loops]
   for(int j = 25; j>= I_+12; j--) {
   ^~~
   VITIS_LOOP_3081_9: 
/home/cse237c_fa24_s_chen/RSA_Implementation_on_PYNQ/rsa_optimized3/baseline/solution1/.autopilot/db/rsa.pp.0.cpp:21400:4: note: FIX-IT applied suggested code changes
/home/cse237c_fa24_s_chen/RSA_Implementation_on_PYNQ/rsa_optimized3/baseline/solution1/.autopilot/db/rsa.pp.0.cpp:21407:5: warning: Added loop label VITIS_LOOP_3088_10:   [xilinx-label-all-loops]
    for(int j = 25; j>=I_+12; j--) {
    ^~~
    VITIS_LOOP_3088_10: 
/home/cse237c_fa24_s_chen/RSA_Implementation_on_PYNQ/rsa_optimized3/baseline/solution1/.autopilot/db/rsa.pp.0.cpp:21407:5: note: FIX-IT applied suggested code changes
/home/cse237c_fa24_s_chen/RSA_Implementation_on_PYNQ/rsa_optimized3/baseline/solution1/.autopilot/db/rsa.pp.0.cpp:21411:5: warning: Added loop label VITIS_LOOP_3092_11:   [xilinx-label-all-loops]
    for(int j = I_+11; j>=0; j--) {
    ^~~
    VITIS_LOOP_3092_11: 
/home/cse237c_fa24_s_chen/RSA_Implementation_on_PYNQ/rsa_optimized3/baseline/solution1/.autopilot/db/rsa.pp.0.cpp:21411:5: note: FIX-IT applied suggested code changes
/home/cse237c_fa24_s_chen/RSA_Implementation_on_PYNQ/rsa_optimized3/baseline/solution1/.autopilot/db/rsa.pp.0.cpp:21426:3: warning: Added loop label VITIS_LOOP_3107_12:   [xilinx-label-all-loops]
  for(int j = 51; j >= 29; j--) {
  ^~~
  VITIS_LOOP_3107_12: 
/home/cse237c_fa24_s_chen/RSA_Implementation_on_PYNQ/rsa_optimized3/baseline/solution1/.autopilot/db/rsa.pp.0.cpp:21426:3: note: FIX-IT applied suggested code changes
/home/cse237c_fa24_s_chen/RSA_Implementation_on_PYNQ/rsa_optimized3/baseline/solution1/.autopilot/db/rsa.pp.0.cpp:21563:4: warning: Added loop label VITIS_LOOP_3244_13:   [xilinx-label-all-loops]
   for(int j = 51; j >= 25 + I_; j--) {
   ^~~
   VITIS_LOOP_3244_13: 
/home/cse237c_fa24_s_chen/RSA_Implementation_on_PYNQ/rsa_optimized3/baseline/solution1/.autopilot/db/rsa.pp.0.cpp:21563:4: note: FIX-IT applied suggested code changes
/home/cse237c_fa24_s_chen/RSA_Implementation_on_PYNQ/rsa_optimized3/baseline/solution1/.autopilot/db/rsa.pp.0.cpp:21570:5: warning: Added loop label VITIS_LOOP_3251_14:   [xilinx-label-all-loops]
    for(int j = 51; j>=25 + I_; j--) {
    ^~~
    VITIS_LOOP_3251_14: 
/home/cse237c_fa24_s_chen/RSA_Implementation_on_PYNQ/rsa_optimized3/baseline/solution1/.autopilot/db/rsa.pp.0.cpp:21570:5: note: FIX-IT applied suggested code changes
/home/cse237c_fa24_s_chen/RSA_Implementation_on_PYNQ/rsa_optimized3/baseline/solution1/.autopilot/db/rsa.pp.0.cpp:21574:5: warning: Added loop label VITIS_LOOP_3255_15:   [xilinx-label-all-loops]
    for(int j = 24 + I_; j >= 0; j--) {
    ^~~
    VITIS_LOOP_3255_15: 
/home/cse237c_fa24_s_chen/RSA_Implementation_on_PYNQ/rsa_optimized3/baseline/solution1/.autopilot/db/rsa.pp.0.cpp:21574:5: note: FIX-IT applied suggested code changes
/home/cse237c_fa24_s_chen/RSA_Implementation_on_PYNQ/rsa_optimized3/baseline/solution1/.autopilot/db/rsa.pp.0.cpp:21589:3: warning: Added loop label VITIS_LOOP_3270_16:   [xilinx-label-all-loops]
  for(int j = 63; j >= 36; j--) {
  ^~~
  VITIS_LOOP_3270_16: 
/home/cse237c_fa24_s_chen/RSA_Implementation_on_PYNQ/rsa_optimized3/baseline/solution1/.autopilot/db/rsa.pp.0.cpp:21589:3: note: FIX-IT applied suggested code changes
/home/cse237c_fa24_s_chen/RSA_Implementation_on_PYNQ/rsa_optimized3/baseline/solution1/.autopilot/db/rsa.pp.0.cpp:21749:4: warning: Added loop label VITIS_LOOP_3430_17:   [xilinx-label-all-loops]
   for(int j = 63; j >= 31 + I_; j--) {
   ^~~
   VITIS_LOOP_3430_17: 
/home/cse237c_fa24_s_chen/RSA_Implementation_on_PYNQ/rsa_optimized3/baseline/solution1/.autopilot/db/rsa.pp.0.cpp:21749:4: note: FIX-IT applied suggested code changes
/home/cse237c_fa24_s_chen/RSA_Implementation_on_PYNQ/rsa_optimized3/baseline/solution1/.autopilot/db/rsa.pp.0.cpp:21756:5: warning: Added loop label VITIS_LOOP_3437_18:   [xilinx-label-all-loops]
    for(int j = 63; j >= 31 + I_; j--) {
    ^~~
    VITIS_LOOP_3437_18: 
/home/cse237c_fa24_s_chen/RSA_Implementation_on_PYNQ/rsa_optimized3/baseline/solution1/.autopilot/db/rsa.pp.0.cpp:21756:5: note: FIX-IT applied suggested code changes
/home/cse237c_fa24_s_chen/RSA_Implementation_on_PYNQ/rsa_optimized3/baseline/solution1/.autopilot/db/rsa.pp.0.cpp:21760:5: warning: Added loop label VITIS_LOOP_3441_19:   [xilinx-label-all-loops]
    for(int j = 30 + I_; j >= 0; j--) {
    ^~~
    VITIS_LOOP_3441_19: 
/home/cse237c_fa24_s_chen/RSA_Implementation_on_PYNQ/rsa_optimized3/baseline/solution1/.autopilot/db/rsa.pp.0.cpp:21760:5: note: FIX-IT applied suggested code changes
/home/cse237c_fa24_s_chen/RSA_Implementation_on_PYNQ/rsa_optimized3/baseline/solution1/.autopilot/db/rsa.pp.0.cpp:22475:13: warning: Added loop label VITIS_LOOP_729_1:   [xilinx-label-all-loops]
            for (b_exp = I_-1; b_exp >= -F_; b_exp--) {
            ^~~
            VITIS_LOOP_729_1: 
/home/cse237c_fa24_s_chen/RSA_Implementation_on_PYNQ/rsa_optimized3/baseline/solution1/.autopilot/db/rsa.pp.0.cpp:22475:13: note: FIX-IT applied suggested code changes
/home/cse237c_fa24_s_chen/RSA_Implementation_on_PYNQ/rsa_optimized3/baseline/solution1/.autopilot/db/rsa.pp.0.cpp:22693:13: warning: Added loop label VITIS_LOOP_947_1:   [xilinx-label-all-loops]
            for (b_exp = I_-1; b_exp >= -F_; b_exp--) {
            ^~~
            VITIS_LOOP_947_1: 
/home/cse237c_fa24_s_chen/RSA_Implementation_on_PYNQ/rsa_optimized3/baseline/solution1/.autopilot/db/rsa.pp.0.cpp:22693:13: note: FIX-IT applied suggested code changes
/home/cse237c_fa24_s_chen/RSA_Implementation_on_PYNQ/rsa_optimized3/baseline/solution1/.autopilot/db/rsa.pp.0.cpp:23110:13: warning: Added loop label VITIS_LOOP_1371_1:   [xilinx-label-all-loops]
            for (b_exp = I_-1; b_exp >= -F_; b_exp--) {
            ^~~
            VITIS_LOOP_1371_1: 
/home/cse237c_fa24_s_chen/RSA_Implementation_on_PYNQ/rsa_optimized3/baseline/solution1/.autopilot/db/rsa.pp.0.cpp:23110:13: note: FIX-IT applied suggested code changes
/home/cse237c_fa24_s_chen/RSA_Implementation_on_PYNQ/rsa_optimized3/baseline/solution1/.autopilot/db/rsa.pp.0.cpp:23424:9: warning: Added loop label VITIS_LOOP_266_1:   [xilinx-label-all-loops]
        for ( int pos = msbr-1; pos >= 0; pos-- ) {
        ^~~
        VITIS_LOOP_266_1: 
/home/cse237c_fa24_s_chen/RSA_Implementation_on_PYNQ/rsa_optimized3/baseline/solution1/.autopilot/db/rsa.pp.0.cpp:23424:9: note: FIX-IT applied suggested code changes
/home/cse237c_fa24_s_chen/RSA_Implementation_on_PYNQ/rsa_optimized3/baseline/solution1/.autopilot/db/rsa.pp.0.cpp:23452:9: warning: Added loop label VITIS_LOOP_294_2:   [xilinx-label-all-loops]
        for ( int pos = -1; pos >= -F_-1; pos-- ) {
        ^~~
        VITIS_LOOP_294_2: 
/home/cse237c_fa24_s_chen/RSA_Implementation_on_PYNQ/rsa_optimized3/baseline/solution1/.autopilot/db/rsa.pp.0.cpp:23452:9: note: FIX-IT applied suggested code changes
/home/cse237c_fa24_s_chen/RSA_Implementation_on_PYNQ/rsa_optimized3/baseline/solution1/.autopilot/db/rsa.pp.0.cpp:24147:13: warning: Added loop label VITIS_LOOP_74_1:   [xilinx-label-all-loops]
            for (int j = 0; j < W_-1; j++){
            ^~~
            VITIS_LOOP_74_1: 
/home/cse237c_fa24_s_chen/RSA_Implementation_on_PYNQ/rsa_optimized3/baseline/solution1/.autopilot/db/rsa.pp.0.cpp:24147:13: note: FIX-IT applied suggested code changes
/home/cse237c_fa24_s_chen/RSA_Implementation_on_PYNQ/rsa_optimized3/baseline/solution1/.autopilot/db/rsa.pp.0.cpp:24200:5: warning: Added loop label VITIS_LOOP_135_2:   [xilinx-label-all-loops]
    for (int j = F_l+F_+I_m-1; j < F_l+W_+5; j++){
    ^~~
    VITIS_LOOP_135_2: 
/home/cse237c_fa24_s_chen/RSA_Implementation_on_PYNQ/rsa_optimized3/baseline/solution1/.autopilot/db/rsa.pp.0.cpp:24200:5: note: FIX-IT applied suggested code changes
/home/cse237c_fa24_s_chen/RSA_Implementation_on_PYNQ/rsa_optimized3/baseline/solution1/.autopilot/db/rsa.pp.0.cpp:24214:13: warning: Added loop label VITIS_LOOP_149_3:   [xilinx-label-all-loops]
            for (int j = WO_m-1; j >= W_-1; j--) {
            ^~~
            VITIS_LOOP_149_3: 
/home/cse237c_fa24_s_chen/RSA_Implementation_on_PYNQ/rsa_optimized3/baseline/solution1/.autopilot/db/rsa.pp.0.cpp:24214:13: note: FIX-IT applied suggested code changes
/home/cse237c_fa24_s_chen/RSA_Implementation_on_PYNQ/rsa_optimized3/baseline/solution1/.autopilot/db/rsa.pp.0.cpp:24244:13: warning: Added loop label VITIS_LOOP_179_4:   [xilinx-label-all-loops]
            for (int j = W_-2; j >= 0; j--){
            ^~~
            VITIS_LOOP_179_4: 
/home/cse237c_fa24_s_chen/RSA_Implementation_on_PYNQ/rsa_optimized3/baseline/solution1/.autopilot/db/rsa.pp.0.cpp:24244:13: note: FIX-IT applied suggested code changes
/home/cse237c_fa24_s_chen/RSA_Implementation_on_PYNQ/rsa_optimized3/baseline/solution1/.autopilot/db/rsa.pp.0.cpp:24329:12: warning: Added loop label VITIS_LOOP_307_1:   [xilinx-label-all-loops]
           for(int i = wf_log+we_log-2; i > WI_e - 2; --i) {
           ^~~
           VITIS_LOOP_307_1: 
/home/cse237c_fa24_s_chen/RSA_Implementation_on_PYNQ/rsa_optimized3/baseline/solution1/.autopilot/db/rsa.pp.0.cpp:24329:12: note: FIX-IT applied suggested code changes
/home/cse237c_fa24_s_chen/RSA_Implementation_on_PYNQ/rsa_optimized3/baseline/solution1/.autopilot/db/rsa.pp.0.cpp:24349:16: warning: Added loop label VITIS_LOOP_327_2:   [xilinx-label-all-loops]
               for (int j = WO_e-1; j >= W_-1; j--) {
               ^~~
               VITIS_LOOP_327_2: 
/home/cse237c_fa24_s_chen/RSA_Implementation_on_PYNQ/rsa_optimized3/baseline/solution1/.autopilot/db/rsa.pp.0.cpp:24349:16: note: FIX-IT applied suggested code changes
/home/cse237c_fa24_s_chen/RSA_Implementation_on_PYNQ/rsa_optimized3/baseline/solution1/.autopilot/db/rsa.pp.0.cpp:24363:20: warning: Added loop label VITIS_LOOP_341_3:   [xilinx-label-all-loops]
                   for(int i = 0; i < W_-1; ++i) {
                   ^~~
                   VITIS_LOOP_341_3: 
/home/cse237c_fa24_s_chen/RSA_Implementation_on_PYNQ/rsa_optimized3/baseline/solution1/.autopilot/db/rsa.pp.0.cpp:24363:20: note: FIX-IT applied suggested code changes
/home/cse237c_fa24_s_chen/RSA_Implementation_on_PYNQ/rsa_optimized3/baseline/solution1/.autopilot/db/rsa.pp.0.cpp:24456:12: warning: Added loop label VITIS_LOOP_459_1:   [xilinx-label-all-loops]
           for (int j =WO_d-1; j >= W_-1; j--) {
           ^~~
           VITIS_LOOP_459_1: 
/home/cse237c_fa24_s_chen/RSA_Implementation_on_PYNQ/rsa_optimized3/baseline/solution1/.autopilot/db/rsa.pp.0.cpp:24456:12: note: FIX-IT applied suggested code changes
/home/cse237c_fa24_s_chen/RSA_Implementation_on_PYNQ/rsa_optimized3/baseline/solution1/.autopilot/db/rsa.pp.0.cpp:24470:15: warning: Added loop label VITIS_LOOP_473_2:   [xilinx-label-all-loops]
              for(int i = 0; i < W_-1; ++i) {
              ^~~
              VITIS_LOOP_473_2: 
/home/cse237c_fa24_s_chen/RSA_Implementation_on_PYNQ/rsa_optimized3/baseline/solution1/.autopilot/db/rsa.pp.0.cpp:24470:15: note: FIX-IT applied suggested code changes
/home/cse237c_fa24_s_chen/RSA_Implementation_on_PYNQ/rsa_optimized3/baseline/solution1/.autopilot/db/rsa.pp.0.cpp:24583:13: warning: Added loop label VITIS_LOOP_59_1:   [xilinx-label-all-loops]
            for (int i = 0; i < W_-1; i++){
            ^~~
            VITIS_LOOP_59_1: 
/home/cse237c_fa24_s_chen/RSA_Implementation_on_PYNQ/rsa_optimized3/baseline/solution1/.autopilot/db/rsa.pp.0.cpp:24583:13: note: FIX-IT applied suggested code changes
/home/cse237c_fa24_s_chen/RSA_Implementation_on_PYNQ/rsa_optimized3/baseline/solution1/.autopilot/db/rsa.pp.0.cpp:24707:13: warning: Added loop label VITIS_LOOP_209_1:   [xilinx-label-all-loops]
            for (int i = 0; i < W_-1; i++){
            ^~~
            VITIS_LOOP_209_1: 
/home/cse237c_fa24_s_chen/RSA_Implementation_on_PYNQ/rsa_optimized3/baseline/solution1/.autopilot/db/rsa.pp.0.cpp:24707:13: note: FIX-IT applied suggested code changes
/home/cse237c_fa24_s_chen/RSA_Implementation_on_PYNQ/rsa_optimized3/baseline/solution1/.autopilot/db/rsa.pp.0.cpp:24762:13: warning: Added loop label VITIS_LOOP_274_1:   [xilinx-label-all-loops]
            for (int i = 0; i < W_-1; i++){
            ^~~
            VITIS_LOOP_274_1: 
/home/cse237c_fa24_s_chen/RSA_Implementation_on_PYNQ/rsa_optimized3/baseline/solution1/.autopilot/db/rsa.pp.0.cpp:24762:13: note: FIX-IT applied suggested code changes
/home/cse237c_fa24_s_chen/RSA_Implementation_on_PYNQ/rsa_optimized3/baseline/solution1/.autopilot/db/rsa.pp.0.cpp:25267:2: warning: Added loop label VITIS_LOOP_42_1:   [xilinx-label-all-loops]
 for (int i=0; i<W_;i++)
 ^~~
 VITIS_LOOP_42_1: 
/home/cse237c_fa24_s_chen/RSA_Implementation_on_PYNQ/rsa_optimized3/baseline/solution1/.autopilot/db/rsa.pp.0.cpp:25267:2: note: FIX-IT applied suggested code changes
/home/cse237c_fa24_s_chen/RSA_Implementation_on_PYNQ/rsa_optimized3/baseline/solution1/.autopilot/db/rsa.pp.0.cpp:25278:2: warning: Added loop label VITIS_LOOP_53_1:   [xilinx-label-all-loops]
 for (int i=0; i<W_;i++)
 ^~~
 VITIS_LOOP_53_1: 
/home/cse237c_fa24_s_chen/RSA_Implementation_on_PYNQ/rsa_optimized3/baseline/solution1/.autopilot/db/rsa.pp.0.cpp:25278:2: note: FIX-IT applied suggested code changes
/home/cse237c_fa24_s_chen/RSA_Implementation_on_PYNQ/rsa_optimized3/baseline/solution1/.autopilot/db/rsa.pp.0.cpp:25289:2: warning: Added loop label VITIS_LOOP_64_1:   [xilinx-label-all-loops]
 for (int i=0; i<I_;i++)
 ^~~
 VITIS_LOOP_64_1: 
/home/cse237c_fa24_s_chen/RSA_Implementation_on_PYNQ/rsa_optimized3/baseline/solution1/.autopilot/db/rsa.pp.0.cpp:25289:2: note: FIX-IT applied suggested code changes
/home/cse237c_fa24_s_chen/RSA_Implementation_on_PYNQ/rsa_optimized3/baseline/solution1/.autopilot/db/rsa.pp.0.cpp:25300:2: warning: Added loop label VITIS_LOOP_75_1:   [xilinx-label-all-loops]
 for (int i=0; i<I_;i++)
 ^~~
 VITIS_LOOP_75_1: 
/home/cse237c_fa24_s_chen/RSA_Implementation_on_PYNQ/rsa_optimized3/baseline/solution1/.autopilot/db/rsa.pp.0.cpp:25300:2: note: FIX-IT applied suggested code changes
/home/cse237c_fa24_s_chen/RSA_Implementation_on_PYNQ/rsa_optimized3/baseline/solution1/.autopilot/db/rsa.pp.0.cpp:25311:2: warning: Added loop label VITIS_LOOP_86_1:   [xilinx-label-all-loops]
 for (int i=0; i<W_;i++)
 ^~~
 VITIS_LOOP_86_1: 
/home/cse237c_fa24_s_chen/RSA_Implementation_on_PYNQ/rsa_optimized3/baseline/solution1/.autopilot/db/rsa.pp.0.cpp:25311:2: note: FIX-IT applied suggested code changes
/home/cse237c_fa24_s_chen/RSA_Implementation_on_PYNQ/rsa_optimized3/baseline/solution1/.autopilot/db/rsa.pp.0.cpp:25322:2: warning: Added loop label VITIS_LOOP_97_1:   [xilinx-label-all-loops]
 for (int i=0; i<W_;i++)
 ^~~
 VITIS_LOOP_97_1: 
/home/cse237c_fa24_s_chen/RSA_Implementation_on_PYNQ/rsa_optimized3/baseline/solution1/.autopilot/db/rsa.pp.0.cpp:25322:2: note: FIX-IT applied suggested code changes
/home/cse237c_fa24_s_chen/RSA_Implementation_on_PYNQ/rsa_optimized3/baseline/solution1/.autopilot/db/rsa.pp.0.cpp:25333:2: warning: Added loop label VITIS_LOOP_108_1:   [xilinx-label-all-loops]
 for (int i=0; i<I_;i++)
 ^~~
 VITIS_LOOP_108_1: 
/home/cse237c_fa24_s_chen/RSA_Implementation_on_PYNQ/rsa_optimized3/baseline/solution1/.autopilot/db/rsa.pp.0.cpp:25333:2: note: FIX-IT applied suggested code changes
/home/cse237c_fa24_s_chen/RSA_Implementation_on_PYNQ/rsa_optimized3/baseline/solution1/.autopilot/db/rsa.pp.0.cpp:25344:2: warning: Added loop label VITIS_LOOP_119_1:   [xilinx-label-all-loops]
 for (int i=0; i<I_;i++)
 ^~~
 VITIS_LOOP_119_1: 
/home/cse237c_fa24_s_chen/RSA_Implementation_on_PYNQ/rsa_optimized3/baseline/solution1/.autopilot/db/rsa.pp.0.cpp:25344:2: note: FIX-IT applied suggested code changes
/home/cse237c_fa24_s_chen/RSA_Implementation_on_PYNQ/rsa_optimized3/baseline/solution1/.autopilot/db/rsa.pp.0.cpp:27645:12: warning: Added loop label VITIS_LOOP_23_1:   [xilinx-label-all-loops]
           for(int i = 0; i < W_-1; ++i) {
           ^~~
           VITIS_LOOP_23_1: 
/home/cse237c_fa24_s_chen/RSA_Implementation_on_PYNQ/rsa_optimized3/baseline/solution1/.autopilot/db/rsa.pp.0.cpp:27645:12: note: FIX-IT applied suggested code changes
/home/cse237c_fa24_s_chen/RSA_Implementation_on_PYNQ/rsa_optimized3/baseline/solution1/.autopilot/db/rsa.pp.0.cpp:27709:7: warning: Added loop label VITIS_LOOP_66_1:   [xilinx-label-all-loops]
      for(int pos = msbr - 1 ; pos >= -F-1; pos--) {
      ^~~
      VITIS_LOOP_66_1: 
/home/cse237c_fa24_s_chen/RSA_Implementation_on_PYNQ/rsa_optimized3/baseline/solution1/.autopilot/db/rsa.pp.0.cpp:27709:7: note: FIX-IT applied suggested code changes
/home/cse237c_fa24_s_chen/RSA_Implementation_on_PYNQ/rsa_optimized3/baseline/solution1/.autopilot/db/rsa.pp.0.cpp:27826:9: warning: Added loop label VITIS_LOOP_75_1:   [xilinx-label-all-loops]
        for(int pos = msbr - 1; pos >= 0; pos--) {
        ^~~
        VITIS_LOOP_75_1: 
/home/cse237c_fa24_s_chen/RSA_Implementation_on_PYNQ/rsa_optimized3/baseline/solution1/.autopilot/db/rsa.pp.0.cpp:27826:9: note: FIX-IT applied suggested code changes
/home/cse237c_fa24_s_chen/RSA_Implementation_on_PYNQ/rsa_optimized3/baseline/solution1/.autopilot/db/rsa.pp.0.cpp:27851:5: warning: Added loop label VITIS_LOOP_107_2:   [xilinx-label-all-loops]
    for(int pos = -1; pos >= -F-1; pos--) {
    ^~~
    VITIS_LOOP_107_2: 
/home/cse237c_fa24_s_chen/RSA_Implementation_on_PYNQ/rsa_optimized3/baseline/solution1/.autopilot/db/rsa.pp.0.cpp:27851:5: note: FIX-IT applied suggested code changes
/home/cse237c_fa24_s_chen/RSA_Implementation_on_PYNQ/rsa_optimized3/baseline/solution1/.autopilot/db/rsa.pp.0.cpp:27921:8: warning: Added loop label VITIS_LOOP_195_3:   [xilinx-label-all-loops]
       for(int i = 0; i < W - 1; ++i) {
       ^~~
       VITIS_LOOP_195_3: 
/home/cse237c_fa24_s_chen/RSA_Implementation_on_PYNQ/rsa_optimized3/baseline/solution1/.autopilot/db/rsa.pp.0.cpp:27921:8: note: FIX-IT applied suggested code changes
