

================================================================
== Vitis HLS Report for 'rsa'
================================================================
* Date:           Thu Nov 28 14:40:04 2024

* Version:        2022.2 (Build 3670227 on Oct 13 2022)
* Project:        rsa_baseline_hls
* Solution:       solution1 (Vivado IP Flow Target)
* Product family: zynq
* Target device:  xc7z020-clg400-1


================================================================
== Performance Estimates
================================================================
+ Timing: 
    * Summary: 
    +--------+----------+----------+------------+
    |  Clock |  Target  | Estimated| Uncertainty|
    +--------+----------+----------+------------+
    |ap_clk  |  10.00 ns|  7.090 ns|     2.70 ns|
    +--------+----------+----------+------------+

+ Latency: 
    * Summary: 
    +---------+---------+----------+----------+-----+-----+----------+
    |  Latency (cycles) |  Latency (absolute) |  Interval | Pipeline |
    |   min   |   max   |    min   |    max   | min | max |   Type   |
    +---------+---------+----------+----------+-----+-----+----------+
    |      627|      627|  6.270 us|  6.270 us|  628|  628|  dataflow|
    +---------+---------+----------+----------+-----+-----+----------+

    + Detail: 
        * Instance: 
        +-----------------------+--------------------+---------+---------+----------+----------+-----+-----+---------+
        |                       |                    |  Latency (cycles) |  Latency (absolute) |  Interval | Pipeline|
        |        Instance       |       Module       |   min   |   max   |    min   |    max   | min | max |   Type  |
        +-----------------------+--------------------+---------+---------+----------+----------+-----+-----+---------+
        |Block_entry30_proc_U0  |Block_entry30_proc  |      627|      627|  6.270 us|  6.270 us|  627|  627|       no|
        +-----------------------+--------------------+---------+---------+----------+----------+-----+-----+---------+

        * Loop: 
        N/A



================================================================
== Utilization Estimates
================================================================
* Summary: 
+-----------------+---------+-----+--------+-------+-----+
|       Name      | BRAM_18K| DSP |   FF   |  LUT  | URAM|
+-----------------+---------+-----+--------+-------+-----+
|DSP              |        -|    -|       -|      -|    -|
|Expression       |        -|    -|       -|      -|    -|
|FIFO             |        -|    -|       -|      -|    -|
|Instance         |        0|   30|   13056|  10523|    -|
|Memory           |        -|    -|       -|      -|    -|
|Multiplexer      |        -|    -|       -|      -|    -|
|Register         |        -|    -|       -|      -|    -|
+-----------------+---------+-----+--------+-------+-----+
|Total            |        0|   30|   13056|  10523|    0|
+-----------------+---------+-----+--------+-------+-----+
|Available        |      280|  220|  106400|  53200|    0|
+-----------------+---------+-----+--------+-------+-----+
|Utilization (%)  |        0|   13|      12|     19|    0|
+-----------------+---------+-----+--------+-------+-----+

+ Detail: 
    * Instance: 
    +-----------------------+--------------------+---------+----+-------+-------+-----+
    |        Instance       |       Module       | BRAM_18K| DSP|   FF  |  LUT  | URAM|
    +-----------------------+--------------------+---------+----+-------+-------+-----+
    |Block_entry30_proc_U0  |Block_entry30_proc  |        0|  30|  12932|  10355|    0|
    |control_s_axi_U        |control_s_axi       |        0|   0|    124|    168|    0|
    +-----------------------+--------------------+---------+----+-------+-------+-----+
    |Total                  |                    |        0|  30|  13056|  10523|    0|
    +-----------------------+--------------------+---------+----+-------+-------+-----+

    * DSP: 
    N/A

    * Memory: 
    N/A

    * FIFO: 
    N/A

    * Expression: 
    N/A

    * Multiplexer: 
    N/A

    * Register: 
    N/A



================================================================
== Interface
================================================================
* Summary: 
+-----------------------+-----+-----+------------+--------------+--------------+
|       RTL Ports       | Dir | Bits|  Protocol  | Source Object|    C Type    |
+-----------------------+-----+-----+------------+--------------+--------------+
|s_axi_control_AWVALID  |   in|    1|       s_axi|       control|       pointer|
|s_axi_control_AWREADY  |  out|    1|       s_axi|       control|       pointer|
|s_axi_control_AWADDR   |   in|    6|       s_axi|       control|       pointer|
|s_axi_control_WVALID   |   in|    1|       s_axi|       control|       pointer|
|s_axi_control_WREADY   |  out|    1|       s_axi|       control|       pointer|
|s_axi_control_WDATA    |   in|   32|       s_axi|       control|       pointer|
|s_axi_control_WSTRB    |   in|    4|       s_axi|       control|       pointer|
|s_axi_control_ARVALID  |   in|    1|       s_axi|       control|       pointer|
|s_axi_control_ARREADY  |  out|    1|       s_axi|       control|       pointer|
|s_axi_control_ARADDR   |   in|    6|       s_axi|       control|       pointer|
|s_axi_control_RVALID   |  out|    1|       s_axi|       control|       pointer|
|s_axi_control_RREADY   |   in|    1|       s_axi|       control|       pointer|
|s_axi_control_RDATA    |  out|   32|       s_axi|       control|       pointer|
|s_axi_control_RRESP    |  out|    2|       s_axi|       control|       pointer|
|s_axi_control_BVALID   |  out|    1|       s_axi|       control|       pointer|
|s_axi_control_BREADY   |   in|    1|       s_axi|       control|       pointer|
|s_axi_control_BRESP    |  out|    2|       s_axi|       control|       pointer|
|ap_clk                 |   in|    1|  ap_ctrl_hs|           rsa|  return value|
|ap_rst_n               |   in|    1|  ap_ctrl_hs|           rsa|  return value|
|interrupt              |  out|    1|  ap_ctrl_hs|           rsa|  return value|
+-----------------------+-----+-----+------------+--------------+--------------+

