

================================================================
== Vitis HLS Report for 'Montgomery_Pipeline_Montgomery'
================================================================
* Date:           Thu Dec 12 16:52:59 2024

* Version:        2022.2 (Build 3670227 on Oct 13 2022)
* Project:        baseline
* Solution:       solution1 (Vivado IP Flow Target)
* Product family: zynq
* Target device:  xc7z020-clg400-1


================================================================
== Performance Estimates
================================================================
+ Timing: 
    * Summary: 
    +--------+----------+----------+------------+
    |  Clock |  Target  | Estimated| Uncertainty|
    +--------+----------+----------+------------+
    |ap_clk  |  10.00 ns|  6.584 ns|     2.70 ns|
    +--------+----------+----------+------------+

+ Latency: 
    * Summary: 
    +---------+---------+-----------+-----------+------+------+---------+
    |  Latency (cycles) |   Latency (absolute)  |   Interval  | Pipeline|
    |   min   |   max   |    min    |    max    |  min |  max |   Type  |
    +---------+---------+-----------+-----------+------+------+---------+
    |     1026|     1026|  10.260 us|  10.260 us|  1026|  1026|       no|
    +---------+---------+-----------+-----------+------+------+---------+

    + Detail: 
        * Instance: 
        N/A

        * Loop: 
        +--------------+---------+---------+----------+-----------+-----------+------+----------+
        |              |  Latency (cycles) | Iteration|  Initiation Interval  | Trip |          |
        |   Loop Name  |   min   |   max   |  Latency |  achieved |   target  | Count| Pipelined|
        +--------------+---------+---------+----------+-----------+-----------+------+----------+
        |- Montgomery  |     1024|     1024|         4|          4|          4|   256|       yes|
        +--------------+---------+---------+----------+-----------+-----------+------+----------+

============================================================
+ Verbose Summary: Synthesis Manager
============================================================
InlineROM: 1
ExposeGlobal: 0
============================================================
+ Verbose Summary: CDFG Model
============================================================
IsTopModel: 0
ResetActiveHigh: 1
IsCombinational: 0
IsDatapathOnly: 0
HasWiredReturn: 1
HasMFsm: 2
HasVarLatency: 1
IsPipeline: 0
IsRtlPipelined: 0
IsInstanceOverlapped: 0
IsDontTouch: 0
HasImplIP: 0
IsGatedGlobalClock: 0

+ Individual pipeline summary: 
  * Pipeline-0: initiation interval (II) = 4, depth = 5


============================================================
+ Verbose Summary: Schedule
============================================================
* Number of FSM states : 5
* Pipeline : 1
  Pipeline-0 : II = 4, D = 5, States = { 1 2 3 4 5 }
* Dataflow Pipeline: 0

* FSM state transitions: 
1 --> 2 
2 --> 3 
3 --> 4 
4 --> 5 
5 --> 

* FSM state operations: 

State 1 <SV = 0> <Delay = 1.58>
ST_1 : Operation 7 [1/1] (0.00ns)   --->   "%m_V = alloca i32 1"   --->   Operation 7 'alloca' 'm_V' <Predicate = true> <Delay = 0.00>
ST_1 : Operation 8 [1/1] (0.00ns)   --->   "%i_02 = alloca i32 1"   --->   Operation 8 'alloca' 'i_02' <Predicate = true> <Delay = 0.00>
ST_1 : Operation 9 [1/1] (0.00ns)   --->   "%empty = alloca i32 1"   --->   Operation 9 'alloca' 'empty' <Predicate = true> <Delay = 0.00>
ST_1 : Operation 10 [1/1] (0.00ns)   --->   "%zext_ln1495_read = read i256 @_ssdm_op_Read.ap_auto.i256, i256 %zext_ln1495"   --->   Operation 10 'read' 'zext_ln1495_read' <Predicate = true> <Delay = 0.00>
ST_1 : Operation 11 [1/1] (0.00ns)   --->   "%zext_ln186_read = read i256 @_ssdm_op_Read.ap_auto.i256, i256 %zext_ln186"   --->   Operation 11 'read' 'zext_ln186_read' <Predicate = true> <Delay = 0.00>
ST_1 : Operation 12 [1/1] (0.00ns)   --->   "%a_read = read i256 @_ssdm_op_Read.ap_auto.i256, i256 %a"   --->   Operation 12 'read' 'a_read' <Predicate = true> <Delay = 0.00>
ST_1 : Operation 13 [1/1] (0.00ns)   --->   "%zext_ln1495_cast = zext i256 %zext_ln1495_read"   --->   Operation 13 'zext' 'zext_ln1495_cast' <Predicate = true> <Delay = 0.00>
ST_1 : Operation 14 [1/1] (0.00ns)   --->   "%zext_ln186_cast = zext i256 %zext_ln186_read"   --->   Operation 14 'zext' 'zext_ln186_cast' <Predicate = true> <Delay = 0.00>
ST_1 : Operation 15 [1/1] (1.58ns)   --->   "%store_ln0 = store i256 %a_read, i256 %empty"   --->   Operation 15 'store' 'store_ln0' <Predicate = true> <Delay = 1.58>
ST_1 : Operation 16 [1/1] (1.58ns)   --->   "%store_ln0 = store i9 0, i9 %i_02"   --->   Operation 16 'store' 'store_ln0' <Predicate = true> <Delay = 1.58>
ST_1 : Operation 17 [1/1] (1.58ns)   --->   "%store_ln0 = store i257 0, i257 %m_V"   --->   Operation 17 'store' 'store_ln0' <Predicate = true> <Delay = 1.58>
ST_1 : Operation 18 [1/1] (0.00ns)   --->   "%br_ln0 = br void %for.body"   --->   Operation 18 'br' 'br_ln0' <Predicate = true> <Delay = 0.00>

State 2 <SV = 1> <Delay = 3.44>
ST_2 : Operation 19 [1/1] (0.00ns)   --->   "%i = load i9 %i_02" [rsa.cpp:22]   --->   Operation 19 'load' 'i' <Predicate = true> <Delay = 0.00>
ST_2 : Operation 20 [1/1] (1.66ns)   --->   "%icmp_ln22 = icmp_eq  i9 %i, i9 256" [rsa.cpp:22]   --->   Operation 20 'icmp' 'icmp_ln22' <Predicate = true> <Delay = 1.66> <CoreInst = "Cmp">   --->   Core 9 'Cmp' <Latency = 0> <II = 1> <Delay = 1.66> <FuncUnit> <Opcode : 'icmp'> <InPorts = 2> <OutPorts = 1>
ST_2 : Operation 21 [1/1] (0.00ns)   --->   "%empty_23 = speclooptripcount i32 @_ssdm_op_SpecLoopTripCount, i64 256, i64 256, i64 256"   --->   Operation 21 'speclooptripcount' 'empty_23' <Predicate = true> <Delay = 0.00>
ST_2 : Operation 22 [1/1] (1.82ns)   --->   "%i_5 = add i9 %i, i9 1" [rsa.cpp:22]   --->   Operation 22 'add' 'i_5' <Predicate = true> <Delay = 1.82> <CoreInst = "Adder">   --->   Core 1 'Adder' <Latency = 0> <II = 1> <Delay = 1.82> <FuncUnit> <Opcode : 'add' 'sub'> <InPorts = 2> <OutPorts = 1>
ST_2 : Operation 23 [1/1] (0.00ns)   --->   "%br_ln22 = br i1 %icmp_ln22, void %for.body.split, void %for.end.exitStub" [rsa.cpp:22]   --->   Operation 23 'br' 'br_ln22' <Predicate = true> <Delay = 0.00>
ST_2 : Operation 24 [1/1] (0.00ns)   --->   "%m_V_load_2 = load i257 %m_V" [rsa.cpp:22]   --->   Operation 24 'load' 'm_V_load_2' <Predicate = (!icmp_ln22)> <Delay = 0.00>
ST_2 : Operation 25 [1/1] (0.00ns)   --->   "%zext_ln22 = zext i257 %m_V_load_2" [rsa.cpp:22]   --->   Operation 25 'zext' 'zext_ln22' <Predicate = (!icmp_ln22)> <Delay = 0.00>
ST_2 : Operation 26 [2/2] (3.44ns)   --->   "%m_V_2 = add i258 %zext_ln22, i258 %zext_ln186_cast"   --->   Operation 26 'add' 'm_V_2' <Predicate = (!icmp_ln22)> <Delay = 3.44> <CoreInst = "Adder">   --->   Core 1 'Adder' <Latency = 1> <II = 1> <Delay = 3.44> <FuncUnit> <Opcode : 'add' 'sub'> <InPorts = 2> <OutPorts = 1>
ST_2 : Operation 27 [1/1] (1.58ns)   --->   "%store_ln22 = store i9 %i_5, i9 %i_02" [rsa.cpp:22]   --->   Operation 27 'store' 'store_ln22' <Predicate = (!icmp_ln22)> <Delay = 1.58>
ST_2 : Operation 45 [1/1] (0.00ns)   --->   "%m_V_load = load i257 %m_V"   --->   Operation 45 'load' 'm_V_load' <Predicate = (icmp_ln22)> <Delay = 0.00>
ST_2 : Operation 46 [1/1] (0.00ns)   --->   "%write_ln0 = write void @_ssdm_op_Write.ap_auto.i257P0A, i257 %m_V_out, i257 %m_V_load"   --->   Operation 46 'write' 'write_ln0' <Predicate = (icmp_ln22)> <Delay = 0.00>
ST_2 : Operation 47 [1/1] (0.00ns)   --->   "%ret_ln0 = ret"   --->   Operation 47 'ret' 'ret_ln0' <Predicate = (icmp_ln22)> <Delay = 0.00>

State 3 <SV = 2> <Delay = 3.44>
ST_3 : Operation 28 [1/2] (3.44ns)   --->   "%m_V_2 = add i258 %zext_ln22, i258 %zext_ln186_cast"   --->   Operation 28 'add' 'm_V_2' <Predicate = true> <Delay = 3.44> <CoreInst = "Adder">   --->   Core 1 'Adder' <Latency = 1> <II = 1> <Delay = 3.44> <FuncUnit> <Opcode : 'add' 'sub'> <InPorts = 2> <OutPorts = 1>

State 4 <SV = 3> <Delay = 4.99>
ST_4 : Operation 29 [1/1] (0.00ns)   --->   "%p_load = load i256 %empty"   --->   Operation 29 'load' 'p_load' <Predicate = true> <Delay = 0.00>
ST_4 : Operation 30 [1/1] (0.00ns)   --->   "%trunc_ln1497 = trunc i256 %p_load"   --->   Operation 30 'trunc' 'trunc_ln1497' <Predicate = true> <Delay = 0.00>
ST_4 : Operation 31 [1/1] (1.55ns)   --->   "%m_V_3 = select i1 %trunc_ln1497, i258 %m_V_2, i258 %zext_ln22" [rsa.cpp:24]   --->   Operation 31 'select' 'm_V_3' <Predicate = true> <Delay = 1.55> <CoreInst = "Sel">   --->   Core 73 'Sel' <Latency = 0> <II = 1> <Delay = 1.55> <FuncUnit> <Opcode : 'select'> <InPorts = 3> <OutPorts = 1>
ST_4 : Operation 32 [1/1] (0.00ns)   --->   "%trunc_ln1497_1 = trunc i258 %m_V_3"   --->   Operation 32 'trunc' 'trunc_ln1497_1' <Predicate = true> <Delay = 0.00>
ST_4 : Operation 33 [2/2] (3.44ns)   --->   "%m_V_4 = add i258 %m_V_3, i258 %zext_ln1495_cast"   --->   Operation 33 'add' 'm_V_4' <Predicate = true> <Delay = 3.44> <CoreInst = "Adder">   --->   Core 1 'Adder' <Latency = 1> <II = 1> <Delay = 3.44> <FuncUnit> <Opcode : 'add' 'sub'> <InPorts = 2> <OutPorts = 1>
ST_4 : Operation 34 [1/1] (0.00ns)   --->   "%tmp_1 = partselect i257 @_ssdm_op_PartSelect.i257.i258.i32.i32, i258 %m_V_3, i32 1, i32 257"   --->   Operation 34 'partselect' 'tmp_1' <Predicate = true> <Delay = 0.00>
ST_4 : Operation 35 [1/1] (0.00ns)   --->   "%r_V = partselect i255 @_ssdm_op_PartSelect.i255.i256.i32.i32, i256 %p_load, i32 1, i32 255"   --->   Operation 35 'partselect' 'r_V' <Predicate = true> <Delay = 0.00>
ST_4 : Operation 36 [1/1] (0.00ns)   --->   "%zext_ln1669 = zext i255 %r_V"   --->   Operation 36 'zext' 'zext_ln1669' <Predicate = true> <Delay = 0.00>
ST_4 : Operation 37 [1/1] (1.58ns)   --->   "%store_ln22 = store i256 %zext_ln1669, i256 %empty" [rsa.cpp:22]   --->   Operation 37 'store' 'store_ln22' <Predicate = true> <Delay = 1.58>

State 5 <SV = 4> <Delay = 6.58>
ST_5 : Operation 38 [1/1] (0.00ns)   --->   "%specpipeline_ln23 = specpipeline void @_ssdm_op_SpecPipeline, i32 4, i32 0, i32 0, i32 0, void @empty_0" [rsa.cpp:23]   --->   Operation 38 'specpipeline' 'specpipeline_ln23' <Predicate = true> <Delay = 0.00>
ST_5 : Operation 39 [1/1] (0.00ns)   --->   "%specloopname_ln1633 = specloopname void @_ssdm_op_SpecLoopName, void @empty_10"   --->   Operation 39 'specloopname' 'specloopname_ln1633' <Predicate = true> <Delay = 0.00>
ST_5 : Operation 40 [1/2] (3.44ns)   --->   "%m_V_4 = add i258 %m_V_3, i258 %zext_ln1495_cast"   --->   Operation 40 'add' 'm_V_4' <Predicate = true> <Delay = 3.44> <CoreInst = "Adder">   --->   Core 1 'Adder' <Latency = 1> <II = 1> <Delay = 3.44> <FuncUnit> <Opcode : 'add' 'sub'> <InPorts = 2> <OutPorts = 1>
ST_5 : Operation 41 [1/1] (0.00ns)   --->   "%tmp = partselect i257 @_ssdm_op_PartSelect.i257.i258.i32.i32, i258 %m_V_4, i32 1, i32 257"   --->   Operation 41 'partselect' 'tmp' <Predicate = (trunc_ln1497_1)> <Delay = 0.00>
ST_5 : Operation 42 [1/1] (1.55ns)   --->   "%select_ln27 = select i1 %trunc_ln1497_1, i257 %tmp, i257 %tmp_1" [rsa.cpp:27]   --->   Operation 42 'select' 'select_ln27' <Predicate = true> <Delay = 1.55> <CoreInst = "Sel">   --->   Core 73 'Sel' <Latency = 0> <II = 1> <Delay = 1.55> <FuncUnit> <Opcode : 'select'> <InPorts = 3> <OutPorts = 1>
ST_5 : Operation 43 [1/1] (1.58ns)   --->   "%store_ln22 = store i257 %select_ln27, i257 %m_V" [rsa.cpp:22]   --->   Operation 43 'store' 'store_ln22' <Predicate = true> <Delay = 1.58>
ST_5 : Operation 44 [1/1] (0.00ns)   --->   "%br_ln22 = br void %for.body" [rsa.cpp:22]   --->   Operation 44 'br' 'br_ln22' <Predicate = true> <Delay = 0.00>


============================================================
+ Verbose Summary: Timing violations
============================================================
Target clock period: 10ns, clock uncertainty: 2.7ns.

 <State 1>: 1.59ns
The critical path consists of the following:
	'alloca' operation ('empty') [7]  (0 ns)
	'store' operation ('store_ln0') of variable 'a_read' on local variable 'empty' [13]  (1.59 ns)

 <State 2>: 3.44ns
The critical path consists of the following:
	'load' operation ('m_V_load_2', rsa.cpp:22) on local variable 'm.V' [24]  (0 ns)
	'add' operation ('m.V') [30]  (3.44 ns)

 <State 3>: 3.44ns
The critical path consists of the following:
	'add' operation ('m.V') [30]  (3.44 ns)

 <State 4>: 5ns
The critical path consists of the following:
	'load' operation ('p_load') on local variable 'empty' [25]  (0 ns)
	'select' operation ('m.V', rsa.cpp:24) [31]  (1.56 ns)
	'add' operation ('m.V') [33]  (3.44 ns)

 <State 5>: 6.58ns
The critical path consists of the following:
	'add' operation ('m.V') [33]  (3.44 ns)
	'select' operation ('select_ln27', rsa.cpp:27) [36]  (1.56 ns)
	'store' operation ('store_ln22', rsa.cpp:22) of variable 'select_ln27', rsa.cpp:27 on local variable 'm.V' [41]  (1.59 ns)


============================================================
+ Verbose Summary: Binding
============================================================
N/A
* FSMD analyzer results:
  - Output states:
 - Input state : 
  - Chain level:
	State 1
	State 2
	State 3
	State 4
	State 5


============================================================
+ Verbose Summary: Datapath Resource usage 
============================================================
N/A
