

================================================================
== Vitis HLS Report for 'mod_exp'
================================================================
* Date:           Tue Dec  3 15:56:41 2024

* Version:        2022.2 (Build 3670227 on Oct 13 2022)
* Project:        baseline
* Solution:       solution1 (Vivado IP Flow Target)
* Product family: zynq
* Target device:  xc7z020-clg400-1


================================================================
== Performance Estimates
================================================================
+ Timing: 
    * Summary: 
    +--------+----------+----------+------------+
    |  Clock |  Target  | Estimated| Uncertainty|
    +--------+----------+----------+------------+
    |ap_clk  |  10.00 ns|  7.284 ns|     2.70 ns|
    +--------+----------+----------+------------+

+ Latency: 
    * Summary: 
    +---------+---------+----------+----------+-----+--------+---------+
    |  Latency (cycles) |  Latency (absolute) |   Interval   | Pipeline|
    |   min   |   max   |    min   |    max   | min |   max  |   Type  |
    +---------+---------+----------+----------+-----+--------+---------+
    |      523|   132875|  5.230 us|  1.329 ms|  523|  132875|       no|
    +---------+---------+----------+----------+-----+--------+---------+

    + Detail: 
        * Instance: 
        N/A

        * Loop: 
        +----------------+---------+---------+------------+-----------+-----------+---------+----------+
        |                |  Latency (cycles) |  Iteration |  Initiation Interval  |   Trip  |          |
        |    Loop Name   |   min   |   max   |   Latency  |  achieved |   target  |  Count  | Pipelined|
        +----------------+---------+---------+------------+-----------+-----------+---------+----------+
        |- MOD_EXP       |      522|   132873|  522 ~ 1034|          -|          -|  1 ~ 128|        no|
        | + MOD_PRODUCT  |      512|      512|           2|          -|          -|      256|        no|
        +----------------+---------+---------+------------+-----------+-----------+---------+----------+



================================================================
== Utilization Estimates
================================================================
* Summary: 
+-----------------+---------+-----+--------+-------+-----+
|       Name      | BRAM_18K| DSP |   FF   |  LUT  | URAM|
+-----------------+---------+-----+--------+-------+-----+
|DSP              |        -|    -|       -|      -|    -|
|Expression       |        -|    -|       0|   1134|    -|
|FIFO             |        -|    -|       -|      -|    -|
|Instance         |        -|  100|    1220|    725|    -|
|Memory           |        -|    -|       -|      -|    -|
|Multiplexer      |        -|    -|       -|   2783|    -|
|Register         |        -|    -|    3382|      -|    -|
+-----------------+---------+-----+--------+-------+-----+
|Total            |        0|  100|    4602|   4642|    0|
+-----------------+---------+-----+--------+-------+-----+
|Available        |      280|  220|  106400|  53200|    0|
+-----------------+---------+-----+--------+-------+-----+
|Utilization (%)  |        0|   45|       4|      8|    0|
+-----------------+---------+-----+--------+-------+-----+

+ Detail: 
    * Instance: 
    +------------------------------------+--------------------------------+---------+-----+-----+-----+-----+
    |              Instance              |             Module             | BRAM_18K| DSP |  FF | LUT | URAM|
    +------------------------------------+--------------------------------+---------+-----+-----+-----+-----+
    |mul_256ns_256ns_512_5_1_U9          |mul_256ns_256ns_512_5_1         |        0|  100|  441|  256|    0|
    |urem_512ns_128ns_128_516_seq_1_U10  |urem_512ns_128ns_128_516_seq_1  |        0|    0|  779|  469|    0|
    +------------------------------------+--------------------------------+---------+-----+-----+-----+-----+
    |Total                               |                                |        0|  100| 1220|  725|    0|
    +------------------------------------+--------------------------------+---------+-----+-----+-----+-----+

    * DSP: 
    N/A

    * Memory: 
    N/A

    * FIFO: 
    N/A

    * Expression: 
    +-----------------------+----------+----+---+-----+------------+------------+
    |     Variable Name     | Operation| DSP| FF| LUT | Bitwidth P0| Bitwidth P1|
    +-----------------------+----------+----+---+-----+------------+------------+
    |i_5_fu_215_p2          |         +|   0|  0|   14|           9|           1|
    |i_6_fu_195_p2          |         +|   0|  0|   15|           8|           1|
    |m_V_fu_239_p2          |         +|   0|  0|  136|         129|         129|
    |ret_V_10_fu_233_p2     |         +|   0|  0|  137|         130|         130|
    |m_V_2_fu_313_p2        |         -|   0|  0|  136|         129|         129|
    |t_V_fu_264_p2          |         -|   0|  0|  136|         129|         129|
    |and_ln1031_fu_317_p2   |       and|   0|  0|    2|           1|           1|
    |icmp_ln1019_fu_362_p2  |      icmp|   0|  0|   49|         127|           1|
    |icmp_ln1031_fu_309_p2  |      icmp|   0|  0|   50|         130|         130|
    |icmp_ln1035_fu_253_p2  |      icmp|   0|  0|   50|         130|         130|
    |icmp_ln21_fu_209_p2    |      icmp|   0|  0|   11|           9|          10|
    |icmp_ln52_fu_189_p2    |      icmp|   0|  0|   11|           8|           9|
    |m_V_3_fu_322_p3        |    select|   0|  0|  129|           1|         129|
    |m_V_4_fu_329_p3        |    select|   0|  0|  129|           1|         129|
    |t_V_6_fu_269_p3        |    select|   0|  0|  129|           1|         129|
    +-----------------------+----------+----+---+-----+------------+------------+
    |Total                  |          |   0|  0| 1134|         942|        1187|
    +-----------------------+----------+----+---+-----+------------+------------+

    * Multiplexer: 
    +------------------------------------------------+------+-----------+-----+-----------+
    |                      Name                      |  LUT | Input Size| Bits| Total Bits|
    +------------------------------------------------+------+-----------+-----+-----------+
    |ap_NS_fsm                                       |  2693|        525|    1|        525|
    |ap_phi_mux_result_V_write_assign_phi_fu_138_p4  |     9|          2|  128|        256|
    |ap_return                                       |     9|          2|  128|        256|
    |empty_fu_64                                     |     9|          2|  128|        256|
    |i_2_reg_103                                     |     9|          2|    9|         18|
    |i_fu_60                                         |     9|          2|    8|         16|
    |m_V_5_reg_123                                   |     9|          2|  129|        258|
    |rhs_fu_72                                       |     9|          2|  256|        512|
    |shr_i4_i_reg_94                                 |     9|          2|  256|        512|
    |t_V_1_fu_68                                     |     9|          2|  128|        256|
    |t_V_7_reg_114                                   |     9|          2|  129|        258|
    +------------------------------------------------+------+-----------+-----+-----------+
    |Total                                           |  2783|        545| 1300|       3123|
    +------------------------------------------------+------+-----------+-----+-----------+

    * Register: 
    +-------------------------------+-----+----+-----+-----------+
    |              Name             |  FF | LUT| Bits| Const Bits|
    +-------------------------------+-----+----+-----+-----------+
    |ap_CS_fsm                      |  524|   0|  524|          0|
    |ap_return_preg                 |  128|   0|  128|          0|
    |conv_i167_i_reg_415            |  128|   0|  130|          2|
    |conv_i_reg_410                 |  128|   0|  512|        384|
    |empty_fu_64                    |  128|   0|  128|          0|
    |i_2_reg_103                    |    9|   0|    9|          0|
    |i_5_reg_456                    |    9|   0|    9|          0|
    |i_6_reg_439                    |    8|   0|    8|          0|
    |i_fu_60                        |    8|   0|    8|          0|
    |icmp_ln52_reg_435              |    1|   0|    1|          0|
    |m_V_5_reg_123                  |  129|   0|  129|          0|
    |m_V_reg_472                    |  129|   0|  129|          0|
    |result_V_write_assign_reg_135  |  128|   0|  128|          0|
    |ret_V_10_reg_467               |  130|   0|  130|          0|
    |ret_V_reg_499                  |  512|   0|  512|          0|
    |rhs_fu_72                      |  256|   0|  256|          0|
    |shr_i4_i_reg_94                |  256|   0|  256|          0|
    |t_V_1_fu_68                    |  128|   0|  128|          0|
    |t_V_6_reg_478                  |  129|   0|  129|          0|
    |t_V_7_reg_114                  |  129|   0|  129|          0|
    |trunc_ln1497_1_reg_461         |    1|   0|    1|          0|
    |trunc_ln1497_reg_444           |    1|   0|    1|          0|
    |zext_ln1496_reg_421            |  128|   0|  129|          1|
    |zext_ln1669_reg_483            |  255|   0|  256|          1|
    +-------------------------------+-----+----+-----+-----------+
    |Total                          | 3382|   0| 3770|        388|
    +-------------------------------+-----+----+-----+-----------+



================================================================
== Interface
================================================================
* Summary: 
+-----------+-----+-----+------------+--------------+--------------+
| RTL Ports | Dir | Bits|  Protocol  | Source Object|    C Type    |
+-----------+-----+-----+------------+--------------+--------------+
|ap_clk     |   in|    1|  ap_ctrl_hs|       mod_exp|  return value|
|ap_rst     |   in|    1|  ap_ctrl_hs|       mod_exp|  return value|
|ap_start   |   in|    1|  ap_ctrl_hs|       mod_exp|  return value|
|ap_done    |  out|    1|  ap_ctrl_hs|       mod_exp|  return value|
|ap_idle    |  out|    1|  ap_ctrl_hs|       mod_exp|  return value|
|ap_ready   |  out|    1|  ap_ctrl_hs|       mod_exp|  return value|
|ap_return  |  out|  128|  ap_ctrl_hs|       mod_exp|  return value|
|base_r     |   in|  256|     ap_none|        base_r|        scalar|
|exp        |   in|  128|     ap_none|           exp|        scalar|
|mod_r      |   in|  128|     ap_none|         mod_r|        scalar|
+-----------+-----+-----+------------+--------------+--------------+

