

================================================================
== Vitis HLS Report for 'Montgomery_Pipeline_Montgomery'
================================================================
* Date:           Thu Dec 12 16:52:59 2024

* Version:        2022.2 (Build 3670227 on Oct 13 2022)
* Project:        baseline
* Solution:       solution1 (Vivado IP Flow Target)
* Product family: zynq
* Target device:  xc7z020-clg400-1


================================================================
== Performance Estimates
================================================================
+ Timing: 
    * Summary: 
    +--------+----------+----------+------------+
    |  Clock |  Target  | Estimated| Uncertainty|
    +--------+----------+----------+------------+
    |ap_clk  |  10.00 ns|  6.584 ns|     2.70 ns|
    +--------+----------+----------+------------+

+ Latency: 
    * Summary: 
    +---------+---------+-----------+-----------+------+------+---------+
    |  Latency (cycles) |   Latency (absolute)  |   Interval  | Pipeline|
    |   min   |   max   |    min    |    max    |  min |  max |   Type  |
    +---------+---------+-----------+-----------+------+------+---------+
    |     1026|     1026|  10.260 us|  10.260 us|  1026|  1026|       no|
    +---------+---------+-----------+-----------+------+------+---------+

    + Detail: 
        * Instance: 
        N/A

        * Loop: 
        +--------------+---------+---------+----------+-----------+-----------+------+----------+
        |              |  Latency (cycles) | Iteration|  Initiation Interval  | Trip |          |
        |   Loop Name  |   min   |   max   |  Latency |  achieved |   target  | Count| Pipelined|
        +--------------+---------+---------+----------+-----------+-----------+------+----------+
        |- Montgomery  |     1024|     1024|         4|          4|          4|   256|       yes|
        +--------------+---------+---------+----------+-----------+-----------+------+----------+



================================================================
== Utilization Estimates
================================================================
* Summary: 
+-----------------+---------+-----+--------+-------+-----+
|       Name      | BRAM_18K| DSP |   FF   |  LUT  | URAM|
+-----------------+---------+-----+--------+-------+-----+
|DSP              |        -|    -|       -|      -|    -|
|Expression       |        -|    -|       0|    542|    -|
|FIFO             |        -|    -|       -|      -|    -|
|Instance         |        -|    -|    1160|    264|    -|
|Memory           |        -|    -|       -|      -|    -|
|Multiplexer      |        -|    -|       -|     88|    -|
|Register         |        -|    -|    1814|      -|    -|
+-----------------+---------+-----+--------+-------+-----+
|Total            |        0|    0|    2974|    894|    0|
+-----------------+---------+-----+--------+-------+-----+
|Available        |      280|  220|  106400|  53200|    0|
+-----------------+---------+-----+--------+-------+-----+
|Utilization (%)  |        0|    0|       2|      1|    0|
+-----------------+---------+-----+--------+-------+-----+

+ Detail: 
    * Instance: 
    +----------------------------+-------------------------+---------+----+-----+-----+-----+
    |          Instance          |          Module         | BRAM_18K| DSP|  FF | LUT | URAM|
    +----------------------------+-------------------------+---------+----+-----+-----+-----+
    |add_258ns_258ns_258_2_1_U5  |add_258ns_258ns_258_2_1  |        0|   0|  580|  132|    0|
    |add_258ns_258ns_258_2_1_U6  |add_258ns_258ns_258_2_1  |        0|   0|  580|  132|    0|
    +----------------------------+-------------------------+---------+----+-----+-----+-----+
    |Total                       |                         |        0|   0| 1160|  264|    0|
    +----------------------------+-------------------------+---------+----+-----+-----+-----+

    * DSP: 
    N/A

    * Memory: 
    N/A

    * FIFO: 
    N/A

    * Expression: 
    +-----------------------+----------+----+---+-----+------------+------------+
    |     Variable Name     | Operation| DSP| FF| LUT | Bitwidth P0| Bitwidth P1|
    +-----------------------+----------+----+---+-----+------------+------------+
    |i_5_fu_115_p2          |         +|   0|  0|   14|           9|           1|
    |icmp_ln22_fu_109_p2    |      icmp|   0|  0|   11|           9|          10|
    |m_V_3_fu_145_p3        |    select|   0|  0|  258|           1|         258|
    |select_ln27_fu_199_p3  |    select|   0|  0|  257|           1|         257|
    |ap_enable_pp0          |       xor|   0|  0|    2|           1|           2|
    +-----------------------+----------+----+---+-----+------------+------------+
    |Total                  |          |   0|  0|  542|          21|         528|
    +-----------------------+----------+----+---+-----+------------+------------+

    * Multiplexer: 
    +-----------------------------+----+-----------+-----+-----------+
    |             Name            | LUT| Input Size| Bits| Total Bits|
    +-----------------------------+----+-----------+-----+-----------+
    |ap_NS_fsm                    |  25|          5|    1|          5|
    |ap_done_int                  |   9|          2|    1|          2|
    |ap_enable_reg_pp0_iter0      |   9|          2|    1|          2|
    |ap_enable_reg_pp0_iter0_reg  |   9|          2|    1|          2|
    |ap_enable_reg_pp0_iter1      |   9|          2|    1|          2|
    |empty_fu_54                  |   9|          2|  256|        512|
    |i_02_fu_50                   |   9|          2|    9|         18|
    |m_V_fu_46                    |   9|          2|  257|        514|
    +-----------------------------+----+-----------+-----+-----------+
    |Total                        |  88|         19|  527|       1057|
    +-----------------------------+----+-----------+-----+-----------+

    * Register: 
    +-----------------------------+-----+----+-----+-----------+
    |             Name            |  FF | LUT| Bits| Const Bits|
    +-----------------------------+-----+----+-----+-----------+
    |ap_CS_fsm                    |    4|   0|    4|          0|
    |ap_done_reg                  |    1|   0|    1|          0|
    |ap_enable_reg_pp0_iter0_reg  |    1|   0|    1|          0|
    |ap_enable_reg_pp0_iter1      |    1|   0|    1|          0|
    |empty_fu_54                  |  256|   0|  256|          0|
    |i_02_fu_50                   |    9|   0|    9|          0|
    |m_V_2_reg_255                |  258|   0|  258|          0|
    |m_V_fu_46                    |  257|   0|  257|          0|
    |tmp_1_reg_270                |  257|   0|  257|          0|
    |trunc_ln1497_1_reg_265       |    1|   0|    1|          0|
    |zext_ln1495_cast_reg_236     |  256|   0|  258|          2|
    |zext_ln186_cast_reg_241      |  256|   0|  258|          2|
    |zext_ln22_reg_249            |  257|   0|  258|          1|
    +-----------------------------+-----+----+-----+-----------+
    |Total                        | 1814|   0| 1819|          5|
    +-----------------------------+-----+----+-----+-----------+



================================================================
== Interface
================================================================
* Summary: 
+----------------+-----+-----+------------+--------------------------------+--------------+
|    RTL Ports   | Dir | Bits|  Protocol  |          Source Object         |    C Type    |
+----------------+-----+-----+------------+--------------------------------+--------------+
|ap_clk          |   in|    1|  ap_ctrl_hs|  Montgomery_Pipeline_Montgomery|  return value|
|ap_rst          |   in|    1|  ap_ctrl_hs|  Montgomery_Pipeline_Montgomery|  return value|
|ap_start        |   in|    1|  ap_ctrl_hs|  Montgomery_Pipeline_Montgomery|  return value|
|ap_done         |  out|    1|  ap_ctrl_hs|  Montgomery_Pipeline_Montgomery|  return value|
|ap_idle         |  out|    1|  ap_ctrl_hs|  Montgomery_Pipeline_Montgomery|  return value|
|ap_ready        |  out|    1|  ap_ctrl_hs|  Montgomery_Pipeline_Montgomery|  return value|
|a               |   in|  256|     ap_none|                               a|        scalar|
|zext_ln186      |   in|  256|     ap_none|                      zext_ln186|        scalar|
|zext_ln1495     |   in|  256|     ap_none|                     zext_ln1495|        scalar|
|m_V_out         |  out|  257|      ap_vld|                         m_V_out|       pointer|
|m_V_out_ap_vld  |  out|    1|      ap_vld|                         m_V_out|       pointer|
+----------------+-----+-----+------------+--------------------------------+--------------+

