

================================================================
== Vitis HLS Report for 'Montgomery'
================================================================
* Date:           Thu Dec 12 16:52:59 2024

* Version:        2022.2 (Build 3670227 on Oct 13 2022)
* Project:        baseline
* Solution:       solution1 (Vivado IP Flow Target)
* Product family: zynq
* Target device:  xc7z020-clg400-1


================================================================
== Performance Estimates
================================================================
+ Timing: 
    * Summary: 
    +--------+----------+----------+------------+
    |  Clock |  Target  | Estimated| Uncertainty|
    +--------+----------+----------+------------+
    |ap_clk  |  10.00 ns|  6.584 ns|     2.70 ns|
    +--------+----------+----------+------------+

+ Latency: 
    * Summary: 
    +---------+---------+-----------+-----------+------+------+---------+
    |  Latency (cycles) |   Latency (absolute)  |   Interval  | Pipeline|
    |   min   |   max   |    min    |    max    |  min |  max |   Type  |
    +---------+---------+-----------+-----------+------+------+---------+
    |     1030|     1030|  10.300 us|  10.300 us|  1030|  1030|       no|
    +---------+---------+-----------+-----------+------+------+---------+

    + Detail: 
        * Instance: 
        +------------------------------------------+--------------------------------+---------+---------+-----------+-----------+------+------+---------+
        |                                          |                                |  Latency (cycles) |   Latency (absolute)  |   Interval  | Pipeline|
        |                 Instance                 |             Module             |   min   |   max   |    min    |    max    |  min |  max |   Type  |
        +------------------------------------------+--------------------------------+---------+---------+-----------+-----------+------+------+---------+
        |grp_Montgomery_Pipeline_Montgomery_fu_36  |Montgomery_Pipeline_Montgomery  |     1026|     1026|  10.260 us|  10.260 us|  1026|  1026|       no|
        +------------------------------------------+--------------------------------+---------+---------+-----------+-----------+------+------+---------+

        * Loop: 
        N/A



================================================================
== Utilization Estimates
================================================================
* Summary: 
+-----------------+---------+-----+--------+-------+-----+
|       Name      | BRAM_18K| DSP |   FF   |  LUT  | URAM|
+-----------------+---------+-----+--------+-------+-----+
|DSP              |        -|    -|       -|      -|    -|
|Expression       |        -|    -|       0|    351|    -|
|FIFO             |        -|    -|       -|      -|    -|
|Instance         |        -|    -|    3554|   1026|    -|
|Memory           |        -|    -|       -|      -|    -|
|Multiplexer      |        -|    -|       -|     34|    -|
|Register         |        -|    -|     518|      -|    -|
+-----------------+---------+-----+--------+-------+-----+
|Total            |        0|    0|    4072|   1411|    0|
+-----------------+---------+-----+--------+-------+-----+
|Available        |      280|  220|  106400|  53200|    0|
+-----------------+---------+-----+--------+-------+-----+
|Utilization (%)  |        0|    0|       3|      2|    0|
+-----------------+---------+-----+--------+-------+-----+

+ Detail: 
    * Instance: 
    +------------------------------------------+--------------------------------+---------+----+------+-----+-----+
    |                 Instance                 |             Module             | BRAM_18K| DSP|  FF  | LUT | URAM|
    +------------------------------------------+--------------------------------+---------+----+------+-----+-----+
    |grp_Montgomery_Pipeline_Montgomery_fu_36  |Montgomery_Pipeline_Montgomery  |        0|   0|  2974|  894|    0|
    |sub_256ns_256ns_256_2_1_U12               |sub_256ns_256ns_256_2_1         |        0|   0|   580|  132|    0|
    +------------------------------------------+--------------------------------+---------+----+------+-----+-----+
    |Total                                     |                                |        0|   0|  3554| 1026|    0|
    +------------------------------------------+--------------------------------+---------+----+------+-----+-----+

    * DSP: 
    N/A

    * Memory: 
    N/A

    * FIFO: 
    N/A

    * Expression: 
    +----------------------+----------+----+---+-----+------------+------------+
    |     Variable Name    | Operation| DSP| FF| LUT | Bitwidth P0| Bitwidth P1|
    +----------------------+----------+----+---+-----+------------+------------+
    |icmp_ln1031_fu_53_p2  |      icmp|   0|  0|   93|         257|         257|
    |select_ln33_fu_73_p3  |    select|   0|  0|  256|           1|         256|
    |xor_ln1031_fu_68_p2   |       xor|   0|  0|    2|           1|           2|
    +----------------------+----------+----+---+-----+------------+------------+
    |Total                 |          |   0|  0|  351|         259|         515|
    +----------------------+----------+----+---+-----+------------+------------+

    * Multiplexer: 
    +-----------+----+-----------+-----+-----------+
    |    Name   | LUT| Input Size| Bits| Total Bits|
    +-----------+----+-----------+-----+-----------+
    |ap_NS_fsm  |  25|          5|    1|          5|
    |ap_return  |   9|          2|  256|        512|
    +-----------+----+-----------+-----+-----------+
    |Total      |  34|          7|  257|        517|
    +-----------+----+-----------+-----+-----------+

    * Register: 
    +-------------------------------------------------------+-----+----+-----+-----------+
    |                          Name                         |  FF | LUT| Bits| Const Bits|
    +-------------------------------------------------------+-----+----+-----+-----------+
    |ap_CS_fsm                                              |    4|   0|    4|          0|
    |ap_return_preg                                         |  256|   0|  256|          0|
    |grp_Montgomery_Pipeline_Montgomery_fu_36_ap_start_reg  |    1|   0|    1|          0|
    |icmp_ln1031_reg_103                                    |    1|   0|    1|          0|
    |trunc_ln186_reg_108                                    |  256|   0|  256|          0|
    +-------------------------------------------------------+-----+----+-----+-----------+
    |Total                                                  |  518|   0|  518|          0|
    +-------------------------------------------------------+-----+----+-----+-----------+



================================================================
== Interface
================================================================
* Summary: 
+-----------+-----+-----+------------+--------------+--------------+
| RTL Ports | Dir | Bits|  Protocol  | Source Object|    C Type    |
+-----------+-----+-----+------------+--------------+--------------+
|ap_clk     |   in|    1|  ap_ctrl_hs|    Montgomery|  return value|
|ap_rst     |   in|    1|  ap_ctrl_hs|    Montgomery|  return value|
|ap_start   |   in|    1|  ap_ctrl_hs|    Montgomery|  return value|
|ap_done    |  out|    1|  ap_ctrl_hs|    Montgomery|  return value|
|ap_idle    |  out|    1|  ap_ctrl_hs|    Montgomery|  return value|
|ap_ready   |  out|    1|  ap_ctrl_hs|    Montgomery|  return value|
|ap_return  |  out|  256|  ap_ctrl_hs|    Montgomery|  return value|
|N          |   in|  256|     ap_none|             N|        scalar|
|a          |   in|  256|     ap_none|             a|        scalar|
|b          |   in|  256|     ap_none|             b|        scalar|
+-----------+-----+-----+------------+--------------+--------------+

