

================================================================
== Vitis HLS Report for 'mod_exp'
================================================================
* Date:           Thu Dec 12 16:35:24 2024

* Version:        2022.2 (Build 3670227 on Oct 13 2022)
* Project:        baseline
* Solution:       solution1 (Vivado IP Flow Target)
* Product family: zynq
* Target device:  xc7z020-clg400-1


================================================================
== Performance Estimates
================================================================
+ Timing: 
    * Summary: 
    +--------+----------+----------+------------+
    |  Clock |  Target  | Estimated| Uncertainty|
    +--------+----------+----------+------------+
    |ap_clk  |  10.00 ns|  7.284 ns|     2.70 ns|
    +--------+----------+----------+------------+

+ Latency: 
    * Summary: 
    +---------+---------+----------+----------+-----+-------+---------+
    |  Latency (cycles) |  Latency (absolute) |   Interval  | Pipeline|
    |   min   |   max   |    min   |    max   | min |  max  |   Type  |
    +---------+---------+----------+----------+-----+-------+---------+
    |      520|    66183|  5.200 us|  0.662 ms|  520|  66183|       no|
    +---------+---------+----------+----------+-----+-------+---------+

    + Detail: 
        * Instance: 
        N/A

        * Loop: 
        +----------------+---------+---------+-----------+-----------+-----------+---------+----------+
        |                |  Latency (cycles) | Iteration |  Initiation Interval  |   Trip  |          |
        |    Loop Name   |   min   |   max   |  Latency  |  achieved |   target  |  Count  | Pipelined|
        +----------------+---------+---------+-----------+-----------+-----------+---------+----------+
        |- MOD_EXP       |      259|    65922|  259 ~ 515|          -|          -|  1 ~ 128|        no|
        | + MOD_PRODUCT  |      256|      256|          2|          -|          -|      128|        no|
        | + MOD_PRODUCT  |      256|      256|          2|          -|          -|      128|        no|
        +----------------+---------+---------+-----------+-----------+-----------+---------+----------+



================================================================
== Utilization Estimates
================================================================
* Summary: 
+-----------------+---------+-----+--------+-------+-----+
|       Name      | BRAM_18K| DSP |   FF   |  LUT  | URAM|
+-----------------+---------+-----+--------+-------+-----+
|DSP              |        -|    -|       -|      -|    -|
|Expression       |        -|    -|       0|   2195|    -|
|FIFO             |        -|    -|       -|      -|    -|
|Instance         |        -|    -|     779|    469|    -|
|Memory           |        -|    -|       -|      -|    -|
|Multiplexer      |        -|    -|       -|   1568|    -|
|Register         |        -|    -|    3143|      -|    -|
+-----------------+---------+-----+--------+-------+-----+
|Total            |        0|    0|    3922|   4232|    0|
+-----------------+---------+-----+--------+-------+-----+
|Available        |      280|  220|  106400|  53200|    0|
+-----------------+---------+-----+--------+-------+-----+
|Utilization (%)  |        0|    0|       3|      7|    0|
+-----------------+---------+-----+--------+-------+-----+

+ Detail: 
    * Instance: 
    +------------------------------------+--------------------------------+---------+----+-----+-----+-----+
    |              Instance              |             Module             | BRAM_18K| DSP|  FF | LUT | URAM|
    +------------------------------------+--------------------------------+---------+----+-----+-----+-----+
    |urem_256ns_128ns_128_260_seq_1_U15  |urem_256ns_128ns_128_260_seq_1  |        0|   0|  779|  469|    0|
    +------------------------------------+--------------------------------+---------+----+-----+-----+-----+
    |Total                               |                                |        0|   0|  779|  469|    0|
    +------------------------------------+--------------------------------+---------+----+-----+-----+-----+

    * DSP: 
    N/A

    * Memory: 
    N/A

    * FIFO: 
    N/A

    * Expression: 
    +-------------------------+----------+----+---+-----+------------+------------+
    |      Variable Name      | Operation| DSP| FF| LUT | Bitwidth P0| Bitwidth P1|
    +-------------------------+----------+----+---+-----+------------+------------+
    |i_10_fu_231_p2           |         +|   0|  0|   15|           8|           1|
    |i_8_fu_251_p2            |         +|   0|  0|   15|           8|           1|
    |i_9_fu_372_p2            |         +|   0|  0|   15|           8|           1|
    |m_V_11_fu_396_p2         |         +|   0|  0|  136|         129|         129|
    |m_V_fu_275_p2            |         +|   0|  0|  136|         129|         129|
    |ret_V_10_fu_390_p2       |         +|   0|  0|  137|         130|         130|
    |ret_V_fu_269_p2          |         +|   0|  0|  137|         130|         130|
    |m_V_12_fu_490_p2         |         -|   0|  0|  136|         129|         129|
    |m_V_7_fu_343_p2          |         -|   0|  0|  136|         129|         129|
    |t_V_17_fu_421_p2         |         -|   0|  0|  136|         129|         129|
    |t_V_fu_300_p2            |         -|   0|  0|  136|         129|         129|
    |and_ln1031_1_fu_494_p2   |       and|   0|  0|    2|           1|           1|
    |and_ln1031_fu_347_p2     |       and|   0|  0|    2|           1|           1|
    |icmp_ln1019_fu_466_p2    |      icmp|   0|  0|   49|         127|           1|
    |icmp_ln102_fu_225_p2     |      icmp|   0|  0|   11|           8|           9|
    |icmp_ln1031_1_fu_486_p2  |      icmp|   0|  0|   50|         130|         130|
    |icmp_ln1031_fu_339_p2    |      icmp|   0|  0|   50|         130|         130|
    |icmp_ln1035_2_fu_410_p2  |      icmp|   0|  0|   50|         130|         130|
    |icmp_ln1035_fu_289_p2    |      icmp|   0|  0|   50|         130|         130|
    |icmp_ln73_1_fu_366_p2    |      icmp|   0|  0|   11|           8|           9|
    |icmp_ln73_fu_245_p2      |      icmp|   0|  0|   11|           8|           9|
    |m_V_13_fu_499_p3         |    select|   0|  0|  129|           1|         129|
    |m_V_14_fu_506_p3         |    select|   0|  0|  129|           1|         129|
    |m_V_8_fu_352_p3          |    select|   0|  0|  129|           1|         129|
    |m_V_9_fu_359_p3          |    select|   0|  0|  129|           1|         129|
    |t_V_15_fu_305_p3         |    select|   0|  0|  129|           1|         129|
    |t_V_19_fu_426_p3         |    select|   0|  0|  129|           1|         129|
    +-------------------------+----------+----+---+-----+------------+------------+
    |Total                    |          |   0|  0| 2195|        1737|        2361|
    +-------------------------+----------+----+---+-----+------------+------------+

    * Multiplexer: 
    +-------------------------------+------+-----------+-----+-----------+
    |              Name             |  LUT | Input Size| Bits| Total Bits|
    +-------------------------------+------+-----------+-----+-----------+
    |ap_NS_fsm                      |  1419|        267|    1|        267|
    |ap_return                      |     9|          2|  128|        256|
    |ap_sig_allocacmp_t_V_8_load    |     9|          2|  128|        256|
    |empty_25_reg_82                |     9|          2|  128|        256|
    |empty_27_reg_123               |     9|          2|  128|        256|
    |empty_fu_52                    |     9|          2|  128|        256|
    |grp_load_fu_173_p1             |    14|          3|  128|        384|
    |i_02_fu_48                     |     9|          2|    8|         16|
    |i_3_reg_132                    |     9|          2|    8|         16|
    |i_reg_91                       |     9|          2|    8|         16|
    |m_V_15_reg_111                 |     9|          2|  129|        258|
    |m_V_16_reg_152                 |     9|          2|  129|        258|
    |result_V_write_assign_reg_164  |     9|          2|  128|        256|
    |t_V_20_reg_102                 |     9|          2|  129|        258|
    |t_V_21_reg_143                 |     9|          2|  129|        258|
    |t_V_6_fu_56                    |     9|          2|  128|        256|
    |t_V_8_fu_60                    |     9|          2|  128|        256|
    +-------------------------------+------+-----------+-----+-----------+
    |Total                          |  1568|        300| 1693|       3779|
    +-------------------------------+------+-----------+-----+-----------+

    * Register: 
    +-------------------------------+-----+----+-----+-----------+
    |              Name             |  FF | LUT| Bits| Const Bits|
    +-------------------------------+-----+----+-----+-----------+
    |ap_CS_fsm                      |  266|   0|  266|          0|
    |ap_return_preg                 |  128|   0|  128|          0|
    |conv_i167_i17_reg_557          |  128|   0|  130|          2|
    |empty_25_reg_82                |  128|   0|  128|          0|
    |empty_27_reg_123               |  128|   0|  128|          0|
    |empty_fu_52                    |  128|   0|  128|          0|
    |i_02_fu_48                     |    8|   0|    8|          0|
    |i_10_reg_584                   |    8|   0|    8|          0|
    |i_3_reg_132                    |    8|   0|    8|          0|
    |i_8_reg_601                    |    8|   0|    8|          0|
    |i_9_reg_651                    |    8|   0|    8|          0|
    |i_reg_91                       |    8|   0|    8|          0|
    |m_V_11_reg_667                 |  129|   0|  129|          0|
    |m_V_15_reg_111                 |  129|   0|  129|          0|
    |m_V_16_reg_152                 |  129|   0|  129|          0|
    |m_V_reg_617                    |  129|   0|  129|          0|
    |result_V_write_assign_reg_164  |  128|   0|  128|          0|
    |ret_V_10_reg_662               |  130|   0|  130|          0|
    |ret_V_reg_612                  |  130|   0|  130|          0|
    |t_V_15_reg_623                 |  129|   0|  129|          0|
    |t_V_19_reg_673                 |  129|   0|  129|          0|
    |t_V_20_reg_102                 |  129|   0|  129|          0|
    |t_V_21_reg_143                 |  129|   0|  129|          0|
    |t_V_6_fu_56                    |  128|   0|  128|          0|
    |t_V_8_fu_60                    |  128|   0|  128|          0|
    |t_V_8_load_reg_633             |  128|   0|  128|          0|
    |trunc_ln1497_1_reg_606         |    1|   0|    1|          0|
    |trunc_ln1497_2_reg_656         |    1|   0|    1|          0|
    |trunc_ln1497_reg_589           |    1|   0|    1|          0|
    |zext_ln1496_reg_565            |  128|   0|  129|          1|
    |zext_ln1669_2_reg_678          |  127|   0|  128|          1|
    |zext_ln1669_reg_628            |  127|   0|  128|          1|
    +-------------------------------+-----+----+-----+-----------+
    |Total                          | 3143|   0| 3148|          5|
    +-------------------------------+-----+----+-----+-----------+



================================================================
== Interface
================================================================
* Summary: 
+-----------+-----+-----+------------+--------------+--------------+
| RTL Ports | Dir | Bits|  Protocol  | Source Object|    C Type    |
+-----------+-----+-----+------------+--------------+--------------+
|ap_clk     |   in|    1|  ap_ctrl_hs|       mod_exp|  return value|
|ap_rst     |   in|    1|  ap_ctrl_hs|       mod_exp|  return value|
|ap_start   |   in|    1|  ap_ctrl_hs|       mod_exp|  return value|
|ap_done    |  out|    1|  ap_ctrl_hs|       mod_exp|  return value|
|ap_idle    |  out|    1|  ap_ctrl_hs|       mod_exp|  return value|
|ap_ready   |  out|    1|  ap_ctrl_hs|       mod_exp|  return value|
|ap_return  |  out|  128|  ap_ctrl_hs|       mod_exp|  return value|
|base_r     |   in|  256|     ap_none|        base_r|        scalar|
|exp        |   in|  128|     ap_none|           exp|        scalar|
|mod_r      |   in|  128|     ap_none|         mod_r|        scalar|
+-----------+-----+-----+------------+--------------+--------------+

