Thu Dec 12 16:45:27 2024: Running xcd server. This server was NOT built by gradle, but presumably rdi.
Thu Dec 12 16:45:27 2024: Server was asked to start on port: '38107'
Thu Dec 12 16:45:27 2024: Server is using token UUID: 'fda6253d-47e4-42f1-b389-41e036eb4dd8'
Thu Dec 12 16:45:27 2024: SESSION_MGR: creating session with session uuid: '6d04a3e9-ade5-4ab9-8d63-1f78fcd2ec76' and name 'default'
Thu Dec 12 16:45:27 2024: Attempting to start server on port '38107'
Thu Dec 12 16:45:27 2024: XCD main fifo: created main fifo '/tmp/xcdmainfda6253d-47e4-42f1-b389-41e036eb4dd8', fd read = 13
Thu Dec 12 16:45:27 2024: Running Dispatch Server
Thu Dec 12 16:45:27 2024: Version 2.2.0
Thu Dec 12 16:45:36 2024: Dispatch Server: Accepted socket connection from client
Thu Dec 12 16:45:36 2024: Starting Socket connection
Thu Dec 12 16:45:36 2024: EXCHANGE_TOKEN received, server token: fda6253d-47e4-42f1-b389-41e036eb4dd8, passed token: fda6253d-47e4-42f1-b389-41e036eb4dd8
Thu Dec 12 16:45:36 2024: SESSION_MGR: creating session with session uuid: '6ea8d91c-43e0-446e-bd39-b7f4e9979d5f' and name 'vitis_hls'
Thu Dec 12 16:45:36 2024: KERNEL_SVC: creating session with uuid: '6ea8d91c-43e0-446e-bd39-b7f4e9979d5f' and name 'vitis_hls'
Thu Dec 12 16:45:36 2024: GUIDANCE_SMGR: creating guidance session with uuid: '6ea8d91c-43e0-446e-bd39-b7f4e9979d5f' and name 'vitis_hls'
Thu Dec 12 16:45:53 2024: STOP_SERVER received, server token: fda6253d-47e4-42f1-b389-41e036eb4dd8, passed token: fda6253d-47e4-42f1-b389-41e036eb4dd8
Thu Dec 12 16:45:53 2024: Socket received request to stop server.
Thu Dec 12 16:45:53 2024: Dispatch Server: do_await_stop
Thu Dec 12 16:45:53 2024: Dispatch Server: stopping mainFifo_
Thu Dec 12 16:45:53 2024: XCD main fifo: Stopping
Thu Dec 12 16:45:53 2024: XCD main fifo: do_read error code: Operation canceled
Thu Dec 12 16:45:53 2024: XCD main fifo: bytes_transferred: 0
Thu Dec 12 16:45:53 2024: SERVER: destructor for server bound to port 38107
Thu Dec 12 16:45:53 2024: XCD main fifo: Good unlink of /tmp/xcdmainfda6253d-47e4-42f1-b389-41e036eb4dd8
Thu Dec 12 16:45:53 2024: Server exiting with status 0.
Thu Dec 12 16:45:53 2024: Closing log file.
