/home/cse237c_fa24_s_chen/RSA_Implementation_on_PYNQ/rsa_baseline/baseline/solution1/.autopilot/db/rsa.pp.0.cpp:1321:7: warning: Added loop label VITIS_LOOP_1211_1:   [xilinx-label-all-loops]
      for (i = 0; i < __N - 1; ++i) {
      ^~~
      VITIS_LOOP_1211_1: 
/home/cse237c_fa24_s_chen/RSA_Implementation_on_PYNQ/rsa_baseline/baseline/solution1/.autopilot/db/rsa.pp.0.cpp:1321:7: note: FIX-IT applied suggested code changes
/home/cse237c_fa24_s_chen/RSA_Implementation_on_PYNQ/rsa_baseline/baseline/solution1/.autopilot/db/rsa.pp.0.cpp:2295:5: warning: Added loop label VITIS_LOOP_676_1:   [xilinx-label-all-loops]
    for (unsigned i = low; i != high; ++i) {
    ^~~
    VITIS_LOOP_676_1: 
/home/cse237c_fa24_s_chen/RSA_Implementation_on_PYNQ/rsa_baseline/baseline/solution1/.autopilot/db/rsa.pp.0.cpp:2295:5: note: FIX-IT applied suggested code changes
/home/cse237c_fa24_s_chen/RSA_Implementation_on_PYNQ/rsa_baseline/baseline/solution1/.autopilot/db/rsa.pp.0.cpp:2309:5: warning: Added loop label VITIS_LOOP_690_1:   [xilinx-label-all-loops]
    for (unsigned i = low; i != high; ++i) {
    ^~~
    VITIS_LOOP_690_1: 
/home/cse237c_fa24_s_chen/RSA_Implementation_on_PYNQ/rsa_baseline/baseline/solution1/.autopilot/db/rsa.pp.0.cpp:2309:5: note: FIX-IT applied suggested code changes
/home/cse237c_fa24_s_chen/RSA_Implementation_on_PYNQ/rsa_baseline/baseline/solution1/.autopilot/db/rsa.pp.0.cpp:2323:5: warning: Added loop label VITIS_LOOP_704_1:   [xilinx-label-all-loops]
    for (unsigned i = low; i != high; ++i) {
    ^~~
    VITIS_LOOP_704_1: 
/home/cse237c_fa24_s_chen/RSA_Implementation_on_PYNQ/rsa_baseline/baseline/solution1/.autopilot/db/rsa.pp.0.cpp:2323:5: note: FIX-IT applied suggested code changes
/home/cse237c_fa24_s_chen/RSA_Implementation_on_PYNQ/rsa_baseline/baseline/solution1/.autopilot/db/rsa.pp.0.cpp:3934:7: warning: Added loop label VITIS_LOOP_1245_1:   [xilinx-label-all-loops]
      for (i = 0; i < __N - 1; ++i) {
      ^~~
      VITIS_LOOP_1245_1: 
/home/cse237c_fa24_s_chen/RSA_Implementation_on_PYNQ/rsa_baseline/baseline/solution1/.autopilot/db/rsa.pp.0.cpp:3934:7: note: FIX-IT applied suggested code changes
/home/cse237c_fa24_s_chen/RSA_Implementation_on_PYNQ/rsa_baseline/baseline/solution1/.autopilot/db/rsa.pp.0.cpp:16450:72: error: Invalid Directive: for current device, ROM_1P + LUTRAM is invalid combination for BIND_STORAGE's option 'type + impl' [clang-diagnostic-error]
#pragma HLS BIND_STORAGE variable=fourth_order_double::sin_cos_K0 type=ROM_1P impl=LUTRAM
                                                                       ^
/home/cse237c_fa24_s_chen/RSA_Implementation_on_PYNQ/rsa_baseline/baseline/solution1/.autopilot/db/rsa.pp.0.cpp:16451:72: error: Invalid Directive: for current device, ROM_1P + LUTRAM is invalid combination for BIND_STORAGE's option 'type + impl' [clang-diagnostic-error]
#pragma HLS BIND_STORAGE variable=fourth_order_double::sin_cos_K1 type=ROM_1P impl=LUTRAM
                                                                       ^
/home/cse237c_fa24_s_chen/RSA_Implementation_on_PYNQ/rsa_baseline/baseline/solution1/.autopilot/db/rsa.pp.0.cpp:16452:72: error: Invalid Directive: for current device, ROM_1P + LUTRAM is invalid combination for BIND_STORAGE's option 'type + impl' [clang-diagnostic-error]
#pragma HLS BIND_STORAGE variable=fourth_order_double::sin_cos_K2 type=ROM_1P impl=LUTRAM
                                                                       ^
/home/cse237c_fa24_s_chen/RSA_Implementation_on_PYNQ/rsa_baseline/baseline/solution1/.autopilot/db/rsa.pp.0.cpp:16453:72: error: Invalid Directive: for current device, ROM_1P + LUTRAM is invalid combination for BIND_STORAGE's option 'type + impl' [clang-diagnostic-error]
#pragma HLS BIND_STORAGE variable=fourth_order_double::sin_cos_K3 type=ROM_1P impl=LUTRAM
                                                                       ^
/home/cse237c_fa24_s_chen/RSA_Implementation_on_PYNQ/rsa_baseline/baseline/solution1/.autopilot/db/rsa.pp.0.cpp:16454:72: error: Invalid Directive: for current device, ROM_1P + LUTRAM is invalid combination for BIND_STORAGE's option 'type + impl' [clang-diagnostic-error]
#pragma HLS BIND_STORAGE variable=fourth_order_double::sin_cos_K4 type=ROM_1P impl=LUTRAM
                                                                       ^
/home/cse237c_fa24_s_chen/RSA_Implementation_on_PYNQ/rsa_baseline/baseline/solution1/.autopilot/db/rsa.pp.0.cpp:16484:68: error: Invalid Directive: for current device, ROM_1P + LUTRAM is invalid combination for BIND_STORAGE's option 'type + impl' [clang-diagnostic-error]
#pragma HLS BIND_STORAGE variable=fourth_order_double::cos_K0 type=ROM_1P impl=LUTRAM
                                                                   ^
/home/cse237c_fa24_s_chen/RSA_Implementation_on_PYNQ/rsa_baseline/baseline/solution1/.autopilot/db/rsa.pp.0.cpp:16485:68: error: Invalid Directive: for current device, ROM_1P + LUTRAM is invalid combination for BIND_STORAGE's option 'type + impl' [clang-diagnostic-error]
#pragma HLS BIND_STORAGE variable=fourth_order_double::cos_K1 type=ROM_1P impl=LUTRAM
                                                                   ^
/home/cse237c_fa24_s_chen/RSA_Implementation_on_PYNQ/rsa_baseline/baseline/solution1/.autopilot/db/rsa.pp.0.cpp:16486:68: error: Invalid Directive: for current device, ROM_1P + LUTRAM is invalid combination for BIND_STORAGE's option 'type + impl' [clang-diagnostic-error]
#pragma HLS BIND_STORAGE variable=fourth_order_double::cos_K2 type=ROM_1P impl=LUTRAM
                                                                   ^
/home/cse237c_fa24_s_chen/RSA_Implementation_on_PYNQ/rsa_baseline/baseline/solution1/.autopilot/db/rsa.pp.0.cpp:16487:68: error: Invalid Directive: for current device, ROM_1P + LUTRAM is invalid combination for BIND_STORAGE's option 'type + impl' [clang-diagnostic-error]
#pragma HLS BIND_STORAGE variable=fourth_order_double::cos_K3 type=ROM_1P impl=LUTRAM
                                                                   ^
/home/cse237c_fa24_s_chen/RSA_Implementation_on_PYNQ/rsa_baseline/baseline/solution1/.autopilot/db/rsa.pp.0.cpp:16488:68: error: Invalid Directive: for current device, ROM_1P + LUTRAM is invalid combination for BIND_STORAGE's option 'type + impl' [clang-diagnostic-error]
#pragma HLS BIND_STORAGE variable=fourth_order_double::cos_K4 type=ROM_1P impl=LUTRAM
                                                                   ^
/home/cse237c_fa24_s_chen/RSA_Implementation_on_PYNQ/rsa_baseline/baseline/solution1/.autopilot/db/rsa.pp.0.cpp:16489:68: error: Invalid Directive: for current device, ROM_1P + LUTRAM is invalid combination for BIND_STORAGE's option 'type + impl' [clang-diagnostic-error]
#pragma HLS BIND_STORAGE variable=fourth_order_double::sin_K0 type=ROM_1P impl=LUTRAM
                                                                   ^
/home/cse237c_fa24_s_chen/RSA_Implementation_on_PYNQ/rsa_baseline/baseline/solution1/.autopilot/db/rsa.pp.0.cpp:16490:68: error: Invalid Directive: for current device, ROM_1P + LUTRAM is invalid combination for BIND_STORAGE's option 'type + impl' [clang-diagnostic-error]
#pragma HLS BIND_STORAGE variable=fourth_order_double::sin_K1 type=ROM_1P impl=LUTRAM
                                                                   ^
/home/cse237c_fa24_s_chen/RSA_Implementation_on_PYNQ/rsa_baseline/baseline/solution1/.autopilot/db/rsa.pp.0.cpp:16491:68: error: Invalid Directive: for current device, ROM_1P + LUTRAM is invalid combination for BIND_STORAGE's option 'type + impl' [clang-diagnostic-error]
#pragma HLS BIND_STORAGE variable=fourth_order_double::sin_K2 type=ROM_1P impl=LUTRAM
                                                                   ^
/home/cse237c_fa24_s_chen/RSA_Implementation_on_PYNQ/rsa_baseline/baseline/solution1/.autopilot/db/rsa.pp.0.cpp:16492:68: error: Invalid Directive: for current device, ROM_1P + LUTRAM is invalid combination for BIND_STORAGE's option 'type + impl' [clang-diagnostic-error]
#pragma HLS BIND_STORAGE variable=fourth_order_double::sin_K3 type=ROM_1P impl=LUTRAM
                                                                   ^
/home/cse237c_fa24_s_chen/RSA_Implementation_on_PYNQ/rsa_baseline/baseline/solution1/.autopilot/db/rsa.pp.0.cpp:16493:68: error: Invalid Directive: for current device, ROM_1P + LUTRAM is invalid combination for BIND_STORAGE's option 'type + impl' [clang-diagnostic-error]
#pragma HLS BIND_STORAGE variable=fourth_order_double::sin_K4 type=ROM_1P impl=LUTRAM
                                                                   ^
/home/cse237c_fa24_s_chen/RSA_Implementation_on_PYNQ/rsa_baseline/baseline/solution1/.autopilot/db/rsa.pp.0.cpp:16543:71: error: Invalid Directive: for current device, ROM_1P + LUTRAM is invalid combination for BIND_STORAGE's option 'type + impl' [clang-diagnostic-error]
#pragma HLS BIND_STORAGE variable=second_order_float::sin_cos_K0 type=ROM_1P impl=LUTRAM
                                                                      ^
/home/cse237c_fa24_s_chen/RSA_Implementation_on_PYNQ/rsa_baseline/baseline/solution1/.autopilot/db/rsa.pp.0.cpp:16544:71: error: Invalid Directive: for current device, ROM_1P + LUTRAM is invalid combination for BIND_STORAGE's option 'type + impl' [clang-diagnostic-error]
#pragma HLS BIND_STORAGE variable=second_order_float::sin_cos_K1 type=ROM_1P impl=LUTRAM
                                                                      ^
/home/cse237c_fa24_s_chen/RSA_Implementation_on_PYNQ/rsa_baseline/baseline/solution1/.autopilot/db/rsa.pp.0.cpp:16545:71: error: Invalid Directive: for current device, ROM_1P + LUTRAM is invalid combination for BIND_STORAGE's option 'type + impl' [clang-diagnostic-error]
#pragma HLS BIND_STORAGE variable=second_order_float::sin_cos_K2 type=ROM_1P impl=LUTRAM
                                                                      ^
/home/cse237c_fa24_s_chen/RSA_Implementation_on_PYNQ/rsa_baseline/baseline/solution1/.autopilot/db/rsa.pp.0.cpp:16572:67: error: Invalid Directive: for current device, ROM_1P + LUTRAM is invalid combination for BIND_STORAGE's option 'type + impl' [clang-diagnostic-error]
#pragma HLS BIND_STORAGE variable=second_order_float::cos_K0 type=ROM_1P impl=LUTRAM
                                                                  ^
/home/cse237c_fa24_s_chen/RSA_Implementation_on_PYNQ/rsa_baseline/baseline/solution1/.autopilot/db/rsa.pp.0.cpp:16573:67: error: Invalid Directive: for current device, ROM_1P + LUTRAM is invalid combination for BIND_STORAGE's option 'type + impl' [clang-diagnostic-error]
#pragma HLS BIND_STORAGE variable=second_order_float::cos_K1 type=ROM_1P impl=LUTRAM
                                                                  ^
/home/cse237c_fa24_s_chen/RSA_Implementation_on_PYNQ/rsa_baseline/baseline/solution1/.autopilot/db/rsa.pp.0.cpp:16574:67: error: Invalid Directive: for current device, ROM_1P + LUTRAM is invalid combination for BIND_STORAGE's option 'type + impl' [clang-diagnostic-error]
#pragma HLS BIND_STORAGE variable=second_order_float::cos_K2 type=ROM_1P impl=LUTRAM
                                                                  ^
/home/cse237c_fa24_s_chen/RSA_Implementation_on_PYNQ/rsa_baseline/baseline/solution1/.autopilot/db/rsa.pp.0.cpp:16575:67: error: Invalid Directive: for current device, ROM_1P + LUTRAM is invalid combination for BIND_STORAGE's option 'type + impl' [clang-diagnostic-error]
#pragma HLS BIND_STORAGE variable=second_order_float::sin_K0 type=ROM_1P impl=LUTRAM
                                                                  ^
/home/cse237c_fa24_s_chen/RSA_Implementation_on_PYNQ/rsa_baseline/baseline/solution1/.autopilot/db/rsa.pp.0.cpp:16576:67: error: Invalid Directive: for current device, ROM_1P + LUTRAM is invalid combination for BIND_STORAGE's option 'type + impl' [clang-diagnostic-error]
#pragma HLS BIND_STORAGE variable=second_order_float::sin_K1 type=ROM_1P impl=LUTRAM
                                                                  ^
/home/cse237c_fa24_s_chen/RSA_Implementation_on_PYNQ/rsa_baseline/baseline/solution1/.autopilot/db/rsa.pp.0.cpp:16577:67: error: Invalid Directive: for current device, ROM_1P + LUTRAM is invalid combination for BIND_STORAGE's option 'type + impl' [clang-diagnostic-error]
#pragma HLS BIND_STORAGE variable=second_order_float::sin_K2 type=ROM_1P impl=LUTRAM
                                                                  ^
/home/cse237c_fa24_s_chen/RSA_Implementation_on_PYNQ/rsa_baseline/baseline/solution1/.autopilot/db/rsa.pp.0.cpp:16613:73: error: Invalid Directive: for current device, ROM_1P + LUTRAM is invalid combination for BIND_STORAGE's option 'type + impl' [clang-diagnostic-error]
#pragma HLS BIND_STORAGE variable=first_order_fixed_16::sin_cos_K0 type=ROM_1P impl=LUTRAM
                                                                        ^
/home/cse237c_fa24_s_chen/RSA_Implementation_on_PYNQ/rsa_baseline/baseline/solution1/.autopilot/db/rsa.pp.0.cpp:16614:73: error: Invalid Directive: for current device, ROM_1P + LUTRAM is invalid combination for BIND_STORAGE's option 'type + impl' [clang-diagnostic-error]
#pragma HLS BIND_STORAGE variable=first_order_fixed_16::sin_cos_K1 type=ROM_1P impl=LUTRAM
                                                                        ^
/home/cse237c_fa24_s_chen/RSA_Implementation_on_PYNQ/rsa_baseline/baseline/solution1/.autopilot/db/rsa.pp.0.cpp:16888:5: warning: Added loop label VITIS_LOOP_87_1:   [xilinx-label-all-loops]
    for (int n=0; n<Nmax; n++){
    ^~~
    VITIS_LOOP_87_1: 
/home/cse237c_fa24_s_chen/RSA_Implementation_on_PYNQ/rsa_baseline/baseline/solution1/.autopilot/db/rsa.pp.0.cpp:16888:5: note: FIX-IT applied suggested code changes
/home/cse237c_fa24_s_chen/RSA_Implementation_on_PYNQ/rsa_baseline/baseline/solution1/.autopilot/db/rsa.pp.0.cpp:16934:5: warning: Added loop label VITIS_LOOP_143_1:   [xilinx-label-all-loops]
    for (int n=0; n<Nmax; n++){
    ^~~
    VITIS_LOOP_143_1: 
/home/cse237c_fa24_s_chen/RSA_Implementation_on_PYNQ/rsa_baseline/baseline/solution1/.autopilot/db/rsa.pp.0.cpp:16934:5: note: FIX-IT applied suggested code changes
/home/cse237c_fa24_s_chen/RSA_Implementation_on_PYNQ/rsa_baseline/baseline/solution1/.autopilot/db/rsa.pp.0.cpp:17097:9: warning: Added loop label VITIS_LOOP_315_1:   [xilinx-label-all-loops]
        for(int i=0;i<W-1;i++){
        ^~~
        VITIS_LOOP_315_1: 
/home/cse237c_fa24_s_chen/RSA_Implementation_on_PYNQ/rsa_baseline/baseline/solution1/.autopilot/db/rsa.pp.0.cpp:17097:9: note: FIX-IT applied suggested code changes
/home/cse237c_fa24_s_chen/RSA_Implementation_on_PYNQ/rsa_baseline/baseline/solution1/.autopilot/db/rsa.pp.0.cpp:17249:9: warning: Added loop label VITIS_LOOP_475_1:   [xilinx-label-all-loops]
        for(int i=0;i<W-1;i++){
        ^~~
        VITIS_LOOP_475_1: 
/home/cse237c_fa24_s_chen/RSA_Implementation_on_PYNQ/rsa_baseline/baseline/solution1/.autopilot/db/rsa.pp.0.cpp:17249:9: note: FIX-IT applied suggested code changes
/home/cse237c_fa24_s_chen/RSA_Implementation_on_PYNQ/rsa_baseline/baseline/solution1/.autopilot/db/rsa.pp.0.cpp:17429:5: warning: Added loop label VITIS_LOOP_655_1:   [xilinx-label-all-loops]
    for(int i=0;i<W+1;i++){
    ^~~
    VITIS_LOOP_655_1: 
/home/cse237c_fa24_s_chen/RSA_Implementation_on_PYNQ/rsa_baseline/baseline/solution1/.autopilot/db/rsa.pp.0.cpp:17429:5: note: FIX-IT applied suggested code changes
/home/cse237c_fa24_s_chen/RSA_Implementation_on_PYNQ/rsa_baseline/baseline/solution1/.autopilot/db/rsa.pp.0.cpp:17433:5: warning: Added loop label VITIS_LOOP_659_2:   [xilinx-label-all-loops]
    for(int i=0;i<W+1;i++){
    ^~~
    VITIS_LOOP_659_2: 
/home/cse237c_fa24_s_chen/RSA_Implementation_on_PYNQ/rsa_baseline/baseline/solution1/.autopilot/db/rsa.pp.0.cpp:17433:5: note: FIX-IT applied suggested code changes
/home/cse237c_fa24_s_chen/RSA_Implementation_on_PYNQ/rsa_baseline/baseline/solution1/.autopilot/db/rsa.pp.0.cpp:17543:5: warning: Added loop label VITIS_LOOP_769_1:   [xilinx-label-all-loops]
    for (int n=0; n<Nmax; n++){
    ^~~
    VITIS_LOOP_769_1: 
/home/cse237c_fa24_s_chen/RSA_Implementation_on_PYNQ/rsa_baseline/baseline/solution1/.autopilot/db/rsa.pp.0.cpp:17543:5: note: FIX-IT applied suggested code changes
/home/cse237c_fa24_s_chen/RSA_Implementation_on_PYNQ/rsa_baseline/baseline/solution1/.autopilot/db/rsa.pp.0.cpp:17633:7: warning: Added loop label VITIS_LOOP_866_1:   [xilinx-label-all-loops]
      for(int i=0;i<W-1;i++){
      ^~~
      VITIS_LOOP_866_1: 
/home/cse237c_fa24_s_chen/RSA_Implementation_on_PYNQ/rsa_baseline/baseline/solution1/.autopilot/db/rsa.pp.0.cpp:17633:7: note: FIX-IT applied suggested code changes
/home/cse237c_fa24_s_chen/RSA_Implementation_on_PYNQ/rsa_baseline/baseline/solution1/.autopilot/db/rsa.pp.0.cpp:17652:7: warning: Added loop label VITIS_LOOP_885_2:   [xilinx-label-all-loops]
      for(int i=0;i<W-1;i++){
      ^~~
      VITIS_LOOP_885_2: 
/home/cse237c_fa24_s_chen/RSA_Implementation_on_PYNQ/rsa_baseline/baseline/solution1/.autopilot/db/rsa.pp.0.cpp:17652:7: note: FIX-IT applied suggested code changes
/home/cse237c_fa24_s_chen/RSA_Implementation_on_PYNQ/rsa_baseline/baseline/solution1/.autopilot/db/rsa.pp.0.cpp:17942:5: warning: Added loop label VITIS_LOOP_1199_1:   [xilinx-label-all-loops]
    for(int i=0; i<Nmax; i++) {
    ^~~
    VITIS_LOOP_1199_1: 
/home/cse237c_fa24_s_chen/RSA_Implementation_on_PYNQ/rsa_baseline/baseline/solution1/.autopilot/db/rsa.pp.0.cpp:17942:5: note: FIX-IT applied suggested code changes
/home/cse237c_fa24_s_chen/RSA_Implementation_on_PYNQ/rsa_baseline/baseline/solution1/.autopilot/db/rsa.pp.0.cpp:18025:5: warning: Added loop label VITIS_LOOP_1282_1:   [xilinx-label-all-loops]
    for(int i=0; i<Nmax; i++) {
    ^~~
    VITIS_LOOP_1282_1: 
/home/cse237c_fa24_s_chen/RSA_Implementation_on_PYNQ/rsa_baseline/baseline/solution1/.autopilot/db/rsa.pp.0.cpp:18025:5: note: FIX-IT applied suggested code changes
/home/cse237c_fa24_s_chen/RSA_Implementation_on_PYNQ/rsa_baseline/baseline/solution1/.autopilot/db/rsa.pp.0.cpp:18431:13: warning: Added loop label VITIS_LOOP_94_1:   [xilinx-label-all-loops]
            for (int j = 3; j >= I_+1; j--) {
            ^~~
            VITIS_LOOP_94_1: 
/home/cse237c_fa24_s_chen/RSA_Implementation_on_PYNQ/rsa_baseline/baseline/solution1/.autopilot/db/rsa.pp.0.cpp:18431:13: note: FIX-IT applied suggested code changes
/home/cse237c_fa24_s_chen/RSA_Implementation_on_PYNQ/rsa_baseline/baseline/solution1/.autopilot/db/rsa.pp.0.cpp:18437:17: warning: Added loop label VITIS_LOOP_100_2:   [xilinx-label-all-loops]
                for (int j = 3; j >= I_+1; j--){
                ^~~
                VITIS_LOOP_100_2: 
/home/cse237c_fa24_s_chen/RSA_Implementation_on_PYNQ/rsa_baseline/baseline/solution1/.autopilot/db/rsa.pp.0.cpp:18437:17: note: FIX-IT applied suggested code changes
/home/cse237c_fa24_s_chen/RSA_Implementation_on_PYNQ/rsa_baseline/baseline/solution1/.autopilot/db/rsa.pp.0.cpp:18441:17: warning: Added loop label VITIS_LOOP_104_3:   [xilinx-label-all-loops]
                for (int j = I_; j >= 0; j--){
                ^~~
                VITIS_LOOP_104_3: 
/home/cse237c_fa24_s_chen/RSA_Implementation_on_PYNQ/rsa_baseline/baseline/solution1/.autopilot/db/rsa.pp.0.cpp:18441:17: note: FIX-IT applied suggested code changes
/home/cse237c_fa24_s_chen/RSA_Implementation_on_PYNQ/rsa_baseline/baseline/solution1/.autopilot/db/rsa.pp.0.cpp:18489:13: warning: Added loop label VITIS_LOOP_171_4:   [xilinx-label-all-loops]
            for (int j = 9; j >= I_+4; j--) {
            ^~~
            VITIS_LOOP_171_4: 
/home/cse237c_fa24_s_chen/RSA_Implementation_on_PYNQ/rsa_baseline/baseline/solution1/.autopilot/db/rsa.pp.0.cpp:18489:13: note: FIX-IT applied suggested code changes
/home/cse237c_fa24_s_chen/RSA_Implementation_on_PYNQ/rsa_baseline/baseline/solution1/.autopilot/db/rsa.pp.0.cpp:18495:17: warning: Added loop label VITIS_LOOP_177_5:   [xilinx-label-all-loops]
                for (int j = 9; j >= I_+4; j--){
                ^~~
                VITIS_LOOP_177_5: 
/home/cse237c_fa24_s_chen/RSA_Implementation_on_PYNQ/rsa_baseline/baseline/solution1/.autopilot/db/rsa.pp.0.cpp:18495:17: note: FIX-IT applied suggested code changes
/home/cse237c_fa24_s_chen/RSA_Implementation_on_PYNQ/rsa_baseline/baseline/solution1/.autopilot/db/rsa.pp.0.cpp:18499:17: warning: Added loop label VITIS_LOOP_181_6:   [xilinx-label-all-loops]
                for (int j = I_+3; j >= 0; j--){
                ^~~
                VITIS_LOOP_181_6: 
/home/cse237c_fa24_s_chen/RSA_Implementation_on_PYNQ/rsa_baseline/baseline/solution1/.autopilot/db/rsa.pp.0.cpp:18499:17: note: FIX-IT applied suggested code changes
/home/cse237c_fa24_s_chen/RSA_Implementation_on_PYNQ/rsa_baseline/baseline/solution1/.autopilot/db/rsa.pp.0.cpp:18514:9: warning: Added loop label VITIS_LOOP_196_7:   [xilinx-label-all-loops]
        for (int j = 14; j < 22; j++){
        ^~~
        VITIS_LOOP_196_7: 
/home/cse237c_fa24_s_chen/RSA_Implementation_on_PYNQ/rsa_baseline/baseline/solution1/.autopilot/db/rsa.pp.0.cpp:18514:9: note: FIX-IT applied suggested code changes
/home/cse237c_fa24_s_chen/RSA_Implementation_on_PYNQ/rsa_baseline/baseline/solution1/.autopilot/db/rsa.pp.0.cpp:18522:17: warning: Added loop label VITIS_LOOP_204_8:   [xilinx-label-all-loops]
                for (int j = 0; j < 22; j++){
                ^~~
                VITIS_LOOP_204_8: 
/home/cse237c_fa24_s_chen/RSA_Implementation_on_PYNQ/rsa_baseline/baseline/solution1/.autopilot/db/rsa.pp.0.cpp:18522:17: note: FIX-IT applied suggested code changes
/home/cse237c_fa24_s_chen/RSA_Implementation_on_PYNQ/rsa_baseline/baseline/solution1/.autopilot/db/rsa.pp.0.cpp:18587:13: warning: Added loop label VITIS_LOOP_269_9:   [xilinx-label-all-loops]
            for (int j = 21; j >= I_+10; j--) {
            ^~~
            VITIS_LOOP_269_9: 
/home/cse237c_fa24_s_chen/RSA_Implementation_on_PYNQ/rsa_baseline/baseline/solution1/.autopilot/db/rsa.pp.0.cpp:18587:13: note: FIX-IT applied suggested code changes
/home/cse237c_fa24_s_chen/RSA_Implementation_on_PYNQ/rsa_baseline/baseline/solution1/.autopilot/db/rsa.pp.0.cpp:18593:17: warning: Added loop label VITIS_LOOP_275_10:   [xilinx-label-all-loops]
                for (int j = 21; j >= I_+10; j--) {
                ^~~
                VITIS_LOOP_275_10: 
/home/cse237c_fa24_s_chen/RSA_Implementation_on_PYNQ/rsa_baseline/baseline/solution1/.autopilot/db/rsa.pp.0.cpp:18593:17: note: FIX-IT applied suggested code changes
/home/cse237c_fa24_s_chen/RSA_Implementation_on_PYNQ/rsa_baseline/baseline/solution1/.autopilot/db/rsa.pp.0.cpp:18597:17: warning: Added loop label VITIS_LOOP_279_11:   [xilinx-label-all-loops]
                for (int j = I_+9; j >= 0; j--) {
                ^~~
                VITIS_LOOP_279_11: 
/home/cse237c_fa24_s_chen/RSA_Implementation_on_PYNQ/rsa_baseline/baseline/solution1/.autopilot/db/rsa.pp.0.cpp:18597:17: note: FIX-IT applied suggested code changes
/home/cse237c_fa24_s_chen/RSA_Implementation_on_PYNQ/rsa_baseline/baseline/solution1/.autopilot/db/rsa.pp.0.cpp:18612:9: warning: Added loop label VITIS_LOOP_294_12:   [xilinx-label-all-loops]
        for (int j = 27; j < 46; j++){
        ^~~
        VITIS_LOOP_294_12: 
/home/cse237c_fa24_s_chen/RSA_Implementation_on_PYNQ/rsa_baseline/baseline/solution1/.autopilot/db/rsa.pp.0.cpp:18612:9: note: FIX-IT applied suggested code changes
/home/cse237c_fa24_s_chen/RSA_Implementation_on_PYNQ/rsa_baseline/baseline/solution1/.autopilot/db/rsa.pp.0.cpp:18620:17: warning: Added loop label VITIS_LOOP_302_13:   [xilinx-label-all-loops]
                for (int j = 0; j < 46; j++) {
                ^~~
                VITIS_LOOP_302_13: 
/home/cse237c_fa24_s_chen/RSA_Implementation_on_PYNQ/rsa_baseline/baseline/solution1/.autopilot/db/rsa.pp.0.cpp:18620:17: note: FIX-IT applied suggested code changes
/home/cse237c_fa24_s_chen/RSA_Implementation_on_PYNQ/rsa_baseline/baseline/solution1/.autopilot/db/rsa.pp.0.cpp:18849:13: warning: Added loop label VITIS_LOOP_531_14:   [xilinx-label-all-loops]
            for (int j = 45; j >= I_+22; j--) {
            ^~~
            VITIS_LOOP_531_14: 
/home/cse237c_fa24_s_chen/RSA_Implementation_on_PYNQ/rsa_baseline/baseline/solution1/.autopilot/db/rsa.pp.0.cpp:18849:13: note: FIX-IT applied suggested code changes
/home/cse237c_fa24_s_chen/RSA_Implementation_on_PYNQ/rsa_baseline/baseline/solution1/.autopilot/db/rsa.pp.0.cpp:18855:17: warning: Added loop label VITIS_LOOP_537_15:   [xilinx-label-all-loops]
                for (int j = 45; j >= I_+22; j--){
                ^~~
                VITIS_LOOP_537_15: 
/home/cse237c_fa24_s_chen/RSA_Implementation_on_PYNQ/rsa_baseline/baseline/solution1/.autopilot/db/rsa.pp.0.cpp:18855:17: note: FIX-IT applied suggested code changes
/home/cse237c_fa24_s_chen/RSA_Implementation_on_PYNQ/rsa_baseline/baseline/solution1/.autopilot/db/rsa.pp.0.cpp:18859:17: warning: Added loop label VITIS_LOOP_541_16:   [xilinx-label-all-loops]
                for (int j = I_+21; j >= 0; j--) {
                ^~~
                VITIS_LOOP_541_16: 
/home/cse237c_fa24_s_chen/RSA_Implementation_on_PYNQ/rsa_baseline/baseline/solution1/.autopilot/db/rsa.pp.0.cpp:18859:17: note: FIX-IT applied suggested code changes
/home/cse237c_fa24_s_chen/RSA_Implementation_on_PYNQ/rsa_baseline/baseline/solution1/.autopilot/db/rsa.pp.0.cpp:18869:9: warning: Added loop label VITIS_LOOP_551_17:   [xilinx-label-all-loops]
        for (int j = 32-F_; j < 32+I_; j++){
        ^~~
        VITIS_LOOP_551_17: 
/home/cse237c_fa24_s_chen/RSA_Implementation_on_PYNQ/rsa_baseline/baseline/solution1/.autopilot/db/rsa.pp.0.cpp:18869:9: note: FIX-IT applied suggested code changes
/home/cse237c_fa24_s_chen/RSA_Implementation_on_PYNQ/rsa_baseline/baseline/solution1/.autopilot/db/rsa.pp.0.cpp:18873:9: warning: Added loop label VITIS_LOOP_555_18:   [xilinx-label-all-loops]
        for (int j = 32+I_; j <= 64; j++){
        ^~~
        VITIS_LOOP_555_18: 
/home/cse237c_fa24_s_chen/RSA_Implementation_on_PYNQ/rsa_baseline/baseline/solution1/.autopilot/db/rsa.pp.0.cpp:18873:9: note: FIX-IT applied suggested code changes
/home/cse237c_fa24_s_chen/RSA_Implementation_on_PYNQ/rsa_baseline/baseline/solution1/.autopilot/db/rsa.pp.0.cpp:18883:9: warning: Added loop label VITIS_LOOP_565_19:   [xilinx-label-all-loops]
        for (int j = 37; j < 64; j++) {
        ^~~
        VITIS_LOOP_565_19: 
/home/cse237c_fa24_s_chen/RSA_Implementation_on_PYNQ/rsa_baseline/baseline/solution1/.autopilot/db/rsa.pp.0.cpp:18883:9: note: FIX-IT applied suggested code changes
/home/cse237c_fa24_s_chen/RSA_Implementation_on_PYNQ/rsa_baseline/baseline/solution1/.autopilot/db/rsa.pp.0.cpp:18891:17: warning: Added loop label VITIS_LOOP_573_20:   [xilinx-label-all-loops]
                for (int j = 0; j < 64; j++){
                ^~~
                VITIS_LOOP_573_20: 
/home/cse237c_fa24_s_chen/RSA_Implementation_on_PYNQ/rsa_baseline/baseline/solution1/.autopilot/db/rsa.pp.0.cpp:18891:17: note: FIX-IT applied suggested code changes
/home/cse237c_fa24_s_chen/RSA_Implementation_on_PYNQ/rsa_baseline/baseline/solution1/.autopilot/db/rsa.pp.0.cpp:19252:13: warning: Added loop label VITIS_LOOP_934_21:   [xilinx-label-all-loops]
            for (int j = 63; j >= I_+31; j--) {
            ^~~
            VITIS_LOOP_934_21: 
/home/cse237c_fa24_s_chen/RSA_Implementation_on_PYNQ/rsa_baseline/baseline/solution1/.autopilot/db/rsa.pp.0.cpp:19252:13: note: FIX-IT applied suggested code changes
/home/cse237c_fa24_s_chen/RSA_Implementation_on_PYNQ/rsa_baseline/baseline/solution1/.autopilot/db/rsa.pp.0.cpp:19258:17: warning: Added loop label VITIS_LOOP_940_22:   [xilinx-label-all-loops]
                for (int j = 63; j >= I_+31; j--) {
                ^~~
                VITIS_LOOP_940_22: 
/home/cse237c_fa24_s_chen/RSA_Implementation_on_PYNQ/rsa_baseline/baseline/solution1/.autopilot/db/rsa.pp.0.cpp:19258:17: note: FIX-IT applied suggested code changes
/home/cse237c_fa24_s_chen/RSA_Implementation_on_PYNQ/rsa_baseline/baseline/solution1/.autopilot/db/rsa.pp.0.cpp:19262:17: warning: Added loop label VITIS_LOOP_944_23:   [xilinx-label-all-loops]
                for (int j = I_+30; j >= 0; j--) {
                ^~~
                VITIS_LOOP_944_23: 
/home/cse237c_fa24_s_chen/RSA_Implementation_on_PYNQ/rsa_baseline/baseline/solution1/.autopilot/db/rsa.pp.0.cpp:19262:17: note: FIX-IT applied suggested code changes
/home/cse237c_fa24_s_chen/RSA_Implementation_on_PYNQ/rsa_baseline/baseline/solution1/.autopilot/db/rsa.pp.0.cpp:19378:13: warning: Added loop label VITIS_LOOP_1060_1:   [xilinx-label-all-loops]
            for (int j = 4; j >= I_+1; j--) {
            ^~~
            VITIS_LOOP_1060_1: 
/home/cse237c_fa24_s_chen/RSA_Implementation_on_PYNQ/rsa_baseline/baseline/solution1/.autopilot/db/rsa.pp.0.cpp:19378:13: note: FIX-IT applied suggested code changes
/home/cse237c_fa24_s_chen/RSA_Implementation_on_PYNQ/rsa_baseline/baseline/solution1/.autopilot/db/rsa.pp.0.cpp:19384:17: warning: Added loop label VITIS_LOOP_1066_2:   [xilinx-label-all-loops]
                for (int j = 4; j >= I_+1; j--) {
                ^~~
                VITIS_LOOP_1066_2: 
/home/cse237c_fa24_s_chen/RSA_Implementation_on_PYNQ/rsa_baseline/baseline/solution1/.autopilot/db/rsa.pp.0.cpp:19384:17: note: FIX-IT applied suggested code changes
/home/cse237c_fa24_s_chen/RSA_Implementation_on_PYNQ/rsa_baseline/baseline/solution1/.autopilot/db/rsa.pp.0.cpp:19388:17: warning: Added loop label VITIS_LOOP_1070_3:   [xilinx-label-all-loops]
                for (int j = I_; j >= 0; j--) {
                ^~~
                VITIS_LOOP_1070_3: 
/home/cse237c_fa24_s_chen/RSA_Implementation_on_PYNQ/rsa_baseline/baseline/solution1/.autopilot/db/rsa.pp.0.cpp:19388:17: note: FIX-IT applied suggested code changes
/home/cse237c_fa24_s_chen/RSA_Implementation_on_PYNQ/rsa_baseline/baseline/solution1/.autopilot/db/rsa.pp.0.cpp:19475:13: warning: Added loop label VITIS_LOOP_1157_4:   [xilinx-label-all-loops]
            for (int j = 10; j >= I_+4; j--) {
            ^~~
            VITIS_LOOP_1157_4: 
/home/cse237c_fa24_s_chen/RSA_Implementation_on_PYNQ/rsa_baseline/baseline/solution1/.autopilot/db/rsa.pp.0.cpp:19475:13: note: FIX-IT applied suggested code changes
/home/cse237c_fa24_s_chen/RSA_Implementation_on_PYNQ/rsa_baseline/baseline/solution1/.autopilot/db/rsa.pp.0.cpp:19481:17: warning: Added loop label VITIS_LOOP_1163_5:   [xilinx-label-all-loops]
                for (int j = 10; j >= I_+4; j--) {
                ^~~
                VITIS_LOOP_1163_5: 
/home/cse237c_fa24_s_chen/RSA_Implementation_on_PYNQ/rsa_baseline/baseline/solution1/.autopilot/db/rsa.pp.0.cpp:19481:17: note: FIX-IT applied suggested code changes
/home/cse237c_fa24_s_chen/RSA_Implementation_on_PYNQ/rsa_baseline/baseline/solution1/.autopilot/db/rsa.pp.0.cpp:19485:17: warning: Added loop label VITIS_LOOP_1167_6:   [xilinx-label-all-loops]
                for (int j = I_+3; j >= 0; j--) {
                ^~~
                VITIS_LOOP_1167_6: 
/home/cse237c_fa24_s_chen/RSA_Implementation_on_PYNQ/rsa_baseline/baseline/solution1/.autopilot/db/rsa.pp.0.cpp:19485:17: note: FIX-IT applied suggested code changes
/home/cse237c_fa24_s_chen/RSA_Implementation_on_PYNQ/rsa_baseline/baseline/solution1/.autopilot/db/rsa.pp.0.cpp:19504:9: warning: Added loop label VITIS_LOOP_1186_7:   [xilinx-label-all-loops]
        for (int j = wf+3; j < w-1; j++) {
        ^~~
        VITIS_LOOP_1186_7: 
/home/cse237c_fa24_s_chen/RSA_Implementation_on_PYNQ/rsa_baseline/baseline/solution1/.autopilot/db/rsa.pp.0.cpp:19504:9: note: FIX-IT applied suggested code changes
/home/cse237c_fa24_s_chen/RSA_Implementation_on_PYNQ/rsa_baseline/baseline/solution1/.autopilot/db/rsa.pp.0.cpp:19511:17: warning: Added loop label VITIS_LOOP_1193_8:   [xilinx-label-all-loops]
                for (int j = 0; j < 22; j++) {
                ^~~
                VITIS_LOOP_1193_8: 
/home/cse237c_fa24_s_chen/RSA_Implementation_on_PYNQ/rsa_baseline/baseline/solution1/.autopilot/db/rsa.pp.0.cpp:19511:17: note: FIX-IT applied suggested code changes
/home/cse237c_fa24_s_chen/RSA_Implementation_on_PYNQ/rsa_baseline/baseline/solution1/.autopilot/db/rsa.pp.0.cpp:19627:13: warning: Added loop label VITIS_LOOP_1309_9:   [xilinx-label-all-loops]
            for (int j = 22; j >= I_+10; j--) {
            ^~~
            VITIS_LOOP_1309_9: 
/home/cse237c_fa24_s_chen/RSA_Implementation_on_PYNQ/rsa_baseline/baseline/solution1/.autopilot/db/rsa.pp.0.cpp:19627:13: note: FIX-IT applied suggested code changes
/home/cse237c_fa24_s_chen/RSA_Implementation_on_PYNQ/rsa_baseline/baseline/solution1/.autopilot/db/rsa.pp.0.cpp:19633:17: warning: Added loop label VITIS_LOOP_1315_10:   [xilinx-label-all-loops]
                for (int j = 22; j >= I_+10; j--){
                ^~~
                VITIS_LOOP_1315_10: 
/home/cse237c_fa24_s_chen/RSA_Implementation_on_PYNQ/rsa_baseline/baseline/solution1/.autopilot/db/rsa.pp.0.cpp:19633:17: note: FIX-IT applied suggested code changes
/home/cse237c_fa24_s_chen/RSA_Implementation_on_PYNQ/rsa_baseline/baseline/solution1/.autopilot/db/rsa.pp.0.cpp:19637:17: warning: Added loop label VITIS_LOOP_1319_11:   [xilinx-label-all-loops]
                for (int j = I_+9; j >= 0; j--) {
                ^~~
                VITIS_LOOP_1319_11: 
/home/cse237c_fa24_s_chen/RSA_Implementation_on_PYNQ/rsa_baseline/baseline/solution1/.autopilot/db/rsa.pp.0.cpp:19637:17: note: FIX-IT applied suggested code changes
/home/cse237c_fa24_s_chen/RSA_Implementation_on_PYNQ/rsa_baseline/baseline/solution1/.autopilot/db/rsa.pp.0.cpp:19657:9: warning: Added loop label VITIS_LOOP_1339_12:   [xilinx-label-all-loops]
        for (int j = wf+4; j < w-1; j++){
        ^~~
        VITIS_LOOP_1339_12: 
/home/cse237c_fa24_s_chen/RSA_Implementation_on_PYNQ/rsa_baseline/baseline/solution1/.autopilot/db/rsa.pp.0.cpp:19657:9: note: FIX-IT applied suggested code changes
/home/cse237c_fa24_s_chen/RSA_Implementation_on_PYNQ/rsa_baseline/baseline/solution1/.autopilot/db/rsa.pp.0.cpp:19664:17: warning: Added loop label VITIS_LOOP_1346_13:   [xilinx-label-all-loops]
                for (int j = 0; j < 46; j++) {
                ^~~
                VITIS_LOOP_1346_13: 
/home/cse237c_fa24_s_chen/RSA_Implementation_on_PYNQ/rsa_baseline/baseline/solution1/.autopilot/db/rsa.pp.0.cpp:19664:17: note: FIX-IT applied suggested code changes
/home/cse237c_fa24_s_chen/RSA_Implementation_on_PYNQ/rsa_baseline/baseline/solution1/.autopilot/db/rsa.pp.0.cpp:19926:13: warning: Added loop label VITIS_LOOP_1608_14:   [xilinx-label-all-loops]
            for (int j = 46; j >= I_+22; j--) {
            ^~~
            VITIS_LOOP_1608_14: 
/home/cse237c_fa24_s_chen/RSA_Implementation_on_PYNQ/rsa_baseline/baseline/solution1/.autopilot/db/rsa.pp.0.cpp:19926:13: note: FIX-IT applied suggested code changes
/home/cse237c_fa24_s_chen/RSA_Implementation_on_PYNQ/rsa_baseline/baseline/solution1/.autopilot/db/rsa.pp.0.cpp:19932:17: warning: Added loop label VITIS_LOOP_1614_15:   [xilinx-label-all-loops]
                for (int j = 46; j >= I_+22; j--) {
                ^~~
                VITIS_LOOP_1614_15: 
/home/cse237c_fa24_s_chen/RSA_Implementation_on_PYNQ/rsa_baseline/baseline/solution1/.autopilot/db/rsa.pp.0.cpp:19932:17: note: FIX-IT applied suggested code changes
/home/cse237c_fa24_s_chen/RSA_Implementation_on_PYNQ/rsa_baseline/baseline/solution1/.autopilot/db/rsa.pp.0.cpp:19936:17: warning: Added loop label VITIS_LOOP_1618_16:   [xilinx-label-all-loops]
                for (int j = I_+21; j >= 0; j--) {
                ^~~
                VITIS_LOOP_1618_16: 
/home/cse237c_fa24_s_chen/RSA_Implementation_on_PYNQ/rsa_baseline/baseline/solution1/.autopilot/db/rsa.pp.0.cpp:19936:17: note: FIX-IT applied suggested code changes
/home/cse237c_fa24_s_chen/RSA_Implementation_on_PYNQ/rsa_baseline/baseline/solution1/.autopilot/db/rsa.pp.0.cpp:19960:9: warning: Added loop label VITIS_LOOP_1642_17:   [xilinx-label-all-loops]
        for (int j = wf+5; j < w-1; j++){
        ^~~
        VITIS_LOOP_1642_17: 
/home/cse237c_fa24_s_chen/RSA_Implementation_on_PYNQ/rsa_baseline/baseline/solution1/.autopilot/db/rsa.pp.0.cpp:19960:9: note: FIX-IT applied suggested code changes
/home/cse237c_fa24_s_chen/RSA_Implementation_on_PYNQ/rsa_baseline/baseline/solution1/.autopilot/db/rsa.pp.0.cpp:19967:17: warning: Added loop label VITIS_LOOP_1649_18:   [xilinx-label-all-loops]
                for (int j = 0; j < 64; j++) {
                ^~~
                VITIS_LOOP_1649_18: 
/home/cse237c_fa24_s_chen/RSA_Implementation_on_PYNQ/rsa_baseline/baseline/solution1/.autopilot/db/rsa.pp.0.cpp:19967:17: note: FIX-IT applied suggested code changes
/home/cse237c_fa24_s_chen/RSA_Implementation_on_PYNQ/rsa_baseline/baseline/solution1/.autopilot/db/rsa.pp.0.cpp:20397:13: warning: Added loop label VITIS_LOOP_2079_19:   [xilinx-label-all-loops]
            for (int j = 64; j >= I_+31; j--) {
            ^~~
            VITIS_LOOP_2079_19: 
/home/cse237c_fa24_s_chen/RSA_Implementation_on_PYNQ/rsa_baseline/baseline/solution1/.autopilot/db/rsa.pp.0.cpp:20397:13: note: FIX-IT applied suggested code changes
/home/cse237c_fa24_s_chen/RSA_Implementation_on_PYNQ/rsa_baseline/baseline/solution1/.autopilot/db/rsa.pp.0.cpp:20403:17: warning: Added loop label VITIS_LOOP_2085_20:   [xilinx-label-all-loops]
                for (int j = 64; j >= I_+31; j--) {
                ^~~
                VITIS_LOOP_2085_20: 
/home/cse237c_fa24_s_chen/RSA_Implementation_on_PYNQ/rsa_baseline/baseline/solution1/.autopilot/db/rsa.pp.0.cpp:20403:17: note: FIX-IT applied suggested code changes
/home/cse237c_fa24_s_chen/RSA_Implementation_on_PYNQ/rsa_baseline/baseline/solution1/.autopilot/db/rsa.pp.0.cpp:20407:17: warning: Added loop label VITIS_LOOP_2089_21:   [xilinx-label-all-loops]
                for (int j = I_+30; j >= 0; j--) {
                ^~~
                VITIS_LOOP_2089_21: 
/home/cse237c_fa24_s_chen/RSA_Implementation_on_PYNQ/rsa_baseline/baseline/solution1/.autopilot/db/rsa.pp.0.cpp:20407:17: note: FIX-IT applied suggested code changes
/home/cse237c_fa24_s_chen/RSA_Implementation_on_PYNQ/rsa_baseline/baseline/solution1/.autopilot/db/rsa.pp.0.cpp:20537:13: warning: Added loop label VITIS_LOOP_2219_1:   [xilinx-label-all-loops]
            for(int j=3; j>=I+1; j--) {
            ^~~
            VITIS_LOOP_2219_1: 
/home/cse237c_fa24_s_chen/RSA_Implementation_on_PYNQ/rsa_baseline/baseline/solution1/.autopilot/db/rsa.pp.0.cpp:20537:13: note: FIX-IT applied suggested code changes
/home/cse237c_fa24_s_chen/RSA_Implementation_on_PYNQ/rsa_baseline/baseline/solution1/.autopilot/db/rsa.pp.0.cpp:20544:17: warning: Added loop label VITIS_LOOP_2226_2:   [xilinx-label-all-loops]
                for(int j=3; j>=I+1; j--) {
                ^~~
                VITIS_LOOP_2226_2: 
/home/cse237c_fa24_s_chen/RSA_Implementation_on_PYNQ/rsa_baseline/baseline/solution1/.autopilot/db/rsa.pp.0.cpp:20544:17: note: FIX-IT applied suggested code changes
/home/cse237c_fa24_s_chen/RSA_Implementation_on_PYNQ/rsa_baseline/baseline/solution1/.autopilot/db/rsa.pp.0.cpp:20548:17: warning: Added loop label VITIS_LOOP_2230_3:   [xilinx-label-all-loops]
                for(int j=I; j>=0; j--) {
                ^~~
                VITIS_LOOP_2230_3: 
/home/cse237c_fa24_s_chen/RSA_Implementation_on_PYNQ/rsa_baseline/baseline/solution1/.autopilot/db/rsa.pp.0.cpp:20548:17: note: FIX-IT applied suggested code changes
/home/cse237c_fa24_s_chen/RSA_Implementation_on_PYNQ/rsa_baseline/baseline/solution1/.autopilot/db/rsa.pp.0.cpp:20595:13: warning: Added loop label VITIS_LOOP_2277_4:   [xilinx-label-all-loops]
            for(int j=7; j>=3+I; j--) {
            ^~~
            VITIS_LOOP_2277_4: 
/home/cse237c_fa24_s_chen/RSA_Implementation_on_PYNQ/rsa_baseline/baseline/solution1/.autopilot/db/rsa.pp.0.cpp:20595:13: note: FIX-IT applied suggested code changes
/home/cse237c_fa24_s_chen/RSA_Implementation_on_PYNQ/rsa_baseline/baseline/solution1/.autopilot/db/rsa.pp.0.cpp:20602:17: warning: Added loop label VITIS_LOOP_2284_5:   [xilinx-label-all-loops]
                for(int j=7; j>=3+I; j--) {
                ^~~
                VITIS_LOOP_2284_5: 
/home/cse237c_fa24_s_chen/RSA_Implementation_on_PYNQ/rsa_baseline/baseline/solution1/.autopilot/db/rsa.pp.0.cpp:20602:17: note: FIX-IT applied suggested code changes
/home/cse237c_fa24_s_chen/RSA_Implementation_on_PYNQ/rsa_baseline/baseline/solution1/.autopilot/db/rsa.pp.0.cpp:20606:17: warning: Added loop label VITIS_LOOP_2288_6:   [xilinx-label-all-loops]
                for(int j=I+2; j>=0; j--) {
                ^~~
                VITIS_LOOP_2288_6: 
/home/cse237c_fa24_s_chen/RSA_Implementation_on_PYNQ/rsa_baseline/baseline/solution1/.autopilot/db/rsa.pp.0.cpp:20606:17: note: FIX-IT applied suggested code changes
/home/cse237c_fa24_s_chen/RSA_Implementation_on_PYNQ/rsa_baseline/baseline/solution1/.autopilot/db/rsa.pp.0.cpp:20624:9: warning: Added loop label VITIS_LOOP_2306_7:   [xilinx-label-all-loops]
        for(int j=11; j<16; j++) {
        ^~~
        VITIS_LOOP_2306_7: 
/home/cse237c_fa24_s_chen/RSA_Implementation_on_PYNQ/rsa_baseline/baseline/solution1/.autopilot/db/rsa.pp.0.cpp:20624:9: note: FIX-IT applied suggested code changes
/home/cse237c_fa24_s_chen/RSA_Implementation_on_PYNQ/rsa_baseline/baseline/solution1/.autopilot/db/rsa.pp.0.cpp:20679:13: warning: Added loop label VITIS_LOOP_2361_8:   [xilinx-label-all-loops]
            for(int j=15; j>=7+I; j--) {
            ^~~
            VITIS_LOOP_2361_8: 
/home/cse237c_fa24_s_chen/RSA_Implementation_on_PYNQ/rsa_baseline/baseline/solution1/.autopilot/db/rsa.pp.0.cpp:20679:13: note: FIX-IT applied suggested code changes
/home/cse237c_fa24_s_chen/RSA_Implementation_on_PYNQ/rsa_baseline/baseline/solution1/.autopilot/db/rsa.pp.0.cpp:20686:17: warning: Added loop label VITIS_LOOP_2368_9:   [xilinx-label-all-loops]
                for(int j=15; j>=7+I; j--) {
                ^~~
                VITIS_LOOP_2368_9: 
/home/cse237c_fa24_s_chen/RSA_Implementation_on_PYNQ/rsa_baseline/baseline/solution1/.autopilot/db/rsa.pp.0.cpp:20686:17: note: FIX-IT applied suggested code changes
/home/cse237c_fa24_s_chen/RSA_Implementation_on_PYNQ/rsa_baseline/baseline/solution1/.autopilot/db/rsa.pp.0.cpp:20690:17: warning: Added loop label VITIS_LOOP_2372_10:   [xilinx-label-all-loops]
                for(int j=6+I; j>=0; j--) {
                ^~~
                VITIS_LOOP_2372_10: 
/home/cse237c_fa24_s_chen/RSA_Implementation_on_PYNQ/rsa_baseline/baseline/solution1/.autopilot/db/rsa.pp.0.cpp:20690:17: note: FIX-IT applied suggested code changes
/home/cse237c_fa24_s_chen/RSA_Implementation_on_PYNQ/rsa_baseline/baseline/solution1/.autopilot/db/rsa.pp.0.cpp:20708:9: warning: Added loop label VITIS_LOOP_2390_11:   [xilinx-label-all-loops]
        for(int j=20; j<32; j++) {
        ^~~
        VITIS_LOOP_2390_11: 
/home/cse237c_fa24_s_chen/RSA_Implementation_on_PYNQ/rsa_baseline/baseline/solution1/.autopilot/db/rsa.pp.0.cpp:20708:9: note: FIX-IT applied suggested code changes
/home/cse237c_fa24_s_chen/RSA_Implementation_on_PYNQ/rsa_baseline/baseline/solution1/.autopilot/db/rsa.pp.0.cpp:20797:13: warning: Added loop label VITIS_LOOP_2479_12:   [xilinx-label-all-loops]
            for(int j=31; j>=I+15; j--) {
            ^~~
            VITIS_LOOP_2479_12: 
/home/cse237c_fa24_s_chen/RSA_Implementation_on_PYNQ/rsa_baseline/baseline/solution1/.autopilot/db/rsa.pp.0.cpp:20797:13: note: FIX-IT applied suggested code changes
/home/cse237c_fa24_s_chen/RSA_Implementation_on_PYNQ/rsa_baseline/baseline/solution1/.autopilot/db/rsa.pp.0.cpp:20804:17: warning: Added loop label VITIS_LOOP_2486_13:   [xilinx-label-all-loops]
                for(int j=31; j>=I+15; j--) {
                ^~~
                VITIS_LOOP_2486_13: 
/home/cse237c_fa24_s_chen/RSA_Implementation_on_PYNQ/rsa_baseline/baseline/solution1/.autopilot/db/rsa.pp.0.cpp:20804:17: note: FIX-IT applied suggested code changes
/home/cse237c_fa24_s_chen/RSA_Implementation_on_PYNQ/rsa_baseline/baseline/solution1/.autopilot/db/rsa.pp.0.cpp:20808:17: warning: Added loop label VITIS_LOOP_2490_14:   [xilinx-label-all-loops]
                for(int j=I+14; j>=0; j--) {
                ^~~
                VITIS_LOOP_2490_14: 
/home/cse237c_fa24_s_chen/RSA_Implementation_on_PYNQ/rsa_baseline/baseline/solution1/.autopilot/db/rsa.pp.0.cpp:20808:17: note: FIX-IT applied suggested code changes
/home/cse237c_fa24_s_chen/RSA_Implementation_on_PYNQ/rsa_baseline/baseline/solution1/.autopilot/db/rsa.pp.0.cpp:20818:9: warning: Added loop label VITIS_LOOP_2500_15:   [xilinx-label-all-loops]
        for(int j=32-F; j<32+I; j++) {
        ^~~
        VITIS_LOOP_2500_15: 
/home/cse237c_fa24_s_chen/RSA_Implementation_on_PYNQ/rsa_baseline/baseline/solution1/.autopilot/db/rsa.pp.0.cpp:20818:9: note: FIX-IT applied suggested code changes
/home/cse237c_fa24_s_chen/RSA_Implementation_on_PYNQ/rsa_baseline/baseline/solution1/.autopilot/db/rsa.pp.0.cpp:20822:9: warning: Added loop label VITIS_LOOP_2504_16:   [xilinx-label-all-loops]
        for(int j=32+I; j<=64; j++) {
        ^~~
        VITIS_LOOP_2504_16: 
/home/cse237c_fa24_s_chen/RSA_Implementation_on_PYNQ/rsa_baseline/baseline/solution1/.autopilot/db/rsa.pp.0.cpp:20822:9: note: FIX-IT applied suggested code changes
/home/cse237c_fa24_s_chen/RSA_Implementation_on_PYNQ/rsa_baseline/baseline/solution1/.autopilot/db/rsa.pp.0.cpp:20833:9: warning: Added loop label VITIS_LOOP_2515_17:   [xilinx-label-all-loops]
        for(int j=37; j<64; j++) {
        ^~~
        VITIS_LOOP_2515_17: 
/home/cse237c_fa24_s_chen/RSA_Implementation_on_PYNQ/rsa_baseline/baseline/solution1/.autopilot/db/rsa.pp.0.cpp:20833:9: note: FIX-IT applied suggested code changes
/home/cse237c_fa24_s_chen/RSA_Implementation_on_PYNQ/rsa_baseline/baseline/solution1/.autopilot/db/rsa.pp.0.cpp:20841:17: warning: Added loop label VITIS_LOOP_2523_18:   [xilinx-label-all-loops]
                for(int j=0; j<64; j++) {
                ^~~
                VITIS_LOOP_2523_18: 
/home/cse237c_fa24_s_chen/RSA_Implementation_on_PYNQ/rsa_baseline/baseline/solution1/.autopilot/db/rsa.pp.0.cpp:20841:17: note: FIX-IT applied suggested code changes
/home/cse237c_fa24_s_chen/RSA_Implementation_on_PYNQ/rsa_baseline/baseline/solution1/.autopilot/db/rsa.pp.0.cpp:21166:13: warning: Added loop label VITIS_LOOP_2848_19:   [xilinx-label-all-loops]
            for(int j=63; j>=I+31; j--) {
            ^~~
            VITIS_LOOP_2848_19: 
/home/cse237c_fa24_s_chen/RSA_Implementation_on_PYNQ/rsa_baseline/baseline/solution1/.autopilot/db/rsa.pp.0.cpp:21166:13: note: FIX-IT applied suggested code changes
/home/cse237c_fa24_s_chen/RSA_Implementation_on_PYNQ/rsa_baseline/baseline/solution1/.autopilot/db/rsa.pp.0.cpp:21173:17: warning: Added loop label VITIS_LOOP_2855_20:   [xilinx-label-all-loops]
                for(int j=63; j>=I+31; j--) {
                ^~~
                VITIS_LOOP_2855_20: 
/home/cse237c_fa24_s_chen/RSA_Implementation_on_PYNQ/rsa_baseline/baseline/solution1/.autopilot/db/rsa.pp.0.cpp:21173:17: note: FIX-IT applied suggested code changes
/home/cse237c_fa24_s_chen/RSA_Implementation_on_PYNQ/rsa_baseline/baseline/solution1/.autopilot/db/rsa.pp.0.cpp:21177:17: warning: Added loop label VITIS_LOOP_2859_21:   [xilinx-label-all-loops]
                for(int j=I+30; j>=0; j--) {
                ^~~
                VITIS_LOOP_2859_21: 
/home/cse237c_fa24_s_chen/RSA_Implementation_on_PYNQ/rsa_baseline/baseline/solution1/.autopilot/db/rsa.pp.0.cpp:21177:17: note: FIX-IT applied suggested code changes
/home/cse237c_fa24_s_chen/RSA_Implementation_on_PYNQ/rsa_baseline/baseline/solution1/.autopilot/db/rsa.pp.0.cpp:21265:4: warning: Added loop label VITIS_LOOP_2947_1:   [xilinx-label-all-loops]
   for(int j = 5; j>=I_+2; j--) {
   ^~~
   VITIS_LOOP_2947_1: 
/home/cse237c_fa24_s_chen/RSA_Implementation_on_PYNQ/rsa_baseline/baseline/solution1/.autopilot/db/rsa.pp.0.cpp:21265:4: note: FIX-IT applied suggested code changes
/home/cse237c_fa24_s_chen/RSA_Implementation_on_PYNQ/rsa_baseline/baseline/solution1/.autopilot/db/rsa.pp.0.cpp:21272:5: warning: Added loop label VITIS_LOOP_2954_2:   [xilinx-label-all-loops]
    for(int j = 5; j>=I_+2; j--) {
    ^~~
    VITIS_LOOP_2954_2: 
/home/cse237c_fa24_s_chen/RSA_Implementation_on_PYNQ/rsa_baseline/baseline/solution1/.autopilot/db/rsa.pp.0.cpp:21272:5: note: FIX-IT applied suggested code changes
/home/cse237c_fa24_s_chen/RSA_Implementation_on_PYNQ/rsa_baseline/baseline/solution1/.autopilot/db/rsa.pp.0.cpp:21276:5: warning: Added loop label VITIS_LOOP_2958_3:   [xilinx-label-all-loops]
    for(int j = I_+1; j>=0; j--) {
    ^~~
    VITIS_LOOP_2958_3: 
/home/cse237c_fa24_s_chen/RSA_Implementation_on_PYNQ/rsa_baseline/baseline/solution1/.autopilot/db/rsa.pp.0.cpp:21276:5: note: FIX-IT applied suggested code changes
/home/cse237c_fa24_s_chen/RSA_Implementation_on_PYNQ/rsa_baseline/baseline/solution1/.autopilot/db/rsa.pp.0.cpp:21291:3: warning: Added loop label VITIS_LOOP_2973_4:   [xilinx-label-all-loops]
  for(int j = 11; j >=7; j--) {
  ^~~
  VITIS_LOOP_2973_4: 
/home/cse237c_fa24_s_chen/RSA_Implementation_on_PYNQ/rsa_baseline/baseline/solution1/.autopilot/db/rsa.pp.0.cpp:21291:3: note: FIX-IT applied suggested code changes
/home/cse237c_fa24_s_chen/RSA_Implementation_on_PYNQ/rsa_baseline/baseline/solution1/.autopilot/db/rsa.pp.0.cpp:21323:4: warning: Added loop label VITIS_LOOP_3005_5:   [xilinx-label-all-loops]
   for(int j = 11; j >= I_+5; j--) {
   ^~~
   VITIS_LOOP_3005_5: 
/home/cse237c_fa24_s_chen/RSA_Implementation_on_PYNQ/rsa_baseline/baseline/solution1/.autopilot/db/rsa.pp.0.cpp:21323:4: note: FIX-IT applied suggested code changes
/home/cse237c_fa24_s_chen/RSA_Implementation_on_PYNQ/rsa_baseline/baseline/solution1/.autopilot/db/rsa.pp.0.cpp:21330:5: warning: Added loop label VITIS_LOOP_3012_6:   [xilinx-label-all-loops]
    for(int j = 11; j>= I_+5; j--) {
    ^~~
    VITIS_LOOP_3012_6: 
/home/cse237c_fa24_s_chen/RSA_Implementation_on_PYNQ/rsa_baseline/baseline/solution1/.autopilot/db/rsa.pp.0.cpp:21330:5: note: FIX-IT applied suggested code changes
/home/cse237c_fa24_s_chen/RSA_Implementation_on_PYNQ/rsa_baseline/baseline/solution1/.autopilot/db/rsa.pp.0.cpp:21334:5: warning: Added loop label VITIS_LOOP_3016_7:   [xilinx-label-all-loops]
    for(int j = I_+4; j>=0; j--) {
    ^~~
    VITIS_LOOP_3016_7: 
/home/cse237c_fa24_s_chen/RSA_Implementation_on_PYNQ/rsa_baseline/baseline/solution1/.autopilot/db/rsa.pp.0.cpp:21334:5: note: FIX-IT applied suggested code changes
/home/cse237c_fa24_s_chen/RSA_Implementation_on_PYNQ/rsa_baseline/baseline/solution1/.autopilot/db/rsa.pp.0.cpp:21349:3: warning: Added loop label VITIS_LOOP_3031_8:   [xilinx-label-all-loops]
  for(int j = 25; j>=15; j--) {
  ^~~
  VITIS_LOOP_3031_8: 
/home/cse237c_fa24_s_chen/RSA_Implementation_on_PYNQ/rsa_baseline/baseline/solution1/.autopilot/db/rsa.pp.0.cpp:21349:3: note: FIX-IT applied suggested code changes
/home/cse237c_fa24_s_chen/RSA_Implementation_on_PYNQ/rsa_baseline/baseline/solution1/.autopilot/db/rsa.pp.0.cpp:21399:4: warning: Added loop label VITIS_LOOP_3081_9:   [xilinx-label-all-loops]
   for(int j = 25; j>= I_+12; j--) {
   ^~~
   VITIS_LOOP_3081_9: 
/home/cse237c_fa24_s_chen/RSA_Implementation_on_PYNQ/rsa_baseline/baseline/solution1/.autopilot/db/rsa.pp.0.cpp:21399:4: note: FIX-IT applied suggested code changes
/home/cse237c_fa24_s_chen/RSA_Implementation_on_PYNQ/rsa_baseline/baseline/solution1/.autopilot/db/rsa.pp.0.cpp:21406:5: warning: Added loop label VITIS_LOOP_3088_10:   [xilinx-label-all-loops]
    for(int j = 25; j>=I_+12; j--) {
    ^~~
    VITIS_LOOP_3088_10: 
/home/cse237c_fa24_s_chen/RSA_Implementation_on_PYNQ/rsa_baseline/baseline/solution1/.autopilot/db/rsa.pp.0.cpp:21406:5: note: FIX-IT applied suggested code changes
/home/cse237c_fa24_s_chen/RSA_Implementation_on_PYNQ/rsa_baseline/baseline/solution1/.autopilot/db/rsa.pp.0.cpp:21410:5: warning: Added loop label VITIS_LOOP_3092_11:   [xilinx-label-all-loops]
    for(int j = I_+11; j>=0; j--) {
    ^~~
    VITIS_LOOP_3092_11: 
/home/cse237c_fa24_s_chen/RSA_Implementation_on_PYNQ/rsa_baseline/baseline/solution1/.autopilot/db/rsa.pp.0.cpp:21410:5: note: FIX-IT applied suggested code changes
/home/cse237c_fa24_s_chen/RSA_Implementation_on_PYNQ/rsa_baseline/baseline/solution1/.autopilot/db/rsa.pp.0.cpp:21425:3: warning: Added loop label VITIS_LOOP_3107_12:   [xilinx-label-all-loops]
  for(int j = 51; j >= 29; j--) {
  ^~~
  VITIS_LOOP_3107_12: 
/home/cse237c_fa24_s_chen/RSA_Implementation_on_PYNQ/rsa_baseline/baseline/solution1/.autopilot/db/rsa.pp.0.cpp:21425:3: note: FIX-IT applied suggested code changes
/home/cse237c_fa24_s_chen/RSA_Implementation_on_PYNQ/rsa_baseline/baseline/solution1/.autopilot/db/rsa.pp.0.cpp:21562:4: warning: Added loop label VITIS_LOOP_3244_13:   [xilinx-label-all-loops]
   for(int j = 51; j >= 25 + I_; j--) {
   ^~~
   VITIS_LOOP_3244_13: 
/home/cse237c_fa24_s_chen/RSA_Implementation_on_PYNQ/rsa_baseline/baseline/solution1/.autopilot/db/rsa.pp.0.cpp:21562:4: note: FIX-IT applied suggested code changes
/home/cse237c_fa24_s_chen/RSA_Implementation_on_PYNQ/rsa_baseline/baseline/solution1/.autopilot/db/rsa.pp.0.cpp:21569:5: warning: Added loop label VITIS_LOOP_3251_14:   [xilinx-label-all-loops]
    for(int j = 51; j>=25 + I_; j--) {
    ^~~
    VITIS_LOOP_3251_14: 
/home/cse237c_fa24_s_chen/RSA_Implementation_on_PYNQ/rsa_baseline/baseline/solution1/.autopilot/db/rsa.pp.0.cpp:21569:5: note: FIX-IT applied suggested code changes
/home/cse237c_fa24_s_chen/RSA_Implementation_on_PYNQ/rsa_baseline/baseline/solution1/.autopilot/db/rsa.pp.0.cpp:21573:5: warning: Added loop label VITIS_LOOP_3255_15:   [xilinx-label-all-loops]
    for(int j = 24 + I_; j >= 0; j--) {
    ^~~
    VITIS_LOOP_3255_15: 
/home/cse237c_fa24_s_chen/RSA_Implementation_on_PYNQ/rsa_baseline/baseline/solution1/.autopilot/db/rsa.pp.0.cpp:21573:5: note: FIX-IT applied suggested code changes
/home/cse237c_fa24_s_chen/RSA_Implementation_on_PYNQ/rsa_baseline/baseline/solution1/.autopilot/db/rsa.pp.0.cpp:21588:3: warning: Added loop label VITIS_LOOP_3270_16:   [xilinx-label-all-loops]
  for(int j = 63; j >= 36; j--) {
  ^~~
  VITIS_LOOP_3270_16: 
/home/cse237c_fa24_s_chen/RSA_Implementation_on_PYNQ/rsa_baseline/baseline/solution1/.autopilot/db/rsa.pp.0.cpp:21588:3: note: FIX-IT applied suggested code changes
/home/cse237c_fa24_s_chen/RSA_Implementation_on_PYNQ/rsa_baseline/baseline/solution1/.autopilot/db/rsa.pp.0.cpp:21748:4: warning: Added loop label VITIS_LOOP_3430_17:   [xilinx-label-all-loops]
   for(int j = 63; j >= 31 + I_; j--) {
   ^~~
   VITIS_LOOP_3430_17: 
/home/cse237c_fa24_s_chen/RSA_Implementation_on_PYNQ/rsa_baseline/baseline/solution1/.autopilot/db/rsa.pp.0.cpp:21748:4: note: FIX-IT applied suggested code changes
/home/cse237c_fa24_s_chen/RSA_Implementation_on_PYNQ/rsa_baseline/baseline/solution1/.autopilot/db/rsa.pp.0.cpp:21755:5: warning: Added loop label VITIS_LOOP_3437_18:   [xilinx-label-all-loops]
    for(int j = 63; j >= 31 + I_; j--) {
    ^~~
    VITIS_LOOP_3437_18: 
/home/cse237c_fa24_s_chen/RSA_Implementation_on_PYNQ/rsa_baseline/baseline/solution1/.autopilot/db/rsa.pp.0.cpp:21755:5: note: FIX-IT applied suggested code changes
/home/cse237c_fa24_s_chen/RSA_Implementation_on_PYNQ/rsa_baseline/baseline/solution1/.autopilot/db/rsa.pp.0.cpp:21759:5: warning: Added loop label VITIS_LOOP_3441_19:   [xilinx-label-all-loops]
    for(int j = 30 + I_; j >= 0; j--) {
    ^~~
    VITIS_LOOP_3441_19: 
/home/cse237c_fa24_s_chen/RSA_Implementation_on_PYNQ/rsa_baseline/baseline/solution1/.autopilot/db/rsa.pp.0.cpp:21759:5: note: FIX-IT applied suggested code changes
/home/cse237c_fa24_s_chen/RSA_Implementation_on_PYNQ/rsa_baseline/baseline/solution1/.autopilot/db/rsa.pp.0.cpp:22474:13: warning: Added loop label VITIS_LOOP_729_1:   [xilinx-label-all-loops]
            for (b_exp = I_-1; b_exp >= -F_; b_exp--) {
            ^~~
            VITIS_LOOP_729_1: 
/home/cse237c_fa24_s_chen/RSA_Implementation_on_PYNQ/rsa_baseline/baseline/solution1/.autopilot/db/rsa.pp.0.cpp:22474:13: note: FIX-IT applied suggested code changes
/home/cse237c_fa24_s_chen/RSA_Implementation_on_PYNQ/rsa_baseline/baseline/solution1/.autopilot/db/rsa.pp.0.cpp:22692:13: warning: Added loop label VITIS_LOOP_947_1:   [xilinx-label-all-loops]
            for (b_exp = I_-1; b_exp >= -F_; b_exp--) {
            ^~~
            VITIS_LOOP_947_1: 
/home/cse237c_fa24_s_chen/RSA_Implementation_on_PYNQ/rsa_baseline/baseline/solution1/.autopilot/db/rsa.pp.0.cpp:22692:13: note: FIX-IT applied suggested code changes
/home/cse237c_fa24_s_chen/RSA_Implementation_on_PYNQ/rsa_baseline/baseline/solution1/.autopilot/db/rsa.pp.0.cpp:23109:13: warning: Added loop label VITIS_LOOP_1371_1:   [xilinx-label-all-loops]
            for (b_exp = I_-1; b_exp >= -F_; b_exp--) {
            ^~~
            VITIS_LOOP_1371_1: 
/home/cse237c_fa24_s_chen/RSA_Implementation_on_PYNQ/rsa_baseline/baseline/solution1/.autopilot/db/rsa.pp.0.cpp:23109:13: note: FIX-IT applied suggested code changes
/home/cse237c_fa24_s_chen/RSA_Implementation_on_PYNQ/rsa_baseline/baseline/solution1/.autopilot/db/rsa.pp.0.cpp:23423:9: warning: Added loop label VITIS_LOOP_266_1:   [xilinx-label-all-loops]
        for ( int pos = msbr-1; pos >= 0; pos-- ) {
        ^~~
        VITIS_LOOP_266_1: 
/home/cse237c_fa24_s_chen/RSA_Implementation_on_PYNQ/rsa_baseline/baseline/solution1/.autopilot/db/rsa.pp.0.cpp:23423:9: note: FIX-IT applied suggested code changes
/home/cse237c_fa24_s_chen/RSA_Implementation_on_PYNQ/rsa_baseline/baseline/solution1/.autopilot/db/rsa.pp.0.cpp:23451:9: warning: Added loop label VITIS_LOOP_294_2:   [xilinx-label-all-loops]
        for ( int pos = -1; pos >= -F_-1; pos-- ) {
        ^~~
        VITIS_LOOP_294_2: 
/home/cse237c_fa24_s_chen/RSA_Implementation_on_PYNQ/rsa_baseline/baseline/solution1/.autopilot/db/rsa.pp.0.cpp:23451:9: note: FIX-IT applied suggested code changes
/home/cse237c_fa24_s_chen/RSA_Implementation_on_PYNQ/rsa_baseline/baseline/solution1/.autopilot/db/rsa.pp.0.cpp:24146:13: warning: Added loop label VITIS_LOOP_74_1:   [xilinx-label-all-loops]
            for (int j = 0; j < W_-1; j++){
            ^~~
            VITIS_LOOP_74_1: 
/home/cse237c_fa24_s_chen/RSA_Implementation_on_PYNQ/rsa_baseline/baseline/solution1/.autopilot/db/rsa.pp.0.cpp:24146:13: note: FIX-IT applied suggested code changes
/home/cse237c_fa24_s_chen/RSA_Implementation_on_PYNQ/rsa_baseline/baseline/solution1/.autopilot/db/rsa.pp.0.cpp:24199:5: warning: Added loop label VITIS_LOOP_135_2:   [xilinx-label-all-loops]
    for (int j = F_l+F_+I_m-1; j < F_l+W_+5; j++){
    ^~~
    VITIS_LOOP_135_2: 
/home/cse237c_fa24_s_chen/RSA_Implementation_on_PYNQ/rsa_baseline/baseline/solution1/.autopilot/db/rsa.pp.0.cpp:24199:5: note: FIX-IT applied suggested code changes
/home/cse237c_fa24_s_chen/RSA_Implementation_on_PYNQ/rsa_baseline/baseline/solution1/.autopilot/db/rsa.pp.0.cpp:24213:13: warning: Added loop label VITIS_LOOP_149_3:   [xilinx-label-all-loops]
            for (int j = WO_m-1; j >= W_-1; j--) {
            ^~~
            VITIS_LOOP_149_3: 
/home/cse237c_fa24_s_chen/RSA_Implementation_on_PYNQ/rsa_baseline/baseline/solution1/.autopilot/db/rsa.pp.0.cpp:24213:13: note: FIX-IT applied suggested code changes
/home/cse237c_fa24_s_chen/RSA_Implementation_on_PYNQ/rsa_baseline/baseline/solution1/.autopilot/db/rsa.pp.0.cpp:24243:13: warning: Added loop label VITIS_LOOP_179_4:   [xilinx-label-all-loops]
            for (int j = W_-2; j >= 0; j--){
            ^~~
            VITIS_LOOP_179_4: 
/home/cse237c_fa24_s_chen/RSA_Implementation_on_PYNQ/rsa_baseline/baseline/solution1/.autopilot/db/rsa.pp.0.cpp:24243:13: note: FIX-IT applied suggested code changes
/home/cse237c_fa24_s_chen/RSA_Implementation_on_PYNQ/rsa_baseline/baseline/solution1/.autopilot/db/rsa.pp.0.cpp:24328:12: warning: Added loop label VITIS_LOOP_307_1:   [xilinx-label-all-loops]
           for(int i = wf_log+we_log-2; i > WI_e - 2; --i) {
           ^~~
           VITIS_LOOP_307_1: 
/home/cse237c_fa24_s_chen/RSA_Implementation_on_PYNQ/rsa_baseline/baseline/solution1/.autopilot/db/rsa.pp.0.cpp:24328:12: note: FIX-IT applied suggested code changes
/home/cse237c_fa24_s_chen/RSA_Implementation_on_PYNQ/rsa_baseline/baseline/solution1/.autopilot/db/rsa.pp.0.cpp:24348:16: warning: Added loop label VITIS_LOOP_327_2:   [xilinx-label-all-loops]
               for (int j = WO_e-1; j >= W_-1; j--) {
               ^~~
               VITIS_LOOP_327_2: 
/home/cse237c_fa24_s_chen/RSA_Implementation_on_PYNQ/rsa_baseline/baseline/solution1/.autopilot/db/rsa.pp.0.cpp:24348:16: note: FIX-IT applied suggested code changes
/home/cse237c_fa24_s_chen/RSA_Implementation_on_PYNQ/rsa_baseline/baseline/solution1/.autopilot/db/rsa.pp.0.cpp:24362:20: warning: Added loop label VITIS_LOOP_341_3:   [xilinx-label-all-loops]
                   for(int i = 0; i < W_-1; ++i) {
                   ^~~
                   VITIS_LOOP_341_3: 
/home/cse237c_fa24_s_chen/RSA_Implementation_on_PYNQ/rsa_baseline/baseline/solution1/.autopilot/db/rsa.pp.0.cpp:24362:20: note: FIX-IT applied suggested code changes
/home/cse237c_fa24_s_chen/RSA_Implementation_on_PYNQ/rsa_baseline/baseline/solution1/.autopilot/db/rsa.pp.0.cpp:24455:12: warning: Added loop label VITIS_LOOP_459_1:   [xilinx-label-all-loops]
           for (int j =WO_d-1; j >= W_-1; j--) {
           ^~~
           VITIS_LOOP_459_1: 
/home/cse237c_fa24_s_chen/RSA_Implementation_on_PYNQ/rsa_baseline/baseline/solution1/.autopilot/db/rsa.pp.0.cpp:24455:12: note: FIX-IT applied suggested code changes
/home/cse237c_fa24_s_chen/RSA_Implementation_on_PYNQ/rsa_baseline/baseline/solution1/.autopilot/db/rsa.pp.0.cpp:24469:15: warning: Added loop label VITIS_LOOP_473_2:   [xilinx-label-all-loops]
              for(int i = 0; i < W_-1; ++i) {
              ^~~
              VITIS_LOOP_473_2: 
/home/cse237c_fa24_s_chen/RSA_Implementation_on_PYNQ/rsa_baseline/baseline/solution1/.autopilot/db/rsa.pp.0.cpp:24469:15: note: FIX-IT applied suggested code changes
/home/cse237c_fa24_s_chen/RSA_Implementation_on_PYNQ/rsa_baseline/baseline/solution1/.autopilot/db/rsa.pp.0.cpp:24582:13: warning: Added loop label VITIS_LOOP_59_1:   [xilinx-label-all-loops]
            for (int i = 0; i < W_-1; i++){
            ^~~
            VITIS_LOOP_59_1: 
/home/cse237c_fa24_s_chen/RSA_Implementation_on_PYNQ/rsa_baseline/baseline/solution1/.autopilot/db/rsa.pp.0.cpp:24582:13: note: FIX-IT applied suggested code changes
/home/cse237c_fa24_s_chen/RSA_Implementation_on_PYNQ/rsa_baseline/baseline/solution1/.autopilot/db/rsa.pp.0.cpp:24706:13: warning: Added loop label VITIS_LOOP_209_1:   [xilinx-label-all-loops]
            for (int i = 0; i < W_-1; i++){
            ^~~
            VITIS_LOOP_209_1: 
/home/cse237c_fa24_s_chen/RSA_Implementation_on_PYNQ/rsa_baseline/baseline/solution1/.autopilot/db/rsa.pp.0.cpp:24706:13: note: FIX-IT applied suggested code changes
/home/cse237c_fa24_s_chen/RSA_Implementation_on_PYNQ/rsa_baseline/baseline/solution1/.autopilot/db/rsa.pp.0.cpp:24761:13: warning: Added loop label VITIS_LOOP_274_1:   [xilinx-label-all-loops]
            for (int i = 0; i < W_-1; i++){
            ^~~
            VITIS_LOOP_274_1: 
/home/cse237c_fa24_s_chen/RSA_Implementation_on_PYNQ/rsa_baseline/baseline/solution1/.autopilot/db/rsa.pp.0.cpp:24761:13: note: FIX-IT applied suggested code changes
/home/cse237c_fa24_s_chen/RSA_Implementation_on_PYNQ/rsa_baseline/baseline/solution1/.autopilot/db/rsa.pp.0.cpp:25266:2: warning: Added loop label VITIS_LOOP_42_1:   [xilinx-label-all-loops]
 for (int i=0; i<W_;i++)
 ^~~
 VITIS_LOOP_42_1: 
/home/cse237c_fa24_s_chen/RSA_Implementation_on_PYNQ/rsa_baseline/baseline/solution1/.autopilot/db/rsa.pp.0.cpp:25266:2: note: FIX-IT applied suggested code changes
/home/cse237c_fa24_s_chen/RSA_Implementation_on_PYNQ/rsa_baseline/baseline/solution1/.autopilot/db/rsa.pp.0.cpp:25277:2: warning: Added loop label VITIS_LOOP_53_1:   [xilinx-label-all-loops]
 for (int i=0; i<W_;i++)
 ^~~
 VITIS_LOOP_53_1: 
/home/cse237c_fa24_s_chen/RSA_Implementation_on_PYNQ/rsa_baseline/baseline/solution1/.autopilot/db/rsa.pp.0.cpp:25277:2: note: FIX-IT applied suggested code changes
/home/cse237c_fa24_s_chen/RSA_Implementation_on_PYNQ/rsa_baseline/baseline/solution1/.autopilot/db/rsa.pp.0.cpp:25288:2: warning: Added loop label VITIS_LOOP_64_1:   [xilinx-label-all-loops]
 for (int i=0; i<I_;i++)
 ^~~
 VITIS_LOOP_64_1: 
/home/cse237c_fa24_s_chen/RSA_Implementation_on_PYNQ/rsa_baseline/baseline/solution1/.autopilot/db/rsa.pp.0.cpp:25288:2: note: FIX-IT applied suggested code changes
/home/cse237c_fa24_s_chen/RSA_Implementation_on_PYNQ/rsa_baseline/baseline/solution1/.autopilot/db/rsa.pp.0.cpp:25299:2: warning: Added loop label VITIS_LOOP_75_1:   [xilinx-label-all-loops]
 for (int i=0; i<I_;i++)
 ^~~
 VITIS_LOOP_75_1: 
/home/cse237c_fa24_s_chen/RSA_Implementation_on_PYNQ/rsa_baseline/baseline/solution1/.autopilot/db/rsa.pp.0.cpp:25299:2: note: FIX-IT applied suggested code changes
/home/cse237c_fa24_s_chen/RSA_Implementation_on_PYNQ/rsa_baseline/baseline/solution1/.autopilot/db/rsa.pp.0.cpp:25310:2: warning: Added loop label VITIS_LOOP_86_1:   [xilinx-label-all-loops]
 for (int i=0; i<W_;i++)
 ^~~
 VITIS_LOOP_86_1: 
/home/cse237c_fa24_s_chen/RSA_Implementation_on_PYNQ/rsa_baseline/baseline/solution1/.autopilot/db/rsa.pp.0.cpp:25310:2: note: FIX-IT applied suggested code changes
/home/cse237c_fa24_s_chen/RSA_Implementation_on_PYNQ/rsa_baseline/baseline/solution1/.autopilot/db/rsa.pp.0.cpp:25321:2: warning: Added loop label VITIS_LOOP_97_1:   [xilinx-label-all-loops]
 for (int i=0; i<W_;i++)
 ^~~
 VITIS_LOOP_97_1: 
/home/cse237c_fa24_s_chen/RSA_Implementation_on_PYNQ/rsa_baseline/baseline/solution1/.autopilot/db/rsa.pp.0.cpp:25321:2: note: FIX-IT applied suggested code changes
/home/cse237c_fa24_s_chen/RSA_Implementation_on_PYNQ/rsa_baseline/baseline/solution1/.autopilot/db/rsa.pp.0.cpp:25332:2: warning: Added loop label VITIS_LOOP_108_1:   [xilinx-label-all-loops]
 for (int i=0; i<I_;i++)
 ^~~
 VITIS_LOOP_108_1: 
/home/cse237c_fa24_s_chen/RSA_Implementation_on_PYNQ/rsa_baseline/baseline/solution1/.autopilot/db/rsa.pp.0.cpp:25332:2: note: FIX-IT applied suggested code changes
/home/cse237c_fa24_s_chen/RSA_Implementation_on_PYNQ/rsa_baseline/baseline/solution1/.autopilot/db/rsa.pp.0.cpp:25343:2: warning: Added loop label VITIS_LOOP_119_1:   [xilinx-label-all-loops]
 for (int i=0; i<I_;i++)
 ^~~
 VITIS_LOOP_119_1: 
/home/cse237c_fa24_s_chen/RSA_Implementation_on_PYNQ/rsa_baseline/baseline/solution1/.autopilot/db/rsa.pp.0.cpp:25343:2: note: FIX-IT applied suggested code changes
/home/cse237c_fa24_s_chen/RSA_Implementation_on_PYNQ/rsa_baseline/baseline/solution1/.autopilot/db/rsa.pp.0.cpp:27644:12: warning: Added loop label VITIS_LOOP_23_1:   [xilinx-label-all-loops]
           for(int i = 0; i < W_-1; ++i) {
           ^~~
           VITIS_LOOP_23_1: 
/home/cse237c_fa24_s_chen/RSA_Implementation_on_PYNQ/rsa_baseline/baseline/solution1/.autopilot/db/rsa.pp.0.cpp:27644:12: note: FIX-IT applied suggested code changes
/home/cse237c_fa24_s_chen/RSA_Implementation_on_PYNQ/rsa_baseline/baseline/solution1/.autopilot/db/rsa.pp.0.cpp:27708:7: warning: Added loop label VITIS_LOOP_66_1:   [xilinx-label-all-loops]
      for(int pos = msbr - 1 ; pos >= -F-1; pos--) {
      ^~~
      VITIS_LOOP_66_1: 
/home/cse237c_fa24_s_chen/RSA_Implementation_on_PYNQ/rsa_baseline/baseline/solution1/.autopilot/db/rsa.pp.0.cpp:27708:7: note: FIX-IT applied suggested code changes
/home/cse237c_fa24_s_chen/RSA_Implementation_on_PYNQ/rsa_baseline/baseline/solution1/.autopilot/db/rsa.pp.0.cpp:27825:9: warning: Added loop label VITIS_LOOP_75_1:   [xilinx-label-all-loops]
        for(int pos = msbr - 1; pos >= 0; pos--) {
        ^~~
        VITIS_LOOP_75_1: 
/home/cse237c_fa24_s_chen/RSA_Implementation_on_PYNQ/rsa_baseline/baseline/solution1/.autopilot/db/rsa.pp.0.cpp:27825:9: note: FIX-IT applied suggested code changes
/home/cse237c_fa24_s_chen/RSA_Implementation_on_PYNQ/rsa_baseline/baseline/solution1/.autopilot/db/rsa.pp.0.cpp:27850:5: warning: Added loop label VITIS_LOOP_107_2:   [xilinx-label-all-loops]
    for(int pos = -1; pos >= -F-1; pos--) {
    ^~~
    VITIS_LOOP_107_2: 
/home/cse237c_fa24_s_chen/RSA_Implementation_on_PYNQ/rsa_baseline/baseline/solution1/.autopilot/db/rsa.pp.0.cpp:27850:5: note: FIX-IT applied suggested code changes
/home/cse237c_fa24_s_chen/RSA_Implementation_on_PYNQ/rsa_baseline/baseline/solution1/.autopilot/db/rsa.pp.0.cpp:27920:8: warning: Added loop label VITIS_LOOP_195_3:   [xilinx-label-all-loops]
       for(int i = 0; i < W - 1; ++i) {
       ^~~
       VITIS_LOOP_195_3: 
/home/cse237c_fa24_s_chen/RSA_Implementation_on_PYNQ/rsa_baseline/baseline/solution1/.autopilot/db/rsa.pp.0.cpp:27920:8: note: FIX-IT applied suggested code changes
/home/cse237c_fa24_s_chen/RSA_Implementation_on_PYNQ/rsa_baseline/baseline/solution1/.autopilot/db/rsa.pp.0.cpp:30150:5: warning: Added loop label VITIS_LOOP_12_1:   [xilinx-label-all-loops]
    for (int i = 0; i < 256; i++) {
    ^~~
    VITIS_LOOP_12_1: 
/home/cse237c_fa24_s_chen/RSA_Implementation_on_PYNQ/rsa_baseline/baseline/solution1/.autopilot/db/rsa.pp.0.cpp:30150:5: note: FIX-IT applied suggested code changes
/home/cse237c_fa24_s_chen/RSA_Implementation_on_PYNQ/rsa_baseline/baseline/solution1/.autopilot/db/rsa.pp.0.cpp:30154:9: error: Invalid Directive: for current device, mul + fabric is invalid combination for bind_op [clang-diagnostic-error]
#pragma HLS bind_op variable=result op=mul impl=fabric
        ^
/home/cse237c_fa24_s_chen/RSA_Implementation_on_PYNQ/rsa_baseline/baseline/solution1/.autopilot/db/rsa.pp.0.cpp:30161:9: error: Invalid Directive: for current device, mul + fabric is invalid combination for bind_op [clang-diagnostic-error]
#pragma HLS bind_op variable=b op=mul impl=fabric
        ^
