INFO: [SIM 2] *************** CSIM start ***************
INFO: [SIM 4] CSIM will launch GCC as the compiler.
   Compiling ../../../../rsa.cpp in debug mode
   Generating csim.exe
The 256-bit N in decimal is: 28948022309329048855892746252171981402981537383894273816512899164258300594241
The 256-bit d in decimal is: 6046941810194465398739211379712748911334952487638508948887620598790839189513
The 256-bit y in decimal is: 8859267110829361278813342451547370339762513695416042714843012278075149876989
The 256-bit x in decimal is: 16252942371733042677107065830974675831354851672736855915256695145981169312655
The 256-bit y in decimal is: 27171981918722620831725148912443357382887104233138214544219948913928640995194
The 256-bit x in decimal is: 22335552412232050691257867464754166449144246810641218484787114001944297587407
The 256-bit y in decimal is: 6980098384277329048286299701143572277112332537292422106633455583665102695855
The 256-bit x in decimal is: 17986792022540026050473916689729042035730282379188914231810485343132602602705
The 256-bit y in decimal is: 4304247065575564367610973599150567959430064456532220066142625711651180935134
The 256-bit x in decimal is: 12218515202424280537972116309978698226802523784621769893259282194960330453693
The 256-bit y in decimal is: 21817431318000064659818259127615933977791745803510161718230334507239216433541
The 256-bit x in decimal is: 17824453436795616012692325077517974799132560821096587027618147845448989526066
The 256-bit y in decimal is: 26094325733118904012010244430229890368200758377894818479359305377532758071748
The 256-bit x in decimal is: 16309719733946756328452226364846162091906190948055375052811540509270627743972
The 256-bit y in decimal is: 26236929657284509221050790482892140472372436561628044461638162962740439609644
The 256-bit x in decimal is: 111638322949012065573302628764268377596638467530274586396203244412950584994
The 256-bit y in decimal is: 17135016644851340229008200256911582267608155663051755957775702310949010951290
The 256-bit x in decimal is: 17299487616110173162243372827467427404270300924904425595206379575772231796205
The 256-bit y in decimal is: 13408731859186033951080028114395044104699635495987112951133285196015464695741
The 256-bit x in decimal is: 22052977834661652123174201962568450745532079299676831009186252836241440488270
The 256-bit y in decimal is: 16982263168825582488723714978413989523405359189575069950659952937100499558310
The 256-bit x in decimal is: 28865248017799798862059052496837752231918526681417837871130004127613992702337
The 256-bit y in decimal is: 2417693279653771558002962330044406562862032412112488041331411795710227927088
The 256-bit x in decimal is: 20508029275937053022863957560948942683494606328464975745628855437773601047311
The 256-bit y in decimal is: 18723733471887080575870230694473037460513588062123760384743598123103835658797
The 256-bit x in decimal is: 3224646385572519961337167029101152058350090578800498989815865287724352103692
The 256-bit y in decimal is: 17438624195681560212838377998963782959827292704424660918354156612346452883027
The 256-bit x in decimal is: 5983348298124337924579796749231320127711833752334464425411515556655403324680
The 256-bit y in decimal is: 25625761685712211098057685907217619515258657663336571288319280332620952667078
The 256-bit x in decimal is: 24341132053354088927719653818813664488574550481939482347987577927681197213828
The 256-bit y in decimal is: 23877272837530887652977691468864987160271884057571157114018021719606691034118
The 256-bit x in decimal is: 14237537734294826876716293579202315009156298090619715900953973163191604120634
The 256-bit y in decimal is: 27978373191253360727527778407242888368054403964264560706082874865763275911100
The 256-bit x in decimal is: 27237328105764565354346007772096965911748521827998945290352747146611313794829
The 256-bit y in decimal is: 6265173746175113859504290942882932522994943033616881914308157848727494956561
The 256-bit x in decimal is: 5361151352486553748026093947234699014231442762029140098585326378906994734071
The 256-bit y in decimal is: 17666523284157457387808341542013645134999862334838871229804273927355373817498
The 256-bit x in decimal is: 16086094082081009377304487913417624196624087638880029946444832369683141417158
The 256-bit y in decimal is: 12266105141288454531464384482494150498400896953881156556511412421690290324692
The 256-bit x in decimal is: 19595707188486186715436155903234536991554361434255407905885718593852763698390
The 256-bit y in decimal is: 27563230864220517890061203895595433749070091760468407506985179224032267770715
The 256-bit x in decimal is: 3213569720970087342078442564672603194205587648043222231605508076763372449183
The 256-bit y in decimal is: 11595752848317832725637190035271000677344218472114081843253348078097950721131
The 256-bit x in decimal is: 10606819852475530829869394024898067785410321980084183290746596273739710136123
The 256-bit y in decimal is: 7924167209708869584438903096532285159855033612064570805282018666791393058561
The 256-bit x in decimal is: 6959945615379936900275785699095555954854854967711780792456715297333926043791
The 256-bit y in decimal is: 7511310735468160362935082195601094218772047588526630102760838208060861312403
The 256-bit x in decimal is: 14830949518558494679754552274291968593449178032683035159634387417984982059972
The 256-bit y in decimal is: 13879410969324904813773823042848546420444883052133523441881690317485283532581
The 256-bit x in decimal is: 12090918381325820852986500785574661552611838321298919507158725010947640970493
The 256-bit y in decimal is: 4350269335624155699743584645244105312968700696953112248747261700803610868156
The 256-bit x in decimal is: 3205670571562692689089485996927387385956602099646558788645816340682325357539
The 256-bit y in decimal is: 20783088065935115114802436881960430494120792415375282065282793510059625209525
The 256-bit x in decimal is: 25966979227934362246351843328355490352525333251526541976971357953735865563825
The 256-bit y in decimal is: 3976887991778034436471567595920988534922571856129046424990139656434889211945
The 256-bit x in decimal is: 25710902692316346112408412214297362089122628248656539685477310060430350784838
The 256-bit y in decimal is: 22251980386063401954656870466201873990078849961841496950005265767840220993399
The 256-bit x in decimal is: 15294379508336526175774846891697432275566127250717543224663291928297504499205
The 256-bit y in decimal is: 13283945037175958507664878764205004199397803957654006491546954963165944461245
The 256-bit x in decimal is: 5437729355913938398948445312603329986359354271156346288200730743220788710555
The 256-bit y in decimal is: 7610905997757822874712412048453293200084265522850867873220683532547562617749
The 256-bit x in decimal is: 23036659903518553028762572431365406387404860622356285314585680143730429497353
The 256-bit y in decimal is: 16280686428248733781682437001301944089162587133393192922306854432947647327695
The 256-bit x in decimal is: 19473257778100187705587704820363855204155308588765617211233873088101606328203
The 256-bit y in decimal is: 25853793489561019504619566418113971975071227237667717866229604734699529053054
The 256-bit x in decimal is: 15530731071508693843142654519521154687087627801116986864913468081530345816889
The 256-bit y in decimal is: 1825587680574335252453471395342853710913028012487259779967722671623373150384
The 256-bit x in decimal is: 17768071620472686466710642423419986827947802882941968799657757014873426185108
The 256-bit y in decimal is: 6418997744373014864368381401260515938441067602407299714133822430015657351703
The 256-bit x in decimal is: 26777038859630801963304205337445439845351579804519699755308408649154733394865
The 256-bit y in decimal is: 14846706412824386897320753531071135600047881021968430110648522142694370485739
The 256-bit x in decimal is: 348173341888489505866339518950026126540095911233455743328659830838420053621
The 256-bit y in decimal is: 22163666443683206603060431847045917044104964220976425325620303792822991200368
The 256-bit x in decimal is: 27583926408628931327629409792670361895402226521203919772241023803169405878136
The 256-bit y in decimal is: 28594688247119477084274762579509834329234503028735926509454996426586286185222
The 256-bit x in decimal is: 7526716987813014432987162594760373900159269504550301029701238299250422812745
The 256-bit y in decimal is: 6285981756355098815400943819770084591752481124369275194607839034500202478495
The 256-bit x in decimal is: 3859583871902537005561146735420495628100277392164240690331949203059303656098
The 256-bit y in decimal is: 20903706479032751672219991052304507116869265819486962643783085888450890862796
The 256-bit x in decimal is: 20813461299836219400211563056295935488426694369662282976007644777203246387426
The 256-bit y in decimal is: 5569905537246212237837674383818988613408321234931996249677655661726243855026
The 256-bit x in decimal is: 26207845153517956666216367548736221372614119840305163518440078228429659829733
The 256-bit y in decimal is: 14851534554328619798269824934209394215144323217324418442188609400565323415936
The 256-bit x in decimal is: 23035816976287227941643807122551000865830185050918240676526922149636558717175
The 256-bit y in decimal is: 14852792637563455706672583150048985498785017097979785569460792824474023118220
The 256-bit x in decimal is: 13222049996919587047148095792138920733839937095281681245407450317705763048716
The 256-bit y in decimal is: 4748278694389313336692138643724617387423533768499401633334212357301311051253
The 256-bit x in decimal is: 10029781300443046349889567980025688938733118490821505723697571571872172773611
The 256-bit y in decimal is: 18417467172207975717858378512176220540286960748178401271375951313547261463060
The 256-bit x in decimal is: 7137779635765056558108019661895856641625433521406885896184317320167480123794
The 256-bit y in decimal is: 23639184875744264687038544033718882522289495940193096371881510025904369889978
The 256-bit x in decimal is: 2596410357370964339040495554059060525005123155172446605064146866335323806226
The 256-bit y in decimal is: 3446053861341146939655216186666047631070885105101610070869413449462963308962
The 256-bit x in decimal is: 6609797059586024229996343946147206443833167453394656471421103849739710910414
The 256-bit y in decimal is: 6856663705382723508310049017033500945189792386828634166588704738759830460928
The 256-bit x in decimal is: 6395200270400432206510117052775162239758037601257373909060251467510704413948
The 256-bit y in decimal is: 4801982162950111372469126109657235212003420249375150407203738542222411852357
The 256-bit x in decimal is: 433409028430477878088539196410243125571470458916381066687904923860743671254
The 256-bit y in decimal is: 6864524970769798215216887680649067726145417887542968491696839724428035046046
The 256-bit x in decimal is: 1231684901895810872907832353436006545479765221372907562021239129377605733934
The 256-bit y in decimal is: 24387966701844383969301945291734309824606029103339224484133202528863263438554
The 256-bit x in decimal is: 25373159532441172674793224733604121431473975392247542902885007097637670079117
The 256-bit y in decimal is: 24398575561338497679092494359875531997379985333629485124378321920168025112673
The 256-bit x in decimal is: 14389868813464304354432711833759254623443756798197306876235749353334522676622
The 256-bit y in decimal is: 19371544523019041653644671460866303089064907620380495427329670178625856755852
The 256-bit x in decimal is: 24240357712036348176029482707476280339092080798369859338833009585008430137261
The 256-bit y in decimal is: 6487149312819282602727467458736313553335392063494775407731369377776214484091
The 256-bit x in decimal is: 1902014702969532202419668838276655371526213804676872370656601688205263424695
The 256-bit y in decimal is: 27965804935723267236114038858094488727224796961559453533950800008229244463789
The 256-bit x in decimal is: 10120967861194835568475725136754385103313881228940140750381755293472379411040
The 256-bit y in decimal is: 14715717675604040266170238786290393640717020473936563819417128966237135832673
The 256-bit x in decimal is: 203946247626390639086226577931726291864117240094821969541650842249204106265
The 256-bit y in decimal is: 8392923379554649264249108220475453925428659150469579227711589196737331150627
The 256-bit x in decimal is: 19428319324970921780633432180812269831749717755095978323365855056081637513912
The 256-bit y in decimal is: 9086288274385897131241468241347602801878287803576409088950814063562943728727
The 256-bit x in decimal is: 27291792126242925742030432521603578503755911741965253965642124110091261646129
The 256-bit y in decimal is: 21971315112398905973490867485064085298391857541426963865996074899392137780665
The 256-bit x in decimal is: 6434462896027397712701267665719178193926808451085305980925622892418862558379
The 256-bit y in decimal is: 24031545808040248529340035479510126764255321620778412301437108469479035942747
The 256-bit x in decimal is: 3115488707820004956452698304745617954882694105927516035496665482606957130985
The 256-bit y in decimal is: 7835235221026367621443579208905943239325116066530720748213780028264320127120
The 256-bit x in decimal is: 24287117816639976261956120252118164910191484028933680462318034967376479076257
The 256-bit y in decimal is: 17859366703426680577434120342975325587398958792059970778586473551245704915704
The 256-bit x in decimal is: 23803215924005741919793902270846620918581201134927614203035444722698579592554
The 256-bit y in decimal is: 20931235497120512725480419111057285369503137660954168864135670493653574626410
The 256-bit x in decimal is: 19194174427730154953127121450360033510028839645612798498444049003215872782297
The 256-bit y in decimal is: 847872577053842465003334219897862480478465765721800903325121303088334057654
The 256-bit x in decimal is: 11629657736834071353563711922054053674648303821836922598282993906320412761030
The 256-bit y in decimal is: 14650523100079323500118425434402381163415952128981006370095793393092413595808
The 256-bit x in decimal is: 21003622327940527931234226101431810721867809858052803402488088946950890946736
The 256-bit y in decimal is: 25011212312969014319586339977184337325855623663007014610248664341494811082123
The 256-bit x in decimal is: 13201666699185600701721723470655473694753272647802188047129477091692694078917
The 256-bit y in decimal is: 10980236864405739365658158437552729878506153098370203420974796094237683173234
The 256-bit x in decimal is: 26483672982141907703108925592831691371210104700904649938112982269502535155006
The 256-bit y in decimal is: 10899290353894362676341047268765657401880913749288561849827327646673468171512
The 256-bit x in decimal is: 6555867884556330475813260993210532389114228896690280942124283391625537181749
The 256-bit y in decimal is: 19039529970309508935871134793005773869166518721380217522676208301483451892085
The 256-bit x in decimal is: 27140742053997537702470729310922755853685136024718364097052035614940262226855
The 256-bit y in decimal is: 19054676743011389810226699895192252420464354363399783810054710385764122674240
The 256-bit x in decimal is: 1021591522293489824020283970024190789950271167681313437694986210968443007048
The 256-bit y in decimal is: 27017217876646571286250339569493244958190914400806496475682216367020840469253
The 256-bit x in decimal is: 26970325460096106502777952168330225491014589390605160506622475512408154629415
The 256-bit y in decimal is: 10673434761585043946272646199088108744917038060142843380272002121544272494701
The 256-bit x in decimal is: 16870804959832633578501259754803972479410527335175380551222235483157788008780
The 256-bit y in decimal is: 24338907772761899442082945135848845357693850853682258078534923295994346899382
The 256-bit x in decimal is: 20771611865844192668618157810577766250356675533967362986316299334747149002372
The 256-bit y in decimal is: 25632686224799339185628129305711919719661943451910086049641416555669898805191
The 256-bit x in decimal is: 6355193192036244224347297358487170144469711197260149256477172397575303176632
The 256-bit y in decimal is: 5713114113145269297036255870354929160276783335660970144891636720652990300598
The 256-bit x in decimal is: 3952494703016324294562000049030278688910415307783078761907151758987749210693
The 256-bit y in decimal is: 27197288837379556957963182733702458093408317214243342430758152253475176815278
The 256-bit x in decimal is: 8484437745524306902001408043770331474576551108386336809454987824243022475704
The 256-bit y in decimal is: 28816007349699269618915846801410051539057200836500255496818687505714022244006
The 256-bit x in decimal is: 193475400229774851870241176782501236561245027297425645827849144347168002848
The 256-bit y in decimal is: 26358199296697925812109586788036998506242174805800079304724089333035348820166
The 256-bit x in decimal is: 11278223273773954551799200653133819333678386162660005284724135090819443725135
The 256-bit y in decimal is: 19408176560377376323551015227646969982808379279062208631434861518454299801048
The 256-bit x in decimal is: 2422179164224176451448711859931011538254300033224279687441037844508636557414
The 256-bit y in decimal is: 8202941407351357418300390045987899419416687673742353254202446945905185193069
The 256-bit x in decimal is: 16569729324787157060505763980655864817648157668163357662510077191210643940029
The 256-bit y in decimal is: 5813231221431575053733352891653987323394314558476140893892226640634187462837
The 256-bit x in decimal is: 3425832034660629795434986450732122800693213296579820631831787743748254079362
The 256-bit y in decimal is: 459518907780357985448252860433055313801459173098573644474322054555900450388
The 256-bit x in decimal is: 15154173702801355366668219949915049546625428364330066810607390489089774563336
The 256-bit y in decimal is: 8220273854504094329914557388328071941732021076831686027696705068478536420298
The 256-bit x in decimal is: 24753068827098290665205453104015236750173776831607255792898879624143193870218
The 256-bit y in decimal is: 27916035646935246883372814727323642268452298007605946275569957565510753870764
The 256-bit x in decimal is: 23519458780404015324647180470555175820007043940520543514676790770146492536124
The 256-bit y in decimal is: 7501242218000000712575014336916298495546073187233403170073900836418511446613
The 256-bit x in decimal is: 11964012519757067807929321850389388517473394925687568540612526452881413732172
The 256-bit y in decimal is: 3548414286310232629536880652966952657363231513733254702993633888877587923637
The 256-bit x in decimal is: 23042867568241482049933129743669204060055387387777197660503191290834951647592
The 256-bit y in decimal is: 21245141300375739673906751845641928624522525264035880886366671963887827468110
The 256-bit x in decimal is: 12775154924670647419931628671372205458871608044391762091777421248067608264207
The 256-bit y in decimal is: 4596981298316941213800894630642616032007462751156208633101804670214437440587
The 256-bit x in decimal is: 25573733397701581470067232707140763420544679470463816793291324930083548409638
The 256-bit y in decimal is: 7038760989275600506019750393750512999355469843078709522386103694935853996169
The 256-bit x in decimal is: 6591500345868208678699154613551028154050875585730127571691072221478951432173
The 256-bit y in decimal is: 15243942013372246187123753029855928848419001478318025868671821982112923807222
The 256-bit x in decimal is: 23166841263775572219861465243210559981230476214544648089643940627783675056894
The 256-bit y in decimal is: 28161782600250244882273581783823841985101186735237785925051082136196723882979
The 256-bit x in decimal is: 15940604885352765252303097126853378940418253379012864142554033890873018666066
The 256-bit y in decimal is: 11955932292145436592846740643025262485007423014174313362099299837104830440744
The 256-bit x in decimal is: 6256157153889058408279849232610457297611566439154769418501249061672367551793
The 256-bit y in decimal is: 6492606761395597691180314117636553589237910251290141897432302352973293134064
The 256-bit x in decimal is: 23427989881669045836514409679816092075943179891482818195599905467323498476445
The 256-bit y in decimal is: 13062436140514250326056968723462679414148972175865225769073702203838675995939
The 256-bit x in decimal is: 18943269853384774006800013919868754147300823543133893193131080883391911663622
The 256-bit y in decimal is: 24479752607724707616598499072741671083934787193955718746994136931572244105011
The 256-bit x in decimal is: 12994341587617430423933458357156261620504938126844174832199215205437918428276
The 256-bit y in decimal is: 16029430674514843070444881225768853406025016078137274886585857997618996422736
The 256-bit x in decimal is: 17605958172829639842841473789973156844177198693012825031329560811452799088680
The 256-bit y in decimal is: 3901627349214139495831210581716722860516405509792642530995952717154020111284
The 256-bit x in decimal is: 5921600886696740744726083810319981866364169350150716691334779672867800409009
The 256-bit y in decimal is: 19866058143643473745964767631614447227185296790098564243791501340108628005097
The 256-bit x in decimal is: 2095777478172159207839411418695759752126915100255972104219009458451456919639
The 256-bit y in decimal is: 22897280018168194302935701985596565659741527769977130376821278573086679932632
The 256-bit x in decimal is: 7834742533255398245949562755259957575785647234542357428814428322989293853078
The 256-bit y in decimal is: 8415908214259782668333102449851056516965225898001695023628391221435974351272
The 256-bit x in decimal is: 20855766036579676660766529096978980377198471754491130023808144332394480756925
The 256-bit y in decimal is: 10388646934325080315560940790577901083099002611843638802952206306478439837448
The 256-bit x in decimal is: 15784268327122125228818574736417578772440826181841853541769004767725852746309
Comparing against output data 
*******************************************
PASS: The output matches the golden output!
*******************************************
INFO: [SIM 1] CSim done with 0 errors.
INFO: [SIM 3] *************** CSIM finish ***************
