Tue Dec  3 20:54:33 2024: Running xcd server. This server was NOT built by gradle, but presumably rdi.
Tue Dec  3 20:54:33 2024: Server was asked to start on port: '45499'
Tue Dec  3 20:54:33 2024: Server is using token UUID: '659d3d02-d416-4e4c-bd59-5bae753aba67'
Tue Dec  3 20:54:33 2024: SESSION_MGR: creating session with session uuid: '6d04a3e9-ade5-4ab9-8d63-1f78fcd2ec76' and name 'default'
Tue Dec  3 20:54:33 2024: Attempting to start server on port '45499'
Tue Dec  3 20:54:33 2024: XCD main fifo: created main fifo '/tmp/xcdmain659d3d02-d416-4e4c-bd59-5bae753aba67', fd read = 13
Tue Dec  3 20:54:33 2024: Running Dispatch Server
Tue Dec  3 20:54:33 2024: Version 2.2.0
Tue Dec  3 20:54:42 2024: Dispatch Server: Accepted socket connection from client
Tue Dec  3 20:54:42 2024: Starting Socket connection
Tue Dec  3 20:54:42 2024: EXCHANGE_TOKEN received, server token: 659d3d02-d416-4e4c-bd59-5bae753aba67, passed token: 659d3d02-d416-4e4c-bd59-5bae753aba67
Tue Dec  3 20:54:42 2024: SESSION_MGR: creating session with session uuid: '2ebd1f2a-1960-43b8-80c4-4526553420e2' and name 'vitis_hls'
Tue Dec  3 20:54:42 2024: KERNEL_SVC: creating session with uuid: '2ebd1f2a-1960-43b8-80c4-4526553420e2' and name 'vitis_hls'
Tue Dec  3 20:54:42 2024: GUIDANCE_SMGR: creating guidance session with uuid: '2ebd1f2a-1960-43b8-80c4-4526553420e2' and name 'vitis_hls'
Tue Dec  3 20:54:57 2024: STOP_SERVER received, server token: 659d3d02-d416-4e4c-bd59-5bae753aba67, passed token: 659d3d02-d416-4e4c-bd59-5bae753aba67
Tue Dec  3 20:54:57 2024: Socket received request to stop server.
Tue Dec  3 20:54:57 2024: Dispatch Server: do_await_stop
Tue Dec  3 20:54:57 2024: Dispatch Server: stopping mainFifo_
Tue Dec  3 20:54:57 2024: XCD main fifo: Stopping
Tue Dec  3 20:54:57 2024: XCD main fifo: do_read error code: Operation canceled
Tue Dec  3 20:54:57 2024: XCD main fifo: bytes_transferred: 0
Tue Dec  3 20:54:57 2024: SERVER: destructor for server bound to port 45499
Tue Dec  3 20:54:57 2024: XCD main fifo: Good unlink of /tmp/xcdmain659d3d02-d416-4e4c-bd59-5bae753aba67
Tue Dec  3 20:54:57 2024: Server exiting with status 0.
Tue Dec  3 20:54:57 2024: Closing log file.
