INFO: [SIM 2] *************** CSIM start ***************
INFO: [SIM 4] CSIM will launch GCC as the compiler.
   Compiling ../../../../rsa.cpp in debug mode
   Generating csim.exe
The 128-bit p in decimal is: 170141183460469231731687303715884121403
The 128-bit q in decimal is: 170141183460469231731687303715884119987
The 256-bit N in decimal is: 28948022309329048855892746252171982056323681872096123666192145433253326781761
The 256-bit d in decimal is: 5143213326362626377130706888632231549504412833029584150946393754609857449137
The 256-bit y in decimal is: 7409133480298244422495406038734771347365316977667855370957210557940732757925
The 256-bit x in decimal is: 18475075957372389504129699496403929713917045269654357200981463774625861135909
The 256-bit y in decimal is: 9816641351191704458232042221564625950321828111388218188140808292619921781767
The 256-bit x in decimal is: 26004675028840422147810449959155114035556323821001820261612682461277020189415
The 256-bit y in decimal is: 7834789167417728987199418374810117130815005830244240157811968251802231696539
The 256-bit x in decimal is: 17278708689320256766455375028185286372754456169455890406383492635573537523526
The 256-bit y in decimal is: 20591761152705871971700497508082963685112205819896978868830282442387177307303
The 256-bit x in decimal is: 19899895305924427515346691745040189126890278071384712166952238045211139599797
The 256-bit y in decimal is: 2488069748503075611626178127356753332884844361159621846260076556374290305990
The 256-bit x in decimal is: 16561956691214123867240540666540159426251113928727500417447865443774292839971
The 256-bit y in decimal is: 3603119154389834753639183815276838183063825637510905178827414393508169293954
The 256-bit x in decimal is: 1736798322298113001113524935212872642585615080406520297849223155820810608445
The 256-bit y in decimal is: 27613224388219953167176776943428424391768488385467039299187444634644804092347
The 256-bit x in decimal is: 9030774254601929928571169508892245703708788499670667936346278471887750029640
The 256-bit y in decimal is: 14070625493225691245602417363582663109705279674790068592092030262266390946515
The 256-bit x in decimal is: 28056057853444243594693662636157700615641912968753035000575263853089432681105
The 256-bit y in decimal is: 23857485835970091386448536784149209878104327919947499415907551540064315924560
The 256-bit x in decimal is: 23580108961741329519110712296453007461711396678166117525201945277646928202781
The 256-bit y in decimal is: 12250291337640873481468035335979257122198218924548669255952119235223812961772
The 256-bit x in decimal is: 4017386996656066149259451481721634185849942011081313504167520663617137947236
The 256-bit y in decimal is: 7750221922564521099994394000864104063429902170780157118340404730439256221373
The 256-bit x in decimal is: 1647123416471733419191398367802164862846626529367961889126209382635816605831
The 256-bit y in decimal is: 20232135636587166243349713797636701692411038721835435183861286981328197478833
The 256-bit x in decimal is: 5044824716089732221646926958303619360085168520631116221677618724771945009062
The 256-bit y in decimal is: 24729637400551652442551196302965474526863878777197931703200889645155648882142
The 256-bit x in decimal is: 11215995209151208239466182403271529491760884811558531436338764334468618572195
The 256-bit y in decimal is: 13254834684473625514697705238931603129205891944792993180468944029296030121095
The 256-bit x in decimal is: 12776447414651590042803858605084096880578140829870463097746878243311100504627
The 256-bit y in decimal is: 1187501984296844278411561394922037479336245190406811292579843532550523719826
The 256-bit x in decimal is: 12330300491590158154024309912565611189572288125285992197734223617712048234298
The 256-bit y in decimal is: 22803057828301398242942988418197738964762913906766786714988057592536273470445
The 256-bit x in decimal is: 28672691554164080309400692477276814529645696686331062153747066050359090895724
The 256-bit y in decimal is: 9269445465793525013230973038063735922083201014509526919395414627080893697259
The 256-bit x in decimal is: 20648935994461465909724484602687052533837955482013353238953680853313385637642
The 256-bit y in decimal is: 13617672105828206032955965557600403776461880403427083574641892271004956961282
The 256-bit x in decimal is: 22626396440722739946274924070980922061734054727814071726676169913289605041847
The 256-bit y in decimal is: 2043154436106194560095443956240526448316590819470962162418726505535379155781
The 256-bit x in decimal is: 1743275460475216869235289680135302967580020195480190671356796619985699803177
The 256-bit y in decimal is: 24863819794958814549519016134472830178282747471328259947923297818277139254708
The 256-bit x in decimal is: 25062957246934441331199981067812625630492945019816251896159408243671736628706
The 256-bit y in decimal is: 25577409964053245091122767866200323701595556887884363239876239885997017387257
The 256-bit x in decimal is: 18156942451436688742995310747636854282756004816820623604404421388229930237430
The 256-bit y in decimal is: 17832195903450621631309837622965062742383036396336267337855070162997269839963
The 256-bit x in decimal is: 18770267311351002908048791380043640480034393077060486610357802076547475261012
The 256-bit y in decimal is: 20353472061328096418930305598814422476937889914664656887385110318815044574227
The 256-bit x in decimal is: 24938532117440554908403505350822109208796211085581291167513598775894809991890
The 256-bit y in decimal is: 18855053847216014757748447764430178339145678380848971299680642951501367828580
The 256-bit x in decimal is: 17667124734690262619568548774389646937377867430366251375914943205417514600198
The 256-bit y in decimal is: 22801064687364374554970979251553268521093224050463600876422565544487987868767
The 256-bit x in decimal is: 15284367937157437602599312469138761718897091409667940745326625910851764007839
The 256-bit y in decimal is: 19501915518829765927231678857384364342216685972393391432208354089519821360296
The 256-bit x in decimal is: 9819068799022352826789255676678203412069156751513761892609479670933662084611
The 256-bit y in decimal is: 19038644486045959602641508284517663694786109716793461410850541085755412600557
The 256-bit x in decimal is: 21625001010333502905388114984246521803535668511095451882639431255921552286276
The 256-bit y in decimal is: 796845288130264859514182491283267772077712688275024294019022284279376346469
The 256-bit x in decimal is: 16335917764910163363802513412046587632646355757541631109355251704403230495940
The 256-bit y in decimal is: 7395671526270174188464745373833792839679828148389853893365913888674063555898
The 256-bit x in decimal is: 3937047988233838638541190619751057058173441996140020968559518485762133687306
The 256-bit y in decimal is: 17802528897281946425682334199653496967910355271046587150935085993390449063904
The 256-bit x in decimal is: 20754826970569719208070311906968803390930673664097764800040134753101817141529
The 256-bit y in decimal is: 1443816685231529846237892514720648100044940448182866856968749171954957206278
The 256-bit x in decimal is: 11992850465690705313317184667000373971325343709359673720337175460439545990410
The 256-bit y in decimal is: 7437171386610943234576145163916044954983403709643987292465712318869715888689
The 256-bit x in decimal is: 13953751956438534799023035823680143648062382702346089743199863708933048554528
The 256-bit y in decimal is: 21071503770962042288707096739550529681387990099108690296343457655559659849642
The 256-bit x in decimal is: 18995091582377818644862232977169789753877630749356865614675998525676230447703
The 256-bit y in decimal is: 6469066728754354974688953258674739858072869566241053212301713350002369872979
The 256-bit x in decimal is: 21024582022379604993803709869860085472042706893042312388863308908914544876500
The 256-bit y in decimal is: 25656111870921711391305182333125948231371463670805341672837845271551695262007
The 256-bit x in decimal is: 13588633208559764083069945328135848210525219605315165699574125949877416950025
The 256-bit y in decimal is: 4988155777256623076401971308307223934025443377911673416748852718611343145457
The 256-bit x in decimal is: 28355651117927010088687223309513629021102631224877745151847087093990096994836
The 256-bit y in decimal is: 20959879602752800355324276609775250782949478966286393359469579487918749096283
The 256-bit x in decimal is: 6474996414404405762403285123364180192694825807084726334238183808064852050004
The 256-bit y in decimal is: 7116698942132321004137639753544991896001451491672862278835198977910361573862
The 256-bit x in decimal is: 6108692059698763556592698994768113739451012018664288356578518846655231961900
The 256-bit y in decimal is: 2651599962354915317966413966919072181642889175851301338146660936909929942637
The 256-bit x in decimal is: 14108207737136613750541911533610156824474466738058599188730242290132237818052
The 256-bit y in decimal is: 17137210350408723787630848981538540082569640586356054708930955213616874744965
The 256-bit x in decimal is: 5327680529321316860535492007820916498408490035053008573790745924356751259849
The 256-bit y in decimal is: 28685771625251018754423742409405280210405631294801141719974220783021263040238
The 256-bit x in decimal is: 10748669033124411127824915651307303767202357810967798561771583842424277189730
The 256-bit y in decimal is: 2159653733290440811115727324709845815928542330375330736997064317857524500095
The 256-bit x in decimal is: 4364276197692413477939951103460020377458145967542553898592156349315879183264
The 256-bit y in decimal is: 22356397086807863996239210264077946279981490590571642505742062985257112888481
The 256-bit x in decimal is: 10866224331131230990843685823954451916404893252038381045531113603133833042182
The 256-bit y in decimal is: 19992616947401570346452797591434890652119217928098119547254390588354725978954
The 256-bit x in decimal is: 17582247552358924749800771188797994438223578951040951571319034920284864301586
The 256-bit y in decimal is: 955047375756908333115618368177850467171792448035252236353130436605143613985
The 256-bit x in decimal is: 24439255468457783721842039399282206902190717211713313001494138304320788367745
The 256-bit y in decimal is: 935192259072246352945121941321247877618539953447085479078920330988785133429
The 256-bit x in decimal is: 21757219451400369664484716939552268000944638801503685782954340774642773085828
The 256-bit y in decimal is: 27247603945844752369925894574266776438726397288072039997130559716689904379994
The 256-bit x in decimal is: 833695308146380907930004664245406786707694404188925484226740723463890752636
The 256-bit y in decimal is: 11360114442701053183893518926522803811896420618288858474395577378795074673299
The 256-bit x in decimal is: 26100414481024055228369180965935842428882140699217196332967253029930221428698
The 256-bit y in decimal is: 5709673711142556105162413087779648247690753972060364159170184490773965448655
The 256-bit x in decimal is: 26446281466361707850447998002110586073407328932262618371533494042716563835820
The 256-bit y in decimal is: 25068455287414169676428762078911947474630842669947121750998613664713566708747
The 256-bit x in decimal is: 6181997703734707749969736355101028380537907648855180358338191773847348860252
The 256-bit y in decimal is: 10749676073522192268564673125973853714114187913243893391360671838045684435874
The 256-bit x in decimal is: 17964788600896845050940020302790747720040963406348955244476551756519947449563
The 256-bit y in decimal is: 1672593970889484956332167665082649304978301021168257066927897585942512136703
The 256-bit x in decimal is: 11420890107736087414928746998843110364067463143097929750889805810483956996580
The 256-bit y in decimal is: 23406742524414484383536791056252834264046169507738978028768065661138077450248
The 256-bit x in decimal is: 7514216585194597720477642524347184702289964759844295105798962859893579514952
The 256-bit y in decimal is: 4930226356988548729604197476930467764018895689817461682649015490568106395861
The 256-bit x in decimal is: 11744848891035493066115184786773618770749294992125669616379467339429772876581
The 256-bit y in decimal is: 3248722686104586856352488836367922916090633880827975437908212959241827602283
The 256-bit x in decimal is: 11508741747570237819292438903047167241417595590410013622015150714075885994442
The 256-bit y in decimal is: 21919036578808112776100442413655298617463993860399051647215344756837449832089
The 256-bit x in decimal is: 28180759710988829166170093774598894728482944308005784026784109196750447397197
The 256-bit y in decimal is: 23808389863795475529924341734545223894769143496315798254245562332935182873548
The 256-bit x in decimal is: 36766102183655463844529223849618951018318789757854641804423557239103558745
The 256-bit y in decimal is: 1848072554481743799282015474524571412743622016255499127292081349925753646807
The 256-bit x in decimal is: 25229397167464202188297843664332778963298519255222840426937568207620398491953
The 256-bit y in decimal is: 7350555940434531783376766152618651631443594516147718442206715903364506744593
The 256-bit x in decimal is: 9513735087545962787030781440842474834650397343369655142407293030341267562768
The 256-bit y in decimal is: 26961186611348904775988392637592788855011905529495173964553647736279733111868
The 256-bit x in decimal is: 16657679257085575896824432411185114170236651500449035218794477811603545459546
The 256-bit y in decimal is: 15027905149876786311732332644842476290217804952046665960732823141790934689834
The 256-bit x in decimal is: 25983694838396096940664086786215818789095382646470834574429958269945621065793
The 256-bit y in decimal is: 11366671952981638159613144804578894682059647928090513503867856434220953604699
The 256-bit x in decimal is: 611870818194633825145358211859100327014754600731622110786815148353547714625
The 256-bit y in decimal is: 10168203272114950322063408748472231532404737394269495454074632568456220852588
The 256-bit x in decimal is: 1079951244720668331144405192871693051238276974754874662126151167183226787409
The 256-bit y in decimal is: 2089307913737561599888747347853355844268367635322553163000386802958644579638
The 256-bit x in decimal is: 9329410180526467554473542242756876633881347837433990552066122528578055817961
The 256-bit y in decimal is: 12425498812239326612291775028185227601898648371538376203919436165257479646514
The 256-bit x in decimal is: 24879252091828889513748547394366173463155658600971016958807521220997770525454
The 256-bit y in decimal is: 1456147755469155424044079873665252251397013056669627918980034161416429577449
The 256-bit x in decimal is: 13954795797097654583447854466914826675928097467976805091086057904865222045335
The 256-bit y in decimal is: 8415487876331216016889512230794295965252211913722328367571698699477682113253
The 256-bit x in decimal is: 23981120048662468877217063246734483496497256388732395863409858368197230927551
The 256-bit y in decimal is: 5525103656416272263179063790369569318922497594467954763522127187832830840792
The 256-bit x in decimal is: 5661580563880307147385340606690799090912393941880195900376978722320520939524
The 256-bit y in decimal is: 9207260935866787082533700967997736827693188645429516074327064459846737826607
The 256-bit x in decimal is: 28412060570528049506915111849891977566968880529411237410816101812668401513025
The 256-bit y in decimal is: 20318641028830648934925493827781818169583220339900606622323189866554687777518
The 256-bit x in decimal is: 2515049507535783016656077084565554358707007875121268205927648854518332137840
The 256-bit y in decimal is: 3943279379492259577818153464556406608887957226460074291581294263472688115085
The 256-bit x in decimal is: 27011877806955734054077677573784846970927475385504152406448030861953712136181
The 256-bit y in decimal is: 9176963759980599365227774507379452331668122264209020784370763462216831639722
The 256-bit x in decimal is: 16329833673293997244547635357397579074543261722678250629017120176001123758018
The 256-bit y in decimal is: 2759386939353580219466738798514475470099741612152603150310947108168577076622
The 256-bit x in decimal is: 1754386126893248655151470998220098544977296837178735808784340756845068236016
The 256-bit y in decimal is: 16384151375955432359603000233498073196462287861479480437038515238536748170616
The 256-bit x in decimal is: 10857444134958210794424412146742299794212478221259832944980455485840860389893
The 256-bit y in decimal is: 16562354229478628018776765035990289109551471855973180389167230927582460021903
The 256-bit x in decimal is: 22972407884106640680674261592662123234001578591997819410893706219523783698654
The 256-bit y in decimal is: 23882354605878877411053563042726222994687360945928995367638922308109441184227
The 256-bit x in decimal is: 24741738758903707780873177928635442630419876566793293645729635316080732206063
The 256-bit y in decimal is: 21219112855770068758345427124751627916397178097666114757845219430315749761473
The 256-bit x in decimal is: 11949162368216248005720826657386016576005036049987220724845403896405207019961
The 256-bit y in decimal is: 24907601310550565379163698980958832964356601432393483705129492267084308287842
The 256-bit x in decimal is: 28609915072734634141186211606699568273368082257851454562395901013714801110681
The 256-bit y in decimal is: 18765378229021823244161862097501185329224362178268258623952152052227647532402
The 256-bit x in decimal is: 5536367950443830224255539471571652504206460066908337190712383272961554758426
The 256-bit y in decimal is: 7440432529682821791145654678941661196624399242839695920146486756715753048756
The 256-bit x in decimal is: 8784938630987539145450840189932571092435929407430859425619757364119705576429
The 256-bit y in decimal is: 1609047987570612884881995962725976256301211506051634652043162816803057405902
The 256-bit x in decimal is: 9545577535176753798612527331946156450756917325806257322173849058420270441634
The 256-bit y in decimal is: 28090149921339294762015000609494986180516806083810010152350117208152023830912
The 256-bit x in decimal is: 12041469477225740591851933942946737321022186079231720925338381994022536201527
The 256-bit y in decimal is: 17833050980926704925440626637690152819860401212435049769132962939251476218860
The 256-bit x in decimal is: 27000996778571725601993041518516612129325537738630202422423913765716248801160
The 256-bit y in decimal is: 25919242216548580011079827247046164229120943806313178268088281077057935738014
The 256-bit x in decimal is: 13750285755900014315438514287076299379007345269196550639892244957119104666792
The 256-bit y in decimal is: 6157622992294323288711702107626123425826587412135162225743413193200060460823
The 256-bit x in decimal is: 9575024490464382905156831363052125407460595753638466769367368398955342556576
The 256-bit y in decimal is: 21254662713519349238905232905219603429372828281150395247744170623227892851120
The 256-bit x in decimal is: 5060164597905862861105515438937272664011680984233959466544088929371986053286
The 256-bit y in decimal is: 13954712510550968047734001833285585006522744003292544181853606690169669775553
The 256-bit x in decimal is: 22567074404227062918199033227706626896335444618082972282133542883453166213445
The 256-bit y in decimal is: 6306009536197804738134360828414164879869938131486840189385686315474955748537
The 256-bit x in decimal is: 3969701003890423118167832949511796831150163356620270131825287837069771767264
The 256-bit y in decimal is: 6179056123090296465642491714107660981815848863227508731536604580819768942573
The 256-bit x in decimal is: 21581525848112409776429808886677286823263421081506675661499793110246104550877
The 256-bit y in decimal is: 14076301040764820861938863644220653626452474412232099607517935986246058303921
The 256-bit x in decimal is: 11418640780296987031972453213441683155013887727164861660676814435060159755171
The 256-bit y in decimal is: 21927298404439569693886136701234760193023853502508577456163114319649596502555
The 256-bit x in decimal is: 7616198627934002047384859005043737257294154407426146190470029088009818191229
The 256-bit y in decimal is: 24079369061924816983022245718495796890986074186407141564692625673828420761519
The 256-bit x in decimal is: 14239827935196339512204383634071613062932229816617119190715525596276916031907
The 256-bit y in decimal is: 23546520000515562532164220704456553981199066248800303196077668916544892108685
The 256-bit x in decimal is: 20563782230361221721823268035282043946976203010621182441310410902260978342088
The 256-bit y in decimal is: 5443164592289547302765100090859208427547357167114190935426810326000793722005
The 256-bit x in decimal is: 16785640068680146840601533089681625687829653406997144119127412566225036842846
The 256-bit y in decimal is: 10385830396236071855324004615318455371631145073091588304690906835343641823459
The 256-bit x in decimal is: 9878452974556854217467434037881473611465332608562788422782886411872994540327
The 256-bit y in decimal is: 17814620328650582359354314669700278559997987106698141271318732895509814232661
The 256-bit x in decimal is: 25564339458882490673131171237993695117875118692997114218610165357271544354411
The 256-bit y in decimal is: 9182005240303811599444845558830151689138894871342213814177311444495182424875
The 256-bit x in decimal is: 10031512823613489858001089815472203942187875532752978235598804915919424765602
The 256-bit y in decimal is: 14647394366681442647238071441240192390803726188526036150741990557571163240127
The 256-bit x in decimal is: 26669723415901250400138276664470819705959465393854662659266893117648271598271
The 256-bit y in decimal is: 24212453742238769426919847892177001180606332509781908317415450940085603684566
The 256-bit x in decimal is: 27608064922891975559751110241135276618792014057470042613288357825519751908630
The 256-bit y in decimal is: 18078622031252431202059653498543985877227709330099518771684388631814504080308
The 256-bit x in decimal is: 21712862995711442435360613220705749891720150466280730537584561616774218656255
Comparing against output data 
*******************************************
PASS: The output matches the golden output!
*******************************************
INFO: [SIM 1] CSim done with 0 errors.
INFO: [SIM 3] *************** CSIM finish ***************
