INFO: [SIM 2] *************** CSIM start ***************
INFO: [SIM 4] CSIM will launch GCC as the compiler.
   Compiling ../../../../rsa.cpp in debug mode
   Generating csim.exe
The 256-bit N in decimal is: 28948022309329048855892746252171980886432904397909686279110245082834117751149
The 256-bit d in decimal is: 14913728508356897715341908913412801358591807532451959675412376744914856174065
The 256-bit y in decimal is: 16748418325175247663921958582846221709181488569803974254805367459511720831303
The 256-bit x in decimal is: 192045056825952219760417780933232020724659152089938057178292373767124025856
The 256-bit y in decimal is: 25732777932374748439443472514813788846650848922973595151763532103778772412767
The 256-bit x in decimal is: 12296445956793961867474864466569632336815285180619544702441545999469044253165
The 256-bit y in decimal is: 1160038013000403227226371589317739836326397028349551168015024651183339434250
The 256-bit x in decimal is: 14653038209138531023075298309198814686141472078295606501161427057979573834400
The 256-bit y in decimal is: 23302238507759112426247164949186958553162386578617293324175485139306098049480
The 256-bit x in decimal is: 10782506257111705931968268721706162291902234444866703148185437248929686155021
The 256-bit y in decimal is: 18898169647054767430511791512023144687700876451210667720983442513057525404112
The 256-bit x in decimal is: 18629173019808927006486537982318259110371869236215393346174242786817922096393
The 256-bit y in decimal is: 9944620710978017076810354030077039230478197029267527602290953516097228659048
The 256-bit x in decimal is: 12760056752671988766926269770656085098314103950766491107598388517211628178576
The 256-bit y in decimal is: 20522598667510738648403266556749726899622754297346038898797820046052173982005
The 256-bit x in decimal is: 26455530654611796521358996082980164452148220771917161200111567002739903374418
The 256-bit y in decimal is: 1670738295609509898173821888772038778896966546140578122029796650597883304246
The 256-bit x in decimal is: 6110342346472717565353117049786932803961124369462675348274858957533813372009
The 256-bit y in decimal is: 3065635180801094929860346627097080505946000914008099974153839724403829705992
The 256-bit x in decimal is: 15235831253758670748641723856831013799249546661014982826313877249525664609958
The 256-bit y in decimal is: 25351266346837065616342667406682246728045780039108008647160687253458302551151
The 256-bit x in decimal is: 25050206618762726804594051067006310448532581485111048525861048823201616853500
The 256-bit y in decimal is: 15889089810959617787836707830227030880394718216828515227274985241243130433779
The 256-bit x in decimal is: 5509105841826264983724952744215903375591380785999962554885759172559457955061
The 256-bit y in decimal is: 27673725222514339313014413381544848877463064139787481671047091210257292484567
The 256-bit x in decimal is: 6843272534304498296965348427740154176513548515391107667753612335400850812053
The 256-bit y in decimal is: 2589233357919602255187632974341657971828833042473159836916991728981575179052
The 256-bit x in decimal is: 4289276221248165299291910966955928951918563791997427729096348804151249620125
The 256-bit y in decimal is: 12899266945463229996915531502380737046864236303141669810898127639089700186526
The 256-bit x in decimal is: 12232711296298989157480368894638602299681939762921367483969227194447555688125
The 256-bit y in decimal is: 838401119884357238666838227663447201912507418478773899599994971676401175536
The 256-bit x in decimal is: 10735029753797461912551317446070891849824676081879891217751346336074313705863
The 256-bit y in decimal is: 1094505665579157767464463875014786351383641876160830435406921594150391973571
The 256-bit x in decimal is: 7588614170486728075578916356630670590326618662631103680021494624972645993694
The 256-bit y in decimal is: 19390806566710377045939419826330895187455788507821419829210464599220903148615
The 256-bit x in decimal is: 17711581159630195675987272996019742408332390554155969910084038085672879089687
The 256-bit y in decimal is: 12991963691824439356115666252613587224019651928078665983696211100421065530035
The 256-bit x in decimal is: 6775334550045028924809134084942806747023978729506513101120858118953906139841
The 256-bit y in decimal is: 24767973731254518399702479540255854256252935384768364590075326279054580909545
The 256-bit x in decimal is: 28514984727389401303088724931607565613461649426167517641623590883898578657294
The 256-bit y in decimal is: 14850035434030548822183556703812627965753786789122564623844971696682205018558
The 256-bit x in decimal is: 12956751758915256797016217516546047038098226246638942323860223510713436644382
The 256-bit y in decimal is: 26759018648486993933606625729208486680414140421427246357672672814293223000427
The 256-bit x in decimal is: 3080444436259989793689662871854497219529801664745282668713312004662115976655
The 256-bit y in decimal is: 5400168712366504958501227678376965127067755557263617062014886751129161882201
The 256-bit x in decimal is: 1133291001009600180638813433569728241408857294923984604736572913780436853088
The 256-bit y in decimal is: 4490278992223555083496671870389991755020236830907838962111593179287175370654
The 256-bit x in decimal is: 26327149844703871430719936817259071595767226024426106686881405358646615921389
The 256-bit y in decimal is: 25491322754039842168287048704070532515784393112071525600229504830630387967989
The 256-bit x in decimal is: 8835404300471835462314037384761823450970862042035350953924577079422819353125
The 256-bit y in decimal is: 25962413027604968620391659766705388271429012776847721192250781205306669882917
The 256-bit x in decimal is: 14528326667995436021109896338287288909875959169368718971530923578332520743673
The 256-bit y in decimal is: 18857203174199492582190226739782494952249396708801840145477603342344387233090
The 256-bit x in decimal is: 14094710300589708971686890986384978267269300810180131291813657457669873395033
The 256-bit y in decimal is: 8089487248923697607617272413237461867551346548037054218261955012247316687196
The 256-bit x in decimal is: 1371569127664026923191718269111344880629943126768171799310047435552223747770
The 256-bit y in decimal is: 5335142172038690061438580526689290438769514332738996186161365045363735405309
The 256-bit x in decimal is: 4329663533912046026199843881181609510957619366565053329821711710844646733523
The 256-bit y in decimal is: 556555263871668676786577422006511398765698182669890974126478188785150287024
The 256-bit x in decimal is: 4238656089056631681447730395607846335090687456655062475173414046892212085322
The 256-bit y in decimal is: 9748286398653992815963245977973608310554917023936043981460106733535971826071
The 256-bit x in decimal is: 18438818883207579251802733570064916808641836210822052318185488932504383166005
The 256-bit y in decimal is: 9872512944142263857353387618108281804051489598808366213008379763372426452759
The 256-bit x in decimal is: 7328858332185854254404003122549741353516151007961739928117526900509538395176
The 256-bit y in decimal is: 4082188275586060747267622316206120926093441428688739039186930736119512538047
The 256-bit x in decimal is: 15365565743786912534711105231319682571771265502012328979852053061716470381583
The 256-bit y in decimal is: 28693298003758712027350765895857881639449799448362524155708945995391757501291
The 256-bit x in decimal is: 4070815768234810047384546389683788168613643607819216926438520230775157986819
The 256-bit y in decimal is: 21685157068446741790271704669330642606178439045141545188044436759428225911625
The 256-bit x in decimal is: 1221759242925604289820534308970628965721271326286570678272206248001585263889
The 256-bit y in decimal is: 10214013904547964713702394371297015594556124100903705872226640300429079751643
The 256-bit x in decimal is: 11518191335940548760575076348345707367038875799577953926974343897527457553113
The 256-bit y in decimal is: 20415261799235707150235100815873446473355314780377895111288190721428304976155
The 256-bit x in decimal is: 2026055718326205049900831568248858727840529582474216311756710722022033906031
The 256-bit y in decimal is: 20431670151275933774407330314218660357721359820453689243227678522198901427046
The 256-bit x in decimal is: 8830475893935034860513344816134410113840661834645317644980482523324003221362
The 256-bit y in decimal is: 28822012246860443642790524117956229324296997988239973034638250155044075087858
The 256-bit x in decimal is: 5698623092385121067665595147949698733549606480261175111193726079868478677363
The 256-bit y in decimal is: 11581497233564927148028058779095777507955851959943917591905091329634146811280
The 256-bit x in decimal is: 22815999671637173113494662294330086537925898166988019100255315272074463988560
The 256-bit y in decimal is: 1240578441123036264322868711556961382800222541732862623846409058628245554718
The 256-bit x in decimal is: 1696624556760779913521241202633930310998467941673143813151271556924433817873
The 256-bit y in decimal is: 14961690963966314317163699136702042737259505015750521982008061932714808665740
The 256-bit x in decimal is: 27172818822555035593634195808597289452988832931442120255765707602034216217726
The 256-bit y in decimal is: 19794199934232053028414241635985827382600877878113154718280501201919649294625
The 256-bit x in decimal is: 3701574670332816102178412661848361879588795020314006635792544664811268661909
The 256-bit y in decimal is: 26897250241379921619714154635620815946161434864237016384344077011419945477820
The 256-bit x in decimal is: 22239882640123894921976801942464388542217447142117781856795168547691346816824
The 256-bit y in decimal is: 25775931336082252783599566245190565780111284130071978675615404151045432796523
The 256-bit x in decimal is: 16521813180142721560978412293295563475340481094335082835705213064890467232539
The 256-bit y in decimal is: 15646273985320926515152445009838557520003741950422290537526687110121120011594
The 256-bit x in decimal is: 10276433350917250579023684972062355234967150259667018581538596863102723974965
The 256-bit y in decimal is: 12477263091485978782301452940255209360082746881397237113519348676009737673347
The 256-bit x in decimal is: 13691897865727543441754437174180322773488754482432476840339583037985604951809
The 256-bit y in decimal is: 1247702326501928286663671954802721169306726216332922326591134341330593814877
The 256-bit x in decimal is: 9074973082119546526834473729927578665102794497024032978688384497673320771504
The 256-bit y in decimal is: 28222546470182279137231156418047540550518295725769124576569873921372214255581
The 256-bit x in decimal is: 4630651267010947399132474335911852027054481575152154985425275789934740414174
The 256-bit y in decimal is: 8116855942901512012753104631061644495664848455429858006263212920769130473904
The 256-bit x in decimal is: 24914002367798645402880125526783252821065196856900456487213859073314596666370
The 256-bit y in decimal is: 2839379432463835774275329375607204766971900563807116535111491288973861076317
The 256-bit x in decimal is: 13412679886122596420669625325435142850124224704766575788384588751800032383425
The 256-bit y in decimal is: 1493356531229272783963804173712194609090972673803220760653820827206561022451
The 256-bit x in decimal is: 4976270575431371672146878106962039862370263913243240408251065181683948544101
The 256-bit y in decimal is: 7154900923227821934038057800297796286653470759817115491649201565583939559605
The 256-bit x in decimal is: 12949050668276180366876017341111464378675506929282941943088289143272979206107
The 256-bit y in decimal is: 20682102270095058955403106021667864783559086934666952493193660234657626698895
The 256-bit x in decimal is: 26425202306557615575828501219927774015278938143883110300840776551095873588251
The 256-bit y in decimal is: 539765607661697997161217855901517893821983568010924056769470260882557269294
The 256-bit x in decimal is: 12320229311012408196043316083126659787990425721320142402656673752373466978587
The 256-bit y in decimal is: 84400132290304939493792696968314522038732526226265795478503333151715386944
The 256-bit x in decimal is: 18823084658238778873187464805746979445394965687391878493700711132687686517280
The 256-bit y in decimal is: 2443784266603746756054373723315020205328064105219717041658420724390013239131
The 256-bit x in decimal is: 27347317913602741574547181734952371921627312220766820101565098393307201500284
The 256-bit y in decimal is: 12482474371358462639920786807373001733680141074029815259070573228275882733051
The 256-bit x in decimal is: 23363924583482872500746471593997446615121695807076619876380091544756443082230
The 256-bit y in decimal is: 10449209033788254041523691566081407823205460860873254296908861548416420381396
The 256-bit x in decimal is: 28537047514211878341100293834662036768123451419243336081170723689312584774780
The 256-bit y in decimal is: 7892955514430649627931460808681590699279957310019810203512192707706220291816
The 256-bit x in decimal is: 17574854802762540626336984185108324398256330936862784792066895946303812416596
The 256-bit y in decimal is: 23195998426243247295307098798408062455498240033000333791533082831016111089222
The 256-bit x in decimal is: 3116249640215714904155886027012092205661638394232440491037247445942168395441
The 256-bit y in decimal is: 3542953321266528958348083787097602650027708425491459575429001581964501270591
The 256-bit x in decimal is: 25268201561115412617071872725310604889384726058598231129154510520880520607381
The 256-bit y in decimal is: 20288029069329693749251048407159927078042814202527433472684470489175336385141
The 256-bit x in decimal is: 4335142843312148879186627614707777402952109989293399026745778426535946632799
The 256-bit y in decimal is: 12317914415572092262803901504746744037788845031236971741159801110667741428005
The 256-bit x in decimal is: 9447414596245199611958541932591316583513553644961173779442985225833368871663
The 256-bit y in decimal is: 13394756860063834972912575357646774460145579202053943561982294843856842823142
The 256-bit x in decimal is: 13119791866434039391317975731963837216701286455733427187083637627575868570569
The 256-bit y in decimal is: 1788338715027121000346662995283272433164093744377998934953070437016377609359
The 256-bit x in decimal is: 25974665319635996292668780285336961550800082704342829112401701603975169437965
The 256-bit y in decimal is: 20029498075378580869540549441851875456226116768198939673867407722913666473413
The 256-bit x in decimal is: 611662024291183593729627411927962041820138317914296736675412098357179519175
The 256-bit y in decimal is: 27700061536367861838172717366827819622596169429562763314282097016167975802634
The 256-bit x in decimal is: 17624638990861732633628546583109831324769775122717452092692305732993070068971
The 256-bit y in decimal is: 6546186152647384279530866627164636597777631296269987701998144964067058731030
The 256-bit x in decimal is: 18560492735729405328937913893753191368593707698204435957373103399637512909113
The 256-bit y in decimal is: 22165566524816296199977779083187090678528230922059739616161125236969059052691
The 256-bit x in decimal is: 19974048093334582344374152328644795276614433187803883998542835571057397701473
The 256-bit y in decimal is: 14793824865094179534153530131576798907671719845913629550487156781631948300183
The 256-bit x in decimal is: 3372344614112578245603849914965249258891078545704813818616846694609735612577
The 256-bit y in decimal is: 16869145564602943429557794320112604572445421595039352542114333243091450178813
The 256-bit x in decimal is: 12065257497033800424981425331780580637146812370471722186787747117165642041028
The 256-bit y in decimal is: 14089236397761961977704060393117283761843751030817737199971855534522760202261
The 256-bit x in decimal is: 3792763600791352529654098946725787016184731522425154033874509396915488139485
The 256-bit y in decimal is: 19203128733115083949560581550277696140231870361291015919574043969206263786393
The 256-bit x in decimal is: 21459572965129066234852624155918738808397696952337561713402335303649725276388
The 256-bit y in decimal is: 13110569162634016584122359300991220686551849661889256797876498599621004230186
The 256-bit x in decimal is: 19055715472130450670980924832449148975691208609340779212865438746681117040219
The 256-bit y in decimal is: 26728987249626739720651762311169163514748030100414095530643105213659445008270
The 256-bit x in decimal is: 16988552901460688922263681559199416541268188340009421094537070466498391767052
The 256-bit y in decimal is: 28191479558829838195133056043743529266225046013245005132463083540195209318165
The 256-bit x in decimal is: 3425222150929777136221923720360371815448889188759416478650422018825305046380
The 256-bit y in decimal is: 14569550177877392327263132196629440233363445930196408654165341595912196519458
The 256-bit x in decimal is: 21189924370016261753755201592490605296112414486156745797259746324607885860520
The 256-bit y in decimal is: 9158768931000179857871967660179013508109882915116312250186955553086634483050
The 256-bit x in decimal is: 20608317468696172376489775446742498770752167135650422588179164104802574022538
The 256-bit y in decimal is: 13018422904220996688642680040538090448398763350116876584264133770964212164130
The 256-bit x in decimal is: 16449835796868704845062133838880844859604196946543617577198594873501741588643
The 256-bit y in decimal is: 23354609722298018238879381657864256913020861425387311524381140811775900912486
The 256-bit x in decimal is: 14206448373174876523498223045404094641458152088516985717421531892166422089350
The 256-bit y in decimal is: 13198717759045016496126924382295001671852000898856429339037650992212449175429
The 256-bit x in decimal is: 24391761633801314738976646215473517787163988992094063790447483930025733399612
The 256-bit y in decimal is: 24876091564309804717016290682640876898048520309222316977341755233639524590144
The 256-bit x in decimal is: 27927473893406783461053744149569796148199652629656613996577538950218285922553
The 256-bit y in decimal is: 19817947129053595923829480749202429820308977390091110531591177733508802660384
The 256-bit x in decimal is: 16719543695610555771707811483056266726101048734117472305777078143992444759419
The 256-bit y in decimal is: 9247059354023212236129277859458107466454873953446995952473414135094357118411
The 256-bit x in decimal is: 2078781176446705047625370322764860545175670175274724354337794923941862848501
The 256-bit y in decimal is: 6250699933627720297383388181138318385006457475900132256767502992232692097230
The 256-bit x in decimal is: 11173414617720223317213018829204842432681145163480921267151144117828629814179
The 256-bit y in decimal is: 19668010233867390475764282092762820222557293427344734027115409643419903534664
The 256-bit x in decimal is: 21023867778332989250667118969768312116033866014144986721132531442103879778415
The 256-bit y in decimal is: 25034811746920439259803641261282943196538839052804966568161567777680643602818
The 256-bit x in decimal is: 12700049811038689813550044512899215872048266292756051253992691978646845503743
The 256-bit y in decimal is: 22564238773503038745665372341794751635319769106369093393794013188037144226100
The 256-bit x in decimal is: 855295307315610936001119256733265330637424160829936478273915300397550862841
The 256-bit y in decimal is: 8021222533058648214686845396974086671678068797644032429171870727089590322856
The 256-bit x in decimal is: 24386448640211269691067382376803425132750233936151884472676350477092364926232
The 256-bit y in decimal is: 19743073702154914591767101081111785927244326770613278190145817083774401518662
The 256-bit x in decimal is: 24900442487692621307388244259063996831774244081779618848729958295690193650732
The 256-bit y in decimal is: 24568347982533495444372117442733127493887910108558910323934940302866201749144
The 256-bit x in decimal is: 25912117132060355542357743152596725400725060092262639873682271278966548969975
The 256-bit y in decimal is: 3474337165810091271459033155647568151124936056471296822494010626224256173662
The 256-bit x in decimal is: 10238935960726128490954883349553805570180690754805870229500560746620291326988
The 256-bit y in decimal is: 23965234379188712374846182591506559467019766380682478905625317313643473291518
The 256-bit x in decimal is: 7977302805816922291744638497916977002461598205740056809704064081017496094995
The 256-bit y in decimal is: 23849814926493460514445760228444238929441062483326255621296567056409193855800
The 256-bit x in decimal is: 5717957011560290979886978514426445163831887489261407527580513632227454116257
The 256-bit y in decimal is: 25924869105488873144815018823686025152532026136405812840304845307667740414680
The 256-bit x in decimal is: 21637363973042091296088063339609145922416944650837783644967598273389662636945
The 256-bit y in decimal is: 12921988917479512947343105890095100267361936999308948357380652960673969476993
The 256-bit x in decimal is: 25017103705816657084560733150720482221711564773281743630237118086480271918573
The 256-bit y in decimal is: 7885841923136911040241513957539108529250538940128831932594184444734496404500
The 256-bit x in decimal is: 12570215770392939813265516370106510465968638766014482391333251150258625891583
The 256-bit y in decimal is: 12859458477092666219532682599150973379942590658821202159174702781780320343718
The 256-bit x in decimal is: 14587055070528083623807975928119620349952349545332136607689148742420288137080
The 256-bit y in decimal is: 13647770593078485411534046606975185470735698867085279096124723799955052961099
The 256-bit x in decimal is: 12391834927960309226418441213157523509295047626898910191181475479124398604693
The 256-bit y in decimal is: 22703849866016950299654928632406427212391708427787255884929505127175800504430
The 256-bit x in decimal is: 21501700837859071181777995971884524326828198194418860692069731008485785236006
Comparing against output data 
*******************************************
PASS: The output matches the golden output!
*******************************************
INFO: [SIM 1] CSim done with 0 errors.
INFO: [SIM 3] *************** CSIM finish ***************
