==============================================================
Vitis HLS - High-Level Synthesis from C, C++ and OpenCL v2022.2 (64-bit)
Tool Version Limit: 2019.12
Copyright 1986-2022 Xilinx, Inc. All Rights Reserved.
==============================================================
==============================================================
Vitis HLS - High-Level Synthesis from C, C++ and OpenCL v2022.2 (64-bit)
Tool Version Limit: 2019.12
Copyright 1986-2022 Xilinx, Inc. All Rights Reserved.
==============================================================
==============================================================
Vitis HLS - High-Level Synthesis from C, C++ and OpenCL v2022.2 (64-bit)
Tool Version Limit: 2019.12
Copyright 1986-2022 Xilinx, Inc. All Rights Reserved.
==============================================================
INFO: [SYN 201-201] Setting up clock 'default' with a period of 10ns.
INFO: [HLS 200-1611] Setting target device to 'xc7z020-clg400-1'
INFO: [HLS 200-1505] Using flow_target 'vivado'
INFO: [HLS 200-1464] Running solution command: config_export -format=ip_catalog
INFO: [HLS 200-1464] Running solution command: config_export -output=/home/cse237c_fa24_y_liao/Desktop/RSA_Implementation_on_PYNQ/rsa_baseline/rsa_baseline_hls
INFO: [HLS 200-1464] Running solution command: config_export -rtl=verilog
INFO: [HLS 200-1510] Running: set_part xc7z020-clg400-1 
INFO: [HLS 200-1510] Running: create_clock -period 10 -name default 
INFO: [HLS 200-1510] Running: config_export -format ip_catalog -output /home/cse237c_fa24_y_liao/Desktop/RSA_Implementation_on_PYNQ/rsa_baseline/rsa_baseline_hls -rtl verilog 
INFO: [HLS 200-1510] Running: source ./rsa_baseline_hls/solution2-NoDSP/directives.tcl
INFO: [HLS 200-1510] Running: set_directive_top -name rsa rsa 
INFO: [HLS 200-1510] Running: csynth_design 
INFO: [HLS 200-111] Finished File checks and directory preparation: CPU user time: 0.01 seconds. CPU system time: 0 seconds. Elapsed time: 10.02 seconds; current allocated memory: 213.941 MB.
INFO: [HLS 200-10] Analyzing design file 'rsa.cpp' ... 
WARNING: [HLS 207-5555] unexpected pragma argument 'div', expects function/operation (rsa.cpp:40:34)
INFO: [HLS 200-111] Finished Source Code Analysis and Preprocessing: CPU user time: 9.85 seconds. CPU system time: 1.16 seconds. Elapsed time: 11.02 seconds; current allocated memory: 218.914 MB.
INFO: [HLS 200-777] Using interface defaults for 'Vivado' flow target.
INFO: [HLS 200-111] Finished Compiling Optimization and Transform: CPU user time: 1.57 seconds. CPU system time: 0.43 seconds. Elapsed time: 1.98 seconds; current allocated memory: 219.305 MB.
INFO: [HLS 200-111] Finished Checking Pragmas: CPU user time: 0 seconds. CPU system time: 0 seconds. Elapsed time: 0 seconds; current allocated memory: 219.305 MB.
INFO: [HLS 200-10] Starting code transformations ...
INFO: [HLS 200-111] Finished Standard Transforms: CPU user time: 0.02 seconds. CPU system time: 0 seconds. Elapsed time: 0.02 seconds; current allocated memory: 222.215 MB.
INFO: [HLS 200-10] Checking synthesizability ...
INFO: [HLS 200-111] Finished Checking Synthesizability: CPU user time: 0.02 seconds. CPU system time: 0 seconds. Elapsed time: 0.02 seconds; current allocated memory: 226.137 MB.
INFO: [XFORM 203-510] Pipelining loop 'VITIS_LOOP_12_1' in function 'mod_exp' automatically.
INFO: [HLS 200-111] Finished Loop, function and other optimizations: CPU user time: 0.02 seconds. CPU system time: 0.01 seconds. Elapsed time: 0.04 seconds; current allocated memory: 250.688 MB.
INFO: [HLS 200-111] Finished Architecture Synthesis: CPU user time: 0.02 seconds. CPU system time: 0.01 seconds. Elapsed time: 0.02 seconds; current allocated memory: 266.453 MB.
INFO: [HLS 200-10] Starting hardware synthesis ...
INFO: [HLS 200-10] Synthesizing 'rsa' ...
INFO: [HLS 200-10] ----------------------------------------------------------------
INFO: [HLS 200-42] -- Implementing module 'mod_exp_Pipeline_VITIS_LOOP_12_1' 
INFO: [HLS 200-10] ----------------------------------------------------------------
INFO: [SCHED 204-11] Starting scheduling ...
INFO: [SCHED 204-61] Pipelining loop 'VITIS_LOOP_12_1'.
WARNING: [HLS 200-880] The II Violation in module 'mod_exp_Pipeline_VITIS_LOOP_12_1' (loop 'VITIS_LOOP_12_1'): Unable to enforce a carried dependence constraint (II = 1, distance = 1, offset = 1) between 'urem' operation ('urem_ln1514_1') and 'mul' operation ('ret.V').
WARNING: [HLS 200-880] The II Violation in module 'mod_exp_Pipeline_VITIS_LOOP_12_1' (loop 'VITIS_LOOP_12_1'): Unable to enforce a carried dependence constraint (II = 2, distance = 1, offset = 1) between 'urem' operation ('urem_ln1514_1') and 'mul' operation ('ret.V').
WARNING: [HLS 200-880] The II Violation in module 'mod_exp_Pipeline_VITIS_LOOP_12_1' (loop 'VITIS_LOOP_12_1'): Unable to enforce a carried dependence constraint (II = 3, distance = 1, offset = 1) between 'urem' operation ('urem_ln1514_1') and 'mul' operation ('ret.V').
WARNING: [HLS 200-880] The II Violation in module 'mod_exp_Pipeline_VITIS_LOOP_12_1' (loop 'VITIS_LOOP_12_1'): Unable to enforce a carried dependence constraint (II = 4, distance = 1, offset = 1) between 'urem' operation ('urem_ln1514_1') and 'mul' operation ('ret.V').
WARNING: [HLS 200-880] The II Violation in module 'mod_exp_Pipeline_VITIS_LOOP_12_1' (loop 'VITIS_LOOP_12_1'): Unable to enforce a carried dependence constraint (II = 130, distance = 1, offset = 1) between 'urem' operation ('urem_ln1514_1') and 'mul' operation ('ret.V').
WARNING: [HLS 200-880] The II Violation in module 'mod_exp_Pipeline_VITIS_LOOP_12_1' (loop 'VITIS_LOOP_12_1'): Unable to enforce a carried dependence constraint (II = 193, distance = 1, offset = 1) between 'urem' operation ('urem_ln1514_1') and 'mul' operation ('ret.V').
WARNING: [HLS 200-880] The II Violation in module 'mod_exp_Pipeline_VITIS_LOOP_12_1' (loop 'VITIS_LOOP_12_1'): Unable to enforce a carried dependence constraint (II = 225, distance = 1, offset = 1) between 'urem' operation ('urem_ln1514_1') and 'mul' operation ('ret.V').
WARNING: [HLS 200-880] The II Violation in module 'mod_exp_Pipeline_VITIS_LOOP_12_1' (loop 'VITIS_LOOP_12_1'): Unable to enforce a carried dependence constraint (II = 241, distance = 1, offset = 1) between 'urem' operation ('urem_ln1514_1') and 'mul' operation ('ret.V').
WARNING: [HLS 200-880] The II Violation in module 'mod_exp_Pipeline_VITIS_LOOP_12_1' (loop 'VITIS_LOOP_12_1'): Unable to enforce a carried dependence constraint (II = 249, distance = 1, offset = 1) between 'urem' operation ('urem_ln1514_1') and 'mul' operation ('ret.V').
WARNING: [HLS 200-880] The II Violation in module 'mod_exp_Pipeline_VITIS_LOOP_12_1' (loop 'VITIS_LOOP_12_1'): Unable to enforce a carried dependence constraint (II = 253, distance = 1, offset = 1) between 'urem' operation ('urem_ln1514_1') and 'mul' operation ('ret.V').
WARNING: [HLS 200-880] The II Violation in module 'mod_exp_Pipeline_VITIS_LOOP_12_1' (loop 'VITIS_LOOP_12_1'): Unable to enforce a carried dependence constraint (II = 255, distance = 1, offset = 1) between 'urem' operation ('urem_ln1514_1') and 'mul' operation ('ret.V').
WARNING: [HLS 200-880] The II Violation in module 'mod_exp_Pipeline_VITIS_LOOP_12_1' (loop 'VITIS_LOOP_12_1'): Unable to enforce a carried dependence constraint (II = 256, distance = 1, offset = 1) between 'urem' operation ('urem_ln1514_1') and 'mul' operation ('ret.V').
INFO: [SCHED 204-61] Unable to satisfy pipeline directive for loop 'VITIS_LOOP_12_1': unable to pipeline.
INFO: [SCHED 204-11] Finished scheduling.
INFO: [HLS 200-111] Finished Scheduling: CPU user time: 0.68 seconds. CPU system time: 0.02 seconds. Elapsed time: 0.7 seconds; current allocated memory: 266.453 MB.
INFO: [BIND 205-100] Starting micro-architecture generation ...
INFO: [BIND 205-101] Performing variable lifetime analysis.
INFO: [BIND 205-101] Exploring resource sharing.
INFO: [BIND 205-101] Binding ...
INFO: [BIND 205-100] Finished micro-architecture generation.
INFO: [HLS 200-111] Finished Binding: CPU user time: 2.12 seconds. CPU system time: 0 seconds. Elapsed time: 2.13 seconds; current allocated memory: 271.312 MB.
INFO: [HLS 200-10] ----------------------------------------------------------------
INFO: [HLS 200-42] -- Implementing module 'mod_exp' 
INFO: [HLS 200-10] ----------------------------------------------------------------
INFO: [SCHED 204-11] Starting scheduling ...
INFO: [SCHED 204-11] Finished scheduling.
INFO: [HLS 200-111] Finished Scheduling: CPU user time: 0.61 seconds. CPU system time: 0.01 seconds. Elapsed time: 0.61 seconds; current allocated memory: 272.219 MB.
INFO: [BIND 205-100] Starting micro-architecture generation ...
INFO: [BIND 205-101] Performing variable lifetime analysis.
INFO: [BIND 205-101] Exploring resource sharing.
INFO: [BIND 205-101] Binding ...
INFO: [BIND 205-100] Finished micro-architecture generation.
INFO: [HLS 200-111] Finished Binding: CPU user time: 0.5 seconds. CPU system time: 0 seconds. Elapsed time: 0.51 seconds; current allocated memory: 272.445 MB.
==============================================================
Vitis HLS - High-Level Synthesis from C, C++ and OpenCL v2022.2 (64-bit)
Tool Version Limit: 2019.12
Copyright 1986-2022 Xilinx, Inc. All Rights Reserved.
==============================================================
INFO: [SYN 201-201] Setting up clock 'default' with a period of 10ns.
INFO: [HLS 200-1611] Setting target device to 'xc7z020-clg400-1'
INFO: [HLS 200-1505] Using flow_target 'vivado'
INFO: [HLS 200-1464] Running solution command: config_export -format=ip_catalog
INFO: [HLS 200-1464] Running solution command: config_export -output=/home/cse237c_fa24_y_liao/Desktop/RSA_Implementation_on_PYNQ/rsa_baseline/rsa_baseline_hls
INFO: [HLS 200-1464] Running solution command: config_export -rtl=verilog
INFO: [HLS 200-1510] Running: set_part xc7z020-clg400-1 
INFO: [HLS 200-1510] Running: create_clock -period 10 -name default 
INFO: [HLS 200-1510] Running: config_export -format ip_catalog -output /home/cse237c_fa24_y_liao/Desktop/RSA_Implementation_on_PYNQ/rsa_baseline/rsa_baseline_hls -rtl verilog 
INFO: [HLS 200-1510] Running: source ./rsa_baseline_hls/solution2-NoDSP/directives.tcl
INFO: [HLS 200-1510] Running: set_directive_top -name rsa rsa 
INFO: [HLS 200-1510] Running: csynth_design 
INFO: [HLS 200-111] Finished File checks and directory preparation: CPU user time: 0.01 seconds. CPU system time: 0.01 seconds. Elapsed time: 10.02 seconds; current allocated memory: 214.375 MB.
INFO: [HLS 200-10] Analyzing design file 'rsa.cpp' ... 
WARNING: [HLS 207-5555] unexpected pragma argument 'dsp', expects function/operation (rsa.cpp:40:34)
INFO: [HLS 200-111] Finished Source Code Analysis and Preprocessing: CPU user time: 9.75 seconds. CPU system time: 1.23 seconds. Elapsed time: 10.98 seconds; current allocated memory: 218.906 MB.
INFO: [HLS 200-777] Using interface defaults for 'Vivado' flow target.
INFO: [HLS 200-111] Finished Compiling Optimization and Transform: CPU user time: 1.62 seconds. CPU system time: 0.43 seconds. Elapsed time: 2.05 seconds; current allocated memory: 219.297 MB.
INFO: [HLS 200-111] Finished Checking Pragmas: CPU user time: 0 seconds. CPU system time: 0 seconds. Elapsed time: 0 seconds; current allocated memory: 219.297 MB.
INFO: [HLS 200-10] Starting code transformations ...
INFO: [HLS 200-111] Finished Standard Transforms: CPU user time: 0.02 seconds. CPU system time: 0.01 seconds. Elapsed time: 0.02 seconds; current allocated memory: 222.211 MB.
INFO: [HLS 200-10] Checking synthesizability ...
INFO: [HLS 200-111] Finished Checking Synthesizability: CPU user time: 0.01 seconds. CPU system time: 0 seconds. Elapsed time: 0.02 seconds; current allocated memory: 226.133 MB.
INFO: [XFORM 203-510] Pipelining loop 'VITIS_LOOP_12_1' in function 'mod_exp' automatically.
INFO: [HLS 200-111] Finished Loop, function and other optimizations: CPU user time: 0.02 seconds. CPU system time: 0.01 seconds. Elapsed time: 0.03 seconds; current allocated memory: 250.684 MB.
INFO: [HLS 200-111] Finished Architecture Synthesis: CPU user time: 0.02 seconds. CPU system time: 0.01 seconds. Elapsed time: 0.03 seconds; current allocated memory: 266.574 MB.
INFO: [HLS 200-10] Starting hardware synthesis ...
INFO: [HLS 200-10] Synthesizing 'rsa' ...
INFO: [HLS 200-10] ----------------------------------------------------------------
INFO: [HLS 200-42] -- Implementing module 'mod_exp_Pipeline_VITIS_LOOP_12_1' 
INFO: [HLS 200-10] ----------------------------------------------------------------
INFO: [SCHED 204-11] Starting scheduling ...
INFO: [SCHED 204-61] Pipelining loop 'VITIS_LOOP_12_1'.
WARNING: [HLS 200-880] The II Violation in module 'mod_exp_Pipeline_VITIS_LOOP_12_1' (loop 'VITIS_LOOP_12_1'): Unable to enforce a carried dependence constraint (II = 1, distance = 1, offset = 1) between 'urem' operation ('urem_ln1514_1') and 'mul' operation ('ret.V').
WARNING: [HLS 200-880] The II Violation in module 'mod_exp_Pipeline_VITIS_LOOP_12_1' (loop 'VITIS_LOOP_12_1'): Unable to enforce a carried dependence constraint (II = 2, distance = 1, offset = 1) between 'urem' operation ('urem_ln1514_1') and 'mul' operation ('ret.V').
WARNING: [HLS 200-880] The II Violation in module 'mod_exp_Pipeline_VITIS_LOOP_12_1' (loop 'VITIS_LOOP_12_1'): Unable to enforce a carried dependence constraint (II = 3, distance = 1, offset = 1) between 'urem' operation ('urem_ln1514_1') and 'mul' operation ('ret.V').
WARNING: [HLS 200-880] The II Violation in module 'mod_exp_Pipeline_VITIS_LOOP_12_1' (loop 'VITIS_LOOP_12_1'): Unable to enforce a carried dependence constraint (II = 4, distance = 1, offset = 1) between 'urem' operation ('urem_ln1514_1') and 'mul' operation ('ret.V').
WARNING: [HLS 200-880] The II Violation in module 'mod_exp_Pipeline_VITIS_LOOP_12_1' (loop 'VITIS_LOOP_12_1'): Unable to enforce a carried dependence constraint (II = 130, distance = 1, offset = 1) between 'urem' operation ('urem_ln1514_1') and 'mul' operation ('ret.V').
WARNING: [HLS 200-880] The II Violation in module 'mod_exp_Pipeline_VITIS_LOOP_12_1' (loop 'VITIS_LOOP_12_1'): Unable to enforce a carried dependence constraint (II = 193, distance = 1, offset = 1) between 'urem' operation ('urem_ln1514_1') and 'mul' operation ('ret.V').
WARNING: [HLS 200-880] The II Violation in module 'mod_exp_Pipeline_VITIS_LOOP_12_1' (loop 'VITIS_LOOP_12_1'): Unable to enforce a carried dependence constraint (II = 225, distance = 1, offset = 1) between 'urem' operation ('urem_ln1514_1') and 'mul' operation ('ret.V').
WARNING: [HLS 200-880] The II Violation in module 'mod_exp_Pipeline_VITIS_LOOP_12_1' (loop 'VITIS_LOOP_12_1'): Unable to enforce a carried dependence constraint (II = 241, distance = 1, offset = 1) between 'urem' operation ('urem_ln1514_1') and 'mul' operation ('ret.V').
WARNING: [HLS 200-880] The II Violation in module 'mod_exp_Pipeline_VITIS_LOOP_12_1' (loop 'VITIS_LOOP_12_1'): Unable to enforce a carried dependence constraint (II = 249, distance = 1, offset = 1) between 'urem' operation ('urem_ln1514_1') and 'mul' operation ('ret.V').
WARNING: [HLS 200-880] The II Violation in module 'mod_exp_Pipeline_VITIS_LOOP_12_1' (loop 'VITIS_LOOP_12_1'): Unable to enforce a carried dependence constraint (II = 253, distance = 1, offset = 1) between 'urem' operation ('urem_ln1514_1') and 'mul' operation ('ret.V').
WARNING: [HLS 200-880] The II Violation in module 'mod_exp_Pipeline_VITIS_LOOP_12_1' (loop 'VITIS_LOOP_12_1'): Unable to enforce a carried dependence constraint (II = 255, distance = 1, offset = 1) between 'urem' operation ('urem_ln1514_1') and 'mul' operation ('ret.V').
WARNING: [HLS 200-880] The II Violation in module 'mod_exp_Pipeline_VITIS_LOOP_12_1' (loop 'VITIS_LOOP_12_1'): Unable to enforce a carried dependence constraint (II = 256, distance = 1, offset = 1) between 'urem' operation ('urem_ln1514_1') and 'mul' operation ('ret.V').
INFO: [SCHED 204-61] Unable to satisfy pipeline directive for loop 'VITIS_LOOP_12_1': unable to pipeline.
INFO: [SCHED 204-11] Finished scheduling.
INFO: [HLS 200-111] Finished Scheduling: CPU user time: 0.67 seconds. CPU system time: 0.01 seconds. Elapsed time: 0.69 seconds; current allocated memory: 266.574 MB.
INFO: [BIND 205-100] Starting micro-architecture generation ...
INFO: [BIND 205-101] Performing variable lifetime analysis.
INFO: [BIND 205-101] Exploring resource sharing.
INFO: [BIND 205-101] Binding ...
INFO: [BIND 205-100] Finished micro-architecture generation.
INFO: [HLS 200-111] Finished Binding: CPU user time: 2.09 seconds. CPU system time: 0 seconds. Elapsed time: 2.09 seconds; current allocated memory: 271.312 MB.
INFO: [HLS 200-10] ----------------------------------------------------------------
INFO: [HLS 200-42] -- Implementing module 'mod_exp' 
INFO: [HLS 200-10] ----------------------------------------------------------------
INFO: [SCHED 204-11] Starting scheduling ...
INFO: [SCHED 204-11] Finished scheduling.
INFO: [HLS 200-111] Finished Scheduling: CPU user time: 0.6 seconds. CPU system time: 0.01 seconds. Elapsed time: 0.6 seconds; current allocated memory: 272.289 MB.
INFO: [BIND 205-100] Starting micro-architecture generation ...
INFO: [BIND 205-101] Performing variable lifetime analysis.
INFO: [BIND 205-101] Exploring resource sharing.
INFO: [BIND 205-101] Binding ...
INFO: [BIND 205-100] Finished micro-architecture generation.
INFO: [HLS 200-111] Finished Binding: CPU user time: 0.49 seconds. CPU system time: 0 seconds. Elapsed time: 0.49 seconds; current allocated memory: 272.445 MB.
