

================================================================
== Vitis HLS Report for 'mod_exp'
================================================================
* Date:           Thu Dec 12 16:24:59 2024

* Version:        2022.2 (Build 3670227 on Oct 13 2022)
* Project:        baseline
* Solution:       solution1 (Vivado IP Flow Target)
* Product family: zynq
* Target device:  xc7z020-clg400-1


================================================================
== Performance Estimates
================================================================
+ Timing: 
    * Summary: 
    +--------+----------+----------+------------+
    |  Clock |  Target  | Estimated| Uncertainty|
    +--------+----------+----------+------------+
    |ap_clk  |  10.00 ns|  7.284 ns|     2.70 ns|
    +--------+----------+----------+------------+

+ Latency: 
    * Summary: 
    +---------+---------+----------+----------+-------+-------+---------+
    |  Latency (cycles) |  Latency (absolute) |    Interval   | Pipeline|
    |   min   |   max   |    min   |    max   |  min  |  max  |   Type  |
    +---------+---------+----------+----------+-------+-------+---------+
    |    17795|    34947|  0.178 ms|  0.349 ms|  17795|  34947|       no|
    +---------+---------+----------+----------+-------+-------+---------+

    + Detail: 
        * Instance: 
        +----------------------------+------------------+---------+---------+----------+----------+-----+-----+---------+
        |                            |                  |  Latency (cycles) |  Latency (absolute) |  Interval | Pipeline|
        |          Instance          |      Module      |   min   |   max   |    min   |    max   | min | max |   Type  |
        +----------------------------+------------------+---------+---------+----------+----------+-----+-----+---------+
        |grp_mod_product_mont_fu_68  |mod_product_mont  |      257|      257|  2.570 us|  2.570 us|  257|  257|       no|
        |grp_Montgomery_fu_76        |Montgomery        |      133|      133|  1.330 us|  1.330 us|  133|  133|       no|
        +----------------------------+------------------+---------+---------+----------+----------+-----+-----+---------+

        * Loop: 
        +-------------------+---------+---------+-----------+-----------+-----------+------+----------+
        |                   |  Latency (cycles) | Iteration |  Initiation Interval  | Trip |          |
        |     Loop Name     |   min   |   max   |  Latency  |  achieved |   target  | Count| Pipelined|
        +-------------------+---------+---------+-----------+-----------+-----------+------+----------+
        |- VITIS_LOOP_72_1  |    17536|    34688|  137 ~ 271|          -|          -|   128|        no|
        +-------------------+---------+---------+-----------+-----------+-----------+------+----------+



================================================================
== Utilization Estimates
================================================================
* Summary: 
+-----------------+---------+-----+--------+-------+-----+
|       Name      | BRAM_18K| DSP |   FF   |  LUT  | URAM|
+-----------------+---------+-----+--------+-------+-----+
|DSP              |        -|    -|       -|      -|    -|
|Expression       |        -|    -|       0|     26|    -|
|FIFO             |        -|    -|       -|      -|    -|
|Instance         |        -|    -|    1188|   1355|    -|
|Memory           |        -|    -|       -|      -|    -|
|Multiplexer      |        -|    -|       -|     92|    -|
|Register         |        -|    -|     922|      -|    -|
+-----------------+---------+-----+--------+-------+-----+
|Total            |        0|    0|    2110|   1473|    0|
+-----------------+---------+-----+--------+-------+-----+
|Available        |      280|  220|  106400|  53200|    0|
+-----------------+---------+-----+--------+-------+-----+
|Utilization (%)  |        0|    0|       1|      2|    0|
+-----------------+---------+-----+--------+-------+-----+

+ Detail: 
    * Instance: 
    +----------------------------+------------------+---------+----+-----+-----+-----+
    |          Instance          |      Module      | BRAM_18K| DSP|  FF | LUT | URAM|
    +----------------------------+------------------+---------+----+-----+-----+-----+
    |grp_Montgomery_fu_76        |Montgomery        |        0|   0|  663|  976|    0|
    |grp_mod_product_mont_fu_68  |mod_product_mont  |        0|   0|  525|  379|    0|
    +----------------------------+------------------+---------+----+-----+-----+-----+
    |Total                       |                  |        0|   0| 1188| 1355|    0|
    +----------------------------+------------------+---------+----+-----+-----+-----+

    * DSP: 
    N/A

    * Memory: 
    N/A

    * FIFO: 
    N/A

    * Expression: 
    +---------------------+----------+----+---+----+------------+------------+
    |    Variable Name    | Operation| DSP| FF| LUT| Bitwidth P0| Bitwidth P1|
    +---------------------+----------+----+---+----+------------+------------+
    |i_10_fu_130_p2       |         +|   0|  0|  15|           8|           1|
    |icmp_ln72_fu_124_p2  |      icmp|   0|  0|  11|           8|           9|
    +---------------------+----------+----+---+----+------------+------------+
    |Total                |          |   0|  0|  26|          16|          10|
    +---------------------+----------+----+---+----+------------+------------+

    * Multiplexer: 
    +------------------------+----+-----------+-----+-----------+
    |          Name          | LUT| Input Size| Bits| Total Bits|
    +------------------------+----+-----------+-----+-----------+
    |ap_NS_fsm               |  42|          8|    1|          8|
    |empty_fu_42             |   9|          2|  128|        256|
    |grp_Montgomery_fu_76_a  |  14|          3|  128|        384|
    |i_04_fu_38              |   9|          2|    8|         16|
    |m_V_fu_46               |   9|          2|  128|        256|
    |t_V_7_fu_34             |   9|          2|  128|        256|
    +------------------------+----+-----------+-----+-----------+
    |Total                   |  92|         19|  521|       1176|
    +------------------------+----+-----------+-----+-----------+

    * Register: 
    +-----------------------------------------+-----+----+-----+-----------+
    |                   Name                  |  FF | LUT| Bits| Const Bits|
    +-----------------------------------------+-----+----+-----+-----------+
    |ap_CS_fsm                                |    7|   0|    7|          0|
    |empty_fu_42                              |  128|   0|  128|          0|
    |grp_Montgomery_fu_76_ap_start_reg        |    1|   0|    1|          0|
    |grp_mod_product_mont_fu_68_ap_start_reg  |    1|   0|    1|          0|
    |i_04_fu_38                               |    8|   0|    8|          0|
    |i_10_reg_213                             |    8|   0|    8|          0|
    |m_V_4_reg_227                            |  128|   0|  128|          0|
    |m_V_fu_46                                |  128|   0|  128|          0|
    |m_V_load_1_reg_222                       |  128|   0|  128|          0|
    |ref_tmp5_reg_232                         |  128|   0|  128|          0|
    |reg_95                                   |  128|   0|  128|          0|
    |t_V_7_fu_34                              |  128|   0|  128|          0|
    |trunc_ln1497_reg_218                     |    1|   0|    1|          0|
    +-----------------------------------------+-----+----+-----+-----------+
    |Total                                    |  922|   0|  922|          0|
    +-----------------------------------------+-----+----+-----+-----------+



================================================================
== Interface
================================================================
* Summary: 
+-----------+-----+-----+------------+--------------+--------------+
| RTL Ports | Dir | Bits|  Protocol  | Source Object|    C Type    |
+-----------+-----+-----+------------+--------------+--------------+
|ap_clk     |   in|    1|  ap_ctrl_hs|       mod_exp|  return value|
|ap_rst     |   in|    1|  ap_ctrl_hs|       mod_exp|  return value|
|ap_start   |   in|    1|  ap_ctrl_hs|       mod_exp|  return value|
|ap_done    |  out|    1|  ap_ctrl_hs|       mod_exp|  return value|
|ap_idle    |  out|    1|  ap_ctrl_hs|       mod_exp|  return value|
|ap_ready   |  out|    1|  ap_ctrl_hs|       mod_exp|  return value|
|ap_return  |  out|  128|  ap_ctrl_hs|       mod_exp|  return value|
|y          |   in|  128|     ap_none|             y|        scalar|
|d          |   in|  128|     ap_none|             d|        scalar|
|N          |   in|  128|     ap_none|             N|        scalar|
+-----------+-----+-----+------------+--------------+--------------+

