

================================================================
== Vitis HLS Report for 'mod_product_mont'
================================================================
* Date:           Thu Dec 12 16:24:59 2024

* Version:        2022.2 (Build 3670227 on Oct 13 2022)
* Project:        baseline
* Solution:       solution1 (Vivado IP Flow Target)
* Product family: zynq
* Target device:  xc7z020-clg400-1


================================================================
== Performance Estimates
================================================================
+ Timing: 
    * Summary: 
    +--------+----------+----------+------------+
    |  Clock |  Target  | Estimated| Uncertainty|
    +--------+----------+----------+------------+
    |ap_clk  |  10.00 ns|  7.284 ns|     2.70 ns|
    +--------+----------+----------+------------+

+ Latency: 
    * Summary: 
    +---------+---------+----------+----------+-----+-----+---------+
    |  Latency (cycles) |  Latency (absolute) |  Interval | Pipeline|
    |   min   |   max   |    min   |    max   | min | max |   Type  |
    +---------+---------+----------+----------+-----+-----+---------+
    |      257|      257|  2.570 us|  2.570 us|  257|  257|       no|
    +---------+---------+----------+----------+-----+-----+---------+

    + Detail: 
        * Instance: 
        N/A

        * Loop: 
        +---------------+---------+---------+----------+-----------+-----------+------+----------+
        |               |  Latency (cycles) | Iteration|  Initiation Interval  | Trip |          |
        |   Loop Name   |   min   |   max   |  Latency |  achieved |   target  | Count| Pipelined|
        +---------------+---------+---------+----------+-----------+-----------+------+----------+
        |- Mod_Product  |      256|      256|         2|          -|          -|   128|        no|
        +---------------+---------+---------+----------+-----------+-----------+------+----------+



================================================================
== Utilization Estimates
================================================================
* Summary: 
+-----------------+---------+-----+--------+-------+-----+
|       Name      | BRAM_18K| DSP |   FF   |  LUT  | URAM|
+-----------------+---------+-----+--------+-------+-----+
|DSP              |        -|    -|       -|      -|    -|
|Expression       |        -|    -|       0|    341|    -|
|FIFO             |        -|    -|       -|      -|    -|
|Instance         |        -|    -|       -|      -|    -|
|Memory           |        -|    -|       -|      -|    -|
|Multiplexer      |        -|    -|       -|     38|    -|
|Register         |        -|    -|     525|      -|    -|
+-----------------+---------+-----+--------+-------+-----+
|Total            |        0|    0|     525|    379|    0|
+-----------------+---------+-----+--------+-------+-----+
|Available        |      280|  220|  106400|  53200|    0|
+-----------------+---------+-----+--------+-------+-----+
|Utilization (%)  |        0|    0|      ~0|     ~0|    0|
+-----------------+---------+-----+--------+-------+-----+

+ Detail: 
    * Instance: 
    N/A

    * DSP: 
    N/A

    * Memory: 
    N/A

    * FIFO: 
    N/A

    * Expression: 
    +----------------------+----------+----+---+-----+------------+------------+
    |     Variable Name    | Operation| DSP| FF| LUT | Bitwidth P0| Bitwidth P1|
    +----------------------+----------+----+---+-----+------------+------------+
    |i_5_fu_82_p2          |         +|   0|  0|   15|           8|           1|
    |t_V_fu_107_p2         |         -|   0|  0|  136|         129|         129|
    |icmp_ln1035_fu_96_p2  |      icmp|   0|  0|   50|         130|         130|
    |icmp_ln51_fu_76_p2    |      icmp|   0|  0|   11|           8|           9|
    |t_V_4_fu_112_p3       |    select|   0|  0|  129|           1|         129|
    +----------------------+----------+----+---+-----+------------+------------+
    |Total                 |          |   0|  0|  341|         276|         398|
    +----------------------+----------+----+---+-----+------------+------------+

    * Multiplexer: 
    +-----------+----+-----------+-----+-----------+
    |    Name   | LUT| Input Size| Bits| Total Bits|
    +-----------+----+-----------+-----+-----------+
    |ap_NS_fsm  |  20|          4|    1|          4|
    |i_fu_32    |   9|          2|    8|         16|
    |rhs_fu_28  |   9|          2|  129|        258|
    +-----------+----+-----------+-----+-----------+
    |Total      |  38|          8|  138|        278|
    +-----------+----+-----------+-----+-----------+

    * Register: 
    +--------------------+-----+----+-----+-----------+
    |        Name        |  FF | LUT| Bits| Const Bits|
    +--------------------+-----+----+-----+-----------+
    |ap_CS_fsm           |    3|   0|    3|          0|
    |conv_i_reg_147      |  128|   0|  130|          2|
    |i_fu_32             |    8|   0|    8|          0|
    |rhs_fu_28           |  129|   0|  129|          0|
    |t_V_4_reg_160       |  129|   0|  129|          0|
    |zext_ln186_reg_152  |  128|   0|  129|          1|
    +--------------------+-----+----+-----+-----------+
    |Total               |  525|   0|  528|          3|
    +--------------------+-----+----+-----+-----------+



================================================================
== Interface
================================================================
* Summary: 
+-----------+-----+-----+------------+------------------+--------------+
| RTL Ports | Dir | Bits|  Protocol  |   Source Object  |    C Type    |
+-----------+-----+-----+------------+------------------+--------------+
|ap_clk     |   in|    1|  ap_ctrl_hs|  mod_product_mont|  return value|
|ap_rst     |   in|    1|  ap_ctrl_hs|  mod_product_mont|  return value|
|ap_start   |   in|    1|  ap_ctrl_hs|  mod_product_mont|  return value|
|ap_done    |  out|    1|  ap_ctrl_hs|  mod_product_mont|  return value|
|ap_idle    |  out|    1|  ap_ctrl_hs|  mod_product_mont|  return value|
|ap_ready   |  out|    1|  ap_ctrl_hs|  mod_product_mont|  return value|
|ap_return  |  out|  128|  ap_ctrl_hs|  mod_product_mont|  return value|
|b          |   in|  128|     ap_none|                 b|        scalar|
|N          |   in|  128|     ap_none|                 N|        scalar|
+-----------+-----+-----+------------+------------------+--------------+

