

================================================================
== Vitis HLS Report for 'Montgomery'
================================================================
* Date:           Thu Dec 12 16:24:59 2024

* Version:        2022.2 (Build 3670227 on Oct 13 2022)
* Project:        baseline
* Solution:       solution1 (Vivado IP Flow Target)
* Product family: zynq
* Target device:  xc7z020-clg400-1


================================================================
== Performance Estimates
================================================================
+ Timing: 
    * Summary: 
    +--------+----------+----------+------------+
    |  Clock |  Target  | Estimated| Uncertainty|
    +--------+----------+----------+------------+
    |ap_clk  |  10.00 ns|  7.275 ns|     2.70 ns|
    +--------+----------+----------+------------+

+ Latency: 
    * Summary: 
    +---------+---------+----------+----------+-----+-----+---------+
    |  Latency (cycles) |  Latency (absolute) |  Interval | Pipeline|
    |   min   |   max   |    min   |    max   | min | max |   Type  |
    +---------+---------+----------+----------+-----+-----+---------+
    |      133|      133|  1.330 us|  1.330 us|  133|  133|       no|
    +---------+---------+----------+----------+-----+-----+---------+

    + Detail: 
        * Instance: 
        +------------------------------------------+--------------------------------+---------+---------+----------+----------+-----+-----+---------+
        |                                          |                                |  Latency (cycles) |  Latency (absolute) |  Interval | Pipeline|
        |                 Instance                 |             Module             |   min   |   max   |    min   |    max   | min | max |   Type  |
        +------------------------------------------+--------------------------------+---------+---------+----------+----------+-----+-----+---------+
        |grp_Montgomery_Pipeline_Montgomery_fu_34  |Montgomery_Pipeline_Montgomery  |      131|      131|  1.310 us|  1.310 us|  131|  131|       no|
        +------------------------------------------+--------------------------------+---------+---------+----------+----------+-----+-----+---------+

        * Loop: 
        N/A



================================================================
== Utilization Estimates
================================================================
* Summary: 
+-----------------+---------+-----+--------+-------+-----+
|       Name      | BRAM_18K| DSP |   FF   |  LUT  | URAM|
+-----------------+---------+-----+--------+-------+-----+
|DSP              |        -|    -|       -|      -|    -|
|Expression       |        -|    -|       0|    313|    -|
|FIFO             |        -|    -|       -|      -|    -|
|Instance         |        -|    -|     659|    643|    -|
|Memory           |        -|    -|       -|      -|    -|
|Multiplexer      |        -|    -|       -|     20|    -|
|Register         |        -|    -|       4|      -|    -|
+-----------------+---------+-----+--------+-------+-----+
|Total            |        0|    0|     663|    976|    0|
+-----------------+---------+-----+--------+-------+-----+
|Available        |      280|  220|  106400|  53200|    0|
+-----------------+---------+-----+--------+-------+-----+
|Utilization (%)  |        0|    0|      ~0|      1|    0|
+-----------------+---------+-----+--------+-------+-----+

+ Detail: 
    * Instance: 
    +------------------------------------------+--------------------------------+---------+----+-----+-----+-----+
    |                 Instance                 |             Module             | BRAM_18K| DSP|  FF | LUT | URAM|
    +------------------------------------------+--------------------------------+---------+----+-----+-----+-----+
    |grp_Montgomery_Pipeline_Montgomery_fu_34  |Montgomery_Pipeline_Montgomery  |        0|   0|  659|  643|    0|
    +------------------------------------------+--------------------------------+---------+----+-----+-----+-----+
    |Total                                     |                                |        0|   0|  659|  643|    0|
    +------------------------------------------+--------------------------------+---------+----+-----+-----+-----+

    * DSP: 
    N/A

    * Memory: 
    N/A

    * FIFO: 
    N/A

    * Expression: 
    +----------------------+----------+----+---+-----+------------+------------+
    |     Variable Name    | Operation| DSP| FF| LUT | Bitwidth P0| Bitwidth P1|
    +----------------------+----------+----+---+-----+------------+------------+
    |sub_ln39_fu_61_p2     |         -|   0|  0|  135|         128|         128|
    |icmp_ln1031_fu_51_p2  |      icmp|   0|  0|   50|         130|         130|
    |ap_return             |    select|   0|  0|  128|           1|         128|
    +----------------------+----------+----+---+-----+------------+------------+
    |Total                 |          |   0|  0|  313|         259|         386|
    +----------------------+----------+----+---+-----+------------+------------+

    * Multiplexer: 
    +-----------+----+-----------+-----+-----------+
    |    Name   | LUT| Input Size| Bits| Total Bits|
    +-----------+----+-----------+-----+-----------+
    |ap_NS_fsm  |  20|          4|    1|          4|
    +-----------+----+-----------+-----+-----------+
    |Total      |  20|          4|    1|          4|
    +-----------+----+-----------+-----+-----------+

    * Register: 
    +-------------------------------------------------------+---+----+-----+-----------+
    |                          Name                         | FF| LUT| Bits| Const Bits|
    +-------------------------------------------------------+---+----+-----+-----------+
    |ap_CS_fsm                                              |  3|   0|    3|          0|
    |grp_Montgomery_Pipeline_Montgomery_fu_34_ap_start_reg  |  1|   0|    1|          0|
    +-------------------------------------------------------+---+----+-----+-----------+
    |Total                                                  |  4|   0|    4|          0|
    +-------------------------------------------------------+---+----+-----+-----------+



================================================================
== Interface
================================================================
* Summary: 
+-----------+-----+-----+------------+--------------+--------------+
| RTL Ports | Dir | Bits|  Protocol  | Source Object|    C Type    |
+-----------+-----+-----+------------+--------------+--------------+
|ap_clk     |   in|    1|  ap_ctrl_hs|    Montgomery|  return value|
|ap_rst     |   in|    1|  ap_ctrl_hs|    Montgomery|  return value|
|ap_start   |   in|    1|  ap_ctrl_hs|    Montgomery|  return value|
|ap_done    |  out|    1|  ap_ctrl_hs|    Montgomery|  return value|
|ap_idle    |  out|    1|  ap_ctrl_hs|    Montgomery|  return value|
|ap_ready   |  out|    1|  ap_ctrl_hs|    Montgomery|  return value|
|ap_return  |  out|  128|  ap_ctrl_hs|    Montgomery|  return value|
|N          |   in|  128|     ap_none|             N|        scalar|
|a          |   in|  128|     ap_none|             a|        scalar|
|b          |   in|  128|     ap_none|             b|        scalar|
+-----------+-----+-----+------------+--------------+--------------+

