INFO: [SIM 2] *************** CSIM start ***************
INFO: [SIM 4] CSIM will launch GCC as the compiler.
   Compiling ../../../../rsa.cpp in debug mode
   Generating csim.exe
The 256-bit N in decimal is: 40633
The 256-bit d in decimal is: 40077
The 256-bit y in decimal is: 8454
t after mod_product = 10389
The 256-bit x in decimal is: 5187
The 256-bit y in decimal is: 16488
t after mod_product = 4199
The 256-bit x in decimal is: 16433
The 256-bit y in decimal is: 12710
t after mod_product = 26693
The 256-bit x in decimal is: 26493
The 256-bit y in decimal is: 26783
t after mod_product = 26987
The 256-bit x in decimal is: 6009
The 256-bit y in decimal is: 27559
t after mod_product = 10407
The 256-bit x in decimal is: 8558
The 256-bit y in decimal is: 6096
t after mod_product = 3800
The 256-bit x in decimal is: 2517
The 256-bit y in decimal is: 5024
t after mod_product = 3665
The 256-bit x in decimal is: 17827
The 256-bit y in decimal is: 10316
t after mod_product = 17522
The 256-bit x in decimal is: 31005
The 256-bit y in decimal is: 28680
t after mod_product = 11799
The 256-bit x in decimal is: 26522
The 256-bit y in decimal is: 16391
t after mod_product = 26588
The 256-bit x in decimal is: 528
The 256-bit y in decimal is: 35427
t after mod_product = 14885
The 256-bit x in decimal is: 6547
The 256-bit y in decimal is: 36658
t after mod_product = 33196
The 256-bit x in decimal is: 38752
The 256-bit y in decimal is: 38426
t after mod_product = 15528
The 256-bit x in decimal is: 31238
The 256-bit y in decimal is: 21682
t after mod_product = 15542
The 256-bit x in decimal is: 35386
The 256-bit y in decimal is: 13495
t after mod_product = 31075
The 256-bit x in decimal is: 19885
The 256-bit y in decimal is: 27227
t after mod_product = 31743
The 256-bit x in decimal is: 28428
The 256-bit y in decimal is: 6954
t after mod_product = 38249
The 256-bit x in decimal is: 17568
The 256-bit y in decimal is: 31897
t after mod_product = 37107
The 256-bit x in decimal is: 26533
The 256-bit y in decimal is: 32280
t after mod_product = 26201
The 256-bit x in decimal is: 25251
The 256-bit y in decimal is: 11984
t after mod_product = 28800
The 256-bit x in decimal is: 23761
The 256-bit y in decimal is: 30916
t after mod_product = 27697
The 256-bit x in decimal is: 24244
The 256-bit y in decimal is: 38315
t after mod_product = 14339
The 256-bit x in decimal is: 13292
The 256-bit y in decimal is: 30459
t after mod_product = 24266
The 256-bit x in decimal is: 17064
The 256-bit y in decimal is: 30244
t after mod_product = 33677
The 256-bit x in decimal is: 14286
The 256-bit y in decimal is: 10501
t after mod_product = 33048
The 256-bit x in decimal is: 12160
The 256-bit y in decimal is: 7603
t after mod_product = 28362
The 256-bit x in decimal is: 13061
The 256-bit y in decimal is: 20190
t after mod_product = 39461
The 256-bit x in decimal is: 40005
The 256-bit y in decimal is: 8316
t after mod_product = 27580
The 256-bit x in decimal is: 30280
The 256-bit y in decimal is: 4188
t after mod_product = 29486
The 256-bit x in decimal is: 136
The 256-bit y in decimal is: 40617
t after mod_product = 7882
The 256-bit x in decimal is: 5188
The 256-bit y in decimal is: 13974
t after mod_product = 13510
The 256-bit x in decimal is: 38770
The 256-bit y in decimal is: 744
t after mod_product = 39817
The 256-bit x in decimal is: 35551
The 256-bit y in decimal is: 3847
t after mod_product = 29860
The 256-bit x in decimal is: 18902
The 256-bit y in decimal is: 27468
t after mod_product = 19682
The 256-bit x in decimal is: 22701
The 256-bit y in decimal is: 6823
t after mod_product = 26596
The 256-bit x in decimal is: 1763
The 256-bit y in decimal is: 10107
t after mod_product = 13819
The 256-bit x in decimal is: 16481
The 256-bit y in decimal is: 35414
t after mod_product = 16210
The 256-bit x in decimal is: 3471
The 256-bit y in decimal is: 36316
t after mod_product = 8667
The 256-bit x in decimal is: 39228
The 256-bit y in decimal is: 12177
t after mod_product = 40385
The 256-bit x in decimal is: 38323
The 256-bit y in decimal is: 23235
t after mod_product = 7285
The 256-bit x in decimal is: 22513
The 256-bit y in decimal is: 17671
t after mod_product = 5523
The 256-bit x in decimal is: 28632
The 256-bit y in decimal is: 12895
t after mod_product = 1586
The 256-bit x in decimal is: 21156
The 256-bit y in decimal is: 10871
t after mod_product = 23467
The 256-bit x in decimal is: 5146
The 256-bit y in decimal is: 143
t after mod_product = 26058
The 256-bit x in decimal is: 22217
The 256-bit y in decimal is: 4912
t after mod_product = 18206
The 256-bit x in decimal is: 3101
The 256-bit y in decimal is: 27361
t after mod_product = 36839
The 256-bit x in decimal is: 8481
The 256-bit y in decimal is: 12089
t after mod_product = 2470
The 256-bit x in decimal is: 20572
The 256-bit y in decimal is: 17133
t after mod_product = 16599
The 256-bit x in decimal is: 21201
The 256-bit y in decimal is: 36385
t after mod_product = 20388
The 256-bit x in decimal is: 37993
The 256-bit y in decimal is: 8781
t after mod_product = 27070
The 256-bit x in decimal is: 5739
The 256-bit y in decimal is: 15666
t after mod_product = 12965
The 256-bit x in decimal is: 36894
The 256-bit y in decimal is: 21187
t after mod_product = 356
The 256-bit x in decimal is: 32077
The 256-bit y in decimal is: 29269
t after mod_product = 11153
The 256-bit x in decimal is: 33125
The 256-bit y in decimal is: 889
t after mod_product = 34415
The 256-bit x in decimal is: 27988
The 256-bit y in decimal is: 18874
t after mod_product = 17311
The 256-bit x in decimal is: 5428
The 256-bit y in decimal is: 36611
t after mod_product = 479
The 256-bit x in decimal is: 22530
The 256-bit y in decimal is: 7878
t after mod_product = 9710
The 256-bit x in decimal is: 25724
The 256-bit y in decimal is: 5921
t after mod_product = 34139
The 256-bit x in decimal is: 24903
The 256-bit y in decimal is: 16338
t after mod_product = 6985
The 256-bit x in decimal is: 38388
The 256-bit y in decimal is: 34366
t after mod_product = 4252
The 256-bit x in decimal is: 27797
The 256-bit y in decimal is: 16186
t after mod_product = 598
The 256-bit x in decimal is: 19063
The 256-bit y in decimal is: 31745
t after mod_product = 30720
The 256-bit x in decimal is: 17055
The 256-bit y in decimal is: 23940
t after mod_product = 10444
The 256-bit x in decimal is: 13198
The 256-bit y in decimal is: 18579
t after mod_product = 25499
The 256-bit x in decimal is: 29086
The 256-bit y in decimal is: 16264
t after mod_product = 33281
The 256-bit x in decimal is: 2575
The 256-bit y in decimal is: 3453
t after mod_product = 10631
The 256-bit x in decimal is: 8727
The 256-bit y in decimal is: 21033
t after mod_product = 25429
The 256-bit x in decimal is: 23418
The 256-bit y in decimal is: 39118
t after mod_product = 20012
The 256-bit x in decimal is: 32028
The 256-bit y in decimal is: 18686
t after mod_product = 8342
The 256-bit x in decimal is: 27403
The 256-bit y in decimal is: 6126
t after mod_product = 19496
The 256-bit x in decimal is: 25985
The 256-bit y in decimal is: 29432
t after mod_product = 7042
The 256-bit x in decimal is: 3669
The 256-bit y in decimal is: 37250
t after mod_product = 25993
The 256-bit x in decimal is: 14971
The 256-bit y in decimal is: 24261
t after mod_product = 40239
The 256-bit x in decimal is: 38830
The 256-bit y in decimal is: 25411
t after mod_product = 32424
The 256-bit x in decimal is: 37735
The 256-bit y in decimal is: 40531
t after mod_product = 19773
The 256-bit x in decimal is: 31871
The 256-bit y in decimal is: 37511
t after mod_product = 24396
The 256-bit x in decimal is: 30014
The 256-bit y in decimal is: 10132
t after mod_product = 26899
The 256-bit x in decimal is: 21881
The 256-bit y in decimal is: 29470
t after mod_product = 18797
The 256-bit x in decimal is: 35764
The 256-bit y in decimal is: 31545
t after mod_product = 7346
The 256-bit x in decimal is: 32574
The 256-bit y in decimal is: 29695
t after mod_product = 14618
The 256-bit x in decimal is: 5224
The 256-bit y in decimal is: 19903
t after mod_product = 3075
The 256-bit x in decimal is: 30680
The 256-bit y in decimal is: 18253
t after mod_product = 33721
The 256-bit x in decimal is: 23432
The 256-bit y in decimal is: 20571
t after mod_product = 19382
The 256-bit x in decimal is: 9107
The 256-bit y in decimal is: 14128
t after mod_product = 29070
The 256-bit x in decimal is: 35661
The 256-bit y in decimal is: 27534
t after mod_product = 37960
The 256-bit x in decimal is: 22173
The 256-bit y in decimal is: 12200
t after mod_product = 3659
The 256-bit x in decimal is: 20515
The 256-bit y in decimal is: 29239
t after mod_product = 36090
The 256-bit x in decimal is: 34776
The 256-bit y in decimal is: 23358
t after mod_product = 22879
The 256-bit x in decimal is: 27136
The 256-bit y in decimal is: 26259
t after mod_product = 21008
The 256-bit x in decimal is: 28183
The 256-bit y in decimal is: 35438
t after mod_product = 4387
The 256-bit x in decimal is: 1950
The 256-bit y in decimal is: 35821
t after mod_product = 34114
The 256-bit x in decimal is: 32014
The 256-bit y in decimal is: 31924
t after mod_product = 18727
The 256-bit x in decimal is: 37998
The 256-bit y in decimal is: 23204
t after mod_product = 7319
The 256-bit x in decimal is: 8809
The 256-bit y in decimal is: 10288
t after mod_product = 10999
The 256-bit x in decimal is: 14493
The 256-bit y in decimal is: 32020
t after mod_product = 12068
The 256-bit x in decimal is: 27414
The 256-bit y in decimal is: 21218
t after mod_product = 322
The 256-bit x in decimal is: 4104
The 256-bit y in decimal is: 14832
t after mod_product = 7326
The 256-bit x in decimal is: 28888
The 256-bit y in decimal is: 5401
t after mod_product = 5873
The 256-bit x in decimal is: 3104
The 256-bit y in decimal is: 17200
t after mod_product = 19147
The 256-bit x in decimal is: 15218
The 256-bit y in decimal is: 25473
t after mod_product = 32356
The 256-bit x in decimal is: 8865
Comparing against output data 
*******************************************
PASS: The output matches the golden output!
*******************************************
INFO: [SIM 1] CSim done with 0 errors.
INFO: [SIM 3] *************** CSIM finish ***************
